INFO-FLOW: Workspace /home/marco/Documents/tesis/project_again/IP_2018_v2/solution1 opened at Sun Nov 10 14:22:53 CST 2019
Execute     config_clock -quiet -name default -period 10 -default=false 
INFO: [SYN 201-201] Setting up clock 'default' with a period of 10ns.
Execute     config_clock -quiet -name default -uncertainty 6 
INFO: [SYN 201-201] Setting up clock 'default' with an uncertainty of 6ns.
Execute     open_platform DefaultPlatform 
Execute     import_lib /opt/vivado2018/Vivado/2018.3/common/technology/xilinx/zynq/zynq 
Execute       source /opt/vivado2018/Vivado/2018.3/common/technology/xilinx/common/xilinx.lib 
Execute         source /opt/vivado2018/Vivado/2018.3/common/technology/xilinx/interface/xilinx_interface.lib 
Execute           source /opt/vivado2018/Vivado/2018.3/common/technology/xilinx/interface/plb46.lib 
Execute           source /opt/vivado2018/Vivado/2018.3/common/technology/xilinx/interface/fsl.lib 
Execute           source /opt/vivado2018/Vivado/2018.3/common/technology/xilinx/interface/axi4.lib 
Execute           source /opt/vivado2018/Vivado/2018.3/common/technology/xilinx/interface/maxi.lib 
Execute           source /opt/vivado2018/Vivado/2018.3/common/technology/xilinx/interface/saxilite.lib 
Execute         source /opt/vivado2018/Vivado/2018.3/common/technology/xilinx/common/dsp48.lib 
Execute         source /opt/vivado2018/Vivado/2018.3/common/technology/xilinx/ip/xfir.lib 
Execute         source /opt/vivado2018/Vivado/2018.3/common/technology/xilinx/ip/xfft.lib 
Execute         source /opt/vivado2018/Vivado/2018.3/common/technology/xilinx/ip/dds_compiler.lib 
Execute       source /opt/vivado2018/Vivado/2018.3/common/technology/xilinx/common/xilinx_old.lib 
Execute       source /opt/vivado2018/Vivado/2018.3/common/technology/xilinx/common/xilinx_vivado.lib 
Execute       source /opt/vivado2018/Vivado/2018.3/common/technology/xilinx/common/xilinx.hlp 
Execute         source /opt/vivado2018/Vivado/2018.3/common/technology/xilinx/common/target_info.tcl 
Execute         source /opt/vivado2018/Vivado/2018.3/common/technology/xilinx/interface/xilinx_interface.hlp 
Execute           source /opt/vivado2018/Vivado/2018.3/common/technology/xilinx/interface/maxi.hlp 
Execute           source /opt/vivado2018/Vivado/2018.3/common/technology/xilinx/interface/saxilite.hlp 
Execute         source /opt/vivado2018/Vivado/2018.3/common/technology/xilinx/common/dsp48.hlp 
Execute       source /opt/vivado2018/Vivado/2018.3/common/technology/xilinx/zynq/dsp48e1.hlp 
Execute       get_default_platform 
Execute       config_chip_info -quiet -resource  {SLICE 13300}  {LUT 53200}     {FF 106400} {DSP48E 220}   {BRAM 280}  
Execute       config_chip_info -quiet -speed medium 
Execute       source /opt/vivado2018/Vivado/2018.3/common/technology/xilinx/common/xilinx.hlp 
Execute         source /opt/vivado2018/Vivado/2018.3/common/technology/xilinx/common/target_info.tcl 
Execute         source /opt/vivado2018/Vivado/2018.3/common/technology/xilinx/interface/xilinx_interface.hlp 
Execute           source /opt/vivado2018/Vivado/2018.3/common/technology/xilinx/interface/maxi.hlp 
Execute           source /opt/vivado2018/Vivado/2018.3/common/technology/xilinx/interface/saxilite.hlp 
Execute         source /opt/vivado2018/Vivado/2018.3/common/technology/xilinx/common/dsp48.hlp 
Execute     source /opt/vivado2018/Vivado/2018.3/common/technology/xilinx/zynq/zynq.gen 
Execute       source /opt/vivado2018/Vivado/2018.3/common/technology/xilinx/common/virtex.gen 
Execute         source /opt/vivado2018/Vivado/2018.3/common/technology/xilinx/common/xilinx.gen 
Execute           source /opt/vivado2018/Vivado/2018.3/common/technology/xilinx/interface/plb46.gen 
Execute           source /opt/vivado2018/Vivado/2018.3/common/technology/xilinx/interface/fsl.gen 
Execute           source /opt/vivado2018/Vivado/2018.3/common/technology/xilinx/interface/axi4.gen 
Execute           source /opt/vivado2018/Vivado/2018.3/common/technology/xilinx/interface/nativeAXI4.gen 
Execute             source /opt/vivado2018/Vivado/2018.3/common/technology/xilinx/interface/saxilite.gen 
Execute             source /opt/vivado2018/Vivado/2018.3/common/technology/xilinx/interface/maxi.gen 
Execute           source /opt/vivado2018/Vivado/2018.3/common/technology/xilinx/scripts/xilinxcoregen.gen 
Execute           source /opt/vivado2018/Vivado/2018.3/common/technology/xilinx/interface/XilEDKCoreGen.gen 
Execute           source /opt/vivado2018/Vivado/2018.3/common/technology/xilinx/ip/dds_compiler.gen 
Execute           source /opt/vivado2018/Vivado/2018.3/common/technology/xilinx/ip/util.gen 
Execute           source /opt/vivado2018/Vivado/2018.3/common/technology/xilinx/ip/xfft.gen 
Execute           source /opt/vivado2018/Vivado/2018.3/common/technology/xilinx/ip/xfir.gen 
Execute         source /opt/vivado2018/Vivado/2018.3/common/technology/xilinx/common/dsp48.gen 
Execute     open_platform DefaultPlatform 
Execute     import_lib /opt/vivado2018/Vivado/2018.3/common/technology/xilinx/zynq/zynq_fpv6 
Execute       source /opt/vivado2018/Vivado/2018.3/common/technology/xilinx/common/xilinx_fpv7.lib 
Execute         source /opt/vivado2018/Vivado/2018.3/common/technology/xilinx/common/xilinx_hp.lib 
Execute       source /opt/vivado2018/Vivado/2018.3/common/technology/xilinx/common/xilinx_fpv.hlp 
Execute         source /opt/vivado2018/Vivado/2018.3/common/technology/xilinx/common/xilinx.hlp 
Execute           source /opt/vivado2018/Vivado/2018.3/common/technology/xilinx/common/target_info.tcl 
Execute           source /opt/vivado2018/Vivado/2018.3/common/technology/xilinx/interface/xilinx_interface.hlp 
Execute             source /opt/vivado2018/Vivado/2018.3/common/technology/xilinx/interface/maxi.hlp 
Execute             source /opt/vivado2018/Vivado/2018.3/common/technology/xilinx/interface/saxilite.hlp 
Execute           source /opt/vivado2018/Vivado/2018.3/common/technology/xilinx/common/dsp48.hlp 
Execute       source /opt/vivado2018/Vivado/2018.3/common/technology/xilinx/zynq/zynq_hp.hlp 
Execute     source /opt/vivado2018/Vivado/2018.3/common/technology/xilinx/zynq/zynq_fpv6.gen 
Execute       source /opt/vivado2018/Vivado/2018.3/common/technology/xilinx/common/xilinx_fpv6.gen 
Execute     set_part xc7z020clg484-1 
Execute       add_library xilinx/zynq/zynq:xc7z020:clg484:-1 
Execute         get_default_platform 
Execute         license_isbetapart xc7z020 
Command         license_isbetapart done; error code: 1; 
Execute         get_default_platform 
Execute         config_chip_info -quiet -resource  {SLICE 13300}  {LUT 53200}     {FF 106400} {DSP48E 220}   {BRAM 280}  
Execute         config_chip_info -quiet -speed slow 
Execute       add_library xilinx/zynq/zynq_fpv6 
Execute         get_default_platform 
INFO: [HLS 200-10] Setting target device to 'xc7z020clg484-1'
Execute       get_default_platform 
Execute     get_default_platform 
Execute     config_chip_info -quiet -resource  {SLICE 13300}  {LUT 53200}     {FF 106400} {DSP48E 220}   {BRAM 280}  
Execute     config_chip_info -quiet -speed slow 
Command   open_solution done; 0.16 sec.
Execute   set_part xc7z020clg484-1 -tool vivado 
Execute     add_library xilinx/zynq/zynq:xc7z020:clg484:-1 
Execute       get_default_platform 
Execute       license_isbetapart xc7z020 
Command       license_isbetapart done; error code: 1; 
Execute       get_default_platform 
Execute       config_chip_info -quiet -resource  {SLICE 13300}  {LUT 53200}     {FF 106400} {DSP48E 220}   {BRAM 280}  
Execute       config_chip_info -quiet -speed slow 
Execute     add_library xilinx/zynq/zynq_fpv6 
Execute       get_default_platform 
Execute     get_default_platform 
Execute   create_clock -period 10 -name default 
Execute     config_clock -quiet -name default -period 10 -default=false 
INFO: [SYN 201-201] Setting up clock 'default' with a period of 10ns.
Execute   set_clock_uncertainty 6 
Execute   csynth_design 
Execute     get_config_compile -effort 
Execute     get_config_compile -enable_clang39 
Execute     get_config_compile -g 
Execute     get_config_compile -lm 
Execute     get_config_compile -ng 
Execute     get_config_compile -opt_fp 
Execute     get_config_compile -skip_cdt 
Execute     get_config_compile -skip_syncheck 
Execute     get_config_compile -skip_transform 
Execute     config_compile -blackbox  
Execute     get_config_compile -keep_printf 
Execute     elaborate -effort=medium -skip_syncheck=0 -keep_printf=0 -lm=0 -skip_cdt=0 -skip_transform=0 -ng=0 -g=0 -opt_fp=0 -from_csynth_design=1 
Execute       get_config_schedule -relax_ii_for_timing 
INFO: [SCHED 204-61] Option 'relax_ii_for_timing' is enabled, will increase II to preserve clock frequency constraints.
Execute       get_config_schedule -suppress_dependence_error_break 
INFO: [HLS 200-10] Analyzing design file 'IP_2018_v2/solution1/StreamTest.cpp' ... 
INFO-FLOW: Compiling one TU...
Execute       is_m_axi_addr64 
INFO-FLOW: Handling IP_2018_v2/solution1/StreamTest.cpp as C++
Execute       get_default_platform 
Execute       is_encrypted IP_2018_v2/solution1/StreamTest.cpp 
Execute       get_default_platform 
INFO-FLOW: Running: GCC PP
INFO-FLOW: Source preprocessing
Execute       clang  -fno-limit-debug-info -gcc-toolchain "/opt/vivado2018/Vivado/2018.3/lnx64/tools/gcc" -hls  -fno-exceptions  -D__llvm__  -E "IP_2018_v2/solution1/StreamTest.cpp"     -fno-math-errno -c -emit-llvm -O0  -mllvm -disable-llvm-optzns -fno-threadsafe-statics  -fno-use-cxa-atexit  -fno-threadsafe-statics -fno-use-cxa-atexit -D__CLANG_3_1__ -DAESL_SYN -D__SYNTHESIS__ -D__HLS_SYN__ -I "/opt/vivado2018/Vivado/2018.3/common/technology/autopilot" -I "/opt/vivado2018/Vivado/2018.3/common/technology/autopilot/ap_sysc" -include etc/autopilot_ssdm_op.h -D__DSP48E1__  -o "/home/marco/Documents/tesis/project_again/IP_2018_v2/solution1/.autopilot/db/StreamTest.pp.0.cpp" 
INFO-FLOW: exec /opt/vivado2018/Vivado/2018.3/lnx64/tools/clang/bin/clang -fno-limit-debug-info -gcc-toolchain /opt/vivado2018/Vivado/2018.3/lnx64/tools/gcc -hls -fno-exceptions -D__llvm__ -E IP_2018_v2/solution1/StreamTest.cpp -fno-math-errno -c -emit-llvm -O0 -mllvm -disable-llvm-optzns -fno-threadsafe-statics -fno-use-cxa-atexit -fno-threadsafe-statics -fno-use-cxa-atexit -D__CLANG_3_1__ -DAESL_SYN -D__SYNTHESIS__ -D__HLS_SYN__ -I /opt/vivado2018/Vivado/2018.3/common/technology/autopilot -I /opt/vivado2018/Vivado/2018.3/common/technology/autopilot/ap_sysc -include etc/autopilot_ssdm_op.h -D__DSP48E1__ -o /home/marco/Documents/tesis/project_again/IP_2018_v2/solution1/.autopilot/db/StreamTest.pp.0.cpp
Command       clang done; 1.12 sec.
Execute       tidy_31 xilinx-xfmat-array-geometry /home/marco/Documents/tesis/project_again/IP_2018_v2/solution1/.autopilot/db/StreamTest.pp.0.cpp std=gnu++98 
INFO-FLOW: exec /opt/vivado2018/Vivado/2018.3/lnx64/tools/clang-3.9-csynth/bin/tidy-3.1 -header-filter=.* -checks=-*,xilinx-xfmat-array-geometry -quiet -fix /home/marco/Documents/tesis/project_again/IP_2018_v2/solution1/.autopilot/db/StreamTest.pp.0.cpp -- -std=gnu++98 -fhls -ferror-limit=0
Command       tidy_31 done; 0.5 sec.
INFO-FLOW: Syntax Checking before pre-processing...
Execute       clang -syntaxcheck -src /home/marco/Documents/tesis/project_again/IP_2018_v2/solution1/.autopilot/db/StreamTest.pp.0.cpp  -fno-limit-debug-info -gcc-toolchain "/opt/vivado2018/Vivado/2018.3/lnx64/tools/gcc" -hls    -fno-math-errno -c -emit-llvm -O0  -mllvm -disable-llvm-optzns -fno-threadsafe-statics  -fno-use-cxa-atexit  -fno-threadsafe-statics -fno-use-cxa-atexit -D__CLANG_3_1__ -DAESL_SYN -D__SYNTHESIS__ -D__HLS_SYN__ -I "/opt/vivado2018/Vivado/2018.3/common/technology/autopilot" -I "/opt/vivado2018/Vivado/2018.3/common/technology/autopilot/ap_sysc" -include etc/autopilot_ssdm_op.h -D__DSP48E1__  "/home/marco/Documents/tesis/project_again/IP_2018_v2/solution1/.autopilot/db/StreamTest.pp.0.cpp"  -o "/home/marco/Documents/tesis/project_again/IP_2018_v2/solution1/.autopilot/db/useless.bc"  
INFO-FLOW: exec /opt/vivado2018/Vivado/2018.3/lnx64/tools/clang/bin/clang -fno-limit-debug-info -gcc-toolchain /opt/vivado2018/Vivado/2018.3/lnx64/tools/gcc -hls -fno-math-errno -c -emit-llvm -O0 -mllvm -disable-llvm-optzns -fno-threadsafe-statics -fno-use-cxa-atexit -fno-threadsafe-statics -fno-use-cxa-atexit -D__CLANG_3_1__ -DAESL_SYN -D__SYNTHESIS__ -D__HLS_SYN__ -I /opt/vivado2018/Vivado/2018.3/common/technology/autopilot -I /opt/vivado2018/Vivado/2018.3/common/technology/autopilot/ap_sysc -include etc/autopilot_ssdm_op.h -D__DSP48E1__ /home/marco/Documents/tesis/project_again/IP_2018_v2/solution1/.autopilot/db/StreamTest.pp.0.cpp -o /home/marco/Documents/tesis/project_again/IP_2018_v2/solution1/.autopilot/db/useless.bc
Command       clang done; 1.45 sec.
INFO-FLOW: Done: GCC PP time: 3.1 seconds per iteration
Execute       list_core -type functional_unit 
Execute       tidy_31 xilinx-systemc-detector /home/marco/Documents/tesis/project_again/IP_2018_v2/solution1/.autopilot/db/StreamTest.pp.0.cpp std=gnu++98 -directive=/home/marco/Documents/tesis/project_again/IP_2018_v2/solution1/.autopilot/db/.systemc_flag 
INFO-FLOW: exec /opt/vivado2018/Vivado/2018.3/lnx64/tools/clang-3.9-csynth/bin/tidy-3.1 -header-filter=.* -checks=-*,xilinx-systemc-detector -import-directive=/home/marco/Documents/tesis/project_again/IP_2018_v2/solution1/.autopilot/db/.systemc_flag -quiet -fix-errors /home/marco/Documents/tesis/project_again/IP_2018_v2/solution1/.autopilot/db/StreamTest.pp.0.cpp -- -std=gnu++98 -fhls -ferror-limit=0
Command       tidy_31 done; 0.46 sec.
INFO-FLOW: Running: tidy-3.1 CDT preprocess
Execute       tidy_31 xilinx-directive2pragma /home/marco/Documents/tesis/project_again/IP_2018_v2/solution1/.autopilot/db/StreamTest.pp.0.cpp std=gnu++98 -directive=/home/marco/Documents/tesis/project_again/IP_2018_v2/solution1/.autopilot/db/all.directive.json 
INFO-FLOW: exec /opt/vivado2018/Vivado/2018.3/lnx64/tools/clang-3.9-csynth/bin/tidy-3.1 -header-filter=.* -checks=-*,xilinx-directive2pragma -import-directive=/home/marco/Documents/tesis/project_again/IP_2018_v2/solution1/.autopilot/db/all.directive.json -quiet -fix-errors /home/marco/Documents/tesis/project_again/IP_2018_v2/solution1/.autopilot/db/StreamTest.pp.0.cpp -- -std=gnu++98 -fhls -ferror-limit=0
Command       tidy_31 done; 0.47 sec.
Execute       get_config_dataflow -strict_mode 
Execute       ap_eval exec -ignorestderr /opt/vivado2018/Vivado/2018.3/lnx64/tools/clang-3.9-csynth/bin/xilinx-dataflow-lawyer -export-fixes=/home/marco/Documents/tesis/project_again/IP_2018_v2/solution1/.autopilot/db/xilinx-dataflow-lawyer.StreamTest.pp.0.cpp.diag.yml /home/marco/Documents/tesis/project_again/IP_2018_v2/solution1/.autopilot/db/StreamTest.pp.0.cpp -- -std=gnu++98 -fhls -ferror-limit=0 -fstrict-dataflow > /home/marco/Documents/tesis/project_again/IP_2018_v2/solution1/.autopilot/db/xilinx-dataflow-lawyer.StreamTest.pp.0.cpp.out.log 2> /home/marco/Documents/tesis/project_again/IP_2018_v2/solution1/.autopilot/db/xilinx-dataflow-lawyer.StreamTest.pp.0.cpp.err.log 
Command       ap_eval done; 0.48 sec.
Execute       tidy_31 -errorcheck xilinx-constantarray-param,xilinx-resource-pragma-transformer,xilinx-xfmat-array-geometry /home/marco/Documents/tesis/project_again/IP_2018_v2/solution1/.autopilot/db/StreamTest.pp.0.cpp std=gnu++98 
Execute         ap_eval exec -ignorestderr /opt/vivado2018/Vivado/2018.3/lnx64/tools/clang-3.9-csynth/bin/tidy-3.1 -export-fixes=/home/marco/Documents/tesis/project_again/IP_2018_v2/solution1/.autopilot/db/tidy-3.1.StreamTest.pp.0.cpp.diag.yml -header-filter=.* -checks=-*,xilinx-constantarray-param,xilinx-resource-pragma-transformer,xilinx-xfmat-array-geometry -quiet -fix-errors /home/marco/Documents/tesis/project_again/IP_2018_v2/solution1/.autopilot/db/StreamTest.pp.0.cpp -- -std=gnu++98 -fhls -ferror-limit=0 > /home/marco/Documents/tesis/project_again/IP_2018_v2/solution1/.autopilot/db/tidy-3.1.StreamTest.pp.0.cpp.out.log 2> /home/marco/Documents/tesis/project_again/IP_2018_v2/solution1/.autopilot/db/tidy-3.1.StreamTest.pp.0.cpp.err.log 
Command         ap_eval done; 0.59 sec.
Execute         ap_eval exec -ignorestderr /opt/vivado2018/Vivado/2018.3/lnx64/tools/clang-3.9-csynth/bin/xilinx-legacy-rewriter /home/marco/Documents/tesis/project_again/IP_2018_v2/solution1/.autopilot/db/StreamTest.pp.0.cpp -- -std=gnu++98 -fhls -ferror-limit=0 > /home/marco/Documents/tesis/project_again/IP_2018_v2/solution1/.autopilot/db/xilinx-legacy-rewriter.StreamTest.pp.0.cpp.out.log 2> /home/marco/Documents/tesis/project_again/IP_2018_v2/solution1/.autopilot/db/xilinx-legacy-rewriter.StreamTest.pp.0.cpp.err.log 
Command         ap_eval done; 0.59 sec.
Command       tidy_31 done; 1.18 sec.
INFO-FLOW: Done: tidy-3.1 CDT preprocess time: 2.1 seconds per iteration
INFO-FLOW: Pragma Handling...
Execute       tidy_31 xilinx-ssdm-intrinsics-arguments /home/marco/Documents/tesis/project_again/IP_2018_v2/solution1/.autopilot/db/StreamTest.pragma.1.cpp std=gnu++98 
INFO-FLOW: exec /opt/vivado2018/Vivado/2018.3/lnx64/tools/clang-3.9-csynth/bin/tidy-3.1 -header-filter=.* -checks=-*,xilinx-ssdm-intrinsics-arguments -quiet -fix-errors /home/marco/Documents/tesis/project_again/IP_2018_v2/solution1/.autopilot/db/StreamTest.pragma.1.cpp -- -std=gnu++98 -fhls -ferror-limit=0
Command       tidy_31 done; 0.6 sec.
Execute       get_default_platform 
INFO-FLOW: Processing labels
Execute       clang -src /home/marco/Documents/tesis/project_again/IP_2018_v2/solution1/.autopilot/db/StreamTest.pragma.2.cpp  -fno-limit-debug-info -gcc-toolchain /opt/vivado2018/Vivado/2018.3/lnx64/tools/gcc -hls -hls-analyze-label -hls-analyze-pragma -fno-exceptions  -D__llvm__  -w  "/home/marco/Documents/tesis/project_again/IP_2018_v2/solution1/.autopilot/db/StreamTest.pragma.2.cpp"    -fno-math-errno -c -emit-llvm -O0  -mllvm -disable-llvm-optzns -fno-threadsafe-statics  -fno-use-cxa-atexit -DAESL_SYN -D__SYNTHESIS__ -D__HLS_SYN__ -I "/opt/vivado2018/Vivado/2018.3/common/technology/autopilot" -I "/opt/vivado2018/Vivado/2018.3/common/technology/autopilot/ap_sysc" -include etc/autopilot_ssdm_op.h -D__DSP48E1__ -g -o "/home/marco/Documents/tesis/project_again/IP_2018_v2/solution1/.autopilot/db/StreamTest.bc" 
INFO-FLOW: exec /opt/vivado2018/Vivado/2018.3/lnx64/tools/clang/bin/clang -fno-limit-debug-info -gcc-toolchain /opt/vivado2018/Vivado/2018.3/lnx64/tools/gcc -hls -hls-analyze-label -hls-analyze-pragma -fno-exceptions -D__llvm__ -w /home/marco/Documents/tesis/project_again/IP_2018_v2/solution1/.autopilot/db/StreamTest.pragma.2.cpp -fno-math-errno -c -emit-llvm -O0 -mllvm -disable-llvm-optzns -fno-threadsafe-statics -fno-use-cxa-atexit -DAESL_SYN -D__SYNTHESIS__ -D__HLS_SYN__ -I /opt/vivado2018/Vivado/2018.3/common/technology/autopilot -I /opt/vivado2018/Vivado/2018.3/common/technology/autopilot/ap_sysc -include etc/autopilot_ssdm_op.h -D__DSP48E1__ -g -o /home/marco/Documents/tesis/project_again/IP_2018_v2/solution1/.autopilot/db/StreamTest.bc
Command       clang done; 1.45 sec.
INFO: [HLS 200-10] Analyzing design file 'IP_2018_v2/solution1/Stream.cpp' ... 
INFO-FLOW: Compiling one TU...
Execute       is_m_axi_addr64 
INFO-FLOW: Handling IP_2018_v2/solution1/Stream.cpp as C++
Execute       get_default_platform 
Execute       is_encrypted IP_2018_v2/solution1/Stream.cpp 
Execute       get_default_platform 
INFO-FLOW: Running: GCC PP
INFO-FLOW: Source preprocessing
Execute       clang  -fno-limit-debug-info -gcc-toolchain "/opt/vivado2018/Vivado/2018.3/lnx64/tools/gcc" -hls  -fno-exceptions  -D__llvm__  -E "IP_2018_v2/solution1/Stream.cpp"     -fno-math-errno -c -emit-llvm -O0  -mllvm -disable-llvm-optzns -fno-threadsafe-statics  -fno-use-cxa-atexit  -fno-threadsafe-statics -fno-use-cxa-atexit -D__CLANG_3_1__ -DAESL_SYN -D__SYNTHESIS__ -D__HLS_SYN__ -I "/opt/vivado2018/Vivado/2018.3/common/technology/autopilot" -I "/opt/vivado2018/Vivado/2018.3/common/technology/autopilot/ap_sysc" -include etc/autopilot_ssdm_op.h -D__DSP48E1__  -o "/home/marco/Documents/tesis/project_again/IP_2018_v2/solution1/.autopilot/db/Stream.pp.0.cpp" 
INFO-FLOW: exec /opt/vivado2018/Vivado/2018.3/lnx64/tools/clang/bin/clang -fno-limit-debug-info -gcc-toolchain /opt/vivado2018/Vivado/2018.3/lnx64/tools/gcc -hls -fno-exceptions -D__llvm__ -E IP_2018_v2/solution1/Stream.cpp -fno-math-errno -c -emit-llvm -O0 -mllvm -disable-llvm-optzns -fno-threadsafe-statics -fno-use-cxa-atexit -fno-threadsafe-statics -fno-use-cxa-atexit -D__CLANG_3_1__ -DAESL_SYN -D__SYNTHESIS__ -D__HLS_SYN__ -I /opt/vivado2018/Vivado/2018.3/common/technology/autopilot -I /opt/vivado2018/Vivado/2018.3/common/technology/autopilot/ap_sysc -include etc/autopilot_ssdm_op.h -D__DSP48E1__ -o /home/marco/Documents/tesis/project_again/IP_2018_v2/solution1/.autopilot/db/Stream.pp.0.cpp
Command       clang done; 1.12 sec.
Execute       tidy_31 xilinx-xfmat-array-geometry /home/marco/Documents/tesis/project_again/IP_2018_v2/solution1/.autopilot/db/Stream.pp.0.cpp std=gnu++98 
INFO-FLOW: exec /opt/vivado2018/Vivado/2018.3/lnx64/tools/clang-3.9-csynth/bin/tidy-3.1 -header-filter=.* -checks=-*,xilinx-xfmat-array-geometry -quiet -fix /home/marco/Documents/tesis/project_again/IP_2018_v2/solution1/.autopilot/db/Stream.pp.0.cpp -- -std=gnu++98 -fhls -ferror-limit=0
Command       tidy_31 done; 0.5 sec.
INFO-FLOW: Syntax Checking before pre-processing...
Execute       clang -syntaxcheck -src /home/marco/Documents/tesis/project_again/IP_2018_v2/solution1/.autopilot/db/Stream.pp.0.cpp  -fno-limit-debug-info -gcc-toolchain "/opt/vivado2018/Vivado/2018.3/lnx64/tools/gcc" -hls    -fno-math-errno -c -emit-llvm -O0  -mllvm -disable-llvm-optzns -fno-threadsafe-statics  -fno-use-cxa-atexit  -fno-threadsafe-statics -fno-use-cxa-atexit -D__CLANG_3_1__ -DAESL_SYN -D__SYNTHESIS__ -D__HLS_SYN__ -I "/opt/vivado2018/Vivado/2018.3/common/technology/autopilot" -I "/opt/vivado2018/Vivado/2018.3/common/technology/autopilot/ap_sysc" -include etc/autopilot_ssdm_op.h -D__DSP48E1__  "/home/marco/Documents/tesis/project_again/IP_2018_v2/solution1/.autopilot/db/Stream.pp.0.cpp"  -o "/home/marco/Documents/tesis/project_again/IP_2018_v2/solution1/.autopilot/db/useless.bc"  
INFO-FLOW: exec /opt/vivado2018/Vivado/2018.3/lnx64/tools/clang/bin/clang -fno-limit-debug-info -gcc-toolchain /opt/vivado2018/Vivado/2018.3/lnx64/tools/gcc -hls -fno-math-errno -c -emit-llvm -O0 -mllvm -disable-llvm-optzns -fno-threadsafe-statics -fno-use-cxa-atexit -fno-threadsafe-statics -fno-use-cxa-atexit -D__CLANG_3_1__ -DAESL_SYN -D__SYNTHESIS__ -D__HLS_SYN__ -I /opt/vivado2018/Vivado/2018.3/common/technology/autopilot -I /opt/vivado2018/Vivado/2018.3/common/technology/autopilot/ap_sysc -include etc/autopilot_ssdm_op.h -D__DSP48E1__ /home/marco/Documents/tesis/project_again/IP_2018_v2/solution1/.autopilot/db/Stream.pp.0.cpp -o /home/marco/Documents/tesis/project_again/IP_2018_v2/solution1/.autopilot/db/useless.bc
Command       clang done; 1.43 sec.
INFO-FLOW: Done: GCC PP time: 3.1 seconds per iteration
Execute       list_core -type functional_unit 
Execute       tidy_31 xilinx-systemc-detector /home/marco/Documents/tesis/project_again/IP_2018_v2/solution1/.autopilot/db/Stream.pp.0.cpp std=gnu++98 -directive=/home/marco/Documents/tesis/project_again/IP_2018_v2/solution1/.autopilot/db/.systemc_flag 
INFO-FLOW: exec /opt/vivado2018/Vivado/2018.3/lnx64/tools/clang-3.9-csynth/bin/tidy-3.1 -header-filter=.* -checks=-*,xilinx-systemc-detector -import-directive=/home/marco/Documents/tesis/project_again/IP_2018_v2/solution1/.autopilot/db/.systemc_flag -quiet -fix-errors /home/marco/Documents/tesis/project_again/IP_2018_v2/solution1/.autopilot/db/Stream.pp.0.cpp -- -std=gnu++98 -fhls -ferror-limit=0
Command       tidy_31 done; 0.48 sec.
INFO-FLOW: Running: tidy-3.1 CDT preprocess
Execute       tidy_31 xilinx-directive2pragma /home/marco/Documents/tesis/project_again/IP_2018_v2/solution1/.autopilot/db/Stream.pp.0.cpp std=gnu++98 -directive=/home/marco/Documents/tesis/project_again/IP_2018_v2/solution1/.autopilot/db/all.directive.json 
INFO-FLOW: exec /opt/vivado2018/Vivado/2018.3/lnx64/tools/clang-3.9-csynth/bin/tidy-3.1 -header-filter=.* -checks=-*,xilinx-directive2pragma -import-directive=/home/marco/Documents/tesis/project_again/IP_2018_v2/solution1/.autopilot/db/all.directive.json -quiet -fix-errors /home/marco/Documents/tesis/project_again/IP_2018_v2/solution1/.autopilot/db/Stream.pp.0.cpp -- -std=gnu++98 -fhls -ferror-limit=0
Command       tidy_31 done; 0.45 sec.
Execute       get_config_dataflow -strict_mode 
Execute       ap_eval exec -ignorestderr /opt/vivado2018/Vivado/2018.3/lnx64/tools/clang-3.9-csynth/bin/xilinx-dataflow-lawyer -export-fixes=/home/marco/Documents/tesis/project_again/IP_2018_v2/solution1/.autopilot/db/xilinx-dataflow-lawyer.Stream.pp.0.cpp.diag.yml /home/marco/Documents/tesis/project_again/IP_2018_v2/solution1/.autopilot/db/Stream.pp.0.cpp -- -std=gnu++98 -fhls -ferror-limit=0 -fstrict-dataflow > /home/marco/Documents/tesis/project_again/IP_2018_v2/solution1/.autopilot/db/xilinx-dataflow-lawyer.Stream.pp.0.cpp.out.log 2> /home/marco/Documents/tesis/project_again/IP_2018_v2/solution1/.autopilot/db/xilinx-dataflow-lawyer.Stream.pp.0.cpp.err.log 
Command       ap_eval done; 0.44 sec.
WARNING: [HLS 214-114] Since the only kind of statements allowed in a dataflow region are variable declarations and function calls, the compiler may not be able to correctly handle the region: IP_2018_v2/solution1/Stream.cpp:29:2
Execute       send_msg_by_id WARNING @200-471@%s%s 1 IP_2018_v2/solution1/Stream.cpp 
WARNING: [HLS 200-471] Dataflow form checks found 1 issue(s) in file IP_2018_v2/solution1/Stream.cpp
Execute       tidy_31 -errorcheck xilinx-constantarray-param,xilinx-resource-pragma-transformer,xilinx-xfmat-array-geometry /home/marco/Documents/tesis/project_again/IP_2018_v2/solution1/.autopilot/db/Stream.pp.0.cpp std=gnu++98 
Execute         ap_eval exec -ignorestderr /opt/vivado2018/Vivado/2018.3/lnx64/tools/clang-3.9-csynth/bin/tidy-3.1 -export-fixes=/home/marco/Documents/tesis/project_again/IP_2018_v2/solution1/.autopilot/db/tidy-3.1.Stream.pp.0.cpp.diag.yml -header-filter=.* -checks=-*,xilinx-constantarray-param,xilinx-resource-pragma-transformer,xilinx-xfmat-array-geometry -quiet -fix-errors /home/marco/Documents/tesis/project_again/IP_2018_v2/solution1/.autopilot/db/Stream.pp.0.cpp -- -std=gnu++98 -fhls -ferror-limit=0 > /home/marco/Documents/tesis/project_again/IP_2018_v2/solution1/.autopilot/db/tidy-3.1.Stream.pp.0.cpp.out.log 2> /home/marco/Documents/tesis/project_again/IP_2018_v2/solution1/.autopilot/db/tidy-3.1.Stream.pp.0.cpp.err.log 
Command         ap_eval done; 0.6 sec.
Execute         ap_eval exec -ignorestderr /opt/vivado2018/Vivado/2018.3/lnx64/tools/clang-3.9-csynth/bin/xilinx-legacy-rewriter /home/marco/Documents/tesis/project_again/IP_2018_v2/solution1/.autopilot/db/Stream.pp.0.cpp -- -std=gnu++98 -fhls -ferror-limit=0 > /home/marco/Documents/tesis/project_again/IP_2018_v2/solution1/.autopilot/db/xilinx-legacy-rewriter.Stream.pp.0.cpp.out.log 2> /home/marco/Documents/tesis/project_again/IP_2018_v2/solution1/.autopilot/db/xilinx-legacy-rewriter.Stream.pp.0.cpp.err.log 
Command         ap_eval done; 0.58 sec.
Command       tidy_31 done; 1.18 sec.
INFO-FLOW: Done: tidy-3.1 CDT preprocess time: 2.1 seconds per iteration
INFO-FLOW: Pragma Handling...
Execute       tidy_31 xilinx-ssdm-intrinsics-arguments /home/marco/Documents/tesis/project_again/IP_2018_v2/solution1/.autopilot/db/Stream.pragma.1.cpp std=gnu++98 
INFO-FLOW: exec /opt/vivado2018/Vivado/2018.3/lnx64/tools/clang-3.9-csynth/bin/tidy-3.1 -header-filter=.* -checks=-*,xilinx-ssdm-intrinsics-arguments -quiet -fix-errors /home/marco/Documents/tesis/project_again/IP_2018_v2/solution1/.autopilot/db/Stream.pragma.1.cpp -- -std=gnu++98 -fhls -ferror-limit=0
Command       tidy_31 done; 0.83 sec.
Execute       get_default_platform 
INFO-FLOW: Processing labels
Execute       clang -src /home/marco/Documents/tesis/project_again/IP_2018_v2/solution1/.autopilot/db/Stream.pragma.2.cpp  -fno-limit-debug-info -gcc-toolchain /opt/vivado2018/Vivado/2018.3/lnx64/tools/gcc -hls -hls-analyze-label -hls-analyze-pragma -fno-exceptions  -D__llvm__  -w  "/home/marco/Documents/tesis/project_again/IP_2018_v2/solution1/.autopilot/db/Stream.pragma.2.cpp"    -fno-math-errno -c -emit-llvm -O0  -mllvm -disable-llvm-optzns -fno-threadsafe-statics  -fno-use-cxa-atexit -DAESL_SYN -D__SYNTHESIS__ -D__HLS_SYN__ -I "/opt/vivado2018/Vivado/2018.3/common/technology/autopilot" -I "/opt/vivado2018/Vivado/2018.3/common/technology/autopilot/ap_sysc" -include etc/autopilot_ssdm_op.h -D__DSP48E1__ -g -o "/home/marco/Documents/tesis/project_again/IP_2018_v2/solution1/.autopilot/db/Stream.bc" 
INFO-FLOW: exec /opt/vivado2018/Vivado/2018.3/lnx64/tools/clang/bin/clang -fno-limit-debug-info -gcc-toolchain /opt/vivado2018/Vivado/2018.3/lnx64/tools/gcc -hls -hls-analyze-label -hls-analyze-pragma -fno-exceptions -D__llvm__ -w /home/marco/Documents/tesis/project_again/IP_2018_v2/solution1/.autopilot/db/Stream.pragma.2.cpp -fno-math-errno -c -emit-llvm -O0 -mllvm -disable-llvm-optzns -fno-threadsafe-statics -fno-use-cxa-atexit -DAESL_SYN -D__SYNTHESIS__ -D__HLS_SYN__ -I /opt/vivado2018/Vivado/2018.3/common/technology/autopilot -I /opt/vivado2018/Vivado/2018.3/common/technology/autopilot/ap_sysc -include etc/autopilot_ssdm_op.h -D__DSP48E1__ -g -o /home/marco/Documents/tesis/project_again/IP_2018_v2/solution1/.autopilot/db/Stream.bc
Command       clang done; 1.43 sec.
INFO-FLOW: Linking Debug ...
Execute       llvm-ld /home/marco/Documents/tesis/project_again/IP_2018_v2/solution1/.autopilot/db/StreamTest.g.bc /home/marco/Documents/tesis/project_again/IP_2018_v2/solution1/.autopilot/db/Stream.g.bc -hls-opt -except-internalize Simulate_HW -L/opt/vivado2018/Vivado/2018.3/lnx64/lib -lhlsm -lhlsmc++ -o /home/marco/Documents/tesis/project_again/IP_2018_v2/solution1/.autopilot/db/a.g 
Command       llvm-ld done; 0.64 sec.
INFO: [HLS 200-111] Finished Linking Time (s): cpu = 00:00:16 ; elapsed = 00:00:17 . Memory (MB): peak = 442.004 ; gain = 0.137 ; free physical = 3303 ; free virtual = 10998
INFO: [HLS 200-111] Finished Checking Pragmas Time (s): cpu = 00:00:16 ; elapsed = 00:00:17 . Memory (MB): peak = 442.004 ; gain = 0.137 ; free physical = 3303 ; free virtual = 10998
Execute       get_config_sdx -target 
Execute       opt_and_import_c a -opt_level=2 -skip_syncheck=0 -ng=0 -keep_printf=0 
Execute         cleanup_all_models 
INFO: [HLS 200-10] Starting code transformations ...
Execute         transform -promote-dbg-pointer /home/marco/Documents/tesis/project_again/IP_2018_v2/solution1/.autopilot/db/a.pp.bc -o /home/marco/Documents/tesis/project_again/IP_2018_v2/solution1/.autopilot/db/a.pp.0.bc -f 
Execute         llvm-ld /home/marco/Documents/tesis/project_again/IP_2018_v2/solution1/.autopilot/db/a.pp.0.bc -disable-opt -L/opt/vivado2018/Vivado/2018.3/lnx64/lib -lfloatconversion -o /home/marco/Documents/tesis/project_again/IP_2018_v2/solution1/.autopilot/db/a.g.0 
Command         llvm-ld done; 0.62 sec.
INFO-FLOW: Running Standard Transforms...
Execute         transform -hls -share-std-xform -demangle-name -inline-byval-memcpy -always-inline -promote-dbg-pointer -interface-preproc -mem2reg -lower-blackbox -scalarrepl -mem2reg -keep-read-access -instcombine -dce -promote-dbg-pointer -bitop-raise -loop-simplify -indvarspre -indvars -loop-simplify -xunroll -constprop -instcombine -simplifycfg -indvars -simplifycfg -dce -globaldce -basicaa -simplifycfg -mem2reg -globalopt -global-constprop -deadargelim -instcombine -simplifycfg -prune-eh -simplifycfg -scalarrepl -instcombine -reassociate -licm -simplifycfg -loop-simplify -indvars -instcombine -simplifycfg -mem2reg -loop-simplify -indvars -instcombine -gvn -gvn -instcombine -adce -break-crit-edges -simplifycfg -loop-delete -global-array-opt -dce -dse -adce -find-syn-modules -top Simulate_HW -deadargelim -mem2reg -instcombine -dce -presyn-prepare -auto-rom-infer -interface-preproc -syn-check -check-rec-only -find-region -simplifycfg -func-extr -function-inline -globaldce -mem2reg -instcombine -dce -gvn -globaldce -adce -adse -constprop -instcombine -bit-constprop -instcombine -dce -simplifycfg -bitop-raise -simplifycfg -dce -loop-delete -reassociate -globalopt -global-privatize -mem2reg -dce -global-constprop -pointer-simplify -constprop -dce -func-inst -deadargelim -auto-shift-reg-idiom -promote-dbg-pointer -norm-name /home/marco/Documents/tesis/project_again/IP_2018_v2/solution1/.autopilot/db/a.g.0.bc -o /home/marco/Documents/tesis/project_again/IP_2018_v2/solution1/.autopilot/db/a.g.1.bc -f -phase std-opt 
INFO: [HLS 200-111] Finished Standard Transforms Time (s): cpu = 00:00:17 ; elapsed = 00:00:18 . Memory (MB): peak = 569.867 ; gain = 128.000 ; free physical = 3277 ; free virtual = 10982
INFO: [HLS 200-10] Checking synthesizability ...
INFO-FLOW: Checking Synthesizability 1/2..
Execute         transform -hls -syn-check -check-rec-only -disaggr -scalarrepl -norm-name -dce -mem2reg -instcombine -function-uniquify -directive-preproc -mem2reg -dse -dce -auto-rom-infer -dce -pag -array-normalize -instcombine -dce -warn-fifo-pointer -array-seg-normalize -instcombine -dce -array-flatten -instcombine -dce -array-burst -dce -deadargelim -promote-global-argument -simplifycfg -mem2reg -globaldce -resolve-double-ptr -dce -deadargelim -dce -instcombine -function-inline -globaldce -dce -doublePtrSimplify -doublePtrElim -dce -doublePtrSimplify -promote-dbg-pointer -dce -scalarrepl -dse -adse -instcombine -ptrLegalization -simplifycfg -dce -instcombine -pointer-simplify -ptrArgReplace -dce -instcombine -disaggr -scalarrepl -norm-name -dce -mem2reg -instcombine -ptrLegalization -simplifycfg -deadargelim -instcombine -dce -inst-simplify -function-uniquify -directive-preproc -mem2reg -dse -dce -globaldce -check-dspbuiltin /home/marco/Documents/tesis/project_again/IP_2018_v2/solution1/.autopilot/db/a.g.1.bc -o /home/marco/Documents/tesis/project_again/IP_2018_v2/solution1/.autopilot/db/a.g.2.prechk.bc -f 
INFO-FLOW: Checking Synthesizability 2/2..
Execute         transform -syn-check /home/marco/Documents/tesis/project_again/IP_2018_v2/solution1/.autopilot/db/a.g.2.prechk.bc -o /home/marco/Documents/tesis/project_again/IP_2018_v2/solution1/.autopilot/db/a.g.2.bc -f -phase syn-check 
INFO: [HLS 200-111] Finished Checking Synthesizability Time (s): cpu = 00:00:17 ; elapsed = 00:00:18 . Memory (MB): peak = 570.453 ; gain = 128.586 ; free physical = 3272 ; free virtual = 10978
INFO-FLOW: Compiler optimizing ...
INFO-FLOW: Share syncheck's 1.bc for syn flow: copy /home/marco/Documents/tesis/project_again/IP_2018_v2/solution1/.autopilot/db/a.g.1.bc to /home/marco/Documents/tesis/project_again/IP_2018_v2/solution1/.autopilot/db/a.o.1.bc
INFO-FLOW: Presyn 1...
Execute         transform -hls -tmp /home/marco/Documents/tesis/project_again/IP_2018_v2/solution1/.autopilot/db -interface-port-rename -type-info -function-uniquify -directive-preproc -mem2reg -dse -dce -disaggr -scalarrepl -norm-name -deadargelim -mem2reg -instcombine -dce -simplifycfg -auto-rom-infer -dce -function-uniquify -resource-proc -simplifycfg -mem2reg -globaldce -resolve-double-ptr -dce -deadargelim -dce -instcombine -clib-intrinsic-prepare -dce -func-buffer -dce -pag -array-normalize -func-legal -instcombine -gvn -constprop -dce -ptrArgReplace -mem2reg -instcombine -dce -array-seg-normalize -deadargelim -instcombine -dce -pointer-simplify -dce -port-alignment -dce -interface-preproc -data-pack -instcombine -dce -basicaa -aggr-aa -aggrmodref-aa -aggr-aa -gvn -gvn -basicaa -aggr-aa -aggrmodref-aa -aggr-aa -dse -adse -adce -loop-simplify -indvars -instcombine -gvn -loop-simplify -mem2reg -dce -find-region -instcombine -auto-loop-pipeline -inst-simplify -interface-preproc -cfgopt -instcombine -indvars -auto-loop-unroll -loop-simplify -loop-bound -xunroll -constprop -instcombine -simplifycfg -indvars -simplifycfg -dce -globaldce -clean-region -attach-range -gvn -inst-simplify -constprop -simplifycfg -dce -pointer-simplify -dce -globalopt -constprop -dce -array-promote -constprop -instcombine -dce -ptrArgReplace -mem2reg -instcombine -simplifycfg -dce -auto-par -instcombine -dce -array-transform-check -array-reshape -instcombine -simplifycfg -dce -ptrArgReplace -deadargelim -mem2reg -instcombine -simplifycfg -dce -indvars -loop-simplify -loop-bound -xunroll -constprop -instcombine -simplifycfg -indvars -simplifycfg -dce -globaldce -basicaa -aggr-aa -aggrmodref-aa -aggr-aa -dse -duplicate-dataflow-processes -globaldce -instcombine -array-partition -instcombine -simplifycfg -dce -ptrArgReplace -global-constprop -deadargelim -mem2reg -func-legal -instcombine -dce -global-constprop -deadargelim -mem2reg -instcombine -simplifycfg -dce -merge-param -deadargelim -globalopt -constprop -dce -array-promote -constprop -instcombine -dce -ptrArgReplace -mem2reg -instcombine -simplifycfg -dce -mem-intrinsic-preproc -dce -global-internalize -global-privatize -mem2reg -globaldce -promote-global-argument -ptrArgReplace -mem2reg -instcombine -dce -globalopt -mergereturn -simplify-global-access -mem2reg -dce -pointer-simplify -dce -functionattrs -basicaa -aggr-aa -aggrmodref-aa -aggr-aa -gvn -gvn -basicaa -aggr-aa -aggrmodref-aa -aggr-aa -dse -adse -adce -inst-simplify -dce -norm-name -function-inline -globaldce -func-inst -constprop -instcombine -simplifycfg -dce -func-legal -dce -loop-bound -arraycheck -bitwidthmin -on-by-dataflow -loop-delete -instcombine -simplifycfg -globaldce -dce -gvn -deadargelim -dce -loop-simplify -clean-region -simplifycfg -propagate-stable-arguments -loop-stream -instcombine -simplifycfg -dce -globaldce -duplicate-dataflow-processes -stream-intrinsic-preproc -dce -check-ap-stream -loop-simplify -eliminate-keepreads -extract-dataflow-in-loop -loop-simplify -dce -gvn -deadargelim -dse -check-dataflow-syntax -legalize-stream-variable -legalize-global -extract-subproc -dce -dead-channel-elimination -canonicalize-gep -globaldce -dce -gvn -deadargelim -annotate-dataflow-channels -scalar-propagation -deadargelim -globaldce -mem2reg -check-dataflow-channels -function-stream -dce -globaldce -prop-fifo-spec -internal-stream-gen -canonicalize-gep -globaldce -dce -gvn -deadargelim -mergereturn -indvars -loop-simplify -instcombine -array-stream -array-seg-normalize -array-partition -func-legal -instcombine -simplifycfg -dce -bundle-memfifo-ops -deadargelim -function-uniquify -directive-preproc -mem2reg -dse -dce -group-axi-access -licm -simplifycfg -dce -loop-delete -norm-name /home/marco/Documents/tesis/project_again/IP_2018_v2/solution1/.autopilot/db/a.o.1.bc -o /home/marco/Documents/tesis/project_again/IP_2018_v2/solution1/.autopilot/db/a.o.1.tmp.bc -f 
INFO: [XFORM 203-502] Unrolling all sub-loops inside loop 'ROW_LOOP' (IP_2018_v2/solution1/Stream.cpp:29) in function 'Simulate_HW' for pipelining.
INFO: [HLS 200-489] Unrolling loop 'READ_V_LOOP' (IP_2018_v2/solution1/Stream.cpp:39) in function 'Simulate_HW' completely with a factor of 8.
INFO: [HLS 200-489] Unrolling loop 'CALCULATE_LOOP_1' (IP_2018_v2/solution1/Stream.cpp:49) in function 'Simulate_HW' completely with a factor of 8.
INFO: [HLS 200-489] Unrolling loop 'CALCULATE_LOOP_2' (IP_2018_v2/solution1/Stream.cpp:52) in function 'Simulate_HW' completely with a factor of 8.
INFO: [XFORM 203-101] Partitioning array 'F_acc'  in dimension 1 completely.
INFO: [XFORM 203-101] Partitioning array 'V_acc'  in dimension 1 completely.
INFO: [XFORM 203-712] Applying dataflow to function 'Simulate_HW', detected/extracted 1 process function(s): 
	 'Loop_ROW_LOOP_proc25'.
Command         transform done; 0.79 sec.
INFO-FLOW: Presyn 2...
Execute         transform -hls -keep-callgraph -scalarrepl -mem2reg -port-alignment -attach-range -dce -pipe-mux-gen -indvars -loop-bound -inst-simplify -instcombine -dce -merge-array-access -mem2reg -dce -clean-region -mergereturn -if-conv -instcombine -dce -constprop -basicaa -aggr-aa -aggrmodref-aa -aggr-aa -gvn -gvn -basicaa -aggr-aa -aggrmodref-aa -aggr-aa -dse -adse -adce -scalarrepl -mem2reg -global-constprop -deadargelim -deadargelim -instcombine -dce -simplifycfg -ptrArgReplace -mem2reg -function-inline -globaldce -mem2reg -instcombine -dce -expr-balance -instcombine -dce -bitwidthmin -interface-preproc -directive-preproc -inst-rectify -instcombine -dce -functionattrs -constprop -instcombine -bit-constprop -simplify-global-access -globalopt -globaldce -inst-simplify -instcombine -elimdeaddata -dce -loop-delete -simplifycfg -loop-simplify -auto-burst -norm-name /home/marco/Documents/tesis/project_again/IP_2018_v2/solution1/.autopilot/db/a.o.1.tmp.bc -o /home/marco/Documents/tesis/project_again/IP_2018_v2/solution1/.autopilot/db/a.o.2.bc -f -phase presyn 
INFO: [XFORM 203-401] Performing if-conversion on hyperblock from (IP_2018_v2/solution1/Stream.cpp:53:5) to (IP_2018_v2/solution1/Stream.cpp:71:2) in function 'Loop_ROW_LOOP_proc25'... converting 17 basic blocks.
Command         transform done; 0.39 sec.
INFO: [HLS 200-111] Finished Pre-synthesis Time (s): cpu = 00:00:18 ; elapsed = 00:00:19 . Memory (MB): peak = 570.453 ; gain = 128.586 ; free physical = 3239 ; free virtual = 10946
INFO-FLOW: Building ssdm...
Execute         transform -hls -function-uniquify -auto-function-inline -globaldce -ptrArgReplace -mem2reg -instcombine -dce -reset-lda -loop-simplify -indvars -licm -loop-dep -loop-bound -licm -loop-simplify -flattenloopnest -array-flatten -gvn -instcombine -dce -array-map -dce -func-legal -gvn -adce -instcombine -cfgopt -simplifycfg -loop-simplify -array-burst -promote-global-argument -dce -axi4-lower -array-seg-normalize -basicaa -aggrmodref-aa -globalsmodref-aa -aggr-aa -gvn -gvn -basicaa -aggrmodref-aa -globalsmodref-aa -aggr-aa -dse -adse -adce -licm -inst-simplify -dce -globaldce -instcombine -array-stream -eliminate-keepreads -instcombine -dce -deadargelim -doublePtrSimplify -doublePtrElim -dce -doublePtrSimplify -promote-dbg-pointer -dce -scalarrepl -mem2reg -disaggr -norm-name -mem2reg -instcombine -dse -adse -adce -ptrLegalization -dce -auto-rom-infer -array-flatten -dce -instcombine -check-doubleptr -loop-rot -constprop -cfgopt -simplifycfg -loop-simplify -indvars -pointer-simplify -dce -loop-bound -loop-simplify -loop-preproc -constprop -global-constprop -gvn -mem2reg -instcombine -dce -loop-bound -loop-merge -dce -bitwidthmin -deadargelim -dce -canonicalize-dataflow -dce -scalar-propagation -deadargelim -globaldce -mem2reg -read-loop-dep -interface-preproc -directive-preproc -interface-gen -bram-byte-enable -deadargelim -inst-simplify -dce -gvn -mem2reg -instcombine -dce -adse -loop-bound -instcombine -cfgopt -simplifycfg -loop-simplify -clean-region -io-protocol -find-region -mem2reg -bitop-raise -inst-simplify -inst-rectify -instcombine -adce -deadargelim -loop-simplify -phi-opt -bitop-raise -cfgopt -simplifycfg -strip-dead-prototypes -interface-lower -bitop-lower -intrinsic-lower -auto-function-inline -basicaa -aggrmodref-aa -globalsmodref-aa -aggr-aa -inst-simplify -simplifycfg -loop-simplify -mergereturn -inst-simplify -inst-rectify -dce -load-elim -bitop-lower -loop-rewind -pointer-simplify -dce -cfgopt -dce -bitwidth -loop-bound -loop-dep -read-loop-dep -dce -check-stream -norm-name -legalize -validate-dataflow -inst-clarity -cdfg-build /home/marco/Documents/tesis/project_again/IP_2018_v2/solution1/.autopilot/db/a.o.2.bc -o /home/marco/Documents/tesis/project_again/IP_2018_v2/solution1/.autopilot/db/a.o.3.bc -f -phase build-ssdm 
Command         transform done; 0.53 sec.
INFO: [HLS 200-111] Finished Architecture Synthesis Time (s): cpu = 00:00:19 ; elapsed = 00:00:19 . Memory (MB): peak = 570.453 ; gain = 128.586 ; free physical = 3252 ; free virtual = 10943
INFO-FLOW: Finish building internal data model.
Command       opt_and_import_c done; 2.52 sec.
Command     elaborate done; 18.96 sec.
Execute     autosyn -from_csynth_design=1 
INFO: [HLS 200-10] Starting hardware synthesis ...
INFO-FLOW: Synthesizing C/C++ design ...
INFO: [HLS 200-10] Synthesizing 'Simulate_HW' ...
Execute       ap_set_top_model Simulate_HW 
Execute       get_model_list Simulate_HW -filter all-wo-channel -topdown 
Execute       preproc_iomode -model Simulate_HW 
Execute       preproc_iomode -model Loop_ROW_LOOP_proc25 
Execute       get_model_list Simulate_HW -filter all-wo-channel 
INFO-FLOW: Model list for configure: Loop_ROW_LOOP_proc25 Simulate_HW
INFO-FLOW: Configuring Module : Loop_ROW_LOOP_proc25 ...
Execute       set_default_model Loop_ROW_LOOP_proc25 
Execute       apply_spec_resource_limit Loop_ROW_LOOP_proc25 
INFO-FLOW: Configuring Module : Simulate_HW ...
Execute       set_default_model Simulate_HW 
Execute       apply_spec_resource_limit Simulate_HW 
INFO-FLOW: Model list for preprocess: Loop_ROW_LOOP_proc25 Simulate_HW
INFO-FLOW: Preprocessing Module: Loop_ROW_LOOP_proc25 ...
Execute       set_default_model Loop_ROW_LOOP_proc25 
Execute       cdfg_preprocess -model Loop_ROW_LOOP_proc25 
Execute       rtl_gen_preprocess Loop_ROW_LOOP_proc25 
INFO-FLOW: Preprocessing Module: Simulate_HW ...
Execute       set_default_model Simulate_HW 
Execute       cdfg_preprocess -model Simulate_HW 
Execute       rtl_gen_preprocess Simulate_HW 
INFO-FLOW: Model list for synthesis: Loop_ROW_LOOP_proc25 Simulate_HW
INFO: [HLS 200-10] ----------------------------------------------------------------
INFO: [HLS 200-42] -- Implementing module 'Loop_ROW_LOOP_proc25' 
INFO: [HLS 200-10] ----------------------------------------------------------------
Execute       set_default_model Loop_ROW_LOOP_proc25 
Execute       schedule -model Loop_ROW_LOOP_proc25 
INFO: [SCHED 204-11] Starting scheduling ...
INFO: [SCHED 204-61] Pipelining loop 'ROW_LOOP'.
INFO: [SCHED 204-61] Pipelining result : Target II = 72, Final II = 72, Depth = 219.
INFO: [SCHED 204-61] Pipelining loop 'I_LOOP'.
INFO: [SCHED 204-61] Pipelining result : Target II = 1, Final II = 1, Depth = 43.
INFO: [SCHED 204-11] Finished scheduling.
Command       schedule done; 2.61 sec.
INFO: [HLS 200-111]  Elapsed time: 22.01 seconds; current allocated memory: 112.990 MB.
Execute       report -o /home/marco/Documents/tesis/project_again/IP_2018_v2/solution1/.autopilot/db/Loop_ROW_LOOP_proc25.verbose.sched.rpt -verbose -f 
Command       report done; 3.73 sec.
Execute       db_write -o /home/marco/Documents/tesis/project_again/IP_2018_v2/solution1/.autopilot/db/Loop_ROW_LOOP_proc25.sched.adb -f 
Command       db_write done; 0.19 sec.
INFO-FLOW: Finish scheduling Loop_ROW_LOOP_proc25.
Execute       set_default_model Loop_ROW_LOOP_proc25 
Execute       bind -model Loop_ROW_LOOP_proc25 
BIND OPTION: fu_weight=[ 0.0 -- 1.0 ]
BIND OPTION: model=Loop_ROW_LOOP_proc25
BIND OPTION: reg_weight=[ 0.0 -- 1.0 ]
INFO: [BIND 205-100] Starting micro-architecture generation ...
INFO: [BIND 205-101] Performing variable lifetime analysis.
INFO: [BIND 205-101] Exploring resource sharing.
INFO: [BIND 205-101] Binding ...
INFO: [BIND 205-100] Finished micro-architecture generation.
Command       bind done; 0.65 sec.
INFO: [HLS 200-111]  Elapsed time: 4.57 seconds; current allocated memory: 125.798 MB.
Execute       report -o /home/marco/Documents/tesis/project_again/IP_2018_v2/solution1/.autopilot/db/Loop_ROW_LOOP_proc25.verbose.bind.rpt -verbose -f 
Command       report done; 3.42 sec.
Execute       db_write -o /home/marco/Documents/tesis/project_again/IP_2018_v2/solution1/.autopilot/db/Loop_ROW_LOOP_proc25.bind.adb -f 
Command       db_write done; 0.21 sec.
INFO-FLOW: Finish binding Loop_ROW_LOOP_proc25.
INFO: [HLS 200-10] ----------------------------------------------------------------
INFO: [HLS 200-42] -- Implementing module 'Simulate_HW' 
INFO: [HLS 200-10] ----------------------------------------------------------------
Execute       set_default_model Simulate_HW 
Execute       schedule -model Simulate_HW 
INFO: [SCHED 204-11] Starting scheduling ...
INFO: [SCHED 204-11] Finished scheduling.
INFO: [HLS 200-111]  Elapsed time: 3.64 seconds; current allocated memory: 126.048 MB.
Execute       report -o /home/marco/Documents/tesis/project_again/IP_2018_v2/solution1/.autopilot/db/Simulate_HW.verbose.sched.rpt -verbose -f 
Execute       db_write -o /home/marco/Documents/tesis/project_again/IP_2018_v2/solution1/.autopilot/db/Simulate_HW.sched.adb -f 
INFO-FLOW: Finish scheduling Simulate_HW.
Execute       set_default_model Simulate_HW 
Execute       bind -model Simulate_HW 
BIND OPTION: fu_weight=[ 0.0 -- 1.0 ]
BIND OPTION: model=Simulate_HW
BIND OPTION: reg_weight=[ 0.0 -- 1.0 ]
INFO: [BIND 205-100] Starting micro-architecture generation ...
INFO: [BIND 205-101] Performing variable lifetime analysis.
INFO: [BIND 205-101] Exploring resource sharing.
INFO: [BIND 205-101] Binding ...
INFO: [BIND 205-100] Finished micro-architecture generation.
INFO: [HLS 200-111]  Elapsed time: 0.06 seconds; current allocated memory: 126.180 MB.
Execute       report -o /home/marco/Documents/tesis/project_again/IP_2018_v2/solution1/.autopilot/db/Simulate_HW.verbose.bind.rpt -verbose -f 
Command       report done; 0.16 sec.
Execute       db_write -o /home/marco/Documents/tesis/project_again/IP_2018_v2/solution1/.autopilot/db/Simulate_HW.bind.adb -f 
INFO-FLOW: Finish binding Simulate_HW.
Execute       get_model_list Simulate_HW -filter all-wo-channel 
INFO-FLOW: Preprocessing for RTLGen ...
Execute       rtl_gen_preprocess Loop_ROW_LOOP_proc25 
Execute       rtl_gen_preprocess Simulate_HW 
INFO-FLOW: Model list for RTL generation: Loop_ROW_LOOP_proc25 Simulate_HW
INFO: [HLS 200-10] ----------------------------------------------------------------
INFO: [HLS 200-10] -- Generating RTL for module 'Loop_ROW_LOOP_proc25' 
INFO: [HLS 200-10] ----------------------------------------------------------------
Execute       get_config_rtl -prefix 
Execute       get_config_rtl -auto_prefix 
Execute       create_rtl_model Loop_ROW_LOOP_proc25 -vendor xilinx -mg_file /home/marco/Documents/tesis/project_again/IP_2018_v2/solution1/.autopilot/db/Loop_ROW_LOOP_proc25.compgen.tcl 
WARNING: [RTGEN 206-101] Register 'blockNumber' is power-on initialization.
WARNING: [RTGEN 206-101] Register 'F_acc_0' is power-on initialization.
WARNING: [RTGEN 206-101] Register 'V_acc_0' is power-on initialization.
WARNING: [RTGEN 206-101] Register 'F_acc_1' is power-on initialization.
WARNING: [RTGEN 206-101] Register 'V_acc_1' is power-on initialization.
WARNING: [RTGEN 206-101] Register 'F_acc_2' is power-on initialization.
WARNING: [RTGEN 206-101] Register 'V_acc_2' is power-on initialization.
WARNING: [RTGEN 206-101] Register 'F_acc_3' is power-on initialization.
WARNING: [RTGEN 206-101] Register 'V_acc_3' is power-on initialization.
WARNING: [RTGEN 206-101] Register 'F_acc_4' is power-on initialization.
WARNING: [RTGEN 206-101] Register 'V_acc_4' is power-on initialization.
WARNING: [RTGEN 206-101] Register 'F_acc_5' is power-on initialization.
WARNING: [RTGEN 206-101] Register 'V_acc_5' is power-on initialization.
WARNING: [RTGEN 206-101] Register 'F_acc_6' is power-on initialization.
WARNING: [RTGEN 206-101] Register 'V_acc_6' is power-on initialization.
WARNING: [RTGEN 206-101] Register 'F_acc_7' is power-on initialization.
WARNING: [RTGEN 206-101] Register 'V_acc_7' is power-on initialization.
WARNING: [RTGEN 206-101] Register 'vertical' is power-on initialization.
INFO: [RTGEN 206-100] Generating core module 'Simulate_HW_dadd_64ns_64ns_64_16_full_dsp_1': 1 instance(s).
INFO: [RTGEN 206-100] Generating core module 'Simulate_HW_dmul_64ns_64ns_64_17_max_dsp_1': 2 instance(s).
INFO: [RTGEN 206-100] Generating core module 'Simulate_HW_faddfsub_32ns_32ns_32_10_full_dsp_1': 3 instance(s).
INFO: [RTGEN 206-100] Generating core module 'Simulate_HW_fexp_32ns_32ns_32_31_full_dsp_1': 1 instance(s).
INFO: [RTGEN 206-100] Generating core module 'Simulate_HW_fmul_32ns_32ns_32_7_max_dsp_1': 5 instance(s).
INFO: [RTGEN 206-100] Generating core module 'Simulate_HW_fpext_32ns_64_3_1': 2 instance(s).
INFO: [RTGEN 206-100] Generating core module 'Simulate_HW_fptrunc_64ns_32_5_1': 1 instance(s).
INFO: [RTGEN 206-100] Generating core module 'Simulate_HW_mux_83_32_1_1': 2 instance(s).
INFO: [RTGEN 206-100] Finished creating RTL model for 'Loop_ROW_LOOP_proc25'.
Command       create_rtl_model done; 0.77 sec.
INFO: [HLS 200-111]  Elapsed time: 0.93 seconds; current allocated memory: 138.400 MB.
Execute       source /home/marco/Documents/tesis/project_again/IP_2018_v2/solution1/.autopilot/db/Simulate_HW.rtl_wrap.cfg.tcl 
Execute       gen_rtl Loop_ROW_LOOP_proc25 -style xilinx -tracefl mytrace -tracefmt vcd -traceopt all -f -lang sc -o /home/marco/Documents/tesis/project_again/IP_2018_v2/solution1/syn/systemc/Loop_ROW_LOOP_proc25 -synmodules Loop_ROW_LOOP_proc25 Simulate_HW 
Execute       gen_rtl Loop_ROW_LOOP_proc25 -style xilinx -f -lang vhdl -o /home/marco/Documents/tesis/project_again/IP_2018_v2/solution1/syn/vhdl/Loop_ROW_LOOP_proc25 
Execute       gen_rtl Loop_ROW_LOOP_proc25 -style xilinx -f -lang vlog -o /home/marco/Documents/tesis/project_again/IP_2018_v2/solution1/syn/verilog/Loop_ROW_LOOP_proc25 
Execute       gen_tb_info Loop_ROW_LOOP_proc25 -o /home/marco/Documents/tesis/project_again/IP_2018_v2/solution1/.autopilot/db/Loop_ROW_LOOP_proc25 -p /home/marco/Documents/tesis/project_again/IP_2018_v2/solution1/.autopilot/db 
Execute       report -model Loop_ROW_LOOP_proc25 -o /home/marco/Documents/tesis/project_again/IP_2018_v2/solution1/syn/report/Loop_ROW_LOOP_proc25_csynth.rpt -f 
Execute       report -model Loop_ROW_LOOP_proc25 -o /home/marco/Documents/tesis/project_again/IP_2018_v2/solution1/syn/report/Loop_ROW_LOOP_proc25_csynth.xml -f -x 
Execute       report -model Loop_ROW_LOOP_proc25 -o /home/marco/Documents/tesis/project_again/IP_2018_v2/solution1/.autopilot/db/Loop_ROW_LOOP_proc25.verbose.rpt -verbose -f 
Command       report done; 3.49 sec.
Execute       db_write -model Loop_ROW_LOOP_proc25 -o /home/marco/Documents/tesis/project_again/IP_2018_v2/solution1/.autopilot/db/Loop_ROW_LOOP_proc25.adb -f 
Command       db_write done; 0.42 sec.
INFO: [HLS 200-10] ----------------------------------------------------------------
INFO: [HLS 200-10] -- Generating RTL for module 'Simulate_HW' 
INFO: [HLS 200-10] ----------------------------------------------------------------
Execute       get_config_rtl -prefix 
Execute       get_config_rtl -auto_prefix 
Execute       create_rtl_model Simulate_HW -vendor xilinx -mg_file /home/marco/Documents/tesis/project_again/IP_2018_v2/solution1/.autopilot/db/Simulate_HW.compgen.tcl 
INFO: [RTGEN 206-500] Setting interface mode on port 'Simulate_HW/input_V_data' to 'axis' (register, both mode).
INFO: [RTGEN 206-500] Setting interface mode on port 'Simulate_HW/input_V_last_V' to 'axis' (register, both mode).
INFO: [RTGEN 206-500] Setting interface mode on port 'Simulate_HW/output_V_data' to 'axis' (register, both mode).
INFO: [RTGEN 206-500] Setting interface mode on port 'Simulate_HW/output_V_last_V' to 'axis' (register, both mode).
INFO: [RTGEN 206-500] Setting interface mode on port 'Simulate_HW/size' to 's_axilite & ap_none' (register).
INFO: [RTGEN 206-500] Setting interface mode on function 'Simulate_HW' to 's_axilite & ap_ctrl_hs'.
INFO: [RTGEN 206-100] Bundling port 'return' and 'size' to AXI-Lite port AXILiteS.
INFO: [RTGEN 206-100] Finished creating RTL model for 'Simulate_HW'.
INFO: [HLS 200-111]  Elapsed time: 4.41 seconds; current allocated memory: 157.891 MB.
Execute       source /home/marco/Documents/tesis/project_again/IP_2018_v2/solution1/.autopilot/db/Simulate_HW.rtl_wrap.cfg.tcl 
Execute       gen_rtl Simulate_HW -istop -style xilinx -tracefl mytrace -tracefmt vcd -traceopt all -f -lang sc -o /home/marco/Documents/tesis/project_again/IP_2018_v2/solution1/syn/systemc/Simulate_HW -synmodules Loop_ROW_LOOP_proc25 Simulate_HW 
Execute       gen_rtl Simulate_HW -istop -style xilinx -f -lang vhdl -o /home/marco/Documents/tesis/project_again/IP_2018_v2/solution1/syn/vhdl/Simulate_HW 
Execute       gen_rtl Simulate_HW -istop -style xilinx -f -lang vlog -o /home/marco/Documents/tesis/project_again/IP_2018_v2/solution1/syn/verilog/Simulate_HW 
Execute       export_constraint_db -o /home/marco/Documents/tesis/project_again/IP_2018_v2/solution1/.autopilot/db/Simulate_HW.constraint.tcl -f -tool general 
Execute       report -model Simulate_HW -o /home/marco/Documents/tesis/project_again/IP_2018_v2/solution1/.autopilot/db/Simulate_HW.design.xml -verbose -f -dv 
Command       report done; 0.17 sec.
Execute       report -model Simulate_HW -o /home/marco/Documents/tesis/project_again/IP_2018_v2/solution1/.autopilot/db/Simulate_HW.sdaccel.xml -verbose -f -sdaccel 
Execute       gen_tb_info Simulate_HW -o /home/marco/Documents/tesis/project_again/IP_2018_v2/solution1/.autopilot/db/Simulate_HW -p /home/marco/Documents/tesis/project_again/IP_2018_v2/solution1/.autopilot/db 
Execute       report -model Simulate_HW -o /home/marco/Documents/tesis/project_again/IP_2018_v2/solution1/syn/report/Simulate_HW_csynth.rpt -f 
Execute       report -model Simulate_HW -o /home/marco/Documents/tesis/project_again/IP_2018_v2/solution1/syn/report/Simulate_HW_csynth.xml -f -x 
Execute       report -model Simulate_HW -o /home/marco/Documents/tesis/project_again/IP_2018_v2/solution1/.autopilot/db/Simulate_HW.verbose.rpt -verbose -f 
Command       report done; 0.15 sec.
Execute       db_write -model Simulate_HW -o /home/marco/Documents/tesis/project_again/IP_2018_v2/solution1/.autopilot/db/Simulate_HW.adb -f 
Execute       sc_get_clocks Simulate_HW 
Execute       get_config_export -vivado_clock 
Execute       sc_get_portdomain Simulate_HW 
INFO-FLOW: Model list for RTL component generation: Loop_ROW_LOOP_proc25 Simulate_HW
INFO-FLOW: Handling components in module [Loop_ROW_LOOP_proc25] ... 
Execute       source /home/marco/Documents/tesis/project_again/IP_2018_v2/solution1/.autopilot/db/Loop_ROW_LOOP_proc25.compgen.tcl 
INFO-FLOW: Found component Simulate_HW_faddfsub_32ns_32ns_32_10_full_dsp_1.
INFO-FLOW: Append model Simulate_HW_faddfsub_32ns_32ns_32_10_full_dsp_1
INFO-FLOW: Found component Simulate_HW_fmul_32ns_32ns_32_7_max_dsp_1.
INFO-FLOW: Append model Simulate_HW_fmul_32ns_32ns_32_7_max_dsp_1
INFO-FLOW: Found component Simulate_HW_fptrunc_64ns_32_5_1.
INFO-FLOW: Append model Simulate_HW_fptrunc_64ns_32_5_1
INFO-FLOW: Found component Simulate_HW_fpext_32ns_64_3_1.
INFO-FLOW: Append model Simulate_HW_fpext_32ns_64_3_1
INFO-FLOW: Found component Simulate_HW_fexp_32ns_32ns_32_31_full_dsp_1.
INFO-FLOW: Append model Simulate_HW_fexp_32ns_32ns_32_31_full_dsp_1
INFO-FLOW: Found component Simulate_HW_dadd_64ns_64ns_64_16_full_dsp_1.
INFO-FLOW: Append model Simulate_HW_dadd_64ns_64ns_64_16_full_dsp_1
INFO-FLOW: Found component Simulate_HW_dmul_64ns_64ns_64_17_max_dsp_1.
INFO-FLOW: Append model Simulate_HW_dmul_64ns_64ns_64_17_max_dsp_1
INFO-FLOW: Found component Simulate_HW_mux_83_32_1_1.
INFO-FLOW: Append model Simulate_HW_mux_83_32_1_1
INFO-FLOW: Found component Loop_ROW_LOOP_proc25_nextSavedData.
INFO-FLOW: Append model Loop_ROW_LOOP_proc25_nextSavedData
INFO-FLOW: Found component Loop_ROW_LOOP_proc25_savedData.
INFO-FLOW: Append model Loop_ROW_LOOP_proc25_savedData
INFO-FLOW: Handling components in module [Simulate_HW] ... 
Execute       source /home/marco/Documents/tesis/project_again/IP_2018_v2/solution1/.autopilot/db/Simulate_HW.compgen.tcl 
INFO-FLOW: Found component Simulate_HW_AXILiteS_s_axi.
INFO-FLOW: Append model Simulate_HW_AXILiteS_s_axi
INFO-FLOW: Append model Loop_ROW_LOOP_proc25
INFO-FLOW: Append model Simulate_HW
INFO-FLOW: Generating RTL model list ...
INFO-FLOW: All models in this session: Simulate_HW_faddfsub_32ns_32ns_32_10_full_dsp_1 Simulate_HW_fmul_32ns_32ns_32_7_max_dsp_1 Simulate_HW_fptrunc_64ns_32_5_1 Simulate_HW_fpext_32ns_64_3_1 Simulate_HW_fexp_32ns_32ns_32_31_full_dsp_1 Simulate_HW_dadd_64ns_64ns_64_16_full_dsp_1 Simulate_HW_dmul_64ns_64ns_64_17_max_dsp_1 Simulate_HW_mux_83_32_1_1 Loop_ROW_LOOP_proc25_nextSavedData Loop_ROW_LOOP_proc25_savedData Simulate_HW_AXILiteS_s_axi Loop_ROW_LOOP_proc25 Simulate_HW
INFO-FLOW: To file: write model Simulate_HW_faddfsub_32ns_32ns_32_10_full_dsp_1
INFO-FLOW: To file: write model Simulate_HW_fmul_32ns_32ns_32_7_max_dsp_1
INFO-FLOW: To file: write model Simulate_HW_fptrunc_64ns_32_5_1
INFO-FLOW: To file: write model Simulate_HW_fpext_32ns_64_3_1
INFO-FLOW: To file: write model Simulate_HW_fexp_32ns_32ns_32_31_full_dsp_1
INFO-FLOW: To file: write model Simulate_HW_dadd_64ns_64ns_64_16_full_dsp_1
INFO-FLOW: To file: write model Simulate_HW_dmul_64ns_64ns_64_17_max_dsp_1
INFO-FLOW: To file: write model Simulate_HW_mux_83_32_1_1
INFO-FLOW: To file: write model Loop_ROW_LOOP_proc25_nextSavedData
INFO-FLOW: To file: write model Loop_ROW_LOOP_proc25_savedData
INFO-FLOW: To file: write model Simulate_HW_AXILiteS_s_axi
INFO-FLOW: To file: write model Loop_ROW_LOOP_proc25
INFO-FLOW: To file: write model Simulate_HW
INFO-FLOW: Finished generating RTL model list.


INFO-FLOW: RTL Generation done.
INFO-FLOW: CAS Generation done.
INFO-FLOW: CBC Generation done.
INFO-FLOW: DBG:CMD: auto_generate_csynth_design
INFO-FLOW: DBG:CMD:     auto_generate --sim-model -phase csynth_design -d /home/marco/Documents/tesis/project_again/IP_2018_v2/solution1
Execute       source /home/marco/Documents/tesis/project_again/IP_2018_v2/solution1/.autopilot/db/global.setting.tcl 
INFO-FLOW: DBG:CMD: read_platform_lib /home/marco/Documents/tesis/project_again/IP_2018_v2/solution1/.autopilot/db/global.setting.tcl
Execute       source /opt/vivado2018/Vivado/2018.3/common/technology/generic/autopilot/common.gen 
Execute         source /opt/vivado2018/Vivado/2018.3/common/technology/generic/autopilot/APCoreGen.gen 
Execute       source /opt/vivado2018/Vivado/2018.3/common/technology/generic/autopilot/op.gen 
Execute       source /opt/vivado2018/Vivado/2018.3/common/technology/generic/autopilot/op_simcore.gen 
Execute       source /opt/vivado2018/Vivado/2018.3/common/technology/generic/autopilot/interface.gen 
Execute       source /home/marco/Documents/tesis/project_again/IP_2018_v2/solution1/.autopilot/db/global.setting.tcl 
Execute       source /opt/vivado2018/Vivado/2018.3/common/technology/xilinx/zynq/zynq.gen 
Execute         source /opt/vivado2018/Vivado/2018.3/common/technology/xilinx/common/virtex.gen 
Execute           source /opt/vivado2018/Vivado/2018.3/common/technology/xilinx/common/xilinx.gen 
Execute             source /opt/vivado2018/Vivado/2018.3/common/technology/xilinx/interface/plb46.gen 
Execute             source /opt/vivado2018/Vivado/2018.3/common/technology/xilinx/interface/fsl.gen 
Execute             source /opt/vivado2018/Vivado/2018.3/common/technology/xilinx/interface/axi4.gen 
Execute             source /opt/vivado2018/Vivado/2018.3/common/technology/xilinx/interface/nativeAXI4.gen 
Execute               source /opt/vivado2018/Vivado/2018.3/common/technology/xilinx/interface/saxilite.gen 
Execute               source /opt/vivado2018/Vivado/2018.3/common/technology/xilinx/interface/maxi.gen 
Execute             source /opt/vivado2018/Vivado/2018.3/common/technology/xilinx/scripts/xilinxcoregen.gen 
Execute             source /opt/vivado2018/Vivado/2018.3/common/technology/xilinx/interface/XilEDKCoreGen.gen 
Execute             source /opt/vivado2018/Vivado/2018.3/common/technology/xilinx/ip/dds_compiler.gen 
Execute             source /opt/vivado2018/Vivado/2018.3/common/technology/xilinx/ip/util.gen 
Execute             source /opt/vivado2018/Vivado/2018.3/common/technology/xilinx/ip/xfft.gen 
Execute             source /opt/vivado2018/Vivado/2018.3/common/technology/xilinx/ip/xfir.gen 
Execute           source /opt/vivado2018/Vivado/2018.3/common/technology/xilinx/common/dsp48.gen 
Execute       source /opt/vivado2018/Vivado/2018.3/common/technology/xilinx/zynq/zynq_fpv6.gen 
Execute         source /opt/vivado2018/Vivado/2018.3/common/technology/xilinx/common/xilinx_fpv6.gen 
INFO-FLOW: DBG:CMD:   using AESL_AUTOCG::g_clock_period=10.000 (was NA)
INFO-FLOW: DBG:CMD:       generate_ip_cores sim=1 export=0 expOnly=0 dstVlogDir=syn/verilog
Execute       source /home/marco/Documents/tesis/project_again/IP_2018_v2/solution1/.autopilot/db/global.setting.tcl 
Execute       source /home/marco/Documents/tesis/project_again/IP_2018_v2/solution1/.autopilot/db/global.setting.tcl 
Execute       source /home/marco/Documents/tesis/project_again/IP_2018_v2/solution1/.autopilot/db/global.setting.tcl 
Execute       source /home/marco/Documents/tesis/project_again/IP_2018_v2/solution1/.autopilot/db/Loop_ROW_LOOP_proc25.compgen.tcl 
INFO: [RTMG 210-278] Implementing memory 'Loop_ROW_LOOP_proc25_nextSavedData_ram (RAM)' using distributed RAMs with power-on initialization.
INFO: [RTMG 210-278] Implementing memory 'Loop_ROW_LOOP_proc25_savedData_ram (RAM)' using block RAMs with power-on initialization.
Command       ap_source done; 0.18 sec.
Execute       source /home/marco/Documents/tesis/project_again/IP_2018_v2/solution1/.autopilot/db/Simulate_HW.compgen.tcl 
Execute         source ./AXILiteS.slave.tcl 
Execute         is_m_axi_addr64 
INFO-FLOW: DBG:CMD:     auto_generate -export -impltomg_flag -rtl both -tool Vivado -pcore_version 1.00.a -phase csynth_design -d /home/marco/Documents/tesis/project_again/IP_2018_v2/solution1
Execute       source /home/marco/Documents/tesis/project_again/IP_2018_v2/solution1/.autopilot/db/global.setting.tcl 
INFO-FLOW: DBG:CMD: read_platform_lib /home/marco/Documents/tesis/project_again/IP_2018_v2/solution1/.autopilot/db/global.setting.tcl
Execute       source /opt/vivado2018/Vivado/2018.3/common/technology/generic/autopilot/common.gen 
Execute         source /opt/vivado2018/Vivado/2018.3/common/technology/generic/autopilot/APCoreGen.gen 
Execute       source /opt/vivado2018/Vivado/2018.3/common/technology/generic/autopilot/op.gen 
Execute       source /opt/vivado2018/Vivado/2018.3/common/technology/generic/autopilot/op_simcore.gen 
Execute       source /opt/vivado2018/Vivado/2018.3/common/technology/generic/autopilot/interface.gen 
Execute       source /home/marco/Documents/tesis/project_again/IP_2018_v2/solution1/.autopilot/db/global.setting.tcl 
Execute       source /opt/vivado2018/Vivado/2018.3/common/technology/xilinx/zynq/zynq.gen 
Execute         source /opt/vivado2018/Vivado/2018.3/common/technology/xilinx/common/virtex.gen 
Execute           source /opt/vivado2018/Vivado/2018.3/common/technology/xilinx/common/xilinx.gen 
Execute             source /opt/vivado2018/Vivado/2018.3/common/technology/xilinx/interface/plb46.gen 
Execute             source /opt/vivado2018/Vivado/2018.3/common/technology/xilinx/interface/fsl.gen 
Execute             source /opt/vivado2018/Vivado/2018.3/common/technology/xilinx/interface/axi4.gen 
Execute             source /opt/vivado2018/Vivado/2018.3/common/technology/xilinx/interface/nativeAXI4.gen 
Execute               source /opt/vivado2018/Vivado/2018.3/common/technology/xilinx/interface/saxilite.gen 
Execute               source /opt/vivado2018/Vivado/2018.3/common/technology/xilinx/interface/maxi.gen 
Execute             source /opt/vivado2018/Vivado/2018.3/common/technology/xilinx/scripts/xilinxcoregen.gen 
Execute             source /opt/vivado2018/Vivado/2018.3/common/technology/xilinx/interface/XilEDKCoreGen.gen 
Execute             source /opt/vivado2018/Vivado/2018.3/common/technology/xilinx/ip/dds_compiler.gen 
Execute             source /opt/vivado2018/Vivado/2018.3/common/technology/xilinx/ip/util.gen 
Execute             source /opt/vivado2018/Vivado/2018.3/common/technology/xilinx/ip/xfft.gen 
Execute             source /opt/vivado2018/Vivado/2018.3/common/technology/xilinx/ip/xfir.gen 
Command           ap_source done; 0.12 sec.
Execute           source /opt/vivado2018/Vivado/2018.3/common/technology/xilinx/common/dsp48.gen 
Command         ap_source done; 0.12 sec.
Command       ap_source done; 0.12 sec.
Execute       source /opt/vivado2018/Vivado/2018.3/common/technology/xilinx/zynq/zynq_fpv6.gen 
Execute         source /opt/vivado2018/Vivado/2018.3/common/technology/xilinx/common/xilinx_fpv6.gen 
INFO-FLOW: DBG:CMD:       initCTypeInfo top_module=Simulate_HW xml_exists=0
Execute       source /home/marco/Documents/tesis/project_again/IP_2018_v2/solution1/.autopilot/db/Simulate_HW.rtl_wrap.cfg.tcl 
Execute       source /home/marco/Documents/tesis/project_again/IP_2018_v2/solution1/.autopilot/db/Simulate_HW.rtl_wrap.cfg.tcl 
Execute       source /home/marco/Documents/tesis/project_again/IP_2018_v2/solution1/.autopilot/db/Simulate_HW.rtl_wrap.cfg.tcl 
Execute       source /home/marco/Documents/tesis/project_again/IP_2018_v2/solution1/.autopilot/db/Simulate_HW.tbgen.tcl 
Execute       source /home/marco/Documents/tesis/project_again/IP_2018_v2/solution1/.autopilot/db/Simulate_HW.tbgen.tcl 
INFO-FLOW: DBG:CMD:         dump_ctype_info_xml failed
INFO-FLOW: DBG:CMD:       export_impl_rtl
INFO-FLOW: DBG:CMD:       generate_ip_cores sim=0 export=0 expOnly=0 dstVlogDir=impl/.verilog
Execute       source /home/marco/Documents/tesis/project_again/IP_2018_v2/solution1/.autopilot/db/global.setting.tcl 
Execute       source /home/marco/Documents/tesis/project_again/IP_2018_v2/solution1/.autopilot/db/Loop_ROW_LOOP_proc25.compgen.tcl 
Command       ap_source done; 0.11 sec.
Execute       source /home/marco/Documents/tesis/project_again/IP_2018_v2/solution1/.autopilot/db/Simulate_HW.compgen.tcl 
INFO-FLOW: DBG:CMD:       generate_ip_cores sim=0 export=1 expOnly=1 dstVlogDir=impl/.pcores/verilog
Execute       source /home/marco/Documents/tesis/project_again/IP_2018_v2/solution1/.autopilot/db/global.setting.tcl 
Execute       source /home/marco/Documents/tesis/project_again/IP_2018_v2/solution1/.autopilot/db/Loop_ROW_LOOP_proc25.compgen.tcl 
Execute       source /home/marco/Documents/tesis/project_again/IP_2018_v2/solution1/.autopilot/db/Simulate_HW.compgen.tcl 
INFO-FLOW: DBG:CMD:       initCTypeInfo top_module=Simulate_HW xml_exists=0
Execute         source /home/marco/Documents/tesis/project_again/IP_2018_v2/solution1/.autopilot/db/Simulate_HW.rtl_wrap.cfg.tcl 
Execute         source /home/marco/Documents/tesis/project_again/IP_2018_v2/solution1/.autopilot/db/Simulate_HW.rtl_wrap.cfg.tcl 
Execute         source /home/marco/Documents/tesis/project_again/IP_2018_v2/solution1/.autopilot/db/Simulate_HW.rtl_wrap.cfg.tcl 
Execute         source /home/marco/Documents/tesis/project_again/IP_2018_v2/solution1/.autopilot/db/Simulate_HW.tbgen.tcl 
Execute         source /home/marco/Documents/tesis/project_again/IP_2018_v2/solution1/.autopilot/db/Simulate_HW.tbgen.tcl 
INFO-FLOW: DBG:CMD:         dump_ctype_info_xml failed
INFO-FLOW: DBG:CMD:       initCTypeInfo top_module=Simulate_HW xml_exists=0
Execute         source /home/marco/Documents/tesis/project_again/IP_2018_v2/solution1/.autopilot/db/Simulate_HW.rtl_wrap.cfg.tcl 
Execute         source /home/marco/Documents/tesis/project_again/IP_2018_v2/solution1/.autopilot/db/Simulate_HW.rtl_wrap.cfg.tcl 
Execute         source /home/marco/Documents/tesis/project_again/IP_2018_v2/solution1/.autopilot/db/Simulate_HW.rtl_wrap.cfg.tcl 
Execute         source /home/marco/Documents/tesis/project_again/IP_2018_v2/solution1/.autopilot/db/Simulate_HW.tbgen.tcl 
Execute         source /home/marco/Documents/tesis/project_again/IP_2018_v2/solution1/.autopilot/db/Simulate_HW.tbgen.tcl 
INFO-FLOW: DBG:CMD:         dump_ctype_info_xml failed
INFO-FLOW: DBG:CMD:       generate_ip_cores sim=0 export=0 expOnly=0 dstVlogDir=impl/.pcores/verilog_sim
Execute       source /home/marco/Documents/tesis/project_again/IP_2018_v2/solution1/.autopilot/db/global.setting.tcl 
Execute       source /home/marco/Documents/tesis/project_again/IP_2018_v2/solution1/.autopilot/db/Loop_ROW_LOOP_proc25.compgen.tcl 
Execute       source /home/marco/Documents/tesis/project_again/IP_2018_v2/solution1/.autopilot/db/Simulate_HW.compgen.tcl 
Execute       source /home/marco/Documents/tesis/project_again/IP_2018_v2/solution1/.autopilot/db/global.setting.tcl 
Execute       source /home/marco/Documents/tesis/project_again/IP_2018_v2/solution1/.autopilot/db/Simulate_HW.constraint.tcl 
Execute       source /home/marco/Documents/tesis/project_again/IP_2018_v2/solution1/.autopilot/db/Simulate_HW.tbgen.tcl 
INFO-FLOW: DBG:CMD:       hasPcoreIpAdapter=false #gSsdmPorts=8
INFO-FLOW: DBG:CMD: Skipping loadAnalyze_DB, #g_database=3
INFO-FLOW: DBG:CMD:       generate_json is_phase_csynth=1 g_has_adaptors=false generate_bd_files=1 #modelList=13 #gSsdmPorts=8
Execute       source /home/marco/Documents/tesis/project_again/IP_2018_v2/solution1/.autopilot/db/global.setting.tcl 
Execute       source /home/marco/Documents/tesis/project_again/IP_2018_v2/solution1/.autopilot/db/global.setting.tcl 
INFO-FLOW: DBG:CMD:       initCTypeInfo top_module=Simulate_HW xml_exists=0
Execute       source /home/marco/Documents/tesis/project_again/IP_2018_v2/solution1/.autopilot/db/Simulate_HW.rtl_wrap.cfg.tcl 
Execute       source /home/marco/Documents/tesis/project_again/IP_2018_v2/solution1/.autopilot/db/Simulate_HW.rtl_wrap.cfg.tcl 
Execute       source /home/marco/Documents/tesis/project_again/IP_2018_v2/solution1/.autopilot/db/Simulate_HW.rtl_wrap.cfg.tcl 
Execute       source /home/marco/Documents/tesis/project_again/IP_2018_v2/solution1/.autopilot/db/Simulate_HW.tbgen.tcl 
Execute       source /home/marco/Documents/tesis/project_again/IP_2018_v2/solution1/.autopilot/db/Simulate_HW.tbgen.tcl 
INFO-FLOW: DBG:CMD:         dump_ctype_info_xml failed
INFO-FLOW: DBG:CMD:       initCTypeInfo top_module=Simulate_HW xml_exists=0
Execute       source /home/marco/Documents/tesis/project_again/IP_2018_v2/solution1/.autopilot/db/Simulate_HW.rtl_wrap.cfg.tcl 
Execute       source /home/marco/Documents/tesis/project_again/IP_2018_v2/solution1/.autopilot/db/Simulate_HW.rtl_wrap.cfg.tcl 
Execute       source /home/marco/Documents/tesis/project_again/IP_2018_v2/solution1/.autopilot/db/Simulate_HW.rtl_wrap.cfg.tcl 
Execute       source /home/marco/Documents/tesis/project_again/IP_2018_v2/solution1/.autopilot/db/Simulate_HW.tbgen.tcl 
Execute       source /home/marco/Documents/tesis/project_again/IP_2018_v2/solution1/.autopilot/db/Simulate_HW.tbgen.tcl 
INFO-FLOW: DBG:CMD:         dump_ctype_info_xml failed
INFO-FLOW: DBG:CMD:       initCTypeInfo top_module=Simulate_HW xml_exists=0
Execute       source /home/marco/Documents/tesis/project_again/IP_2018_v2/solution1/.autopilot/db/Simulate_HW.rtl_wrap.cfg.tcl 
Execute       source /home/marco/Documents/tesis/project_again/IP_2018_v2/solution1/.autopilot/db/Simulate_HW.rtl_wrap.cfg.tcl 
Execute       source /home/marco/Documents/tesis/project_again/IP_2018_v2/solution1/.autopilot/db/Simulate_HW.rtl_wrap.cfg.tcl 
Execute       source /home/marco/Documents/tesis/project_again/IP_2018_v2/solution1/.autopilot/db/Simulate_HW.tbgen.tcl 
Execute       source /home/marco/Documents/tesis/project_again/IP_2018_v2/solution1/.autopilot/db/Simulate_HW.tbgen.tcl 
INFO-FLOW: DBG:CMD:         dump_ctype_info_xml failed
INFO-FLOW: DBG:CMD:       initCTypeInfo top_module=Simulate_HW xml_exists=0
Execute       source /home/marco/Documents/tesis/project_again/IP_2018_v2/solution1/.autopilot/db/Simulate_HW.rtl_wrap.cfg.tcl 
Execute       source /home/marco/Documents/tesis/project_again/IP_2018_v2/solution1/.autopilot/db/Simulate_HW.rtl_wrap.cfg.tcl 
Execute       source /home/marco/Documents/tesis/project_again/IP_2018_v2/solution1/.autopilot/db/Simulate_HW.rtl_wrap.cfg.tcl 
Execute       source /home/marco/Documents/tesis/project_again/IP_2018_v2/solution1/.autopilot/db/Simulate_HW.tbgen.tcl 
Execute       source /home/marco/Documents/tesis/project_again/IP_2018_v2/solution1/.autopilot/db/Simulate_HW.tbgen.tcl 
INFO-FLOW: DBG:CMD:         dump_ctype_info_xml failed
INFO-FLOW: DBG:CMD:       initCTypeInfo top_module=Simulate_HW xml_exists=0
Execute       source /home/marco/Documents/tesis/project_again/IP_2018_v2/solution1/.autopilot/db/Simulate_HW.rtl_wrap.cfg.tcl 
Execute       source /home/marco/Documents/tesis/project_again/IP_2018_v2/solution1/.autopilot/db/Simulate_HW.rtl_wrap.cfg.tcl 
Execute       source /home/marco/Documents/tesis/project_again/IP_2018_v2/solution1/.autopilot/db/Simulate_HW.rtl_wrap.cfg.tcl 
Execute       source /home/marco/Documents/tesis/project_again/IP_2018_v2/solution1/.autopilot/db/Simulate_HW.tbgen.tcl 
Execute       source /home/marco/Documents/tesis/project_again/IP_2018_v2/solution1/.autopilot/db/Simulate_HW.tbgen.tcl 
INFO-FLOW: DBG:CMD:         dump_ctype_info_xml failed
INFO-FLOW: DBG:CMD:       initCTypeInfo top_module=Simulate_HW xml_exists=0
Execute       source /home/marco/Documents/tesis/project_again/IP_2018_v2/solution1/.autopilot/db/Simulate_HW.rtl_wrap.cfg.tcl 
Execute       source /home/marco/Documents/tesis/project_again/IP_2018_v2/solution1/.autopilot/db/Simulate_HW.rtl_wrap.cfg.tcl 
Execute       source /home/marco/Documents/tesis/project_again/IP_2018_v2/solution1/.autopilot/db/Simulate_HW.rtl_wrap.cfg.tcl 
Execute       source /home/marco/Documents/tesis/project_again/IP_2018_v2/solution1/.autopilot/db/Simulate_HW.tbgen.tcl 
Execute       source /home/marco/Documents/tesis/project_again/IP_2018_v2/solution1/.autopilot/db/Simulate_HW.tbgen.tcl 
INFO-FLOW: DBG:CMD:         dump_ctype_info_xml failed
Execute       source /home/marco/Documents/tesis/project_again/IP_2018_v2/solution1/.autopilot/db/Simulate_HW.tbgen.tcl 
Execute       source /home/marco/Documents/tesis/project_again/IP_2018_v2/solution1/.autopilot/db/Simulate_HW.tbgen.tcl 
Execute       source /home/marco/Documents/tesis/project_again/IP_2018_v2/solution1/.autopilot/db/global.setting.tcl 
Execute       get_config_sdx -target 
Execute       get_config_export -xo 
Execute       source /home/marco/Documents/tesis/project_again/IP_2018_v2/solution1/.autopilot/db/global.setting.tcl 
Execute       source /home/marco/Documents/tesis/project_again/IP_2018_v2/solution1/.autopilot/db/Simulate_HW.constraint.tcl 
Execute       sc_get_clocks Simulate_HW 
Execute       source /home/marco/Documents/tesis/project_again/IP_2018_v2/solution1/.autopilot/db/global.setting.tcl 
Execute       source /home/marco/Documents/tesis/project_again/IP_2018_v2/solution1/impl/misc/Simulate_HW_ap_dadd_14_full_dsp_64_ip.tcl 
Execute       source /home/marco/Documents/tesis/project_again/IP_2018_v2/solution1/impl/misc/Simulate_HW_ap_dmul_15_max_dsp_64_ip.tcl 
Execute       source /home/marco/Documents/tesis/project_again/IP_2018_v2/solution1/impl/misc/Simulate_HW_ap_faddfsub_8_full_dsp_32_ip.tcl 
Execute       source /home/marco/Documents/tesis/project_again/IP_2018_v2/solution1/impl/misc/Simulate_HW_ap_fexp_29_full_dsp_32_ip.tcl 
Execute       source /home/marco/Documents/tesis/project_again/IP_2018_v2/solution1/impl/misc/Simulate_HW_ap_fmul_5_max_dsp_32_ip.tcl 
Execute       source /home/marco/Documents/tesis/project_again/IP_2018_v2/solution1/impl/misc/Simulate_HW_ap_fpext_1_no_dsp_32_ip.tcl 
Execute       source /home/marco/Documents/tesis/project_again/IP_2018_v2/solution1/impl/misc/Simulate_HW_ap_fptrunc_3_no_dsp_64_ip.tcl 
Execute       get_config_sdx -target 
Execute       get_config_sdx -profile 
Execute       ::config_rtl 
INFO-FLOW: DBG:CMD: add_json_sdx_info kernel file does not exist: /home/marco/Documents/tesis/project_again/IP_2018_v2/solution1/.autopilot/db/kernel.internal.xml
INFO-FLOW: DBG:CMD:       delete-temp-dirs (skipped for debug)
INFO: [HLS 200-111] Finished generating all RTL models Time (s): cpu = 00:00:34 ; elapsed = 00:00:37 . Memory (MB): peak = 641.008 ; gain = 199.141 ; free physical = 3135 ; free virtual = 10861
INFO: [SYSC 207-301] Generating SystemC RTL for Simulate_HW.
INFO: [VHDL 208-304] Generating VHDL RTL for Simulate_HW.
INFO: [VLOG 209-307] Generating Verilog RTL for Simulate_HW.
Command     autosyn done; 17.62 sec.
Execute     get_part 
Execute     get_config_export -sdx_tcl 
Command   csynth_design done; 36.59 sec.
Command ap_source done; 36.79 sec.
Execute cleanup_all 
