11:41:49 **** Build of configuration Debug for project remoteproc2019 ****
make all 
make --no-print-directory pre-build
a9-linaro-pre-build-step
 
make --no-print-directory main-build
Building file: ../src/helper.c
Invoking: ARM v7 gcc compiler
arm-none-eabi-gcc -Wall -O0 -g3 -c -fmessage-length=0 -MT"src/helper.o" -mcpu=cortex-a9 -mfpu=vfpv3 -mfloat-abi=hard -I/home/marco/Documents/2020/remoteproc2019/SDK_project/zed/export/zed/sw/zed/freertos10_xilinx_domain/bspinclude/include -MMD -MP -MF"src/helper.d" -MT"src/helper.o" -o "src/helper.o" "../src/helper.c"
Finished building: ../src/helper.c
 
Building file: ../src/platform_info.c
Invoking: ARM v7 gcc compiler
arm-none-eabi-gcc -Wall -O0 -g3 -c -fmessage-length=0 -MT"src/platform_info.o" -mcpu=cortex-a9 -mfpu=vfpv3 -mfloat-abi=hard -I/home/marco/Documents/2020/remoteproc2019/SDK_project/zed/export/zed/sw/zed/freertos10_xilinx_domain/bspinclude/include -MMD -MP -MF"src/platform_info.d" -MT"src/platform_info.o" -o "src/platform_info.o" "../src/platform_info.c"
Finished building: ../src/platform_info.c
 
Building file: ../src/rpmsg-echo.c
Invoking: ARM v7 gcc compiler
arm-none-eabi-gcc -Wall -O0 -g3 -c -fmessage-length=0 -MT"src/rpmsg-echo.o" -mcpu=cortex-a9 -mfpu=vfpv3 -mfloat-abi=hard -I/home/marco/Documents/2020/remoteproc2019/SDK_project/zed/export/zed/sw/zed/freertos10_xilinx_domain/bspinclude/include -MMD -MP -MF"src/rpmsg-echo.d" -MT"src/rpmsg-echo.o" -o "src/rpmsg-echo.o" "../src/rpmsg-echo.c"
../src/rpmsg-echo.c: In function 'processing':
../src/rpmsg-echo.c:100:20: warning: passing argument 1 of 'platform_init' makes integer from pointer without a cast [-Wint-conversion]
  if (platform_init(NULL, NULL, &platform)) {
                    ^~~~
In file included from ../src/rpmsg-echo.c:9:
../src/platform_info.h:57:23: note: expected 'int' but argument is of type 'void *'
 int platform_init(int argc, char *argv[], void **platform);
                   ~~~~^~~~
Finished building: ../src/rpmsg-echo.c
 
Building file: ../src/rsc_table.c
Invoking: ARM v7 gcc compiler
arm-none-eabi-gcc -Wall -O0 -g3 -c -fmessage-length=0 -MT"src/rsc_table.o" -mcpu=cortex-a9 -mfpu=vfpv3 -mfloat-abi=hard -I/home/marco/Documents/2020/remoteproc2019/SDK_project/zed/export/zed/sw/zed/freertos10_xilinx_domain/bspinclude/include -MMD -MP -MF"src/rsc_table.d" -MT"src/rsc_table.o" -o "src/rsc_table.o" "../src/rsc_table.c"
Finished building: ../src/rsc_table.c
 
Building file: ../src/zynq_a9_rproc.c
Invoking: ARM v7 gcc compiler
arm-none-eabi-gcc -Wall -O0 -g3 -c -fmessage-length=0 -MT"src/zynq_a9_rproc.o" -mcpu=cortex-a9 -mfpu=vfpv3 -mfloat-abi=hard -I/home/marco/Documents/2020/remoteproc2019/SDK_project/zed/export/zed/sw/zed/freertos10_xilinx_domain/bspinclude/include -MMD -MP -MF"src/zynq_a9_rproc.d" -MT"src/zynq_a9_rproc.o" -o "src/zynq_a9_rproc.o" "../src/zynq_a9_rproc.c"
Finished building: ../src/zynq_a9_rproc.c
 
Building target: remoteproc2019.elf
Invoking: ARM v7 gcc linker
arm-none-eabi-gcc -mcpu=cortex-a9 -mfpu=vfpv3 -mfloat-abi=hard -Wl,-build-id=none -specs=Xilinx.spec -Wl,-T -Wl,../src/lscript.ld -L/home/marco/Documents/2020/remoteproc2019/SDK_project/zed/export/zed/sw/zed/freertos10_xilinx_domain/bsplib/lib -o "remoteproc2019.elf"  ./src/helper.o ./src/platform_info.o ./src/rpmsg-echo.o ./src/rsc_table.o ./src/zynq_a9_rproc.o   -Wl,--start-group,-lxil,-lfreertos,-lgcc,-lc,--end-group -Wl,--start-group,-lxil,-lmetal,-lopen_amp,-lgcc,-lc,--end-group -Wl,--start-group,-lxil,-lmetal,-lgcc,-lc,--end-group
Finished building target: remoteproc2019.elf
 
Invoking: ARM v7 Print Size
arm-none-eabi-size remoteproc2019.elf  |tee "remoteproc2019.elf.size"
   text	   data	    bss	    dec	    hex	filename
 124168	1052220	  89312	1265700	 135024	remoteproc2019.elf
Finished building: remoteproc2019.elf.size
 

11:41:51 Build Finished (took 1s.930ms)

