22:29:53 **** Incremental Build of configuration Debug for project remoteproc2017 ****
make pre-build main-build 
a9-linaro-pre-build-step
 
make: Nothing to be done for 'main-build'.
22:30:06 **** Auto Build of configuration Debug for project remoteproc2017 ****
make pre-build main-build 
a9-linaro-pre-build-step
 
Building file: ../src/echo_test.c
Invoking: ARM v7 gcc compiler
arm-none-eabi-gcc -Wall -O0 -g3 -c -fmessage-length=0 -MT"src/echo_test.o" -mcpu=cortex-a9 -mfpu=vfpv3 -mfloat-abi=hard -I../../remoteproc2017_bsp/ps7_cortexa9_1/include -MMD -MP -MF"src/echo_test.d" -MT"src/echo_test.o" -o "src/echo_test.o" "../src/echo_test.c"
../src/echo_test.c:138:1: error: expected '=', ',', ';', 'asm' or '__attribute__' before 'static'
 static void rpmsg_channel_deleted(struct rpmsg_channel *rp_chnl)
 ^~~~~~
../src/echo_test.c: In function 'app':
../src/echo_test.c:158:10: error: 'rpmsg_channel_deleted' undeclared (first use in this function)
          rpmsg_channel_deleted, rpmsg_read_cb,
          ^~~~~~~~~~~~~~~~~~~~~
../src/echo_test.c:158:10: note: each undeclared identifier is reported only once for each function it appears in
src/subdir.mk:30: recipe for target 'src/echo_test.o' failed
make: *** [src/echo_test.o] Error 1
22:30:10 **** Auto Build of configuration Debug for project remoteproc2017 ****
make pre-build main-build 
a9-linaro-pre-build-step
 
Building file: ../src/echo_test.c
Invoking: ARM v7 gcc compiler
arm-none-eabi-gcc -Wall -O0 -g3 -c -fmessage-length=0 -MT"src/echo_test.o" -mcpu=cortex-a9 -mfpu=vfpv3 -mfloat-abi=hard -I../../remoteproc2017_bsp/ps7_cortexa9_1/include -MMD -MP -MF"src/echo_test.d" -MT"src/echo_test.o" -o "src/echo_test.o" "../src/echo_test.c"
Finished building: ../src/echo_test.c
 
Building target: remoteproc2017.elf
Invoking: ARM v7 gcc linker
arm-none-eabi-gcc -mcpu=cortex-a9 -mfpu=vfpv3 -mfloat-abi=hard -Wl,-build-id=none -specs=Xilinx.spec -Wl,-T -Wl,../src/lscript.ld -L../../remoteproc2017_bsp/ps7_cortexa9_1/lib -o "remoteproc2017.elf"  ./src/echo_test.o ./src/helper.o ./src/platform_info.o ./src/rsc_table.o   -Wl,--start-group,-lxil,-lgcc,-lc,--end-group -Wl,--start-group,-lxil,-lmetal,-lopen_amp,-lgcc,-lc,--end-group -Wl,--start-group,-lxil,-lmetal,-lgcc,-lc,--end-group
Finished building target: remoteproc2017.elf
 
Invoking: ARM v7 Print Size
arm-none-eabi-size remoteproc2017.elf  |tee "remoteproc2017.elf.size"
   text	   data	    bss	    dec	    hex	filename
 101380	   4560	  50288	 156228	  26244	remoteproc2017.elf
Finished building: remoteproc2017.elf.size
 
22:56:06 **** Build of project remoteproc2017_bsp ****
make -k all 
Running Make include in ps7_cortexa9_1/libsrc/qspips_v3_3/src
make -C ps7_cortexa9_1/libsrc/qspips_v3_3/src -s include  "SHELL=/bin/sh" "COMPILER=arm-none-eabi-gcc" "ARCHIVER=arm-none-eabi-ar" "COMPILER_FLAGS=  -O2 -c" "EXTRA_COMPILER_FLAGS=-DUSE_AMP=1 -mcpu=cortex-a9 -mfpu=vfpv3 -mfloat-abi=hard -nostartfiles -Wall -Wextra -DUNDEFINE_FILE_OPS"
Running Make include in ps7_cortexa9_1/libsrc/dmaps_v2_3/src
make -C ps7_cortexa9_1/libsrc/dmaps_v2_3/src -s include  "SHELL=/bin/sh" "COMPILER=arm-none-eabi-gcc" "ARCHIVER=arm-none-eabi-ar" "COMPILER_FLAGS=  -O2 -c" "EXTRA_COMPILER_FLAGS=-DUSE_AMP=1 -mcpu=cortex-a9 -mfpu=vfpv3 -mfloat-abi=hard -nostartfiles -Wall -Wextra -DUNDEFINE_FILE_OPS"
Running Make include in ps7_cortexa9_1/libsrc/ddrps_v1_0/src
make -C ps7_cortexa9_1/libsrc/ddrps_v1_0/src -s include  "SHELL=/bin/sh" "COMPILER=arm-none-eabi-gcc" "ARCHIVER=arm-none-eabi-ar" "COMPILER_FLAGS=  -O2 -c" "EXTRA_COMPILER_FLAGS=-DUSE_AMP=1 -mcpu=cortex-a9 -mfpu=vfpv3 -mfloat-abi=hard -nostartfiles -Wall -Wextra -DUNDEFINE_FILE_OPS"
Running Make include in ps7_cortexa9_1/libsrc/gpiops_v3_3/src
make -C ps7_cortexa9_1/libsrc/gpiops_v3_3/src -s include  "SHELL=/bin/sh" "COMPILER=arm-none-eabi-gcc" "ARCHIVER=arm-none-eabi-ar" "COMPILER_FLAGS=  -O2 -c" "EXTRA_COMPILER_FLAGS=-DUSE_AMP=1 -mcpu=cortex-a9 -mfpu=vfpv3 -mfloat-abi=hard -nostartfiles -Wall -Wextra -DUNDEFINE_FILE_OPS"
Running Make include in ps7_cortexa9_1/libsrc/standalone_v6_3/src
make -C ps7_cortexa9_1/libsrc/standalone_v6_3/src -s include  "SHELL=/bin/sh" "COMPILER=arm-none-eabi-gcc" "ARCHIVER=arm-none-eabi-ar" "COMPILER_FLAGS=  -O2 -c" "EXTRA_COMPILER_FLAGS=-DUSE_AMP=1 -mcpu=cortex-a9 -mfpu=vfpv3 -mfloat-abi=hard -nostartfiles -Wall -Wextra -DUNDEFINE_FILE_OPS"
Running Make include in ps7_cortexa9_1/libsrc/scugic_v3_7/src
make -C ps7_cortexa9_1/libsrc/scugic_v3_7/src -s include  "SHELL=/bin/sh" "COMPILER=arm-none-eabi-gcc" "ARCHIVER=arm-none-eabi-ar" "COMPILER_FLAGS=  -O2 -c" "EXTRA_COMPILER_FLAGS=-DUSE_AMP=1 -mcpu=cortex-a9 -mfpu=vfpv3 -mfloat-abi=hard -nostartfiles -Wall -Wextra -DUNDEFINE_FILE_OPS"
Running Make include in ps7_cortexa9_1/libsrc/cpu_cortexa9_v2_4/src
make -C ps7_cortexa9_1/libsrc/cpu_cortexa9_v2_4/src -s include  "SHELL=/bin/sh" "COMPILER=arm-none-eabi-gcc" "ARCHIVER=arm-none-eabi-ar" "COMPILER_FLAGS=  -O2 -c" "EXTRA_COMPILER_FLAGS=-DUSE_AMP=1 -mcpu=cortex-a9 -mfpu=vfpv3 -mfloat-abi=hard -nostartfiles -Wall -Wextra -DUNDEFINE_FILE_OPS"
Running Make include in ps7_cortexa9_1/libsrc/ttcps_v3_3/src
make -C ps7_cortexa9_1/libsrc/ttcps_v3_3/src -s include  "SHELL=/bin/sh" "COMPILER=arm-none-eabi-gcc" "ARCHIVER=arm-none-eabi-ar" "COMPILER_FLAGS=  -O2 -c" "EXTRA_COMPILER_FLAGS=-DUSE_AMP=1 -mcpu=cortex-a9 -mfpu=vfpv3 -mfloat-abi=hard -nostartfiles -Wall -Wextra -DUNDEFINE_FILE_OPS"
Running Make include in ps7_cortexa9_1/libsrc/emacps_v3_4/src
make -C ps7_cortexa9_1/libsrc/emacps_v3_4/src -s include  "SHELL=/bin/sh" "COMPILER=arm-none-eabi-gcc" "ARCHIVER=arm-none-eabi-ar" "COMPILER_FLAGS=  -O2 -c" "EXTRA_COMPILER_FLAGS=-DUSE_AMP=1 -mcpu=cortex-a9 -mfpu=vfpv3 -mfloat-abi=hard -nostartfiles -Wall -Wextra -DUNDEFINE_FILE_OPS"
Running Make include in ps7_cortexa9_1/libsrc/libmetal_v1_2/src
make -C ps7_cortexa9_1/libsrc/libmetal_v1_2/src -s include  "SHELL=/bin/sh" "COMPILER=arm-none-eabi-gcc" "ARCHIVER=arm-none-eabi-ar" "COMPILER_FLAGS=  -O2 -c" "EXTRA_COMPILER_FLAGS=-DUSE_AMP=1 -mcpu=cortex-a9 -mfpu=vfpv3 -mfloat-abi=hard -nostartfiles -Wall -Wextra -DUNDEFINE_FILE_OPS"
Running Make include in ps7_cortexa9_1/libsrc/xadcps_v2_2/src
make -C ps7_cortexa9_1/libsrc/xadcps_v2_2/src -s include  "SHELL=/bin/sh" "COMPILER=arm-none-eabi-gcc" "ARCHIVER=arm-none-eabi-ar" "COMPILER_FLAGS=  -O2 -c" "EXTRA_COMPILER_FLAGS=-DUSE_AMP=1 -mcpu=cortex-a9 -mfpu=vfpv3 -mfloat-abi=hard -nostartfiles -Wall -Wextra -DUNDEFINE_FILE_OPS"
Running Make include in ps7_cortexa9_1/libsrc/devcfg_v3_4/src
make -C ps7_cortexa9_1/libsrc/devcfg_v3_4/src -s include  "SHELL=/bin/sh" "COMPILER=arm-none-eabi-gcc" "ARCHIVER=arm-none-eabi-ar" "COMPILER_FLAGS=  -O2 -c" "EXTRA_COMPILER_FLAGS=-DUSE_AMP=1 -mcpu=cortex-a9 -mfpu=vfpv3 -mfloat-abi=hard -nostartfiles -Wall -Wextra -DUNDEFINE_FILE_OPS"
Running Make include in ps7_cortexa9_1/libsrc/sdps_v3_2/src
make -C ps7_cortexa9_1/libsrc/sdps_v3_2/src -s include  "SHELL=/bin/sh" "COMPILER=arm-none-eabi-gcc" "ARCHIVER=arm-none-eabi-ar" "COMPILER_FLAGS=  -O2 -c" "EXTRA_COMPILER_FLAGS=-DUSE_AMP=1 -mcpu=cortex-a9 -mfpu=vfpv3 -mfloat-abi=hard -nostartfiles -Wall -Wextra -DUNDEFINE_FILE_OPS"
Running Make include in ps7_cortexa9_1/libsrc/scuwdt_v2_1/src
make -C ps7_cortexa9_1/libsrc/scuwdt_v2_1/src -s include  "SHELL=/bin/sh" "COMPILER=arm-none-eabi-gcc" "ARCHIVER=arm-none-eabi-ar" "COMPILER_FLAGS=  -O2 -c" "EXTRA_COMPILER_FLAGS=-DUSE_AMP=1 -mcpu=cortex-a9 -mfpu=vfpv3 -mfloat-abi=hard -nostartfiles -Wall -Wextra -DUNDEFINE_FILE_OPS"
Running Make include in ps7_cortexa9_1/libsrc/uartps_v3_4/src
make -C ps7_cortexa9_1/libsrc/uartps_v3_4/src -s include  "SHELL=/bin/sh" "COMPILER=arm-none-eabi-gcc" "ARCHIVER=arm-none-eabi-ar" "COMPILER_FLAGS=  -O2 -c" "EXTRA_COMPILER_FLAGS=-DUSE_AMP=1 -mcpu=cortex-a9 -mfpu=vfpv3 -mfloat-abi=hard -nostartfiles -Wall -Wextra -DUNDEFINE_FILE_OPS"
Running Make include in ps7_cortexa9_1/libsrc/usbps_v2_4/src
make -C ps7_cortexa9_1/libsrc/usbps_v2_4/src -s include  "SHELL=/bin/sh" "COMPILER=arm-none-eabi-gcc" "ARCHIVER=arm-none-eabi-ar" "COMPILER_FLAGS=  -O2 -c" "EXTRA_COMPILER_FLAGS=-DUSE_AMP=1 -mcpu=cortex-a9 -mfpu=vfpv3 -mfloat-abi=hard -nostartfiles -Wall -Wextra -DUNDEFINE_FILE_OPS"
Running Make include in ps7_cortexa9_1/libsrc/coresightps_dcc_v1_4/src
make -C ps7_cortexa9_1/libsrc/coresightps_dcc_v1_4/src -s include  "SHELL=/bin/sh" "COMPILER=arm-none-eabi-gcc" "ARCHIVER=arm-none-eabi-ar" "COMPILER_FLAGS=  -O2 -c" "EXTRA_COMPILER_FLAGS=-DUSE_AMP=1 -mcpu=cortex-a9 -mfpu=vfpv3 -mfloat-abi=hard -nostartfiles -Wall -Wextra -DUNDEFINE_FILE_OPS"
Running Make include in ps7_cortexa9_1/libsrc/openamp_v1_3/src
make -C ps7_cortexa9_1/libsrc/openamp_v1_3/src -s include  "SHELL=/bin/sh" "COMPILER=arm-none-eabi-gcc" "ARCHIVER=arm-none-eabi-ar" "COMPILER_FLAGS=  -O2 -c" "EXTRA_COMPILER_FLAGS=-DUSE_AMP=1 -mcpu=cortex-a9 -mfpu=vfpv3 -mfloat-abi=hard -nostartfiles -Wall -Wextra -DUNDEFINE_FILE_OPS"
Running Make include in ps7_cortexa9_1/libsrc/scutimer_v2_1/src
make -C ps7_cortexa9_1/libsrc/scutimer_v2_1/src -s include  "SHELL=/bin/sh" "COMPILER=arm-none-eabi-gcc" "ARCHIVER=arm-none-eabi-ar" "COMPILER_FLAGS=  -O2 -c" "EXTRA_COMPILER_FLAGS=-DUSE_AMP=1 -mcpu=cortex-a9 -mfpu=vfpv3 -mfloat-abi=hard -nostartfiles -Wall -Wextra -DUNDEFINE_FILE_OPS"
Running Make libs in ps7_cortexa9_1/libsrc/qspips_v3_3/src
make -C ps7_cortexa9_1/libsrc/qspips_v3_3/src -s libs  "SHELL=/bin/sh" "COMPILER=arm-none-eabi-gcc" "ARCHIVER=arm-none-eabi-ar" "COMPILER_FLAGS=  -O2 -c" "EXTRA_COMPILER_FLAGS=-DUSE_AMP=1 -mcpu=cortex-a9 -mfpu=vfpv3 -mfloat-abi=hard -nostartfiles -Wall -Wextra -DUNDEFINE_FILE_OPS"
Compiling qspips
Running Make libs in ps7_cortexa9_1/libsrc/dmaps_v2_3/src
make -C ps7_cortexa9_1/libsrc/dmaps_v2_3/src -s libs  "SHELL=/bin/sh" "COMPILER=arm-none-eabi-gcc" "ARCHIVER=arm-none-eabi-ar" "COMPILER_FLAGS=  -O2 -c" "EXTRA_COMPILER_FLAGS=-DUSE_AMP=1 -mcpu=cortex-a9 -mfpu=vfpv3 -mfloat-abi=hard -nostartfiles -Wall -Wextra -DUNDEFINE_FILE_OPS"
Compiling dmaps
Running Make libs in ps7_cortexa9_1/libsrc/ddrps_v1_0/src
make -C ps7_cortexa9_1/libsrc/ddrps_v1_0/src -s libs  "SHELL=/bin/sh" "COMPILER=arm-none-eabi-gcc" "ARCHIVER=arm-none-eabi-ar" "COMPILER_FLAGS=  -O2 -c" "EXTRA_COMPILER_FLAGS=-DUSE_AMP=1 -mcpu=cortex-a9 -mfpu=vfpv3 -mfloat-abi=hard -nostartfiles -Wall -Wextra -DUNDEFINE_FILE_OPS"
Compiling ddrps
Running Make libs in ps7_cortexa9_1/libsrc/gpiops_v3_3/src
make -C ps7_cortexa9_1/libsrc/gpiops_v3_3/src -s libs  "SHELL=/bin/sh" "COMPILER=arm-none-eabi-gcc" "ARCHIVER=arm-none-eabi-ar" "COMPILER_FLAGS=  -O2 -c" "EXTRA_COMPILER_FLAGS=-DUSE_AMP=1 -mcpu=cortex-a9 -mfpu=vfpv3 -mfloat-abi=hard -nostartfiles -Wall -Wextra -DUNDEFINE_FILE_OPS"
Compiling gpiops
Running Make libs in ps7_cortexa9_1/libsrc/standalone_v6_3/src
make -C ps7_cortexa9_1/libsrc/standalone_v6_3/src -s libs  "SHELL=/bin/sh" "COMPILER=arm-none-eabi-gcc" "ARCHIVER=arm-none-eabi-ar" "COMPILER_FLAGS=  -O2 -c" "EXTRA_COMPILER_FLAGS=-DUSE_AMP=1 -mcpu=cortex-a9 -mfpu=vfpv3 -mfloat-abi=hard -nostartfiles -Wall -Wextra -DUNDEFINE_FILE_OPS"
Compiling standalone
xil_cache.c: In function 'Xil_DCacheInvalidateRange':
xil_cache.c:338:16: warning: unused variable 'L2CCOffset' [-Wunused-variable]
  volatile u32 *L2CCOffset = (volatile u32 *)(XPS_L2CC_BASEADDR +
                ^~~~~~~~~~
xil_cache.c: In function 'Xil_DCacheFlushRange':
xil_cache.c:483:16: warning: unused variable 'L2CCOffset' [-Wunused-variable]
  volatile u32 *L2CCOffset = (volatile u32 *)(XPS_L2CC_BASEADDR +
                ^~~~~~~~~~
xil_cache.c: In function 'Xil_ICacheInvalidateRange':
xil_cache.c:656:16: warning: unused variable 'L2CCOffset' [-Wunused-variable]
  volatile u32 *L2CCOffset = (volatile u32 *)(XPS_L2CC_BASEADDR +
                ^~~~~~~~~~
Running Make libs in ps7_cortexa9_1/libsrc/scugic_v3_7/src
make -C ps7_cortexa9_1/libsrc/scugic_v3_7/src -s libs  "SHELL=/bin/sh" "COMPILER=arm-none-eabi-gcc" "ARCHIVER=arm-none-eabi-ar" "COMPILER_FLAGS=  -O2 -c" "EXTRA_COMPILER_FLAGS=-DUSE_AMP=1 -mcpu=cortex-a9 -mfpu=vfpv3 -mfloat-abi=hard -nostartfiles -Wall -Wextra -DUNDEFINE_FILE_OPS"
Compiling scugic
xscugic_hw.c: In function 'DistInit':
xscugic_hw.c:122:3: warning: #warning "Building GIC for AMP" [-Wcpp]
  #warning "Building GIC for AMP"
   ^~~~~~~
xscugic_g.c:53:2: warning: missing initializer for field 'HandlerTable' of 'XScuGic_Config {aka struct <anonymous>}' [-Wmissing-field-initializers]
  }
  ^
In file included from xscugic_g.c:41:0:
xscugic.h:218:27: note: 'HandlerTable' declared here
  XScuGic_VectorTableEntry HandlerTable[XSCUGIC_MAX_NUM_INTR_INPUTS];/**<
                           ^~~~~~~~~~~~
xscugic.c: In function 'DistributorInit':
xscugic.c:255:2: warning: #warning "Building GIC for AMP" [-Wcpp]
 #warning "Building GIC for AMP"
  ^~~~~~~
Running Make libs in ps7_cortexa9_1/libsrc/cpu_cortexa9_v2_4/src
make -C ps7_cortexa9_1/libsrc/cpu_cortexa9_v2_4/src -s libs  "SHELL=/bin/sh" "COMPILER=arm-none-eabi-gcc" "ARCHIVER=arm-none-eabi-ar" "COMPILER_FLAGS=  -O2 -c" "EXTRA_COMPILER_FLAGS=-DUSE_AMP=1 -mcpu=cortex-a9 -mfpu=vfpv3 -mfloat-abi=hard -nostartfiles -Wall -Wextra -DUNDEFINE_FILE_OPS"
Compiling cpu_cortexa9
Running Make libs in ps7_cortexa9_1/libsrc/ttcps_v3_3/src
make -C ps7_cortexa9_1/libsrc/ttcps_v3_3/src -s libs  "SHELL=/bin/sh" "COMPILER=arm-none-eabi-gcc" "ARCHIVER=arm-none-eabi-ar" "COMPILER_FLAGS=  -O2 -c" "EXTRA_COMPILER_FLAGS=-DUSE_AMP=1 -mcpu=cortex-a9 -mfpu=vfpv3 -mfloat-abi=hard -nostartfiles -Wall -Wextra -DUNDEFINE_FILE_OPS"
Compiling ttcps
Running Make libs in ps7_cortexa9_1/libsrc/emacps_v3_4/src
make -C ps7_cortexa9_1/libsrc/emacps_v3_4/src -s libs  "SHELL=/bin/sh" "COMPILER=arm-none-eabi-gcc" "ARCHIVER=arm-none-eabi-ar" "COMPILER_FLAGS=  -O2 -c" "EXTRA_COMPILER_FLAGS=-DUSE_AMP=1 -mcpu=cortex-a9 -mfpu=vfpv3 -mfloat-abi=hard -nostartfiles -Wall -Wextra -DUNDEFINE_FILE_OPS"
Compiling emacps
Running Make libs in ps7_cortexa9_1/libsrc/libmetal_v1_2/src
make -C ps7_cortexa9_1/libsrc/libmetal_v1_2/src -s libs  "SHELL=/bin/sh" "COMPILER=arm-none-eabi-gcc" "ARCHIVER=arm-none-eabi-ar" "COMPILER_FLAGS=  -O2 -c" "EXTRA_COMPILER_FLAGS=-DUSE_AMP=1 -mcpu=cortex-a9 -mfpu=vfpv3 -mfloat-abi=hard -nostartfiles -Wall -Wextra -DUNDEFINE_FILE_OPS"
[100%] Built target metal-static
Install the project...
-- Install configuration: ""
-- Installing: ../../../include/metal/atomic.h
-- Installing: ../../../include/metal/compiler.h
-- Installing: ../../../include/metal/config.h
-- Installing: ../../../include/metal/device.h
-- Installing: ../../../include/metal/io.h
-- Installing: ../../../include/metal/list.h
-- Installing: ../../../include/metal/log.h
-- Installing: ../../../include/metal/mutex.h
-- Installing: ../../../include/metal/condition.h
-- Installing: ../../../include/metal/shmem.h
-- Installing: ../../../include/metal/sys.h
-- Installing: ../../../include/metal/utilities.h
-- Installing: ../../../include/metal/version.h
-- Installing: ../../../include/metal/cpu.h
-- Installing: ../../../include/metal/spinlock.h
-- Installing: ../../../include/metal/irq.h
-- Installing: ../../../include/metal/alloc.h
-- Installing: ../../../include/metal/cache.h
-- Installing: ../../../include/metal/dma.h
-- Installing: ../../../include/metal/time.h
-- Installing: ../../../include/metal/sleep.h
-- Installing: ../../../include/metal/compiler/gcc/atomic.h
-- Installing: ../../../include/metal/compiler/gcc/compiler.h
-- Installing: ../../../include/metal/processor/arm/atomic.h
-- Installing: ../../../include/metal/processor/arm/cpu.h
-- Installing: ../../../include/metal/system/generic/mutex.h
-- Installing: ../../../include/metal/system/generic/sys.h
-- Installing: ../../../include/metal/system/generic/condition.h
-- Installing: ../../../include/metal/system/generic/alloc.h
-- Installing: ../../../include/metal/system/generic/irq.h
-- Installing: ../../../include/metal/system/generic/zynq7/sys.h
-- Up-to-date: ../../../lib/libmetal.a
Running Make libs in ps7_cortexa9_1/libsrc/xadcps_v2_2/src
make -C ps7_cortexa9_1/libsrc/xadcps_v2_2/src -s libs  "SHELL=/bin/sh" "COMPILER=arm-none-eabi-gcc" "ARCHIVER=arm-none-eabi-ar" "COMPILER_FLAGS=  -O2 -c" "EXTRA_COMPILER_FLAGS=-DUSE_AMP=1 -mcpu=cortex-a9 -mfpu=vfpv3 -mfloat-abi=hard -nostartfiles -Wall -Wextra -DUNDEFINE_FILE_OPS"
Compiling xadcps
Running Make libs in ps7_cortexa9_1/libsrc/devcfg_v3_4/src
make -C ps7_cortexa9_1/libsrc/devcfg_v3_4/src -s libs  "SHELL=/bin/sh" "COMPILER=arm-none-eabi-gcc" "ARCHIVER=arm-none-eabi-ar" "COMPILER_FLAGS=  -O2 -c" "EXTRA_COMPILER_FLAGS=-DUSE_AMP=1 -mcpu=cortex-a9 -mfpu=vfpv3 -mfloat-abi=hard -nostartfiles -Wall -Wextra -DUNDEFINE_FILE_OPS"
Compiling devcfg
Running Make libs in ps7_cortexa9_1/libsrc/sdps_v3_2/src
make -C ps7_cortexa9_1/libsrc/sdps_v3_2/src -s libs  "SHELL=/bin/sh" "COMPILER=arm-none-eabi-gcc" "ARCHIVER=arm-none-eabi-ar" "COMPILER_FLAGS=  -O2 -c" "EXTRA_COMPILER_FLAGS=-DUSE_AMP=1 -mcpu=cortex-a9 -mfpu=vfpv3 -mfloat-abi=hard -nostartfiles -Wall -Wextra -DUNDEFINE_FILE_OPS"
Compiling sdps
Running Make libs in ps7_cortexa9_1/libsrc/scuwdt_v2_1/src
make -C ps7_cortexa9_1/libsrc/scuwdt_v2_1/src -s libs  "SHELL=/bin/sh" "COMPILER=arm-none-eabi-gcc" "ARCHIVER=arm-none-eabi-ar" "COMPILER_FLAGS=  -O2 -c" "EXTRA_COMPILER_FLAGS=-DUSE_AMP=1 -mcpu=cortex-a9 -mfpu=vfpv3 -mfloat-abi=hard -nostartfiles -Wall -Wextra -DUNDEFINE_FILE_OPS"
Compiling scuwdt
Running Make libs in ps7_cortexa9_1/libsrc/uartps_v3_4/src
make -C ps7_cortexa9_1/libsrc/uartps_v3_4/src -s libs  "SHELL=/bin/sh" "COMPILER=arm-none-eabi-gcc" "ARCHIVER=arm-none-eabi-ar" "COMPILER_FLAGS=  -O2 -c" "EXTRA_COMPILER_FLAGS=-DUSE_AMP=1 -mcpu=cortex-a9 -mfpu=vfpv3 -mfloat-abi=hard -nostartfiles -Wall -Wextra -DUNDEFINE_FILE_OPS"
Compiling uartps
Running Make libs in ps7_cortexa9_1/libsrc/usbps_v2_4/src
make -C ps7_cortexa9_1/libsrc/usbps_v2_4/src -s libs  "SHELL=/bin/sh" "COMPILER=arm-none-eabi-gcc" "ARCHIVER=arm-none-eabi-ar" "COMPILER_FLAGS=  -O2 -c" "EXTRA_COMPILER_FLAGS=-DUSE_AMP=1 -mcpu=cortex-a9 -mfpu=vfpv3 -mfloat-abi=hard -nostartfiles -Wall -Wextra -DUNDEFINE_FILE_OPS"
Compiling usbps
Running Make libs in ps7_cortexa9_1/libsrc/coresightps_dcc_v1_4/src
make -C ps7_cortexa9_1/libsrc/coresightps_dcc_v1_4/src -s libs  "SHELL=/bin/sh" "COMPILER=arm-none-eabi-gcc" "ARCHIVER=arm-none-eabi-ar" "COMPILER_FLAGS=  -O2 -c" "EXTRA_COMPILER_FLAGS=-DUSE_AMP=1 -mcpu=cortex-a9 -mfpu=vfpv3 -mfloat-abi=hard -nostartfiles -Wall -Wextra -DUNDEFINE_FILE_OPS"
Compiling coresightps_dcc
Running Make libs in ps7_cortexa9_1/libsrc/openamp_v1_3/src
make -C ps7_cortexa9_1/libsrc/openamp_v1_3/src -s libs  "SHELL=/bin/sh" "COMPILER=arm-none-eabi-gcc" "ARCHIVER=arm-none-eabi-ar" "COMPILER_FLAGS=  -O2 -c" "EXTRA_COMPILER_FLAGS=-DUSE_AMP=1 -mcpu=cortex-a9 -mfpu=vfpv3 -mfloat-abi=hard -nostartfiles -Wall -Wextra -DUNDEFINE_FILE_OPS"
[100%] Built target open_amp-static
Install the project...
-- Install configuration: "Debug"
-- Up-to-date: ../../../lib/libopen_amp.a
-- Up-to-date: ../../../include/openamp
-- Installing: ../../../include/openamp/virtqueue.h
-- Installing: ../../../include/openamp/hil.h
-- Installing: ../../../include/openamp/virtio_ring.h
-- Installing: ../../../include/openamp/rpmsg.h
-- Installing: ../../../include/openamp/rsc_table_parser.h
-- Installing: ../../../include/openamp/sh_mem.h
-- Installing: ../../../include/openamp/firmware.h
-- Installing: ../../../include/openamp/rpmsg_retarget.h
-- Installing: ../../../include/openamp/rpmsg_core.h
-- Installing: ../../../include/openamp/virtio.h
-- Installing: ../../../include/openamp/compiler.h
-- Installing: ../../../include/openamp/open_amp.h
-- Installing: ../../../include/openamp/remoteproc_loader.h
-- Installing: ../../../include/openamp/env.h
-- Installing: ../../../include/openamp/remoteproc.h
-- Installing: ../../../include/openamp/elf_loader.h
Running Make libs in ps7_cortexa9_1/libsrc/scutimer_v2_1/src
make -C ps7_cortexa9_1/libsrc/scutimer_v2_1/src -s libs  "SHELL=/bin/sh" "COMPILER=arm-none-eabi-gcc" "ARCHIVER=arm-none-eabi-ar" "COMPILER_FLAGS=  -O2 -c" "EXTRA_COMPILER_FLAGS=-DUSE_AMP=1 -mcpu=cortex-a9 -mfpu=vfpv3 -mfloat-abi=hard -nostartfiles -Wall -Wextra -DUNDEFINE_FILE_OPS"
Compiling scutimer
Finished building libraries
22:57:47 **** Build of project remoteproc2017_bsp ****
make -k all 
Running Make include in ps7_cortexa9_1/libsrc/qspips_v3_3/src
make -C ps7_cortexa9_1/libsrc/qspips_v3_3/src -s include  "SHELL=/bin/sh" "COMPILER=arm-none-eabi-gcc" "ARCHIVER=arm-none-eabi-ar" "COMPILER_FLAGS=  -O2 -c" "EXTRA_COMPILER_FLAGS=-mcpu=cortex-a9 -mfpu=vfpv3 -mfloat-abi=hard -nostartfiles -Wall -Wextra -DUNDEFINE_FILE_OPS"
Running Make include in ps7_cortexa9_1/libsrc/dmaps_v2_3/src
make -C ps7_cortexa9_1/libsrc/dmaps_v2_3/src -s include  "SHELL=/bin/sh" "COMPILER=arm-none-eabi-gcc" "ARCHIVER=arm-none-eabi-ar" "COMPILER_FLAGS=  -O2 -c" "EXTRA_COMPILER_FLAGS=-mcpu=cortex-a9 -mfpu=vfpv3 -mfloat-abi=hard -nostartfiles -Wall -Wextra -DUNDEFINE_FILE_OPS"
Running Make include in ps7_cortexa9_1/libsrc/ddrps_v1_0/src
make -C ps7_cortexa9_1/libsrc/ddrps_v1_0/src -s include  "SHELL=/bin/sh" "COMPILER=arm-none-eabi-gcc" "ARCHIVER=arm-none-eabi-ar" "COMPILER_FLAGS=  -O2 -c" "EXTRA_COMPILER_FLAGS=-mcpu=cortex-a9 -mfpu=vfpv3 -mfloat-abi=hard -nostartfiles -Wall -Wextra -DUNDEFINE_FILE_OPS"
Running Make include in ps7_cortexa9_1/libsrc/freertos901_xilinx_v1_0/src
make -C ps7_cortexa9_1/libsrc/freertos901_xilinx_v1_0/src -s include  "SHELL=/bin/sh" "COMPILER=arm-none-eabi-gcc" "ARCHIVER=arm-none-eabi-ar" "COMPILER_FLAGS=  -O2 -c" "EXTRA_COMPILER_FLAGS=-mcpu=cortex-a9 -mfpu=vfpv3 -mfloat-abi=hard -nostartfiles -Wall -Wextra -DUNDEFINE_FILE_OPS"
include
Running Make include in ps7_cortexa9_1/libsrc/gpiops_v3_3/src
make -C ps7_cortexa9_1/libsrc/gpiops_v3_3/src -s include  "SHELL=/bin/sh" "COMPILER=arm-none-eabi-gcc" "ARCHIVER=arm-none-eabi-ar" "COMPILER_FLAGS=  -O2 -c" "EXTRA_COMPILER_FLAGS=-mcpu=cortex-a9 -mfpu=vfpv3 -mfloat-abi=hard -nostartfiles -Wall -Wextra -DUNDEFINE_FILE_OPS"
Running Make include in ps7_cortexa9_1/libsrc/scugic_v3_7/src
make -C ps7_cortexa9_1/libsrc/scugic_v3_7/src -s include  "SHELL=/bin/sh" "COMPILER=arm-none-eabi-gcc" "ARCHIVER=arm-none-eabi-ar" "COMPILER_FLAGS=  -O2 -c" "EXTRA_COMPILER_FLAGS=-mcpu=cortex-a9 -mfpu=vfpv3 -mfloat-abi=hard -nostartfiles -Wall -Wextra -DUNDEFINE_FILE_OPS"
Running Make include in ps7_cortexa9_1/libsrc/cpu_cortexa9_v2_4/src
make -C ps7_cortexa9_1/libsrc/cpu_cortexa9_v2_4/src -s include  "SHELL=/bin/sh" "COMPILER=arm-none-eabi-gcc" "ARCHIVER=arm-none-eabi-ar" "COMPILER_FLAGS=  -O2 -c" "EXTRA_COMPILER_FLAGS=-mcpu=cortex-a9 -mfpu=vfpv3 -mfloat-abi=hard -nostartfiles -Wall -Wextra -DUNDEFINE_FILE_OPS"
Running Make include in ps7_cortexa9_1/libsrc/ttcps_v3_3/src
make -C ps7_cortexa9_1/libsrc/ttcps_v3_3/src -s include  "SHELL=/bin/sh" "COMPILER=arm-none-eabi-gcc" "ARCHIVER=arm-none-eabi-ar" "COMPILER_FLAGS=  -O2 -c" "EXTRA_COMPILER_FLAGS=-mcpu=cortex-a9 -mfpu=vfpv3 -mfloat-abi=hard -nostartfiles -Wall -Wextra -DUNDEFINE_FILE_OPS"
Running Make include in ps7_cortexa9_1/libsrc/emacps_v3_4/src
make -C ps7_cortexa9_1/libsrc/emacps_v3_4/src -s include  "SHELL=/bin/sh" "COMPILER=arm-none-eabi-gcc" "ARCHIVER=arm-none-eabi-ar" "COMPILER_FLAGS=  -O2 -c" "EXTRA_COMPILER_FLAGS=-mcpu=cortex-a9 -mfpu=vfpv3 -mfloat-abi=hard -nostartfiles -Wall -Wextra -DUNDEFINE_FILE_OPS"
Running Make include in ps7_cortexa9_1/libsrc/libmetal_v1_2/src
make -C ps7_cortexa9_1/libsrc/libmetal_v1_2/src -s include  "SHELL=/bin/sh" "COMPILER=arm-none-eabi-gcc" "ARCHIVER=arm-none-eabi-ar" "COMPILER_FLAGS=  -O2 -c" "EXTRA_COMPILER_FLAGS=-mcpu=cortex-a9 -mfpu=vfpv3 -mfloat-abi=hard -nostartfiles -Wall -Wextra -DUNDEFINE_FILE_OPS"
Running Make include in ps7_cortexa9_1/libsrc/xadcps_v2_2/src
make -C ps7_cortexa9_1/libsrc/xadcps_v2_2/src -s include  "SHELL=/bin/sh" "COMPILER=arm-none-eabi-gcc" "ARCHIVER=arm-none-eabi-ar" "COMPILER_FLAGS=  -O2 -c" "EXTRA_COMPILER_FLAGS=-mcpu=cortex-a9 -mfpu=vfpv3 -mfloat-abi=hard -nostartfiles -Wall -Wextra -DUNDEFINE_FILE_OPS"
Running Make include in ps7_cortexa9_1/libsrc/devcfg_v3_4/src
make -C ps7_cortexa9_1/libsrc/devcfg_v3_4/src -s include  "SHELL=/bin/sh" "COMPILER=arm-none-eabi-gcc" "ARCHIVER=arm-none-eabi-ar" "COMPILER_FLAGS=  -O2 -c" "EXTRA_COMPILER_FLAGS=-mcpu=cortex-a9 -mfpu=vfpv3 -mfloat-abi=hard -nostartfiles -Wall -Wextra -DUNDEFINE_FILE_OPS"
Running Make include in ps7_cortexa9_1/libsrc/sdps_v3_2/src
make -C ps7_cortexa9_1/libsrc/sdps_v3_2/src -s include  "SHELL=/bin/sh" "COMPILER=arm-none-eabi-gcc" "ARCHIVER=arm-none-eabi-ar" "COMPILER_FLAGS=  -O2 -c" "EXTRA_COMPILER_FLAGS=-mcpu=cortex-a9 -mfpu=vfpv3 -mfloat-abi=hard -nostartfiles -Wall -Wextra -DUNDEFINE_FILE_OPS"
Running Make include in ps7_cortexa9_1/libsrc/scuwdt_v2_1/src
make -C ps7_cortexa9_1/libsrc/scuwdt_v2_1/src -s include  "SHELL=/bin/sh" "COMPILER=arm-none-eabi-gcc" "ARCHIVER=arm-none-eabi-ar" "COMPILER_FLAGS=  -O2 -c" "EXTRA_COMPILER_FLAGS=-mcpu=cortex-a9 -mfpu=vfpv3 -mfloat-abi=hard -nostartfiles -Wall -Wextra -DUNDEFINE_FILE_OPS"
Running Make include in ps7_cortexa9_1/libsrc/uartps_v3_4/src
make -C ps7_cortexa9_1/libsrc/uartps_v3_4/src -s include  "SHELL=/bin/sh" "COMPILER=arm-none-eabi-gcc" "ARCHIVER=arm-none-eabi-ar" "COMPILER_FLAGS=  -O2 -c" "EXTRA_COMPILER_FLAGS=-mcpu=cortex-a9 -mfpu=vfpv3 -mfloat-abi=hard -nostartfiles -Wall -Wextra -DUNDEFINE_FILE_OPS"
Running Make include in ps7_cortexa9_1/libsrc/usbps_v2_4/src
make -C ps7_cortexa9_1/libsrc/usbps_v2_4/src -s include  "SHELL=/bin/sh" "COMPILER=arm-none-eabi-gcc" "ARCHIVER=arm-none-eabi-ar" "COMPILER_FLAGS=  -O2 -c" "EXTRA_COMPILER_FLAGS=-mcpu=cortex-a9 -mfpu=vfpv3 -mfloat-abi=hard -nostartfiles -Wall -Wextra -DUNDEFINE_FILE_OPS"
Running Make include in ps7_cortexa9_1/libsrc/coresightps_dcc_v1_4/src
make -C ps7_cortexa9_1/libsrc/coresightps_dcc_v1_4/src -s include  "SHELL=/bin/sh" "COMPILER=arm-none-eabi-gcc" "ARCHIVER=arm-none-eabi-ar" "COMPILER_FLAGS=  -O2 -c" "EXTRA_COMPILER_FLAGS=-mcpu=cortex-a9 -mfpu=vfpv3 -mfloat-abi=hard -nostartfiles -Wall -Wextra -DUNDEFINE_FILE_OPS"
Running Make include in ps7_cortexa9_1/libsrc/openamp_v1_3/src
make -C ps7_cortexa9_1/libsrc/openamp_v1_3/src -s include  "SHELL=/bin/sh" "COMPILER=arm-none-eabi-gcc" "ARCHIVER=arm-none-eabi-ar" "COMPILER_FLAGS=  -O2 -c" "EXTRA_COMPILER_FLAGS=-mcpu=cortex-a9 -mfpu=vfpv3 -mfloat-abi=hard -nostartfiles -Wall -Wextra -DUNDEFINE_FILE_OPS"
Running Make include in ps7_cortexa9_1/libsrc/scutimer_v2_1/src
make -C ps7_cortexa9_1/libsrc/scutimer_v2_1/src -s include  "SHELL=/bin/sh" "COMPILER=arm-none-eabi-gcc" "ARCHIVER=arm-none-eabi-ar" "COMPILER_FLAGS=  -O2 -c" "EXTRA_COMPILER_FLAGS=-mcpu=cortex-a9 -mfpu=vfpv3 -mfloat-abi=hard -nostartfiles -Wall -Wextra -DUNDEFINE_FILE_OPS"
Running Make libs in ps7_cortexa9_1/libsrc/qspips_v3_3/src
make -C ps7_cortexa9_1/libsrc/qspips_v3_3/src -s libs  "SHELL=/bin/sh" "COMPILER=arm-none-eabi-gcc" "ARCHIVER=arm-none-eabi-ar" "COMPILER_FLAGS=  -O2 -c" "EXTRA_COMPILER_FLAGS=-mcpu=cortex-a9 -mfpu=vfpv3 -mfloat-abi=hard -nostartfiles -Wall -Wextra -DUNDEFINE_FILE_OPS"
Compiling qspips
arm-none-eabi-ar: creating ../../../lib/libxil.a
Running Make libs in ps7_cortexa9_1/libsrc/dmaps_v2_3/src
make -C ps7_cortexa9_1/libsrc/dmaps_v2_3/src -s libs  "SHELL=/bin/sh" "COMPILER=arm-none-eabi-gcc" "ARCHIVER=arm-none-eabi-ar" "COMPILER_FLAGS=  -O2 -c" "EXTRA_COMPILER_FLAGS=-mcpu=cortex-a9 -mfpu=vfpv3 -mfloat-abi=hard -nostartfiles -Wall -Wextra -DUNDEFINE_FILE_OPS"
Compiling dmaps
Running Make libs in ps7_cortexa9_1/libsrc/ddrps_v1_0/src
make -C ps7_cortexa9_1/libsrc/ddrps_v1_0/src -s libs  "SHELL=/bin/sh" "COMPILER=arm-none-eabi-gcc" "ARCHIVER=arm-none-eabi-ar" "COMPILER_FLAGS=  -O2 -c" "EXTRA_COMPILER_FLAGS=-mcpu=cortex-a9 -mfpu=vfpv3 -mfloat-abi=hard -nostartfiles -Wall -Wextra -DUNDEFINE_FILE_OPS"
Compiling ddrps
Running Make libs in ps7_cortexa9_1/libsrc/freertos901_xilinx_v1_0/src
make -C ps7_cortexa9_1/libsrc/freertos901_xilinx_v1_0/src -s libs  "SHELL=/bin/sh" "COMPILER=arm-none-eabi-gcc" "ARCHIVER=arm-none-eabi-ar" "COMPILER_FLAGS=  -O2 -c" "EXTRA_COMPILER_FLAGS=-mcpu=cortex-a9 -mfpu=vfpv3 -mfloat-abi=hard -nostartfiles -Wall -Wextra -DUNDEFINE_FILE_OPS"
Compiling standalone
Compiling FreeRTOS
arm-none-eabi-ar: creating ../../../lib/libfreertos.a
Running Make libs in ps7_cortexa9_1/libsrc/gpiops_v3_3/src
make -C ps7_cortexa9_1/libsrc/gpiops_v3_3/src -s libs  "SHELL=/bin/sh" "COMPILER=arm-none-eabi-gcc" "ARCHIVER=arm-none-eabi-ar" "COMPILER_FLAGS=  -O2 -c" "EXTRA_COMPILER_FLAGS=-mcpu=cortex-a9 -mfpu=vfpv3 -mfloat-abi=hard -nostartfiles -Wall -Wextra -DUNDEFINE_FILE_OPS"
Compiling gpiops
Running Make libs in ps7_cortexa9_1/libsrc/scugic_v3_7/src
make -C ps7_cortexa9_1/libsrc/scugic_v3_7/src -s libs  "SHELL=/bin/sh" "COMPILER=arm-none-eabi-gcc" "ARCHIVER=arm-none-eabi-ar" "COMPILER_FLAGS=  -O2 -c" "EXTRA_COMPILER_FLAGS=-mcpu=cortex-a9 -mfpu=vfpv3 -mfloat-abi=hard -nostartfiles -Wall -Wextra -DUNDEFINE_FILE_OPS"
Compiling scugic
xscugic_g.c:53:2: warning: missing initializer for field 'HandlerTable' of 'XScuGic_Config {aka struct <anonymous>}' [-Wmissing-field-initializers]
  }
  ^
In file included from xscugic_g.c:41:0:
xscugic.h:218:27: note: 'HandlerTable' declared here
  XScuGic_VectorTableEntry HandlerTable[XSCUGIC_MAX_NUM_INTR_INPUTS];/**<
                           ^~~~~~~~~~~~
Running Make libs in ps7_cortexa9_1/libsrc/cpu_cortexa9_v2_4/src
make -C ps7_cortexa9_1/libsrc/cpu_cortexa9_v2_4/src -s libs  "SHELL=/bin/sh" "COMPILER=arm-none-eabi-gcc" "ARCHIVER=arm-none-eabi-ar" "COMPILER_FLAGS=  -O2 -c" "EXTRA_COMPILER_FLAGS=-mcpu=cortex-a9 -mfpu=vfpv3 -mfloat-abi=hard -nostartfiles -Wall -Wextra -DUNDEFINE_FILE_OPS"
Compiling cpu_cortexa9
Running Make libs in ps7_cortexa9_1/libsrc/ttcps_v3_3/src
make -C ps7_cortexa9_1/libsrc/ttcps_v3_3/src -s libs  "SHELL=/bin/sh" "COMPILER=arm-none-eabi-gcc" "ARCHIVER=arm-none-eabi-ar" "COMPILER_FLAGS=  -O2 -c" "EXTRA_COMPILER_FLAGS=-mcpu=cortex-a9 -mfpu=vfpv3 -mfloat-abi=hard -nostartfiles -Wall -Wextra -DUNDEFINE_FILE_OPS"
Compiling ttcps
Running Make libs in ps7_cortexa9_1/libsrc/emacps_v3_4/src
make -C ps7_cortexa9_1/libsrc/emacps_v3_4/src -s libs  "SHELL=/bin/sh" "COMPILER=arm-none-eabi-gcc" "ARCHIVER=arm-none-eabi-ar" "COMPILER_FLAGS=  -O2 -c" "EXTRA_COMPILER_FLAGS=-mcpu=cortex-a9 -mfpu=vfpv3 -mfloat-abi=hard -nostartfiles -Wall -Wextra -DUNDEFINE_FILE_OPS"
Compiling emacps
Running Make libs in ps7_cortexa9_1/libsrc/libmetal_v1_2/src
make -C ps7_cortexa9_1/libsrc/libmetal_v1_2/src -s libs  "SHELL=/bin/sh" "COMPILER=arm-none-eabi-gcc" "ARCHIVER=arm-none-eabi-ar" "COMPILER_FLAGS=  -O2 -c" "EXTRA_COMPILER_FLAGS=-mcpu=cortex-a9 -mfpu=vfpv3 -mfloat-abi=hard -nostartfiles -Wall -Wextra -DUNDEFINE_FILE_OPS"
Scanning dependencies of target metal-static
[  5%] Building C object lib/CMakeFiles/metal-static.dir/device.c.obj
[ 11%] Building C object lib/CMakeFiles/metal-static.dir/init.c.obj
[ 17%] Building C object lib/CMakeFiles/metal-static.dir/log.c.obj
[ 23%] Building C object lib/CMakeFiles/metal-static.dir/shmem.c.obj
[ 29%] Building C object lib/CMakeFiles/metal-static.dir/version.c.obj
[ 35%] Building C object lib/CMakeFiles/metal-static.dir/dma.c.obj
[ 41%] Building C object lib/CMakeFiles/metal-static.dir/io.c.obj
[ 47%] Building C object lib/CMakeFiles/metal-static.dir/system/freertos/init.c.obj
[ 52%] Building C object lib/CMakeFiles/metal-static.dir/system/freertos/irq.c.obj
[ 58%] Building C object lib/CMakeFiles/metal-static.dir/system/freertos/cache.c.obj
[ 64%] Building C object lib/CMakeFiles/metal-static.dir/system/freertos/io.c.obj
[ 70%] Building C object lib/CMakeFiles/metal-static.dir/system/freertos/shmem.c.obj
[ 76%] Building C object lib/CMakeFiles/metal-static.dir/system/freertos/condition.c.obj
[ 82%] Building C object lib/CMakeFiles/metal-static.dir/system/freertos/time.c.obj
[ 88%] Building C object lib/CMakeFiles/metal-static.dir/system/freertos/sleep.c.obj
[ 94%] Building C object lib/CMakeFiles/metal-static.dir/system/freertos/zynq7/sys.c.obj
[100%] Linking C static library libmetal.a
/opt/Xilinx_2017v2/SDK/2017.2/gnu/aarch32/lin/gcc-arm-none-eabi/bin/arm-none-eabi-ar cq libmetal.a  CMakeFiles/metal-static.dir/device.c.obj CMakeFiles/metal-static.dir/init.c.obj CMakeFiles/metal-static.dir/log.c.obj CMakeFiles/metal-static.dir/shmem.c.obj CMakeFiles/metal-static.dir/version.c.obj CMakeFiles/metal-static.dir/dma.c.obj CMakeFiles/metal-static.dir/io.c.obj CMakeFiles/metal-static.dir/system/freertos/init.c.obj CMakeFiles/metal-static.dir/system/freertos/irq.c.obj CMakeFiles/metal-static.dir/system/freertos/cache.c.obj CMakeFiles/metal-static.dir/system/freertos/io.c.obj CMakeFiles/metal-static.dir/system/freertos/shmem.c.obj CMakeFiles/metal-static.dir/system/freertos/condition.c.obj CMakeFiles/metal-static.dir/system/freertos/time.c.obj CMakeFiles/metal-static.dir/system/freertos/sleep.c.obj CMakeFiles/metal-static.dir/system/freertos/zynq7/sys.c.obj
/opt/Xilinx_2017v2/SDK/2017.2/gnu/aarch32/lin/gcc-arm-none-eabi/bin/arm-none-eabi-ranlib libmetal.a
[100%] Built target metal-static
Install the project...
-- Install configuration: ""
-- Installing: ../../../include/metal/atomic.h
-- Installing: ../../../include/metal/compiler.h
-- Installing: ../../../include/metal/config.h
-- Installing: ../../../include/metal/device.h
-- Installing: ../../../include/metal/io.h
-- Installing: ../../../include/metal/list.h
-- Installing: ../../../include/metal/log.h
-- Installing: ../../../include/metal/mutex.h
-- Installing: ../../../include/metal/condition.h
-- Installing: ../../../include/metal/shmem.h
-- Installing: ../../../include/metal/sys.h
-- Installing: ../../../include/metal/utilities.h
-- Installing: ../../../include/metal/version.h
-- Installing: ../../../include/metal/cpu.h
-- Installing: ../../../include/metal/spinlock.h
-- Installing: ../../../include/metal/irq.h
-- Installing: ../../../include/metal/alloc.h
-- Installing: ../../../include/metal/cache.h
-- Installing: ../../../include/metal/dma.h
-- Installing: ../../../include/metal/time.h
-- Installing: ../../../include/metal/sleep.h
-- Installing: ../../../include/metal/compiler/gcc/atomic.h
-- Installing: ../../../include/metal/compiler/gcc/compiler.h
-- Installing: ../../../include/metal/processor/arm/atomic.h
-- Installing: ../../../include/metal/processor/arm/cpu.h
-- Installing: ../../../include/metal/system/freertos/sys.h
-- Installing: ../../../include/metal/system/freertos/alloc.h
-- Installing: ../../../include/metal/system/freertos/irq.h
-- Installing: ../../../include/metal/system/freertos/mutex.h
-- Installing: ../../../include/metal/system/freertos/condition.h
-- Installing: ../../../include/metal/system/freertos/zynq7/sys.h
-- Installing: ../../../lib/libmetal.a
Running Make libs in ps7_cortexa9_1/libsrc/xadcps_v2_2/src
make -C ps7_cortexa9_1/libsrc/xadcps_v2_2/src -s libs  "SHELL=/bin/sh" "COMPILER=arm-none-eabi-gcc" "ARCHIVER=arm-none-eabi-ar" "COMPILER_FLAGS=  -O2 -c" "EXTRA_COMPILER_FLAGS=-mcpu=cortex-a9 -mfpu=vfpv3 -mfloat-abi=hard -nostartfiles -Wall -Wextra -DUNDEFINE_FILE_OPS"
Compiling xadcps
Running Make libs in ps7_cortexa9_1/libsrc/devcfg_v3_4/src
make -C ps7_cortexa9_1/libsrc/devcfg_v3_4/src -s libs  "SHELL=/bin/sh" "COMPILER=arm-none-eabi-gcc" "ARCHIVER=arm-none-eabi-ar" "COMPILER_FLAGS=  -O2 -c" "EXTRA_COMPILER_FLAGS=-mcpu=cortex-a9 -mfpu=vfpv3 -mfloat-abi=hard -nostartfiles -Wall -Wextra -DUNDEFINE_FILE_OPS"
Compiling devcfg
Running Make libs in ps7_cortexa9_1/libsrc/sdps_v3_2/src
make -C ps7_cortexa9_1/libsrc/sdps_v3_2/src -s libs  "SHELL=/bin/sh" "COMPILER=arm-none-eabi-gcc" "ARCHIVER=arm-none-eabi-ar" "COMPILER_FLAGS=  -O2 -c" "EXTRA_COMPILER_FLAGS=-mcpu=cortex-a9 -mfpu=vfpv3 -mfloat-abi=hard -nostartfiles -Wall -Wextra -DUNDEFINE_FILE_OPS"
Compiling sdps
Running Make libs in ps7_cortexa9_1/libsrc/scuwdt_v2_1/src
make -C ps7_cortexa9_1/libsrc/scuwdt_v2_1/src -s libs  "SHELL=/bin/sh" "COMPILER=arm-none-eabi-gcc" "ARCHIVER=arm-none-eabi-ar" "COMPILER_FLAGS=  -O2 -c" "EXTRA_COMPILER_FLAGS=-mcpu=cortex-a9 -mfpu=vfpv3 -mfloat-abi=hard -nostartfiles -Wall -Wextra -DUNDEFINE_FILE_OPS"
Compiling scuwdt
Running Make libs in ps7_cortexa9_1/libsrc/uartps_v3_4/src
make -C ps7_cortexa9_1/libsrc/uartps_v3_4/src -s libs  "SHELL=/bin/sh" "COMPILER=arm-none-eabi-gcc" "ARCHIVER=arm-none-eabi-ar" "COMPILER_FLAGS=  -O2 -c" "EXTRA_COMPILER_FLAGS=-mcpu=cortex-a9 -mfpu=vfpv3 -mfloat-abi=hard -nostartfiles -Wall -Wextra -DUNDEFINE_FILE_OPS"
Compiling uartps
Running Make libs in ps7_cortexa9_1/libsrc/usbps_v2_4/src
make -C ps7_cortexa9_1/libsrc/usbps_v2_4/src -s libs  "SHELL=/bin/sh" "COMPILER=arm-none-eabi-gcc" "ARCHIVER=arm-none-eabi-ar" "COMPILER_FLAGS=  -O2 -c" "EXTRA_COMPILER_FLAGS=-mcpu=cortex-a9 -mfpu=vfpv3 -mfloat-abi=hard -nostartfiles -Wall -Wextra -DUNDEFINE_FILE_OPS"
Compiling usbps
Running Make libs in ps7_cortexa9_1/libsrc/coresightps_dcc_v1_4/src
make -C ps7_cortexa9_1/libsrc/coresightps_dcc_v1_4/src -s libs  "SHELL=/bin/sh" "COMPILER=arm-none-eabi-gcc" "ARCHIVER=arm-none-eabi-ar" "COMPILER_FLAGS=  -O2 -c" "EXTRA_COMPILER_FLAGS=-mcpu=cortex-a9 -mfpu=vfpv3 -mfloat-abi=hard -nostartfiles -Wall -Wextra -DUNDEFINE_FILE_OPS"
Compiling coresightps_dcc
Running Make libs in ps7_cortexa9_1/libsrc/openamp_v1_3/src
make -C ps7_cortexa9_1/libsrc/openamp_v1_3/src -s libs  "SHELL=/bin/sh" "COMPILER=arm-none-eabi-gcc" "ARCHIVER=arm-none-eabi-ar" "COMPILER_FLAGS=  -O2 -c" "EXTRA_COMPILER_FLAGS=-mcpu=cortex-a9 -mfpu=vfpv3 -mfloat-abi=hard -nostartfiles -Wall -Wextra -DUNDEFINE_FILE_OPS"
Scanning dependencies of target open_amp-static
[  6%] Building C object lib/CMakeFiles/open_amp-static.dir/common/hil.c.obj
[ 12%] Building C object lib/CMakeFiles/open_amp-static.dir/common/sh_mem.c.obj
[ 18%] Building C object lib/CMakeFiles/open_amp-static.dir/common/firmware.c.obj
[ 25%] Building C object lib/CMakeFiles/open_amp-static.dir/virtio/virtio.c.obj
[ 31%] Building C object lib/CMakeFiles/open_amp-static.dir/virtio/virtqueue.c.obj
[ 37%] Building C object lib/CMakeFiles/open_amp-static.dir/rpmsg/remote_device.c.obj
[ 43%] Building C object lib/CMakeFiles/open_amp-static.dir/rpmsg/rpmsg.c.obj
[ 50%] Building C object lib/CMakeFiles/open_amp-static.dir/rpmsg/rpmsg_core.c.obj
[ 56%] Building C object lib/CMakeFiles/open_amp-static.dir/remoteproc/elf_loader.c.obj
[ 62%] Building C object lib/CMakeFiles/open_amp-static.dir/remoteproc/remoteproc.c.obj
[ 68%] Building C object lib/CMakeFiles/open_amp-static.dir/remoteproc/remoteproc_loader.c.obj
[ 75%] Building C object lib/CMakeFiles/open_amp-static.dir/remoteproc/rsc_table_parser.c.obj
[ 81%] Building C object lib/CMakeFiles/open_amp-static.dir/remoteproc/drivers/zynq_remoteproc_a9.c.obj
[ 87%] Building ASM object lib/CMakeFiles/open_amp-static.dir/remoteproc/drivers/zynq_a9_trampoline.S.obj
[ 93%] Building C object lib/CMakeFiles/open_amp-static.dir/proxy/rpmsg_retarget.c.obj
[100%] Linking C static library libopen_amp.a
/opt/Xilinx_2017v2/SDK/2017.2/gnu/aarch32/lin/gcc-arm-none-eabi/bin/arm-none-eabi-ar cq libopen_amp.a  CMakeFiles/open_amp-static.dir/common/hil.c.obj CMakeFiles/open_amp-static.dir/common/sh_mem.c.obj CMakeFiles/open_amp-static.dir/common/firmware.c.obj CMakeFiles/open_amp-static.dir/virtio/virtio.c.obj CMakeFiles/open_amp-static.dir/virtio/virtqueue.c.obj CMakeFiles/open_amp-static.dir/rpmsg/remote_device.c.obj CMakeFiles/open_amp-static.dir/rpmsg/rpmsg.c.obj CMakeFiles/open_amp-static.dir/rpmsg/rpmsg_core.c.obj CMakeFiles/open_amp-static.dir/remoteproc/elf_loader.c.obj CMakeFiles/open_amp-static.dir/remoteproc/remoteproc.c.obj CMakeFiles/open_amp-static.dir/remoteproc/remoteproc_loader.c.obj CMakeFiles/open_amp-static.dir/remoteproc/rsc_table_parser.c.obj CMakeFiles/open_amp-static.dir/remoteproc/drivers/zynq_remoteproc_a9.c.obj CMakeFiles/open_amp-static.dir/remoteproc/drivers/zynq_a9_trampoline.S.obj CMakeFiles/open_amp-static.dir/proxy/rpmsg_retarget.c.obj
/opt/Xilinx_2017v2/SDK/2017.2/gnu/aarch32/lin/gcc-arm-none-eabi/bin/arm-none-eabi-ranlib libopen_amp.a
[100%] Built target open_amp-static
Install the project...
-- Install configuration: "Debug"
-- Installing: ../../../lib/libopen_amp.a
-- Up-to-date: ../../../include/openamp
-- Installing: ../../../include/openamp/virtqueue.h
-- Installing: ../../../include/openamp/hil.h
-- Installing: ../../../include/openamp/virtio_ring.h
-- Installing: ../../../include/openamp/rpmsg.h
-- Installing: ../../../include/openamp/rsc_table_parser.h
-- Installing: ../../../include/openamp/sh_mem.h
-- Installing: ../../../include/openamp/firmware.h
-- Installing: ../../../include/openamp/rpmsg_retarget.h
-- Installing: ../../../include/openamp/rpmsg_core.h
-- Installing: ../../../include/openamp/virtio.h
-- Installing: ../../../include/openamp/compiler.h
-- Installing: ../../../include/openamp/open_amp.h
-- Installing: ../../../include/openamp/remoteproc_loader.h
-- Installing: ../../../include/openamp/env.h
-- Installing: ../../../include/openamp/remoteproc.h
-- Installing: ../../../include/openamp/elf_loader.h
Running Make libs in ps7_cortexa9_1/libsrc/scutimer_v2_1/src
make -C ps7_cortexa9_1/libsrc/scutimer_v2_1/src -s libs  "SHELL=/bin/sh" "COMPILER=arm-none-eabi-gcc" "ARCHIVER=arm-none-eabi-ar" "COMPILER_FLAGS=  -O2 -c" "EXTRA_COMPILER_FLAGS=-mcpu=cortex-a9 -mfpu=vfpv3 -mfloat-abi=hard -nostartfiles -Wall -Wextra -DUNDEFINE_FILE_OPS"
Compiling scutimer
Finished building libraries
22:58:02 **** Build of configuration Debug for project remoteproc2017 ****
make pre-build main-build 
a9-linaro-pre-build-step
 
Building file: ../src/echo_test.c
Invoking: ARM v7 gcc compiler
arm-none-eabi-gcc -Wall -O0 -g3 -c -fmessage-length=0 -MT"src/echo_test.o" -mcpu=cortex-a9 -mfpu=vfpv3 -mfloat-abi=hard -I../../remoteproc2017_bsp/ps7_cortexa9_1/include -MMD -MP -MF"src/echo_test.d" -MT"src/echo_test.o" -o "src/echo_test.o" "../src/echo_test.c"
Finished building: ../src/echo_test.c
 
Building file: ../src/helper.c
Invoking: ARM v7 gcc compiler
arm-none-eabi-gcc -Wall -O0 -g3 -c -fmessage-length=0 -MT"src/helper.o" -mcpu=cortex-a9 -mfpu=vfpv3 -mfloat-abi=hard -I../../remoteproc2017_bsp/ps7_cortexa9_1/include -MMD -MP -MF"src/helper.d" -MT"src/helper.o" -o "src/helper.o" "../src/helper.c"
Finished building: ../src/helper.c
 
Building file: ../src/platform_info.c
Invoking: ARM v7 gcc compiler
arm-none-eabi-gcc -Wall -O0 -g3 -c -fmessage-length=0 -MT"src/platform_info.o" -mcpu=cortex-a9 -mfpu=vfpv3 -mfloat-abi=hard -I../../remoteproc2017_bsp/ps7_cortexa9_1/include -MMD -MP -MF"src/platform_info.d" -MT"src/platform_info.o" -o "src/platform_info.o" "../src/platform_info.c"
Finished building: ../src/platform_info.c
 
Building file: ../src/rsc_table.c
Invoking: ARM v7 gcc compiler
arm-none-eabi-gcc -Wall -O0 -g3 -c -fmessage-length=0 -MT"src/rsc_table.o" -mcpu=cortex-a9 -mfpu=vfpv3 -mfloat-abi=hard -I../../remoteproc2017_bsp/ps7_cortexa9_1/include -MMD -MP -MF"src/rsc_table.d" -MT"src/rsc_table.o" -o "src/rsc_table.o" "../src/rsc_table.c"
Finished building: ../src/rsc_table.c
 
Building file: ../src/system_helper.c
Invoking: ARM v7 gcc compiler
arm-none-eabi-gcc -Wall -O0 -g3 -c -fmessage-length=0 -MT"src/system_helper.o" -mcpu=cortex-a9 -mfpu=vfpv3 -mfloat-abi=hard -I../../remoteproc2017_bsp/ps7_cortexa9_1/include -MMD -MP -MF"src/system_helper.d" -MT"src/system_helper.o" -o "src/system_helper.o" "../src/system_helper.c"
Finished building: ../src/system_helper.c
 
Building target: remoteproc2017.elf
Invoking: ARM v7 gcc linker
arm-none-eabi-gcc -mcpu=cortex-a9 -mfpu=vfpv3 -mfloat-abi=hard -Wl,-build-id=none -specs=Xilinx.spec -Wl,-T -Wl,../src/lscript.ld -L../../remoteproc2017_bsp/ps7_cortexa9_1/lib -o "remoteproc2017.elf"  ./src/echo_test.o ./src/helper.o ./src/platform_info.o ./src/rsc_table.o ./src/system_helper.o   -Wl,--start-group,-lxil,-lfreertos,-lgcc,-lc,--end-group -Wl,--start-group,-lxil,-lmetal,-lopen_amp,-lgcc,-lc,--end-group -Wl,--start-group,-lxil,-lmetal,-lgcc,-lc,--end-group
Finished building target: remoteproc2017.elf
 
Invoking: ARM v7 Print Size
arm-none-eabi-size remoteproc2017.elf  |tee "remoteproc2017.elf.size"
   text	   data	    bss	    dec	    hex	filename
 142952	   4564	 106128	 253644	  3decc	remoteproc2017.elf
Finished building: remoteproc2017.elf.size
 
22:58:04 **** Auto Build of configuration Debug for project remoteproc2017 ****
make pre-build main-build 
a9-linaro-pre-build-step
 
make: Nothing to be done for 'main-build'.
22:59:12 **** Auto Build of project remoteproc2017_bsp ****
make -k all 
Running Make include in ps7_cortexa9_1/libsrc/qspips_v3_3/src
make -C ps7_cortexa9_1/libsrc/qspips_v3_3/src -s include  "SHELL=/bin/sh" "COMPILER=arm-none-eabi-gcc" "ARCHIVER=arm-none-eabi-ar" "COMPILER_FLAGS=  -O2 -c" "EXTRA_COMPILER_FLAGS=-DUSE_AMP=1 -mcpu=cortex-a9 -mfpu=vfpv3 -mfloat-abi=hard -nostartfiles -Wall -Wextra -DUNDEFINE_FILE_OPS"
Running Make include in ps7_cortexa9_1/libsrc/dmaps_v2_3/src
make -C ps7_cortexa9_1/libsrc/dmaps_v2_3/src -s include  "SHELL=/bin/sh" "COMPILER=arm-none-eabi-gcc" "ARCHIVER=arm-none-eabi-ar" "COMPILER_FLAGS=  -O2 -c" "EXTRA_COMPILER_FLAGS=-DUSE_AMP=1 -mcpu=cortex-a9 -mfpu=vfpv3 -mfloat-abi=hard -nostartfiles -Wall -Wextra -DUNDEFINE_FILE_OPS"
Running Make include in ps7_cortexa9_1/libsrc/ddrps_v1_0/src
make -C ps7_cortexa9_1/libsrc/ddrps_v1_0/src -s include  "SHELL=/bin/sh" "COMPILER=arm-none-eabi-gcc" "ARCHIVER=arm-none-eabi-ar" "COMPILER_FLAGS=  -O2 -c" "EXTRA_COMPILER_FLAGS=-DUSE_AMP=1 -mcpu=cortex-a9 -mfpu=vfpv3 -mfloat-abi=hard -nostartfiles -Wall -Wextra -DUNDEFINE_FILE_OPS"
Running Make include in ps7_cortexa9_1/libsrc/freertos901_xilinx_v1_0/src
make -C ps7_cortexa9_1/libsrc/freertos901_xilinx_v1_0/src -s include  "SHELL=/bin/sh" "COMPILER=arm-none-eabi-gcc" "ARCHIVER=arm-none-eabi-ar" "COMPILER_FLAGS=  -O2 -c" "EXTRA_COMPILER_FLAGS=-DUSE_AMP=1 -mcpu=cortex-a9 -mfpu=vfpv3 -mfloat-abi=hard -nostartfiles -Wall -Wextra -DUNDEFINE_FILE_OPS"
include
Running Make include in ps7_cortexa9_1/libsrc/gpiops_v3_3/src
make -C ps7_cortexa9_1/libsrc/gpiops_v3_3/src -s include  "SHELL=/bin/sh" "COMPILER=arm-none-eabi-gcc" "ARCHIVER=arm-none-eabi-ar" "COMPILER_FLAGS=  -O2 -c" "EXTRA_COMPILER_FLAGS=-DUSE_AMP=1 -mcpu=cortex-a9 -mfpu=vfpv3 -mfloat-abi=hard -nostartfiles -Wall -Wextra -DUNDEFINE_FILE_OPS"
Running Make include in ps7_cortexa9_1/libsrc/scugic_v3_7/src
make -C ps7_cortexa9_1/libsrc/scugic_v3_7/src -s include  "SHELL=/bin/sh" "COMPILER=arm-none-eabi-gcc" "ARCHIVER=arm-none-eabi-ar" "COMPILER_FLAGS=  -O2 -c" "EXTRA_COMPILER_FLAGS=-DUSE_AMP=1 -mcpu=cortex-a9 -mfpu=vfpv3 -mfloat-abi=hard -nostartfiles -Wall -Wextra -DUNDEFINE_FILE_OPS"
Running Make include in ps7_cortexa9_1/libsrc/cpu_cortexa9_v2_4/src
make -C ps7_cortexa9_1/libsrc/cpu_cortexa9_v2_4/src -s include  "SHELL=/bin/sh" "COMPILER=arm-none-eabi-gcc" "ARCHIVER=arm-none-eabi-ar" "COMPILER_FLAGS=  -O2 -c" "EXTRA_COMPILER_FLAGS=-DUSE_AMP=1 -mcpu=cortex-a9 -mfpu=vfpv3 -mfloat-abi=hard -nostartfiles -Wall -Wextra -DUNDEFINE_FILE_OPS"
Running Make include in ps7_cortexa9_1/libsrc/ttcps_v3_3/src
make -C ps7_cortexa9_1/libsrc/ttcps_v3_3/src -s include  "SHELL=/bin/sh" "COMPILER=arm-none-eabi-gcc" "ARCHIVER=arm-none-eabi-ar" "COMPILER_FLAGS=  -O2 -c" "EXTRA_COMPILER_FLAGS=-DUSE_AMP=1 -mcpu=cortex-a9 -mfpu=vfpv3 -mfloat-abi=hard -nostartfiles -Wall -Wextra -DUNDEFINE_FILE_OPS"
Running Make include in ps7_cortexa9_1/libsrc/emacps_v3_4/src
make -C ps7_cortexa9_1/libsrc/emacps_v3_4/src -s include  "SHELL=/bin/sh" "COMPILER=arm-none-eabi-gcc" "ARCHIVER=arm-none-eabi-ar" "COMPILER_FLAGS=  -O2 -c" "EXTRA_COMPILER_FLAGS=-DUSE_AMP=1 -mcpu=cortex-a9 -mfpu=vfpv3 -mfloat-abi=hard -nostartfiles -Wall -Wextra -DUNDEFINE_FILE_OPS"
Running Make include in ps7_cortexa9_1/libsrc/libmetal_v1_2/src
make -C ps7_cortexa9_1/libsrc/libmetal_v1_2/src -s include  "SHELL=/bin/sh" "COMPILER=arm-none-eabi-gcc" "ARCHIVER=arm-none-eabi-ar" "COMPILER_FLAGS=  -O2 -c" "EXTRA_COMPILER_FLAGS=-DUSE_AMP=1 -mcpu=cortex-a9 -mfpu=vfpv3 -mfloat-abi=hard -nostartfiles -Wall -Wextra -DUNDEFINE_FILE_OPS"
Running Make include in ps7_cortexa9_1/libsrc/xadcps_v2_2/src
make -C ps7_cortexa9_1/libsrc/xadcps_v2_2/src -s include  "SHELL=/bin/sh" "COMPILER=arm-none-eabi-gcc" "ARCHIVER=arm-none-eabi-ar" "COMPILER_FLAGS=  -O2 -c" "EXTRA_COMPILER_FLAGS=-DUSE_AMP=1 -mcpu=cortex-a9 -mfpu=vfpv3 -mfloat-abi=hard -nostartfiles -Wall -Wextra -DUNDEFINE_FILE_OPS"
Running Make include in ps7_cortexa9_1/libsrc/devcfg_v3_4/src
make -C ps7_cortexa9_1/libsrc/devcfg_v3_4/src -s include  "SHELL=/bin/sh" "COMPILER=arm-none-eabi-gcc" "ARCHIVER=arm-none-eabi-ar" "COMPILER_FLAGS=  -O2 -c" "EXTRA_COMPILER_FLAGS=-DUSE_AMP=1 -mcpu=cortex-a9 -mfpu=vfpv3 -mfloat-abi=hard -nostartfiles -Wall -Wextra -DUNDEFINE_FILE_OPS"
Running Make include in ps7_cortexa9_1/libsrc/sdps_v3_2/src
make -C ps7_cortexa9_1/libsrc/sdps_v3_2/src -s include  "SHELL=/bin/sh" "COMPILER=arm-none-eabi-gcc" "ARCHIVER=arm-none-eabi-ar" "COMPILER_FLAGS=  -O2 -c" "EXTRA_COMPILER_FLAGS=-DUSE_AMP=1 -mcpu=cortex-a9 -mfpu=vfpv3 -mfloat-abi=hard -nostartfiles -Wall -Wextra -DUNDEFINE_FILE_OPS"
Running Make include in ps7_cortexa9_1/libsrc/scuwdt_v2_1/src
make -C ps7_cortexa9_1/libsrc/scuwdt_v2_1/src -s include  "SHELL=/bin/sh" "COMPILER=arm-none-eabi-gcc" "ARCHIVER=arm-none-eabi-ar" "COMPILER_FLAGS=  -O2 -c" "EXTRA_COMPILER_FLAGS=-DUSE_AMP=1 -mcpu=cortex-a9 -mfpu=vfpv3 -mfloat-abi=hard -nostartfiles -Wall -Wextra -DUNDEFINE_FILE_OPS"
Running Make include in ps7_cortexa9_1/libsrc/uartps_v3_4/src
make -C ps7_cortexa9_1/libsrc/uartps_v3_4/src -s include  "SHELL=/bin/sh" "COMPILER=arm-none-eabi-gcc" "ARCHIVER=arm-none-eabi-ar" "COMPILER_FLAGS=  -O2 -c" "EXTRA_COMPILER_FLAGS=-DUSE_AMP=1 -mcpu=cortex-a9 -mfpu=vfpv3 -mfloat-abi=hard -nostartfiles -Wall -Wextra -DUNDEFINE_FILE_OPS"
Running Make include in ps7_cortexa9_1/libsrc/usbps_v2_4/src
make -C ps7_cortexa9_1/libsrc/usbps_v2_4/src -s include  "SHELL=/bin/sh" "COMPILER=arm-none-eabi-gcc" "ARCHIVER=arm-none-eabi-ar" "COMPILER_FLAGS=  -O2 -c" "EXTRA_COMPILER_FLAGS=-DUSE_AMP=1 -mcpu=cortex-a9 -mfpu=vfpv3 -mfloat-abi=hard -nostartfiles -Wall -Wextra -DUNDEFINE_FILE_OPS"
Running Make include in ps7_cortexa9_1/libsrc/coresightps_dcc_v1_4/src
make -C ps7_cortexa9_1/libsrc/coresightps_dcc_v1_4/src -s include  "SHELL=/bin/sh" "COMPILER=arm-none-eabi-gcc" "ARCHIVER=arm-none-eabi-ar" "COMPILER_FLAGS=  -O2 -c" "EXTRA_COMPILER_FLAGS=-DUSE_AMP=1 -mcpu=cortex-a9 -mfpu=vfpv3 -mfloat-abi=hard -nostartfiles -Wall -Wextra -DUNDEFINE_FILE_OPS"
Running Make include in ps7_cortexa9_1/libsrc/openamp_v1_3/src
make -C ps7_cortexa9_1/libsrc/openamp_v1_3/src -s include  "SHELL=/bin/sh" "COMPILER=arm-none-eabi-gcc" "ARCHIVER=arm-none-eabi-ar" "COMPILER_FLAGS=  -O2 -c" "EXTRA_COMPILER_FLAGS=-DUSE_AMP=1 -mcpu=cortex-a9 -mfpu=vfpv3 -mfloat-abi=hard -nostartfiles -Wall -Wextra -DUNDEFINE_FILE_OPS"
Running Make include in ps7_cortexa9_1/libsrc/scutimer_v2_1/src
make -C ps7_cortexa9_1/libsrc/scutimer_v2_1/src -s include  "SHELL=/bin/sh" "COMPILER=arm-none-eabi-gcc" "ARCHIVER=arm-none-eabi-ar" "COMPILER_FLAGS=  -O2 -c" "EXTRA_COMPILER_FLAGS=-DUSE_AMP=1 -mcpu=cortex-a9 -mfpu=vfpv3 -mfloat-abi=hard -nostartfiles -Wall -Wextra -DUNDEFINE_FILE_OPS"
Running Make libs in ps7_cortexa9_1/libsrc/qspips_v3_3/src
make -C ps7_cortexa9_1/libsrc/qspips_v3_3/src -s libs  "SHELL=/bin/sh" "COMPILER=arm-none-eabi-gcc" "ARCHIVER=arm-none-eabi-ar" "COMPILER_FLAGS=  -O2 -c" "EXTRA_COMPILER_FLAGS=-DUSE_AMP=1 -mcpu=cortex-a9 -mfpu=vfpv3 -mfloat-abi=hard -nostartfiles -Wall -Wextra -DUNDEFINE_FILE_OPS"
Compiling qspips
arm-none-eabi-ar: creating ../../../lib/libxil.a
Running Make libs in ps7_cortexa9_1/libsrc/dmaps_v2_3/src
make -C ps7_cortexa9_1/libsrc/dmaps_v2_3/src -s libs  "SHELL=/bin/sh" "COMPILER=arm-none-eabi-gcc" "ARCHIVER=arm-none-eabi-ar" "COMPILER_FLAGS=  -O2 -c" "EXTRA_COMPILER_FLAGS=-DUSE_AMP=1 -mcpu=cortex-a9 -mfpu=vfpv3 -mfloat-abi=hard -nostartfiles -Wall -Wextra -DUNDEFINE_FILE_OPS"
Compiling dmaps
Running Make libs in ps7_cortexa9_1/libsrc/ddrps_v1_0/src
make -C ps7_cortexa9_1/libsrc/ddrps_v1_0/src -s libs  "SHELL=/bin/sh" "COMPILER=arm-none-eabi-gcc" "ARCHIVER=arm-none-eabi-ar" "COMPILER_FLAGS=  -O2 -c" "EXTRA_COMPILER_FLAGS=-DUSE_AMP=1 -mcpu=cortex-a9 -mfpu=vfpv3 -mfloat-abi=hard -nostartfiles -Wall -Wextra -DUNDEFINE_FILE_OPS"
Compiling ddrps
Running Make libs in ps7_cortexa9_1/libsrc/freertos901_xilinx_v1_0/src
make -C ps7_cortexa9_1/libsrc/freertos901_xilinx_v1_0/src -s libs  "SHELL=/bin/sh" "COMPILER=arm-none-eabi-gcc" "ARCHIVER=arm-none-eabi-ar" "COMPILER_FLAGS=  -O2 -c" "EXTRA_COMPILER_FLAGS=-DUSE_AMP=1 -mcpu=cortex-a9 -mfpu=vfpv3 -mfloat-abi=hard -nostartfiles -Wall -Wextra -DUNDEFINE_FILE_OPS"
Compiling standalone
xil_cache.c: In function 'Xil_DCacheInvalidateRange':
xil_cache.c:338:16: warning: unused variable 'L2CCOffset' [-Wunused-variable]
  volatile u32 *L2CCOffset = (volatile u32 *)(XPS_L2CC_BASEADDR +
                ^~~~~~~~~~
xil_cache.c: In function 'Xil_DCacheFlushRange':
xil_cache.c:483:16: warning: unused variable 'L2CCOffset' [-Wunused-variable]
  volatile u32 *L2CCOffset = (volatile u32 *)(XPS_L2CC_BASEADDR +
                ^~~~~~~~~~
xil_cache.c: In function 'Xil_ICacheInvalidateRange':
xil_cache.c:656:16: warning: unused variable 'L2CCOffset' [-Wunused-variable]
  volatile u32 *L2CCOffset = (volatile u32 *)(XPS_L2CC_BASEADDR +
                ^~~~~~~~~~
Compiling FreeRTOS
arm-none-eabi-ar: creating ../../../lib/libfreertos.a
Running Make libs in ps7_cortexa9_1/libsrc/gpiops_v3_3/src
make -C ps7_cortexa9_1/libsrc/gpiops_v3_3/src -s libs  "SHELL=/bin/sh" "COMPILER=arm-none-eabi-gcc" "ARCHIVER=arm-none-eabi-ar" "COMPILER_FLAGS=  -O2 -c" "EXTRA_COMPILER_FLAGS=-DUSE_AMP=1 -mcpu=cortex-a9 -mfpu=vfpv3 -mfloat-abi=hard -nostartfiles -Wall -Wextra -DUNDEFINE_FILE_OPS"
Compiling gpiops
Running Make libs in ps7_cortexa9_1/libsrc/scugic_v3_7/src
make -C ps7_cortexa9_1/libsrc/scugic_v3_7/src -s libs  "SHELL=/bin/sh" "COMPILER=arm-none-eabi-gcc" "ARCHIVER=arm-none-eabi-ar" "COMPILER_FLAGS=  -O2 -c" "EXTRA_COMPILER_FLAGS=-DUSE_AMP=1 -mcpu=cortex-a9 -mfpu=vfpv3 -mfloat-abi=hard -nostartfiles -Wall -Wextra -DUNDEFINE_FILE_OPS"
Compiling scugic
xscugic_hw.c: In function 'DistInit':
xscugic_hw.c:122:3: warning: #warning "Building GIC for AMP" [-Wcpp]
  #warning "Building GIC for AMP"
   ^~~~~~~
xscugic_g.c:53:2: warning: missing initializer for field 'HandlerTable' of 'XScuGic_Config {aka struct <anonymous>}' [-Wmissing-field-initializers]
  }
  ^
In file included from xscugic_g.c:41:0:
xscugic.h:218:27: note: 'HandlerTable' declared here
  XScuGic_VectorTableEntry HandlerTable[XSCUGIC_MAX_NUM_INTR_INPUTS];/**<
                           ^~~~~~~~~~~~
xscugic.c: In function 'DistributorInit':
xscugic.c:255:2: warning: #warning "Building GIC for AMP" [-Wcpp]
 #warning "Building GIC for AMP"
  ^~~~~~~
Running Make libs in ps7_cortexa9_1/libsrc/cpu_cortexa9_v2_4/src
make -C ps7_cortexa9_1/libsrc/cpu_cortexa9_v2_4/src -s libs  "SHELL=/bin/sh" "COMPILER=arm-none-eabi-gcc" "ARCHIVER=arm-none-eabi-ar" "COMPILER_FLAGS=  -O2 -c" "EXTRA_COMPILER_FLAGS=-DUSE_AMP=1 -mcpu=cortex-a9 -mfpu=vfpv3 -mfloat-abi=hard -nostartfiles -Wall -Wextra -DUNDEFINE_FILE_OPS"
Compiling cpu_cortexa9
Running Make libs in ps7_cortexa9_1/libsrc/ttcps_v3_3/src
make -C ps7_cortexa9_1/libsrc/ttcps_v3_3/src -s libs  "SHELL=/bin/sh" "COMPILER=arm-none-eabi-gcc" "ARCHIVER=arm-none-eabi-ar" "COMPILER_FLAGS=  -O2 -c" "EXTRA_COMPILER_FLAGS=-DUSE_AMP=1 -mcpu=cortex-a9 -mfpu=vfpv3 -mfloat-abi=hard -nostartfiles -Wall -Wextra -DUNDEFINE_FILE_OPS"
Compiling ttcps
Running Make libs in ps7_cortexa9_1/libsrc/emacps_v3_4/src
make -C ps7_cortexa9_1/libsrc/emacps_v3_4/src -s libs  "SHELL=/bin/sh" "COMPILER=arm-none-eabi-gcc" "ARCHIVER=arm-none-eabi-ar" "COMPILER_FLAGS=  -O2 -c" "EXTRA_COMPILER_FLAGS=-DUSE_AMP=1 -mcpu=cortex-a9 -mfpu=vfpv3 -mfloat-abi=hard -nostartfiles -Wall -Wextra -DUNDEFINE_FILE_OPS"
Compiling emacps
Running Make libs in ps7_cortexa9_1/libsrc/libmetal_v1_2/src
make -C ps7_cortexa9_1/libsrc/libmetal_v1_2/src -s libs  "SHELL=/bin/sh" "COMPILER=arm-none-eabi-gcc" "ARCHIVER=arm-none-eabi-ar" "COMPILER_FLAGS=  -O2 -c" "EXTRA_COMPILER_FLAGS=-DUSE_AMP=1 -mcpu=cortex-a9 -mfpu=vfpv3 -mfloat-abi=hard -nostartfiles -Wall -Wextra -DUNDEFINE_FILE_OPS"
Scanning dependencies of target metal-static
[  5%] Building C object lib/CMakeFiles/metal-static.dir/device.c.obj
[ 11%] Building C object lib/CMakeFiles/metal-static.dir/init.c.obj
[ 17%] Building C object lib/CMakeFiles/metal-static.dir/log.c.obj
[ 23%] Building C object lib/CMakeFiles/metal-static.dir/shmem.c.obj
[ 29%] Building C object lib/CMakeFiles/metal-static.dir/version.c.obj
[ 35%] Building C object lib/CMakeFiles/metal-static.dir/dma.c.obj
[ 41%] Building C object lib/CMakeFiles/metal-static.dir/io.c.obj
[ 47%] Building C object lib/CMakeFiles/metal-static.dir/system/freertos/init.c.obj
[ 52%] Building C object lib/CMakeFiles/metal-static.dir/system/freertos/irq.c.obj
[ 58%] Building C object lib/CMakeFiles/metal-static.dir/system/freertos/cache.c.obj
[ 64%] Building C object lib/CMakeFiles/metal-static.dir/system/freertos/io.c.obj
[ 70%] Building C object lib/CMakeFiles/metal-static.dir/system/freertos/shmem.c.obj
[ 76%] Building C object lib/CMakeFiles/metal-static.dir/system/freertos/condition.c.obj
[ 82%] Building C object lib/CMakeFiles/metal-static.dir/system/freertos/time.c.obj
[ 88%] Building C object lib/CMakeFiles/metal-static.dir/system/freertos/sleep.c.obj
[ 94%] Building C object lib/CMakeFiles/metal-static.dir/system/freertos/zynq7/sys.c.obj
[100%] Linking C static library libmetal.a
/opt/Xilinx_2017v2/SDK/2017.2/gnu/aarch32/lin/gcc-arm-none-eabi/bin/arm-none-eabi-ar cq libmetal.a  CMakeFiles/metal-static.dir/device.c.obj CMakeFiles/metal-static.dir/init.c.obj CMakeFiles/metal-static.dir/log.c.obj CMakeFiles/metal-static.dir/shmem.c.obj CMakeFiles/metal-static.dir/version.c.obj CMakeFiles/metal-static.dir/dma.c.obj CMakeFiles/metal-static.dir/io.c.obj CMakeFiles/metal-static.dir/system/freertos/init.c.obj CMakeFiles/metal-static.dir/system/freertos/irq.c.obj CMakeFiles/metal-static.dir/system/freertos/cache.c.obj CMakeFiles/metal-static.dir/system/freertos/io.c.obj CMakeFiles/metal-static.dir/system/freertos/shmem.c.obj CMakeFiles/metal-static.dir/system/freertos/condition.c.obj CMakeFiles/metal-static.dir/system/freertos/time.c.obj CMakeFiles/metal-static.dir/system/freertos/sleep.c.obj CMakeFiles/metal-static.dir/system/freertos/zynq7/sys.c.obj
/opt/Xilinx_2017v2/SDK/2017.2/gnu/aarch32/lin/gcc-arm-none-eabi/bin/arm-none-eabi-ranlib libmetal.a
[100%] Built target metal-static
Install the project...
-- Install configuration: ""
-- Installing: ../../../include/metal/atomic.h
-- Installing: ../../../include/metal/compiler.h
-- Installing: ../../../include/metal/config.h
-- Installing: ../../../include/metal/device.h
-- Installing: ../../../include/metal/io.h
-- Installing: ../../../include/metal/list.h
-- Installing: ../../../include/metal/log.h
-- Installing: ../../../include/metal/mutex.h
-- Installing: ../../../include/metal/condition.h
-- Installing: ../../../include/metal/shmem.h
-- Installing: ../../../include/metal/sys.h
-- Installing: ../../../include/metal/utilities.h
-- Installing: ../../../include/metal/version.h
-- Installing: ../../../include/metal/cpu.h
-- Installing: ../../../include/metal/spinlock.h
-- Installing: ../../../include/metal/irq.h
-- Installing: ../../../include/metal/alloc.h
-- Installing: ../../../include/metal/cache.h
-- Installing: ../../../include/metal/dma.h
-- Installing: ../../../include/metal/time.h
-- Installing: ../../../include/metal/sleep.h
-- Installing: ../../../include/metal/compiler/gcc/atomic.h
-- Installing: ../../../include/metal/compiler/gcc/compiler.h
-- Installing: ../../../include/metal/processor/arm/atomic.h
-- Installing: ../../../include/metal/processor/arm/cpu.h
-- Installing: ../../../include/metal/system/freertos/sys.h
-- Installing: ../../../include/metal/system/freertos/alloc.h
-- Installing: ../../../include/metal/system/freertos/irq.h
-- Installing: ../../../include/metal/system/freertos/mutex.h
-- Installing: ../../../include/metal/system/freertos/condition.h
-- Installing: ../../../include/metal/system/freertos/zynq7/sys.h
-- Installing: ../../../lib/libmetal.a
Running Make libs in ps7_cortexa9_1/libsrc/xadcps_v2_2/src
make -C ps7_cortexa9_1/libsrc/xadcps_v2_2/src -s libs  "SHELL=/bin/sh" "COMPILER=arm-none-eabi-gcc" "ARCHIVER=arm-none-eabi-ar" "COMPILER_FLAGS=  -O2 -c" "EXTRA_COMPILER_FLAGS=-DUSE_AMP=1 -mcpu=cortex-a9 -mfpu=vfpv3 -mfloat-abi=hard -nostartfiles -Wall -Wextra -DUNDEFINE_FILE_OPS"
Compiling xadcps
Running Make libs in ps7_cortexa9_1/libsrc/devcfg_v3_4/src
make -C ps7_cortexa9_1/libsrc/devcfg_v3_4/src -s libs  "SHELL=/bin/sh" "COMPILER=arm-none-eabi-gcc" "ARCHIVER=arm-none-eabi-ar" "COMPILER_FLAGS=  -O2 -c" "EXTRA_COMPILER_FLAGS=-DUSE_AMP=1 -mcpu=cortex-a9 -mfpu=vfpv3 -mfloat-abi=hard -nostartfiles -Wall -Wextra -DUNDEFINE_FILE_OPS"
Compiling devcfg
Running Make libs in ps7_cortexa9_1/libsrc/sdps_v3_2/src
make -C ps7_cortexa9_1/libsrc/sdps_v3_2/src -s libs  "SHELL=/bin/sh" "COMPILER=arm-none-eabi-gcc" "ARCHIVER=arm-none-eabi-ar" "COMPILER_FLAGS=  -O2 -c" "EXTRA_COMPILER_FLAGS=-DUSE_AMP=1 -mcpu=cortex-a9 -mfpu=vfpv3 -mfloat-abi=hard -nostartfiles -Wall -Wextra -DUNDEFINE_FILE_OPS"
Compiling sdps
Running Make libs in ps7_cortexa9_1/libsrc/scuwdt_v2_1/src
make -C ps7_cortexa9_1/libsrc/scuwdt_v2_1/src -s libs  "SHELL=/bin/sh" "COMPILER=arm-none-eabi-gcc" "ARCHIVER=arm-none-eabi-ar" "COMPILER_FLAGS=  -O2 -c" "EXTRA_COMPILER_FLAGS=-DUSE_AMP=1 -mcpu=cortex-a9 -mfpu=vfpv3 -mfloat-abi=hard -nostartfiles -Wall -Wextra -DUNDEFINE_FILE_OPS"
Compiling scuwdt
Running Make libs in ps7_cortexa9_1/libsrc/uartps_v3_4/src
make -C ps7_cortexa9_1/libsrc/uartps_v3_4/src -s libs  "SHELL=/bin/sh" "COMPILER=arm-none-eabi-gcc" "ARCHIVER=arm-none-eabi-ar" "COMPILER_FLAGS=  -O2 -c" "EXTRA_COMPILER_FLAGS=-DUSE_AMP=1 -mcpu=cortex-a9 -mfpu=vfpv3 -mfloat-abi=hard -nostartfiles -Wall -Wextra -DUNDEFINE_FILE_OPS"
Compiling uartps
Running Make libs in ps7_cortexa9_1/libsrc/usbps_v2_4/src
make -C ps7_cortexa9_1/libsrc/usbps_v2_4/src -s libs  "SHELL=/bin/sh" "COMPILER=arm-none-eabi-gcc" "ARCHIVER=arm-none-eabi-ar" "COMPILER_FLAGS=  -O2 -c" "EXTRA_COMPILER_FLAGS=-DUSE_AMP=1 -mcpu=cortex-a9 -mfpu=vfpv3 -mfloat-abi=hard -nostartfiles -Wall -Wextra -DUNDEFINE_FILE_OPS"
Compiling usbps
Running Make libs in ps7_cortexa9_1/libsrc/coresightps_dcc_v1_4/src
make -C ps7_cortexa9_1/libsrc/coresightps_dcc_v1_4/src -s libs  "SHELL=/bin/sh" "COMPILER=arm-none-eabi-gcc" "ARCHIVER=arm-none-eabi-ar" "COMPILER_FLAGS=  -O2 -c" "EXTRA_COMPILER_FLAGS=-DUSE_AMP=1 -mcpu=cortex-a9 -mfpu=vfpv3 -mfloat-abi=hard -nostartfiles -Wall -Wextra -DUNDEFINE_FILE_OPS"
Compiling coresightps_dcc
Running Make libs in ps7_cortexa9_1/libsrc/openamp_v1_3/src
make -C ps7_cortexa9_1/libsrc/openamp_v1_3/src -s libs  "SHELL=/bin/sh" "COMPILER=arm-none-eabi-gcc" "ARCHIVER=arm-none-eabi-ar" "COMPILER_FLAGS=  -O2 -c" "EXTRA_COMPILER_FLAGS=-DUSE_AMP=1 -mcpu=cortex-a9 -mfpu=vfpv3 -mfloat-abi=hard -nostartfiles -Wall -Wextra -DUNDEFINE_FILE_OPS"
Scanning dependencies of target open_amp-static
[  6%] Building C object lib/CMakeFiles/open_amp-static.dir/common/hil.c.obj
[ 12%] Building C object lib/CMakeFiles/open_amp-static.dir/common/sh_mem.c.obj
[ 18%] Building C object lib/CMakeFiles/open_amp-static.dir/common/firmware.c.obj
[ 25%] Building C object lib/CMakeFiles/open_amp-static.dir/virtio/virtio.c.obj
[ 31%] Building C object lib/CMakeFiles/open_amp-static.dir/virtio/virtqueue.c.obj
[ 37%] Building C object lib/CMakeFiles/open_amp-static.dir/rpmsg/remote_device.c.obj
[ 43%] Building C object lib/CMakeFiles/open_amp-static.dir/rpmsg/rpmsg.c.obj
[ 50%] Building C object lib/CMakeFiles/open_amp-static.dir/rpmsg/rpmsg_core.c.obj
[ 56%] Building C object lib/CMakeFiles/open_amp-static.dir/remoteproc/elf_loader.c.obj
[ 62%] Building C object lib/CMakeFiles/open_amp-static.dir/remoteproc/remoteproc.c.obj
[ 68%] Building C object lib/CMakeFiles/open_amp-static.dir/remoteproc/remoteproc_loader.c.obj
[ 75%] Building C object lib/CMakeFiles/open_amp-static.dir/remoteproc/rsc_table_parser.c.obj
[ 81%] Building C object lib/CMakeFiles/open_amp-static.dir/remoteproc/drivers/zynq_remoteproc_a9.c.obj
[ 87%] Building ASM object lib/CMakeFiles/open_amp-static.dir/remoteproc/drivers/zynq_a9_trampoline.S.obj
[ 93%] Building C object lib/CMakeFiles/open_amp-static.dir/proxy/rpmsg_retarget.c.obj
[100%] Linking C static library libopen_amp.a
/opt/Xilinx_2017v2/SDK/2017.2/gnu/aarch32/lin/gcc-arm-none-eabi/bin/arm-none-eabi-ar cq libopen_amp.a  CMakeFiles/open_amp-static.dir/common/hil.c.obj CMakeFiles/open_amp-static.dir/common/sh_mem.c.obj CMakeFiles/open_amp-static.dir/common/firmware.c.obj CMakeFiles/open_amp-static.dir/virtio/virtio.c.obj CMakeFiles/open_amp-static.dir/virtio/virtqueue.c.obj CMakeFiles/open_amp-static.dir/rpmsg/remote_device.c.obj CMakeFiles/open_amp-static.dir/rpmsg/rpmsg.c.obj CMakeFiles/open_amp-static.dir/rpmsg/rpmsg_core.c.obj CMakeFiles/open_amp-static.dir/remoteproc/elf_loader.c.obj CMakeFiles/open_amp-static.dir/remoteproc/remoteproc.c.obj CMakeFiles/open_amp-static.dir/remoteproc/remoteproc_loader.c.obj CMakeFiles/open_amp-static.dir/remoteproc/rsc_table_parser.c.obj CMakeFiles/open_amp-static.dir/remoteproc/drivers/zynq_remoteproc_a9.c.obj CMakeFiles/open_amp-static.dir/remoteproc/drivers/zynq_a9_trampoline.S.obj CMakeFiles/open_amp-static.dir/proxy/rpmsg_retarget.c.obj
/opt/Xilinx_2017v2/SDK/2017.2/gnu/aarch32/lin/gcc-arm-none-eabi/bin/arm-none-eabi-ranlib libopen_amp.a
[100%] Built target open_amp-static
Install the project...
-- Install configuration: "Debug"
-- Installing: ../../../lib/libopen_amp.a
-- Up-to-date: ../../../include/openamp
-- Installing: ../../../include/openamp/virtqueue.h
-- Installing: ../../../include/openamp/hil.h
-- Installing: ../../../include/openamp/virtio_ring.h
-- Installing: ../../../include/openamp/rpmsg.h
-- Installing: ../../../include/openamp/rsc_table_parser.h
-- Installing: ../../../include/openamp/sh_mem.h
-- Installing: ../../../include/openamp/firmware.h
-- Installing: ../../../include/openamp/rpmsg_retarget.h
-- Installing: ../../../include/openamp/rpmsg_core.h
-- Installing: ../../../include/openamp/virtio.h
-- Installing: ../../../include/openamp/compiler.h
-- Installing: ../../../include/openamp/open_amp.h
-- Installing: ../../../include/openamp/remoteproc_loader.h
-- Installing: ../../../include/openamp/env.h
-- Installing: ../../../include/openamp/remoteproc.h
-- Installing: ../../../include/openamp/elf_loader.h
Running Make libs in ps7_cortexa9_1/libsrc/scutimer_v2_1/src
make -C ps7_cortexa9_1/libsrc/scutimer_v2_1/src -s libs  "SHELL=/bin/sh" "COMPILER=arm-none-eabi-gcc" "ARCHIVER=arm-none-eabi-ar" "COMPILER_FLAGS=  -O2 -c" "EXTRA_COMPILER_FLAGS=-DUSE_AMP=1 -mcpu=cortex-a9 -mfpu=vfpv3 -mfloat-abi=hard -nostartfiles -Wall -Wextra -DUNDEFINE_FILE_OPS"
Compiling scutimer
Finished building libraries
22:59:23 **** Auto Build of configuration Debug for project remoteproc2017 ****
make pre-build main-build 
a9-linaro-pre-build-step
 
Building file: ../src/echo_test.c
Invoking: ARM v7 gcc compiler
arm-none-eabi-gcc -Wall -O0 -g3 -c -fmessage-length=0 -MT"src/echo_test.o" -mcpu=cortex-a9 -mfpu=vfpv3 -mfloat-abi=hard -I../../remoteproc2017_bsp/ps7_cortexa9_1/include -MMD -MP -MF"src/echo_test.d" -MT"src/echo_test.o" -o "src/echo_test.o" "../src/echo_test.c"
Finished building: ../src/echo_test.c
 
Building file: ../src/helper.c
Invoking: ARM v7 gcc compiler
arm-none-eabi-gcc -Wall -O0 -g3 -c -fmessage-length=0 -MT"src/helper.o" -mcpu=cortex-a9 -mfpu=vfpv3 -mfloat-abi=hard -I../../remoteproc2017_bsp/ps7_cortexa9_1/include -MMD -MP -MF"src/helper.d" -MT"src/helper.o" -o "src/helper.o" "../src/helper.c"
Finished building: ../src/helper.c
 
Building file: ../src/platform_info.c
Invoking: ARM v7 gcc compiler
arm-none-eabi-gcc -Wall -O0 -g3 -c -fmessage-length=0 -MT"src/platform_info.o" -mcpu=cortex-a9 -mfpu=vfpv3 -mfloat-abi=hard -I../../remoteproc2017_bsp/ps7_cortexa9_1/include -MMD -MP -MF"src/platform_info.d" -MT"src/platform_info.o" -o "src/platform_info.o" "../src/platform_info.c"
Finished building: ../src/platform_info.c
 
Building file: ../src/rsc_table.c
Invoking: ARM v7 gcc compiler
arm-none-eabi-gcc -Wall -O0 -g3 -c -fmessage-length=0 -MT"src/rsc_table.o" -mcpu=cortex-a9 -mfpu=vfpv3 -mfloat-abi=hard -I../../remoteproc2017_bsp/ps7_cortexa9_1/include -MMD -MP -MF"src/rsc_table.d" -MT"src/rsc_table.o" -o "src/rsc_table.o" "../src/rsc_table.c"
Finished building: ../src/rsc_table.c
 
Building file: ../src/system_helper.c
Invoking: ARM v7 gcc compiler
arm-none-eabi-gcc -Wall -O0 -g3 -c -fmessage-length=0 -MT"src/system_helper.o" -mcpu=cortex-a9 -mfpu=vfpv3 -mfloat-abi=hard -I../../remoteproc2017_bsp/ps7_cortexa9_1/include -MMD -MP -MF"src/system_helper.d" -MT"src/system_helper.o" -o "src/system_helper.o" "../src/system_helper.c"
Finished building: ../src/system_helper.c
 
Building target: remoteproc2017.elf
Invoking: ARM v7 gcc linker
arm-none-eabi-gcc -mcpu=cortex-a9 -mfpu=vfpv3 -mfloat-abi=hard -Wl,-build-id=none -specs=Xilinx.spec -Wl,-T -Wl,../src/lscript.ld -L../../remoteproc2017_bsp/ps7_cortexa9_1/lib -o "remoteproc2017.elf"  ./src/echo_test.o ./src/helper.o ./src/platform_info.o ./src/rsc_table.o ./src/system_helper.o   -Wl,--start-group,-lxil,-lfreertos,-lgcc,-lc,--end-group -Wl,--start-group,-lxil,-lmetal,-lopen_amp,-lgcc,-lc,--end-group -Wl,--start-group,-lxil,-lmetal,-lgcc,-lc,--end-group
Finished building target: remoteproc2017.elf
 
Invoking: ARM v7 Print Size
arm-none-eabi-size remoteproc2017.elf  |tee "remoteproc2017.elf.size"
   text	   data	    bss	    dec	    hex	filename
 141384	   4564	 106128	 252076	  3d8ac	remoteproc2017.elf
Finished building: remoteproc2017.elf.size
 
22:59:44 **** Auto Build of configuration Debug for project remoteproc2017 ****
make pre-build main-build 
a9-linaro-pre-build-step
 
Building file: ../src/echo_test.c
Invoking: ARM v7 gcc compiler
arm-none-eabi-gcc -Wall -O0 -g3 -c -fmessage-length=0 -MT"src/echo_test.o" -mcpu=cortex-a9 -mfpu=vfpv3 -mfloat-abi=hard -I../../remoteproc2017_bsp/ps7_cortexa9_1/include -MMD -MP -MF"src/echo_test.d" -MT"src/echo_test.o" -o "src/echo_test.o" "../src/echo_test.c"
../src/echo_test.c:155:1: error: expected '=', ',', ';', 'asm' or '__attribute__' before 'int'
 int app(struct hil_proc *hproc)
 ^~~
../src/echo_test.c: In function 'processing':
../src/echo_test.c:256:11: warning: implicit declaration of function 'app' [-Wimplicit-function-declaration]
    (void) app(hproc);
           ^~~
At top level:
../src/echo_test.c:143:13: warning: 'rpmsg_channel_deleted' defined but not used [-Wunused-function]
 static void rpmsg_channel_deleted(struct rpmsg_channel *rp_chnl)
             ^~~~~~~~~~~~~~~~~~~~~
../src/echo_test.c:136:13: warning: 'rpmsg_channel_created' defined but not used [-Wunused-function]
 static void rpmsg_channel_created(struct rpmsg_channel *rp_chnl)
             ^~~~~~~~~~~~~~~~~~~~~
../src/echo_test.c:108:13: warning: 'virtio_rst_cb' defined but not used [-Wunused-function]
 static void virtio_rst_cb(struct hil_proc *hproc, int id)
             ^~~~~~~~~~~~~
src/subdir.mk:33: recipe for target 'src/echo_test.o' failed
make: *** [src/echo_test.o] Error 1
22:59:48 **** Auto Build of configuration Debug for project remoteproc2017 ****
make pre-build main-build 
a9-linaro-pre-build-step
 
Building file: ../src/echo_test.c
Invoking: ARM v7 gcc compiler
arm-none-eabi-gcc -Wall -O0 -g3 -c -fmessage-length=0 -MT"src/echo_test.o" -mcpu=cortex-a9 -mfpu=vfpv3 -mfloat-abi=hard -I../../remoteproc2017_bsp/ps7_cortexa9_1/include -MMD -MP -MF"src/echo_test.d" -MT"src/echo_test.o" -o "src/echo_test.o" "../src/echo_test.c"
Finished building: ../src/echo_test.c
 
Building target: remoteproc2017.elf
Invoking: ARM v7 gcc linker
arm-none-eabi-gcc -mcpu=cortex-a9 -mfpu=vfpv3 -mfloat-abi=hard -Wl,-build-id=none -specs=Xilinx.spec -Wl,-T -Wl,../src/lscript.ld -L../../remoteproc2017_bsp/ps7_cortexa9_1/lib -o "remoteproc2017.elf"  ./src/echo_test.o ./src/helper.o ./src/platform_info.o ./src/rsc_table.o ./src/system_helper.o   -Wl,--start-group,-lxil,-lfreertos,-lgcc,-lc,--end-group -Wl,--start-group,-lxil,-lmetal,-lopen_amp,-lgcc,-lc,--end-group -Wl,--start-group,-lxil,-lmetal,-lgcc,-lc,--end-group
Finished building target: remoteproc2017.elf
 
Invoking: ARM v7 Print Size
arm-none-eabi-size remoteproc2017.elf  |tee "remoteproc2017.elf.size"
   text	   data	    bss	    dec	    hex	filename
 141384	   4564	 106128	 252076	  3d8ac	remoteproc2017.elf
Finished building: remoteproc2017.elf.size
 
