18:30:10 INFO  : Registering command handlers for SDK TCF services
18:30:13 INFO  : Launching XSCT server: xsct -n -interactive /home/marco/Documents/tesis/ww39_neuronal_new_IP/RTOS_onlyZedboard/project_1/project_1.sdk/temp_xsdb_launch_script.tcl
18:30:13 ERROR : (XSDB Server)awk: symbol lookup error: awk: undefined symbol: mpfr_z_sub

18:30:14 INFO  : XSCT server has started successfully.
18:30:14 INFO  : Successfully done setting XSCT server connection channel  
18:30:14 INFO  : Successfully done setting SDK workspace  
18:30:14 INFO  : Processing command line option -hwspec /home/marco/Documents/tesis/ww39_neuronal_new_IP/RTOS_onlyZedboard/project_1/project_1.sdk/design_1_wrapper.hdf.
18:33:46 INFO  : Connected to target on host '127.0.0.1' and port '3121'.
18:33:46 INFO  : 'targets -set -filter {jtag_cable_name =~ "Digilent Zed 210248764353" && level==0} -index 1' command is executed.
18:33:51 INFO  : FPGA configured successfully with bitstream "/home/marco/Documents/tesis/ww39_neuronal_new_IP/RTOS_onlyZedboard/project_1/project_1.sdk/design_1_wrapper_hw_platform_0/design_1_wrapper.bit"
18:34:13 INFO  : 'targets -set -filter {jtag_cable_name =~ "Digilent Zed 210248764353" && level==0} -index 1' command is executed.
18:34:13 INFO  : 'fpga -state' command is executed.
18:34:13 INFO  : Connected to target on host '127.0.0.1' and port '3121'.
18:34:13 INFO  : Jtag cable 'Digilent Zed 210248764353' is selected.
18:34:13 INFO  : 'jtag frequency' command is executed.
18:34:13 INFO  : Sourcing of '/home/marco/Documents/tesis/ww39_neuronal_new_IP/RTOS_onlyZedboard/project_1/project_1.sdk/design_1_wrapper_hw_platform_0/ps7_init.tcl' is done.
18:34:13 INFO  : Context for 'APU' is selected.
18:34:13 INFO  : Hardware design information is loaded from '/home/marco/Documents/tesis/ww39_neuronal_new_IP/RTOS_onlyZedboard/project_1/project_1.sdk/design_1_wrapper_hw_platform_0/system.hdf'.
18:34:13 INFO  : Context for 'APU' is selected.
18:34:13 INFO  : 'stop' command is executed.
18:34:14 INFO  : 'ps7_init' command is executed.
18:34:14 INFO  : 'ps7_post_config' command is executed.
18:34:14 INFO  : Context for processor 'ps7_cortexa9_0' is selected.
18:34:14 INFO  : Processor reset is completed for 'ps7_cortexa9_0'.
18:34:14 INFO  : Context for processor 'ps7_cortexa9_0' is selected.
18:34:14 INFO  : The application '/home/marco/Documents/tesis/ww39_neuronal_new_IP/RTOS_onlyZedboard/project_1/project_1.sdk/helloworld/Debug/helloworld.elf' is downloaded to processor 'ps7_cortexa9_0'.
18:34:14 INFO  : ----------------XSDB Script----------------
connect -url tcp:127.0.0.1:3121
source /home/marco/Documents/tesis/ww39_neuronal_new_IP/RTOS_onlyZedboard/project_1/project_1.sdk/design_1_wrapper_hw_platform_0/ps7_init.tcl
targets -set -nocase -filter {name =~"APU*" && jtag_cable_name =~ "Digilent Zed 210248764353"} -index 0
loadhw /home/marco/Documents/tesis/ww39_neuronal_new_IP/RTOS_onlyZedboard/project_1/project_1.sdk/design_1_wrapper_hw_platform_0/system.hdf
targets -set -nocase -filter {name =~"APU*" && jtag_cable_name =~ "Digilent Zed 210248764353"} -index 0
stop
ps7_init
ps7_post_config
targets -set -nocase -filter {name =~ "ARM*#0" && jtag_cable_name =~ "Digilent Zed 210248764353"} -index 0
rst -processor
targets -set -nocase -filter {name =~ "ARM*#0" && jtag_cable_name =~ "Digilent Zed 210248764353"} -index 0
dow /home/marco/Documents/tesis/ww39_neuronal_new_IP/RTOS_onlyZedboard/project_1/project_1.sdk/helloworld/Debug/helloworld.elf
----------------End of Script----------------

18:34:14 INFO  : Memory regions updated for context APU
18:34:14 INFO  : Context for processor 'ps7_cortexa9_0' is selected.
18:34:14 INFO  : 'con' command is executed.
18:34:14 INFO  : ----------------XSDB Script (After Launch)----------------
targets -set -nocase -filter {name =~ "ARM*#0" && jtag_cable_name =~ "Digilent Zed 210248764353"} -index 0
con
----------------End of Script----------------

18:34:14 INFO  : Launch script is exported to file '/home/marco/Documents/tesis/ww39_neuronal_new_IP/RTOS_onlyZedboard/project_1/project_1.sdk/.sdk/launch_scripts/xilinx_c-c++_application_(system_debugger)/system_debugger_using_debug_helloworld.elf_on_local.tcl'
18:35:59 INFO  : Disconnected from the channel tcfchan#1.
18:36:00 INFO  : 'targets -set -filter {jtag_cable_name =~ "Digilent Zed 210248764353" && level==0} -index 1' command is executed.
18:36:00 INFO  : 'fpga -state' command is executed.
18:36:00 INFO  : Connected to target on host '127.0.0.1' and port '3121'.
18:36:00 INFO  : Jtag cable 'Digilent Zed 210248764353' is selected.
18:36:00 INFO  : 'jtag frequency' command is executed.
18:36:01 INFO  : Sourcing of '/home/marco/Documents/tesis/ww39_neuronal_new_IP/RTOS_onlyZedboard/project_1/project_1.sdk/design_1_wrapper_hw_platform_0/ps7_init.tcl' is done.
18:36:01 INFO  : Context for 'APU' is selected.
18:36:02 INFO  : Hardware design information is loaded from '/home/marco/Documents/tesis/ww39_neuronal_new_IP/RTOS_onlyZedboard/project_1/project_1.sdk/design_1_wrapper_hw_platform_0/system.hdf'.
18:36:02 INFO  : Context for 'APU' is selected.
18:36:02 INFO  : 'stop' command is executed.
18:36:03 INFO  : 'ps7_init' command is executed.
18:36:03 INFO  : 'ps7_post_config' command is executed.
18:36:03 INFO  : Context for processor 'ps7_cortexa9_0' is selected.
18:36:03 INFO  : Processor reset is completed for 'ps7_cortexa9_0'.
18:36:03 INFO  : Context for processor 'ps7_cortexa9_0' is selected.
18:36:03 INFO  : The application '/home/marco/Documents/tesis/ww39_neuronal_new_IP/RTOS_onlyZedboard/project_1/project_1.sdk/helloworoldrtos/Debug/helloworoldrtos.elf' is downloaded to processor 'ps7_cortexa9_0'.
18:36:03 INFO  : ----------------XSDB Script----------------
connect -url tcp:127.0.0.1:3121
source /home/marco/Documents/tesis/ww39_neuronal_new_IP/RTOS_onlyZedboard/project_1/project_1.sdk/design_1_wrapper_hw_platform_0/ps7_init.tcl
targets -set -nocase -filter {name =~"APU*" && jtag_cable_name =~ "Digilent Zed 210248764353"} -index 0
loadhw /home/marco/Documents/tesis/ww39_neuronal_new_IP/RTOS_onlyZedboard/project_1/project_1.sdk/design_1_wrapper_hw_platform_0/system.hdf
targets -set -nocase -filter {name =~"APU*" && jtag_cable_name =~ "Digilent Zed 210248764353"} -index 0
stop
ps7_init
ps7_post_config
targets -set -nocase -filter {name =~ "ARM*#0" && jtag_cable_name =~ "Digilent Zed 210248764353"} -index 0
rst -processor
targets -set -nocase -filter {name =~ "ARM*#0" && jtag_cable_name =~ "Digilent Zed 210248764353"} -index 0
dow /home/marco/Documents/tesis/ww39_neuronal_new_IP/RTOS_onlyZedboard/project_1/project_1.sdk/helloworoldrtos/Debug/helloworoldrtos.elf
----------------End of Script----------------

18:36:03 INFO  : Memory regions updated for context APU
18:36:03 INFO  : Context for processor 'ps7_cortexa9_0' is selected.
18:36:03 INFO  : 'con' command is executed.
18:36:03 INFO  : ----------------XSDB Script (After Launch)----------------
targets -set -nocase -filter {name =~ "ARM*#0" && jtag_cable_name =~ "Digilent Zed 210248764353"} -index 0
con
----------------End of Script----------------

18:36:03 INFO  : Launch script is exported to file '/home/marco/Documents/tesis/ww39_neuronal_new_IP/RTOS_onlyZedboard/project_1/project_1.sdk/.sdk/launch_scripts/xilinx_c-c++_application_(system_debugger)/system_debugger_using_debug_helloworoldrtos.elf_on_local.tcl'
18:58:31 INFO  : Disconnected from the channel tcfchan#2.
22:15:11 INFO  : Registering command handlers for SDK TCF services
22:15:11 INFO  : Launching XSCT server: xsct -n -interactive /home/marco/Documents/tesis/ww39_neuronal_new_IP/RTOS_onlyZedboard/project_1/project_1.sdk/temp_xsdb_launch_script.tcl
22:15:13 INFO  : XSCT server has started successfully.
22:15:14 INFO  : Successfully done setting XSCT server connection channel  
22:15:14 INFO  : Successfully done setting SDK workspace  
14:10:03 INFO  : Registering command handlers for SDK TCF services
14:10:04 INFO  : Launching XSCT server: xsct -n -interactive /home/marco/Documents/tesis/ww39_neuronal_new_IP/RTOS_onlyZedboard/project_1/project_1.sdk/temp_xsdb_launch_script.tcl
14:10:06 INFO  : XSCT server has started successfully.
14:10:06 INFO  : Successfully done setting XSCT server connection channel  
14:10:06 INFO  : Successfully done setting SDK workspace  
