#-----------------------------------------------------------
# Vivado v2018.3 (64-bit)
# SW Build 2405991 on Thu Dec  6 23:36:41 MST 2018
# IP Build 2404404 on Fri Dec  7 01:43:56 MST 2018
# Start of session at: Sat Jan 11 17:01:56 2020
# Process ID: 6329
# Current directory: /home/marco/Documents/tesis/ww39_neuronal_new_IP/IP_2020_latest_Jan/IP_latest_2020_Enero/solution1/impl/ip
# Command line: vivado -notrace -mode batch -source run_ippack.tcl
# Log file: /home/marco/Documents/tesis/ww39_neuronal_new_IP/IP_2020_latest_Jan/IP_latest_2020_Enero/solution1/impl/ip/vivado.log
# Journal file: /home/marco/Documents/tesis/ww39_neuronal_new_IP/IP_2020_latest_Jan/IP_latest_2020_Enero/solution1/impl/ip/vivado.jou
#-----------------------------------------------------------
source run_ippack.tcl -notrace
INFO: [IP_Flow 19-234] Refreshing IP repositories
INFO: [IP_Flow 19-1704] No user IP repositories specified
INFO: [IP_Flow 19-2313] Loaded Vivado IP repository '/opt/vivado2018/Vivado/2018.3/data/ip'.
WARNING: [IP_Flow 19-4832] The IP name 'GapJunctionIP_ap_dadd_6_full_dsp_64' you have specified is long. The Windows operating system has path length limitations. It is recommended you use shorter names to reduce the likelihood of issues.
INFO: [IP_Flow 19-1686] Generating 'Synthesis' target for IP 'GapJunctionIP_ap_dadd_6_full_dsp_64'...
INFO: [IP_Flow 19-1686] Generating 'Simulation' target for IP 'GapJunctionIP_ap_dadd_6_full_dsp_64'...
WARNING: [IP_Flow 19-4832] The IP name 'GapJunctionIP_ap_dmul_7_max_dsp_64' you have specified is long. The Windows operating system has path length limitations. It is recommended you use shorter names to reduce the likelihood of issues.
INFO: [IP_Flow 19-1686] Generating 'Synthesis' target for IP 'GapJunctionIP_ap_dmul_7_max_dsp_64'...
INFO: [IP_Flow 19-1686] Generating 'Simulation' target for IP 'GapJunctionIP_ap_dmul_7_max_dsp_64'...
WARNING: [IP_Flow 19-4832] The IP name 'GapJunctionIP_ap_fadd_6_full_dsp_32' you have specified is long. The Windows operating system has path length limitations. It is recommended you use shorter names to reduce the likelihood of issues.
INFO: [IP_Flow 19-1686] Generating 'Synthesis' target for IP 'GapJunctionIP_ap_fadd_6_full_dsp_32'...
INFO: [IP_Flow 19-1686] Generating 'Simulation' target for IP 'GapJunctionIP_ap_fadd_6_full_dsp_32'...
WARNING: [IP_Flow 19-4832] The IP name 'GapJunctionIP_ap_fexp_11_full_dsp_32' you have specified is long. The Windows operating system has path length limitations. It is recommended you use shorter names to reduce the likelihood of issues.
INFO: [IP_Flow 19-1686] Generating 'Synthesis' target for IP 'GapJunctionIP_ap_fexp_11_full_dsp_32'...
INFO: [IP_Flow 19-1686] Generating 'Simulation' target for IP 'GapJunctionIP_ap_fexp_11_full_dsp_32'...
WARNING: [IP_Flow 19-4832] The IP name 'GapJunctionIP_ap_fmul_2_max_dsp_32' you have specified is long. The Windows operating system has path length limitations. It is recommended you use shorter names to reduce the likelihood of issues.
INFO: [IP_Flow 19-1686] Generating 'Synthesis' target for IP 'GapJunctionIP_ap_fmul_2_max_dsp_32'...
INFO: [IP_Flow 19-1686] Generating 'Simulation' target for IP 'GapJunctionIP_ap_fmul_2_max_dsp_32'...
WARNING: [IP_Flow 19-4832] The IP name 'GapJunctionIP_ap_fpext_0_no_dsp_32' you have specified is long. The Windows operating system has path length limitations. It is recommended you use shorter names to reduce the likelihood of issues.
INFO: [IP_Flow 19-1686] Generating 'Synthesis' target for IP 'GapJunctionIP_ap_fpext_0_no_dsp_32'...
INFO: [IP_Flow 19-1686] Generating 'Simulation' target for IP 'GapJunctionIP_ap_fpext_0_no_dsp_32'...
WARNING: [IP_Flow 19-4832] The IP name 'GapJunctionIP_ap_fptrunc_0_no_dsp_64' you have specified is long. The Windows operating system has path length limitations. It is recommended you use shorter names to reduce the likelihood of issues.
INFO: [IP_Flow 19-1686] Generating 'Synthesis' target for IP 'GapJunctionIP_ap_fptrunc_0_no_dsp_64'...
INFO: [IP_Flow 19-1686] Generating 'Simulation' target for IP 'GapJunctionIP_ap_fptrunc_0_no_dsp_64'...
WARNING: [IP_Flow 19-4832] The IP name 'GapJunctionIP_ap_fsub_6_full_dsp_32' you have specified is long. The Windows operating system has path length limitations. It is recommended you use shorter names to reduce the likelihood of issues.
INFO: [IP_Flow 19-1686] Generating 'Synthesis' target for IP 'GapJunctionIP_ap_fsub_6_full_dsp_32'...
INFO: [IP_Flow 19-1686] Generating 'Simulation' target for IP 'GapJunctionIP_ap_fsub_6_full_dsp_32'...
INFO: [IP_Flow 19-234] Refreshing IP repositories
INFO: [IP_Flow 19-1704] No user IP repositories specified
INFO: [IP_Flow 19-2313] Loaded Vivado IP repository '/opt/vivado2018/Vivado/2018.3/data/ip'.
INFO: [Common 17-206] Exiting Vivado at Sat Jan 11 17:02:15 2020...
