#-----------------------------------------------------------
# Webtalk v2016.4 (64-bit)
# SW Build 1756540 on Mon Jan 23 19:11:19 MST 2017
# 
# Start of session at: Sat Jan  4 19:14:00 2020
# Process ID: 5759
# Current directory: /home/marco/Documents/tesis/ww39_neuronal_new_IP/IP/hardware_for_IP/hardware_for_IP.sdk/webtalk
# Command line: wbtcv -mode batch -source sdk_webtalk.tcl
# Log file: /home/marco/Documents/tesis/ww39_neuronal_new_IP/IP/hardware_for_IP/hardware_for_IP.sdk/webtalk/webtalk.log
# Journal file: /home/marco/Documents/tesis/ww39_neuronal_new_IP/IP/hardware_for_IP/hardware_for_IP.sdk/webtalk/webtalk.jou
#-----------------------------------------------------------
source sdk_webtalk.tcl
# webtalk_init -webtalk_dir /home/marco/Documents/tesis/ww39_neuronal_new_IP/IP/hardware_for_IP/hardware_for_IP.sdk/webtalk
# webtalk_register_client -client project
# webtalk_add_data -client project -key date_generated -value "2020-01-04 19:14:00" -context "software_version_and_target_device"
# webtalk_add_data -client project -key product_version -value "SDK v2016.4" -context "software_version_and_target_device"
# webtalk_add_data -client project -key build_version -value "2016.4" -context "software_version_and_target_device"
# webtalk_add_data -client project -key os_platform -value "amd64" -context "software_version_and_target_device"
# webtalk_add_data -client project -key registration_id -value "211503959_0_0_721" -context "software_version_and_target_device"
# webtalk_add_data -client project -key tool_flow -value "SDK" -context "software_version_and_target_device"
# webtalk_add_data -client project -key beta -value "false" -context "software_version_and_target_device"
# webtalk_add_data -client project -key route_design -value "NA" -context "software_version_and_target_device"
# webtalk_add_data -client project -key target_family -value "NA" -context "software_version_and_target_device"
# webtalk_add_data -client project -key target_device -value "NA" -context "software_version_and_target_device"
# webtalk_add_data -client project -key target_package -value "NA" -context "software_version_and_target_device"
# webtalk_add_data -client project -key target_speed -value "NA" -context "software_version_and_target_device"
# webtalk_add_data -client project -key random_id -value "jarail1obi2vc85tti79qsbo6t" -context "software_version_and_target_device"
# webtalk_add_data -client project -key project_id -value "2016.4_45" -context "software_version_and_target_device"
# webtalk_add_data -client project -key project_iteration -value "45" -context "software_version_and_target_device"
# webtalk_add_data -client project -key os_name -value "Ubuntu" -context "user_environment"
# webtalk_add_data -client project -key os_release -value "Ubuntu 16.04.5 LTS" -context "user_environment"
# webtalk_add_data -client project -key cpu_name -value "Intel(R) Core(TM) i7-7500U CPU @ 2.70GHz" -context "user_environment"
# webtalk_add_data -client project -key cpu_speed -value "3500.100 MHz" -context "user_environment"
# webtalk_add_data -client project -key total_processors -value "1" -context "user_environment"
# webtalk_add_data -client project -key system_ram -value "16,000 GB" -context "user_environment"
# webtalk_register_client -client sdk
# webtalk_add_data -client sdk -key uid -value "1578186732000" -context "sdk\\\\bsp/1578186732000"
# webtalk_add_data -client sdk -key hwid -value "1578186480000" -context "sdk\\\\bsp/1578186732000"
# webtalk_add_data -client sdk -key os -value "freertos823_xilinx" -context "sdk\\\\bsp/1578186732000"
# webtalk_add_data -client sdk -key apptemplate -value "freertos_hello_world" -context "sdk\\\\bsp/1578186732000"
# webtalk_add_data -client sdk -key RecordType -value "BSPCreation" -context "sdk\\\\bsp/1578186732000"
# webtalk_add_data -client sdk -key uid -value "1578186734000" -context "sdk\\\\application/1578186734000"
# webtalk_add_data -client sdk -key hwid -value "1578186480000" -context "sdk\\\\application/1578186734000"
# webtalk_add_data -client sdk -key bspid -value "1578186732000" -context "sdk\\\\application/1578186734000"
# webtalk_add_data -client sdk -key newbsp -value "true" -context "sdk\\\\application/1578186734000"
# webtalk_add_data -client sdk -key os -value "freertos823_xilinx" -context "sdk\\\\application/1578186734000"
# webtalk_add_data -client sdk -key apptemplate -value "freertos_hello_world" -context "sdk\\\\application/1578186734000"
# webtalk_add_data -client sdk -key RecordType -value "APPCreation" -context "sdk\\\\application/1578186734000"
# webtalk_add_data -client sdk -key LangUsed -value "C" -context "sdk\\\\application/1578186734000"
# webtalk_add_data -client sdk -key Procused -value "ps7_cortexa9" -context "sdk\\\\application/1578186734000"
# webtalk_add_data -client sdk -key projSize -value "470.5" -context "sdk\\\\application/1578186734000"
# webtalk_add_data -client sdk -key uid -value "NA" -context "sdk\\\\bsp/1578186840022"
# webtalk_add_data -client sdk -key RecordType -value "ToolUsage" -context "sdk\\\\bsp/1578186840022"
# webtalk_add_data -client sdk -key BootgenCount -value "0" -context "sdk\\\\bsp/1578186840022"
# webtalk_add_data -client sdk -key DebugCount -value "2" -context "sdk\\\\bsp/1578186840022"
# webtalk_add_data -client sdk -key PerfCount -value "0" -context "sdk\\\\bsp/1578186840022"
# webtalk_add_data -client sdk -key FlashCount -value "0" -context "sdk\\\\bsp/1578186840022"
# webtalk_add_data -client sdk -key CrossTriggCount -value "0" -context "sdk\\\\bsp/1578186840022"
# webtalk_add_data -client sdk -key QemuDebugCount -value "0" -context "sdk\\\\bsp/1578186840022"
# webtalk_transmit -clientid 798770002 -regid "211503959_0_0_721" -xml /home/marco/Documents/tesis/ww39_neuronal_new_IP/IP/hardware_for_IP/hardware_for_IP.sdk/webtalk/usage_statistics_ext_sdk.xml -html /home/marco/Documents/tesis/ww39_neuronal_new_IP/IP/hardware_for_IP/hardware_for_IP.sdk/webtalk/usage_statistics_ext_sdk.html -wdm /home/marco/Documents/tesis/ww39_neuronal_new_IP/IP/hardware_for_IP/hardware_for_IP.sdk/webtalk/sdk_webtalk.wdm -intro "<H3>SDK Usage Report</H3><BR>"
# webtalk_terminate
INFO: [Common 17-206] Exiting Webtalk at Sat Jan  4 19:14:00 2020...
