17:13:37 INFO  : Registering command handlers for SDK TCF services
17:13:38 INFO  : Launching XSCT server: xsct -n -interactive /home/marco/Documents/2020/tesis/BareMetal_Tutorial/SDK_default/temp_xsdb_launch_script.tcl
17:13:41 INFO  : XSCT server has started successfully.
17:13:41 INFO  : Successfully done setting XSCT server connection channel  
17:13:42 INFO  : Successfully done setting SDK workspace  
19:22:27 INFO  : Refreshed build settings on project RTOS_AMPexample
19:24:20 INFO  : Refreshed build settings on project RTOS_AMPexample
19:24:47 INFO  : Refreshed build settings on project RTOS_AMPexample
17:50:05 ERROR : (XSDB Server)Terminated

21:01:03 INFO  : Registering command handlers for SDK TCF services
21:01:05 INFO  : Launching XSCT server: xsct -n -interactive /home/marco/Documents/2020/tesis/BareMetal_Tutorial/SDK_default/temp_xsdb_launch_script.tcl
21:01:08 INFO  : XSCT server has started successfully.
21:01:08 INFO  : Successfully done setting XSCT server connection channel  
21:01:08 INFO  : Successfully done setting SDK workspace  
21:03:29 INFO  : Registering command handlers for SDK TCF services
21:03:30 INFO  : Launching XSCT server: xsct -n -interactive /home/marco/Documents/2020/tesis/BareMetal_Tutorial/SDK_default/temp_xsdb_launch_script.tcl
21:03:33 INFO  : XSCT server has started successfully.
21:03:33 INFO  : Successfully done setting XSCT server connection channel  
21:03:33 INFO  : Successfully done setting SDK workspace  
21:06:52 INFO  : No changes in MSS file content so not generating sources.
00:25:07 ERROR : (XSDB Server)Terminated

21:30:20 INFO  : Registering command handlers for SDK TCF services
21:30:22 INFO  : Launching XSCT server: xsct -n -interactive /home/marco/Documents/2020/tesis/BareMetal_Tutorial/SDK_default/temp_xsdb_launch_script.tcl
21:30:33 INFO  : XSCT server has started successfully.
21:30:33 INFO  : Successfully done setting XSCT server connection channel  
21:30:34 INFO  : Successfully done setting SDK workspace  
22:01:55 INFO  : Registering command handlers for SDK TCF services
22:01:56 INFO  : Launching XSCT server: xsct -n -interactive /home/marco/Documents/2020/tesis/BareMetal_Tutorial/SDK_default/temp_xsdb_launch_script.tcl
22:01:59 INFO  : XSCT server has started successfully.
22:01:59 INFO  : Successfully done setting XSCT server connection channel  
22:01:59 INFO  : Successfully done setting SDK workspace  
20:43:59 INFO  : Registering command handlers for SDK TCF services
20:44:01 INFO  : Launching XSCT server: xsct -n -interactive /home/marco/Documents/2020/tesis/BareMetal_Tutorial/SDK_default/temp_xsdb_launch_script.tcl
20:44:04 INFO  : XSCT server has started successfully.
20:44:04 INFO  : Successfully done setting XSCT server connection channel  
20:44:04 INFO  : Successfully done setting SDK workspace  
21:24:23 INFO  : Registering command handlers for SDK TCF services
21:24:24 INFO  : Launching XSCT server: xsct -n -interactive /home/marco/Documents/2020/tesis/BareMetal_Tutorial/SDK_default/temp_xsdb_launch_script.tcl
21:24:27 INFO  : XSCT server has started successfully.
21:24:27 INFO  : Successfully done setting XSCT server connection channel  
21:24:27 INFO  : Successfully done setting SDK workspace  
