

================================================================
== Vivado HLS Report for 'readVoltages'
================================================================
* Date:           Thu Jan  9 23:44:26 2020

* Version:        2016.4 (Build 1756540 on Mon Jan 23 19:31:01 MST 2017)
* Project:        solution
* Solution:       solution1
* Product family: zynq
* Target device:  xc7z020clg484-1


================================================================
== Performance Estimates
================================================================
+ Timing (ns): 
    * Summary: 
    +--------+-------+----------+------------+
    |  Clock | Target| Estimated| Uncertainty|
    +--------+-------+----------+------------+
    |ap_clk  |  10.00|      5.71|        4.00|
    +--------+-------+----------+------------+

+ Latency (clock cycles): 
    * Summary: 
    +-----+------+-----+------+---------+
    |   Latency  |  Interval  | Pipeline|
    | min |  max | min |  max |   Type  |
    +-----+------+-----+------+---------+
    |    3|  5001|    3|  5001|   none  |
    +-----+------+-----+------+---------+

    + Detail: 
        * Instance: 
        N/A

        * Loop: 
        +----------+-----+------+----------+-----------+-----------+----------+----------+
        |          |   Latency  | Iteration|  Initiation Interval  |   Trip   |          |
        | Loop Name| min |  max |  Latency |  achieved |   target  |   Count  | Pipelined|
        +----------+-----+------+----------+-----------+-----------+----------+----------+
        |- Loop 1  |    2|  5000|         2|          -|          -| 1 ~ 2500 |    no    |
        +----------+-----+------+----------+-----------+-----------+----------+----------+



================================================================
== Utilization Estimates
================================================================
* Summary: 
+-----------------+---------+-------+--------+-------+
|       Name      | BRAM_18K| DSP48E|   FF   |  LUT  |
+-----------------+---------+-------+--------+-------+
|DSP              |        -|      -|       -|      -|
|Expression       |        -|      -|       0|    152|
|FIFO             |        -|      -|       -|      -|
|Instance         |        -|      -|       -|      -|
|Memory           |        -|      -|       -|      -|
|Multiplexer      |        -|      -|       -|    125|
|Register         |        -|      -|     127|      -|
+-----------------+---------+-------+--------+-------+
|Total            |        0|      0|     127|    277|
+-----------------+---------+-------+--------+-------+
|Available        |      280|    220|  106400|  53200|
+-----------------+---------+-------+--------+-------+
|Utilization (%)  |        0|      0|   ~0   |   ~0  |
+-----------------+---------+-------+--------+-------+

+ Detail: 
    * Instance: 
    N/A

    * DSP48: 
    N/A

    * Memory: 
    N/A

    * FIFO: 
    N/A

    * Expression: 
    +-------------------------+----------+-------+---+----+------------+------------+
    |      Variable Name      | Operation| DSP48E| FF| LUT| Bitwidth P0| Bitwidth P1|
    +-------------------------+----------+-------+---+----+------------+------------+
    |i_V_fu_200_p2            |     +    |      0|  0|  27|          27|           3|
    |V_data_V_data_00_status  |    and   |      0|  0|   1|           1|           1|
    |tmp_11_i_i_fu_135_p2     |   icmp   |      0|  0|  11|          32|          32|
    |ap_condition_84          |    or    |      0|  0|   1|           1|           1|
    |r_V_1_i_i_fu_178_p2      |    or    |      0|  0|  37|          27|           2|
    |r_V_2_i_i_fu_189_p2      |    or    |      0|  0|  37|          27|           2|
    |r_V_i_i_fu_167_p2        |    or    |      0|  0|  38|          28|           1|
    +-------------------------+----------+-------+---+----+------------+------------+
    |Total                    |          |      0|  0| 152|         143|          42|
    +-------------------------+----------+-------+---+----+------------+------------+

    * Multiplexer: 
    +-------------------------+----+-----------+-----+-----------+
    |           Name          | LUT| Input Size| Bits| Total Bits|
    +-------------------------+----+-----------+-----+-----------+
    |V_SIZE_blk_n             |   1|          2|    1|          2|
    |V_data_V_data_0_blk_n    |   1|          2|    1|          2|
    |V_data_V_data_1_blk_n    |   1|          2|    1|          2|
    |V_data_V_data_2_blk_n    |   1|          2|    1|          2|
    |V_data_V_data_3_blk_n    |   1|          2|    1|          2|
    |ap_NS_fsm                |   1|          4|    1|          4|
    |p_i_i_reg_119            |  27|          2|   27|         54|
    |voltagesBackup_address0  |  14|          3|   14|         42|
    |voltagesBackup_address1  |  14|          3|   14|         42|
    |voltagesBackup_d0        |  32|          3|   32|         96|
    |voltagesBackup_d1        |  32|          3|   32|         96|
    +-------------------------+----+-----------+-----+-----------+
    |Total                    | 125|         28|  125|        344|
    +-------------------------+----+-----------+-----+-----------+

    * Register: 
    +---------------------+----+----+-----+-----------+
    |         Name        | FF | LUT| Bits| Const Bits|
    +---------------------+----+----+-----+-----------+
    |V_SIZE_read_reg_206  |  32|   0|   32|          0|
    |ap_CS_fsm            |   3|   0|    3|          0|
    |ap_done_reg          |   1|   0|    1|          0|
    |p_i_i_reg_119        |  27|   0|   27|          0|
    |tmp_data_2_reg_214   |  32|   0|   32|          0|
    |tmp_data_3_reg_219   |  32|   0|   32|          0|
    +---------------------+----+----+-----+-----------+
    |Total                | 127|   0|  127|          0|
    +---------------------+----+----+-----+-----------+



================================================================
== Interface
================================================================
* Summary: 
+-------------------------+-----+-----+------------+-----------------+--------------+
|        RTL Ports        | Dir | Bits|  Protocol  |  Source Object  |    C Type    |
+-------------------------+-----+-----+------------+-----------------+--------------+
|ap_clk                   |  in |    1| ap_ctrl_hs |   readVoltages  | return value |
|ap_rst                   |  in |    1| ap_ctrl_hs |   readVoltages  | return value |
|ap_start                 |  in |    1| ap_ctrl_hs |   readVoltages  | return value |
|ap_done                  | out |    1| ap_ctrl_hs |   readVoltages  | return value |
|ap_continue              |  in |    1| ap_ctrl_hs |   readVoltages  | return value |
|ap_idle                  | out |    1| ap_ctrl_hs |   readVoltages  | return value |
|ap_ready                 | out |    1| ap_ctrl_hs |   readVoltages  | return value |
|voltagesBackup_address0  | out |   14|  ap_memory |  voltagesBackup |     array    |
|voltagesBackup_ce0       | out |    1|  ap_memory |  voltagesBackup |     array    |
|voltagesBackup_we0       | out |    1|  ap_memory |  voltagesBackup |     array    |
|voltagesBackup_d0        | out |   32|  ap_memory |  voltagesBackup |     array    |
|voltagesBackup_address1  | out |   14|  ap_memory |  voltagesBackup |     array    |
|voltagesBackup_ce1       | out |    1|  ap_memory |  voltagesBackup |     array    |
|voltagesBackup_we1       | out |    1|  ap_memory |  voltagesBackup |     array    |
|voltagesBackup_d1        | out |   32|  ap_memory |  voltagesBackup |     array    |
|V_SIZE_dout              |  in |   32|   ap_fifo  |      V_SIZE     |    pointer   |
|V_SIZE_empty_n           |  in |    1|   ap_fifo  |      V_SIZE     |    pointer   |
|V_SIZE_read              | out |    1|   ap_fifo  |      V_SIZE     |    pointer   |
|V_data_V_data_0_dout     |  in |   32|   ap_fifo  | V_data_V_data_0 |    pointer   |
|V_data_V_data_0_empty_n  |  in |    1|   ap_fifo  | V_data_V_data_0 |    pointer   |
|V_data_V_data_0_read     | out |    1|   ap_fifo  | V_data_V_data_0 |    pointer   |
|V_data_V_data_1_dout     |  in |   32|   ap_fifo  | V_data_V_data_1 |    pointer   |
|V_data_V_data_1_empty_n  |  in |    1|   ap_fifo  | V_data_V_data_1 |    pointer   |
|V_data_V_data_1_read     | out |    1|   ap_fifo  | V_data_V_data_1 |    pointer   |
|V_data_V_data_2_dout     |  in |   32|   ap_fifo  | V_data_V_data_2 |    pointer   |
|V_data_V_data_2_empty_n  |  in |    1|   ap_fifo  | V_data_V_data_2 |    pointer   |
|V_data_V_data_2_read     | out |    1|   ap_fifo  | V_data_V_data_2 |    pointer   |
|V_data_V_data_3_dout     |  in |   32|   ap_fifo  | V_data_V_data_3 |    pointer   |
|V_data_V_data_3_empty_n  |  in |    1|   ap_fifo  | V_data_V_data_3 |    pointer   |
|V_data_V_data_3_read     | out |    1|   ap_fifo  | V_data_V_data_3 |    pointer   |
+-------------------------+-----+-----+------------+-----------------+--------------+

