Determining if files xintc.h exist failed with the following output:
Change Dir: /home/marco/Documents/2020/tesis/BareMetal_Tutorial/SDK_default/RTOS_AMPexample_bsp/ps7_cortexa9_1/libsrc/libmetal_v1_4/build_libmetal/CMakeFiles/CMakeTmp

Run Build Command:"/usr/bin/gmake" "cmTC_605ed/fast"
/usr/bin/gmake -f CMakeFiles/cmTC_605ed.dir/build.make CMakeFiles/cmTC_605ed.dir/build
gmake[1]: Entering directory '/home/marco/Documents/2020/tesis/BareMetal_Tutorial/SDK_default/RTOS_AMPexample_bsp/ps7_cortexa9_1/libsrc/libmetal_v1_4/build_libmetal/CMakeFiles/CMakeTmp'
Building C object CMakeFiles/cmTC_605ed.dir/CheckIncludeFiles.c.obj
/opt/vivado2018/SDK/2018.3/gnu/aarch32/lin/gcc-arm-none-eabi/bin/arm-none-eabi-gcc   -O2 -c -mcpu=cortex-a9 -mfpu=vfpv3 -mfloat-abi=hard -nostartfiles -g -Wall -Wextra -DUSE_AMP=1 -I/home/marco/Documents/2020/tesis/BareMetal_Tutorial/SDK_default/RTOS_AMPexample_bsp/ps7_cortexa9_1/include    -o CMakeFiles/cmTC_605ed.dir/CheckIncludeFiles.c.obj   -c /home/marco/Documents/2020/tesis/BareMetal_Tutorial/SDK_default/RTOS_AMPexample_bsp/ps7_cortexa9_1/libsrc/libmetal_v1_4/build_libmetal/CMakeFiles/CMakeTmp/CheckIncludeFiles.c
/home/marco/Documents/2020/tesis/BareMetal_Tutorial/SDK_default/RTOS_AMPexample_bsp/ps7_cortexa9_1/libsrc/libmetal_v1_4/build_libmetal/CMakeFiles/CMakeTmp/CheckIncludeFiles.c:2:10: fatal error: xintc.h: No such file or directory
 #include <xintc.h>
          ^~~~~~~~~
compilation terminated.
CMakeFiles/cmTC_605ed.dir/build.make:65: recipe for target 'CMakeFiles/cmTC_605ed.dir/CheckIncludeFiles.c.obj' failed
gmake[1]: *** [CMakeFiles/cmTC_605ed.dir/CheckIncludeFiles.c.obj] Error 1
gmake[1]: Leaving directory '/home/marco/Documents/2020/tesis/BareMetal_Tutorial/SDK_default/RTOS_AMPexample_bsp/ps7_cortexa9_1/libsrc/libmetal_v1_4/build_libmetal/CMakeFiles/CMakeTmp'
Makefile:126: recipe for target 'cmTC_605ed/fast' failed
gmake: *** [cmTC_605ed/fast] Error 2

Source:
/* */
#include <xintc.h>


int main(void){return 0;}

