19:07:53 INFO  : Registering command handlers for SDK TCF services
19:07:56 INFO  : Launching XSCT server: xsct -n -interactive /home/marco/Documents/tesis/ww39_neuronal_new_IP/IP/hardware_for_IP/hardware_for_IP.sdk/temp_xsdb_launch_script.tcl
19:07:56 ERROR : (XSDB Server)awk: symbol lookup error: awk: undefined symbol: mpfr_z_sub

19:07:57 INFO  : XSCT server has started successfully.
19:07:57 INFO  : Successfully done setting XSCT server connection channel  
19:07:57 INFO  : Successfully done setting SDK workspace  
19:07:57 INFO  : Processing command line option -hwspec /home/marco/Documents/tesis/ww39_neuronal_new_IP/IP/hardware_for_IP/hardware_for_IP.sdk/design_1_wrapper.hdf.
19:10:50 INFO  : Registering command handlers for SDK TCF services
19:10:54 INFO  : Launching XSCT server: xsct -n -interactive /home/marco/Documents/tesis/ww39_neuronal_new_IP/IP/hardware_for_IP/hardware_for_IP.sdk/temp_xsdb_launch_script.tcl
19:10:55 INFO  : XSCT server has started successfully.
19:10:55 INFO  : Successfully done setting XSCT server connection channel  
19:10:55 INFO  : Successfully done setting SDK workspace  
19:11:21 INFO  : Connected to target on host '127.0.0.1' and port '3121'.
19:11:21 INFO  : 'targets -set -filter {jtag_cable_name =~ "Digilent Zed 210248764353" && level==0} -index 1' command is executed.
19:11:24 INFO  : FPGA configured successfully with bitstream "/home/marco/Documents/tesis/ww39_neuronal_new_IP/IP/hardware_for_IP/hardware_for_IP.sdk/design_1_wrapper_hw_platform_0/design_1_wrapper.bit"
19:11:52 INFO  : 'targets -set -filter {jtag_cable_name =~ "Digilent Zed 210248764353" && level==0} -index 1' command is executed.
19:11:52 INFO  : 'fpga -state' command is executed.
19:11:52 INFO  : Connected to target on host '127.0.0.1' and port '3121'.
19:11:52 INFO  : Jtag cable 'Digilent Zed 210248764353' is selected.
19:11:52 INFO  : 'jtag frequency' command is executed.
19:11:52 INFO  : Sourcing of '/home/marco/Documents/tesis/ww39_neuronal_new_IP/IP/hardware_for_IP/hardware_for_IP.sdk/design_1_wrapper_hw_platform_0/ps7_init.tcl' is done.
19:11:52 INFO  : Context for 'APU' is selected.
19:11:52 INFO  : Hardware design information is loaded from '/home/marco/Documents/tesis/ww39_neuronal_new_IP/IP/hardware_for_IP/hardware_for_IP.sdk/design_1_wrapper_hw_platform_0/system.hdf'.
19:11:52 INFO  : Context for 'APU' is selected.
19:11:52 INFO  : 'stop' command is executed.
19:11:53 INFO  : 'ps7_init' command is executed.
19:11:53 INFO  : 'ps7_post_config' command is executed.
19:11:53 INFO  : Context for processor 'ps7_cortexa9_0' is selected.
19:11:53 INFO  : Processor reset is completed for 'ps7_cortexa9_0'.
19:11:53 INFO  : Context for processor 'ps7_cortexa9_0' is selected.
19:11:53 INFO  : The application '/home/marco/Documents/tesis/ww39_neuronal_new_IP/IP/hardware_for_IP/hardware_for_IP.sdk/helloworld/Debug/helloworld.elf' is downloaded to processor 'ps7_cortexa9_0'.
19:11:53 INFO  : ----------------XSDB Script----------------
connect -url tcp:127.0.0.1:3121
source /home/marco/Documents/tesis/ww39_neuronal_new_IP/IP/hardware_for_IP/hardware_for_IP.sdk/design_1_wrapper_hw_platform_0/ps7_init.tcl
targets -set -nocase -filter {name =~"APU*" && jtag_cable_name =~ "Digilent Zed 210248764353"} -index 0
loadhw /home/marco/Documents/tesis/ww39_neuronal_new_IP/IP/hardware_for_IP/hardware_for_IP.sdk/design_1_wrapper_hw_platform_0/system.hdf
targets -set -nocase -filter {name =~"APU*" && jtag_cable_name =~ "Digilent Zed 210248764353"} -index 0
stop
ps7_init
ps7_post_config
targets -set -nocase -filter {name =~ "ARM*#0" && jtag_cable_name =~ "Digilent Zed 210248764353"} -index 0
rst -processor
targets -set -nocase -filter {name =~ "ARM*#0" && jtag_cable_name =~ "Digilent Zed 210248764353"} -index 0
dow /home/marco/Documents/tesis/ww39_neuronal_new_IP/IP/hardware_for_IP/hardware_for_IP.sdk/helloworld/Debug/helloworld.elf
----------------End of Script----------------

19:11:53 INFO  : Memory regions updated for context APU
19:11:53 INFO  : Context for processor 'ps7_cortexa9_0' is selected.
19:11:53 INFO  : 'con' command is executed.
19:11:53 INFO  : ----------------XSDB Script (After Launch)----------------
targets -set -nocase -filter {name =~ "ARM*#0" && jtag_cable_name =~ "Digilent Zed 210248764353"} -index 0
con
----------------End of Script----------------

19:11:53 INFO  : Launch script is exported to file '/home/marco/Documents/tesis/ww39_neuronal_new_IP/IP/hardware_for_IP/hardware_for_IP.sdk/.sdk/launch_scripts/xilinx_c-c++_application_(system_debugger)/system_debugger_using_debug_helloworld.elf_on_local.tcl'
19:13:31 INFO  : Disconnected from the channel tcfchan#1.
19:13:32 INFO  : 'targets -set -filter {jtag_cable_name =~ "Digilent Zed 210248764353" && level==0} -index 1' command is executed.
19:13:32 INFO  : 'fpga -state' command is executed.
19:13:32 INFO  : Connected to target on host '127.0.0.1' and port '3121'.
19:13:32 INFO  : Jtag cable 'Digilent Zed 210248764353' is selected.
19:13:32 INFO  : 'jtag frequency' command is executed.
19:13:32 INFO  : Sourcing of '/home/marco/Documents/tesis/ww39_neuronal_new_IP/IP/hardware_for_IP/hardware_for_IP.sdk/design_1_wrapper_hw_platform_0/ps7_init.tcl' is done.
19:13:32 INFO  : Context for 'APU' is selected.
19:13:33 INFO  : Hardware design information is loaded from '/home/marco/Documents/tesis/ww39_neuronal_new_IP/IP/hardware_for_IP/hardware_for_IP.sdk/design_1_wrapper_hw_platform_0/system.hdf'.
19:13:33 INFO  : Context for 'APU' is selected.
19:13:33 INFO  : 'stop' command is executed.
19:13:34 INFO  : 'ps7_init' command is executed.
19:13:34 INFO  : 'ps7_post_config' command is executed.
19:13:34 INFO  : Context for processor 'ps7_cortexa9_0' is selected.
19:13:34 INFO  : Processor reset is completed for 'ps7_cortexa9_0'.
19:13:34 INFO  : Context for processor 'ps7_cortexa9_0' is selected.
19:13:34 INFO  : The application '/home/marco/Documents/tesis/ww39_neuronal_new_IP/IP/hardware_for_IP/hardware_for_IP.sdk/RTOS_helloworld/Debug/RTOS_helloworld.elf' is downloaded to processor 'ps7_cortexa9_0'.
19:13:34 INFO  : ----------------XSDB Script----------------
connect -url tcp:127.0.0.1:3121
source /home/marco/Documents/tesis/ww39_neuronal_new_IP/IP/hardware_for_IP/hardware_for_IP.sdk/design_1_wrapper_hw_platform_0/ps7_init.tcl
targets -set -nocase -filter {name =~"APU*" && jtag_cable_name =~ "Digilent Zed 210248764353"} -index 0
loadhw /home/marco/Documents/tesis/ww39_neuronal_new_IP/IP/hardware_for_IP/hardware_for_IP.sdk/design_1_wrapper_hw_platform_0/system.hdf
targets -set -nocase -filter {name =~"APU*" && jtag_cable_name =~ "Digilent Zed 210248764353"} -index 0
stop
ps7_init
ps7_post_config
targets -set -nocase -filter {name =~ "ARM*#0" && jtag_cable_name =~ "Digilent Zed 210248764353"} -index 0
rst -processor
targets -set -nocase -filter {name =~ "ARM*#0" && jtag_cable_name =~ "Digilent Zed 210248764353"} -index 0
dow /home/marco/Documents/tesis/ww39_neuronal_new_IP/IP/hardware_for_IP/hardware_for_IP.sdk/RTOS_helloworld/Debug/RTOS_helloworld.elf
----------------End of Script----------------

19:13:34 INFO  : Memory regions updated for context APU
19:13:34 INFO  : Context for processor 'ps7_cortexa9_0' is selected.
19:13:34 INFO  : 'con' command is executed.
19:13:34 INFO  : ----------------XSDB Script (After Launch)----------------
targets -set -nocase -filter {name =~ "ARM*#0" && jtag_cable_name =~ "Digilent Zed 210248764353"} -index 0
con
----------------End of Script----------------

19:13:34 INFO  : Launch script is exported to file '/home/marco/Documents/tesis/ww39_neuronal_new_IP/IP/hardware_for_IP/hardware_for_IP.sdk/.sdk/launch_scripts/xilinx_c-c++_application_(system_debugger)/system_debugger_using_debug_rtos_helloworld.elf_on_local.tcl'
19:14:00 INFO  : Disconnected from the channel tcfchan#2.
11:46:41 INFO  : Registering command handlers for SDK TCF services
11:46:42 INFO  : Launching XSCT server: xsct -n -interactive /home/marco/Documents/tesis/ww39_neuronal_new_IP/IP/hardware_for_IP/hardware_for_IP.sdk/temp_xsdb_launch_script.tcl
11:46:42 ERROR : (XSDB Server)awk: symbol lookup error: awk: undefined symbol: mpfr_z_sub

11:46:43 INFO  : XSCT server has started successfully.
11:46:43 INFO  : Successfully done setting XSCT server connection channel  
11:46:43 INFO  : Successfully done setting SDK workspace  
11:46:43 INFO  : Processing command line option -hwspec /home/marco/Documents/tesis/ww39_neuronal_new_IP/IP/hardware_for_IP/hardware_for_IP.sdk/design_1_wrapper.hdf.
11:46:43 INFO  : Checking for hwspec changes in the project design_1_wrapper_hw_platform_0.
11:46:59 INFO  : Connected to target on host '127.0.0.1' and port '3121'.
11:47:19 INFO  : Connected to target on host '127.0.0.1' and port '3121'.
11:47:19 INFO  : 'targets -set -filter {jtag_cable_name =~ "Digilent Zed 210248764353" && level==0} -index 1' command is executed.
11:47:22 INFO  : FPGA configured successfully with bitstream "/home/marco/Documents/tesis/ww39_neuronal_new_IP/IP/hardware_for_IP/hardware_for_IP.sdk/design_1_wrapper_hw_platform_0/design_1_wrapper.bit"
11:47:42 INFO  : 'targets -set -filter {jtag_cable_name =~ "Digilent Zed 210248764353" && level==0} -index 1' command is executed.
11:47:42 INFO  : 'fpga -state' command is executed.
11:47:42 INFO  : Connected to target on host '127.0.0.1' and port '3121'.
11:47:42 INFO  : Jtag cable 'Digilent Zed 210248764353' is selected.
11:47:42 INFO  : 'jtag frequency' command is executed.
11:47:42 INFO  : Sourcing of '/home/marco/Documents/tesis/ww39_neuronal_new_IP/IP/hardware_for_IP/hardware_for_IP.sdk/design_1_wrapper_hw_platform_0/ps7_init.tcl' is done.
11:47:42 INFO  : Context for 'APU' is selected.
11:47:42 INFO  : Hardware design information is loaded from '/home/marco/Documents/tesis/ww39_neuronal_new_IP/IP/hardware_for_IP/hardware_for_IP.sdk/design_1_wrapper_hw_platform_0/system.hdf'.
11:47:42 INFO  : Context for 'APU' is selected.
11:47:42 INFO  : 'stop' command is executed.
11:47:43 INFO  : 'ps7_init' command is executed.
11:47:43 INFO  : 'ps7_post_config' command is executed.
11:47:43 INFO  : Context for processor 'ps7_cortexa9_0' is selected.
11:47:43 INFO  : Processor reset is completed for 'ps7_cortexa9_0'.
11:47:43 INFO  : Context for processor 'ps7_cortexa9_0' is selected.
11:47:43 INFO  : The application '/home/marco/Documents/tesis/ww39_neuronal_new_IP/IP/hardware_for_IP/hardware_for_IP.sdk/RTOS_helloworld/Debug/RTOS_helloworld.elf' is downloaded to processor 'ps7_cortexa9_0'.
11:47:43 INFO  : ----------------XSDB Script----------------
connect -url tcp:127.0.0.1:3121
source /home/marco/Documents/tesis/ww39_neuronal_new_IP/IP/hardware_for_IP/hardware_for_IP.sdk/design_1_wrapper_hw_platform_0/ps7_init.tcl
targets -set -nocase -filter {name =~"APU*" && jtag_cable_name =~ "Digilent Zed 210248764353"} -index 0
loadhw /home/marco/Documents/tesis/ww39_neuronal_new_IP/IP/hardware_for_IP/hardware_for_IP.sdk/design_1_wrapper_hw_platform_0/system.hdf
targets -set -nocase -filter {name =~"APU*" && jtag_cable_name =~ "Digilent Zed 210248764353"} -index 0
stop
ps7_init
ps7_post_config
targets -set -nocase -filter {name =~ "ARM*#0" && jtag_cable_name =~ "Digilent Zed 210248764353"} -index 0
rst -processor
targets -set -nocase -filter {name =~ "ARM*#0" && jtag_cable_name =~ "Digilent Zed 210248764353"} -index 0
dow /home/marco/Documents/tesis/ww39_neuronal_new_IP/IP/hardware_for_IP/hardware_for_IP.sdk/RTOS_helloworld/Debug/RTOS_helloworld.elf
----------------End of Script----------------

11:47:43 INFO  : Memory regions updated for context APU
11:47:43 INFO  : Context for processor 'ps7_cortexa9_0' is selected.
11:47:43 INFO  : 'con' command is executed.
11:47:43 INFO  : ----------------XSDB Script (After Launch)----------------
targets -set -nocase -filter {name =~ "ARM*#0" && jtag_cable_name =~ "Digilent Zed 210248764353"} -index 0
con
----------------End of Script----------------

11:47:43 INFO  : Launch script is exported to file '/home/marco/Documents/tesis/ww39_neuronal_new_IP/IP/hardware_for_IP/hardware_for_IP.sdk/.sdk/launch_scripts/xilinx_c-c++_application_(system_debugger)/system_debugger_using_debug_rtos_helloworld.elf_on_local.tcl'
11:48:17 INFO  : Disconnected from the channel tcfchan#1.
11:48:18 INFO  : 'targets -set -filter {jtag_cable_name =~ "Digilent Zed 210248764353" && level==0} -index 1' command is executed.
11:48:18 INFO  : 'fpga -state' command is executed.
11:48:18 INFO  : Connected to target on host '127.0.0.1' and port '3121'.
11:48:18 INFO  : Jtag cable 'Digilent Zed 210248764353' is selected.
11:48:18 INFO  : 'jtag frequency' command is executed.
11:48:18 INFO  : Sourcing of '/home/marco/Documents/tesis/ww39_neuronal_new_IP/IP/hardware_for_IP/hardware_for_IP.sdk/design_1_wrapper_hw_platform_0/ps7_init.tcl' is done.
11:48:18 INFO  : Context for 'APU' is selected.
11:48:19 INFO  : Hardware design information is loaded from '/home/marco/Documents/tesis/ww39_neuronal_new_IP/IP/hardware_for_IP/hardware_for_IP.sdk/design_1_wrapper_hw_platform_0/system.hdf'.
11:48:19 INFO  : Context for 'APU' is selected.
11:48:19 INFO  : 'stop' command is executed.
11:48:20 INFO  : 'ps7_init' command is executed.
11:48:20 INFO  : 'ps7_post_config' command is executed.
11:48:20 INFO  : Context for processor 'ps7_cortexa9_0' is selected.
11:48:20 INFO  : Processor reset is completed for 'ps7_cortexa9_0'.
11:48:20 INFO  : Context for processor 'ps7_cortexa9_0' is selected.
11:48:20 INFO  : The application '/home/marco/Documents/tesis/ww39_neuronal_new_IP/IP/hardware_for_IP/hardware_for_IP.sdk/RTOS_helloworld/Debug/RTOS_helloworld.elf' is downloaded to processor 'ps7_cortexa9_0'.
11:48:20 INFO  : ----------------XSDB Script----------------
connect -url tcp:127.0.0.1:3121
source /home/marco/Documents/tesis/ww39_neuronal_new_IP/IP/hardware_for_IP/hardware_for_IP.sdk/design_1_wrapper_hw_platform_0/ps7_init.tcl
targets -set -nocase -filter {name =~"APU*" && jtag_cable_name =~ "Digilent Zed 210248764353"} -index 0
loadhw /home/marco/Documents/tesis/ww39_neuronal_new_IP/IP/hardware_for_IP/hardware_for_IP.sdk/design_1_wrapper_hw_platform_0/system.hdf
targets -set -nocase -filter {name =~"APU*" && jtag_cable_name =~ "Digilent Zed 210248764353"} -index 0
stop
ps7_init
ps7_post_config
targets -set -nocase -filter {name =~ "ARM*#0" && jtag_cable_name =~ "Digilent Zed 210248764353"} -index 0
rst -processor
targets -set -nocase -filter {name =~ "ARM*#0" && jtag_cable_name =~ "Digilent Zed 210248764353"} -index 0
dow /home/marco/Documents/tesis/ww39_neuronal_new_IP/IP/hardware_for_IP/hardware_for_IP.sdk/RTOS_helloworld/Debug/RTOS_helloworld.elf
----------------End of Script----------------

11:48:20 INFO  : Memory regions updated for context APU
11:48:20 INFO  : Context for processor 'ps7_cortexa9_0' is selected.
11:48:20 INFO  : 'con' command is executed.
11:48:20 INFO  : ----------------XSDB Script (After Launch)----------------
targets -set -nocase -filter {name =~ "ARM*#0" && jtag_cable_name =~ "Digilent Zed 210248764353"} -index 0
con
----------------End of Script----------------

11:48:20 INFO  : Launch script is exported to file '/home/marco/Documents/tesis/ww39_neuronal_new_IP/IP/hardware_for_IP/hardware_for_IP.sdk/.sdk/launch_scripts/xilinx_c-c++_application_(system_debugger)/system_debugger_using_debug_rtos_helloworld.elf_on_local.tcl'
13:38:43 ERROR : (XSDB Server)Terminated

21:31:19 INFO  : Registering command handlers for SDK TCF services
21:31:20 INFO  : Launching XSCT server: xsct -n -interactive /home/marco/Documents/tesis/ww39_neuronal_new_IP/IP/hardware_for_IP/hardware_for_IP.sdk/temp_xsdb_launch_script.tcl
21:31:21 INFO  : XSCT server has started successfully.
21:31:21 INFO  : Successfully done setting XSCT server connection channel  
21:31:21 INFO  : Successfully done setting SDK workspace  
21:50:21 INFO  : Connected to target on host '127.0.0.1' and port '3121'.
21:50:21 INFO  : 'targets -set -filter {jtag_cable_name =~ "Digilent Zed 210248764353" && level==0} -index 1' command is executed.
21:50:23 INFO  : FPGA configured successfully with bitstream "/home/marco/Documents/tesis/ww39_neuronal_new_IP/IP/hardware_for_IP/hardware_for_IP.sdk/design_1_wrapper_hw_platform_0/design_1_wrapper.bit"
21:51:32 INFO  : 'targets -set -filter {jtag_cable_name =~ "Digilent Zed 210248764353" && level==0} -index 1' command is executed.
21:51:32 INFO  : 'fpga -state' command is executed.
21:51:32 INFO  : Connected to target on host '127.0.0.1' and port '3121'.
21:51:33 INFO  : Jtag cable 'Digilent Zed 210248764353' is selected.
21:51:33 INFO  : 'jtag frequency' command is executed.
21:51:33 INFO  : Sourcing of '/home/marco/Documents/tesis/ww39_neuronal_new_IP/IP/hardware_for_IP/hardware_for_IP.sdk/design_1_wrapper_hw_platform_0/ps7_init.tcl' is done.
21:51:33 INFO  : Context for 'APU' is selected.
21:51:33 INFO  : Hardware design information is loaded from '/home/marco/Documents/tesis/ww39_neuronal_new_IP/IP/hardware_for_IP/hardware_for_IP.sdk/design_1_wrapper_hw_platform_0/system.hdf'.
21:51:33 INFO  : Context for 'APU' is selected.
21:51:33 INFO  : 'stop' command is executed.
21:51:34 INFO  : 'ps7_init' command is executed.
21:51:34 INFO  : 'ps7_post_config' command is executed.
21:51:34 INFO  : Context for processor 'ps7_cortexa9_0' is selected.
21:51:34 INFO  : Processor reset is completed for 'ps7_cortexa9_0'.
21:51:34 INFO  : Context for processor 'ps7_cortexa9_0' is selected.
21:51:34 INFO  : The application '/home/marco/Documents/tesis/ww39_neuronal_new_IP/IP/hardware_for_IP/hardware_for_IP.sdk/RTOS_helloworld/Debug/RTOS_helloworld.elf' is downloaded to processor 'ps7_cortexa9_0'.
21:51:34 INFO  : ----------------XSDB Script----------------
connect -url tcp:127.0.0.1:3121
source /home/marco/Documents/tesis/ww39_neuronal_new_IP/IP/hardware_for_IP/hardware_for_IP.sdk/design_1_wrapper_hw_platform_0/ps7_init.tcl
targets -set -nocase -filter {name =~"APU*" && jtag_cable_name =~ "Digilent Zed 210248764353"} -index 0
loadhw /home/marco/Documents/tesis/ww39_neuronal_new_IP/IP/hardware_for_IP/hardware_for_IP.sdk/design_1_wrapper_hw_platform_0/system.hdf
targets -set -nocase -filter {name =~"APU*" && jtag_cable_name =~ "Digilent Zed 210248764353"} -index 0
stop
ps7_init
ps7_post_config
targets -set -nocase -filter {name =~ "ARM*#0" && jtag_cable_name =~ "Digilent Zed 210248764353"} -index 0
rst -processor
targets -set -nocase -filter {name =~ "ARM*#0" && jtag_cable_name =~ "Digilent Zed 210248764353"} -index 0
dow /home/marco/Documents/tesis/ww39_neuronal_new_IP/IP/hardware_for_IP/hardware_for_IP.sdk/RTOS_helloworld/Debug/RTOS_helloworld.elf
----------------End of Script----------------

21:51:34 INFO  : Memory regions updated for context APU
21:51:35 INFO  : Context for processor 'ps7_cortexa9_0' is selected.
21:51:35 INFO  : 'con' command is executed.
21:51:35 INFO  : ----------------XSDB Script (After Launch)----------------
targets -set -nocase -filter {name =~ "ARM*#0" && jtag_cable_name =~ "Digilent Zed 210248764353"} -index 0
con
----------------End of Script----------------

21:51:35 INFO  : Launch script is exported to file '/home/marco/Documents/tesis/ww39_neuronal_new_IP/IP/hardware_for_IP/hardware_for_IP.sdk/.sdk/launch_scripts/xilinx_c-c++_application_(system_debugger)/system_debugger_using_debug_rtos_helloworld.elf_on_local.tcl'
21:53:12 INFO  : Disconnected from the channel tcfchan#1.
22:15:50 INFO  : Launching XSCT server: xsct -n -interactive /home/marco/Documents/tesis/ww39_neuronal_new_IP/IP/hardware_for_IP/hardware_for_IP.sdk/temp_xsdb_launch_script.tcl
22:15:51 INFO  : XSCT server has started successfully.
22:15:51 INFO  : Successfully done setting XSCT server connection channel  
22:15:51 INFO  : Successfully done setting SDK workspace  
22:15:58 INFO  : Registering command handlers for SDK TCF services
22:16:58 ERROR : (XSDB Server)/opt/vivado/SDK/2016.4/bin/loader: line 179: 29398 Segmentation fault      (core dumped) "$RDI_PROG" "$@"

22:16:58 INFO  : Launching XSCT server: xsct -n -interactive /home/marco/Documents/tesis/ww39_neuronal_new_IP/IP/hardware_for_IP/hardware_for_IP.sdk/temp_xsdb_launch_script.tcl
22:17:00 INFO  : XSCT server has started successfully.
22:17:09 ERROR : (XSDB Server)/opt/vivado/SDK/2016.4/bin/loader: line 179: 12645 Segmentation fault      (core dumped) "$RDI_PROG" "$@"

22:17:09 INFO  : Launching XSCT server: xsct -n -interactive /home/marco/Documents/tesis/ww39_neuronal_new_IP/IP/hardware_for_IP/hardware_for_IP.sdk/temp_xsdb_launch_script.tcl
22:17:10 INFO  : XSCT server has started successfully.
22:27:16 INFO  : 'targets -set -filter {jtag_cable_name =~ "Digilent Zed 210248764353" && level==0} -index 1' command is executed.
22:27:16 INFO  : 'fpga -state' command is executed.
22:27:16 INFO  : Connected to target on host '127.0.0.1' and port '3121'.
22:27:17 INFO  : Jtag cable 'Digilent Zed 210248764353' is selected.
22:27:17 INFO  : 'jtag frequency' command is executed.
22:27:17 INFO  : Sourcing of '/home/marco/Documents/tesis/ww39_neuronal_new_IP/IP/hardware_for_IP/hardware_for_IP.sdk/design_1_wrapper_hw_platform_0/ps7_init.tcl' is done.
22:27:17 INFO  : Context for 'APU' is selected.
22:27:17 INFO  : Hardware design information is loaded from '/home/marco/Documents/tesis/ww39_neuronal_new_IP/IP/hardware_for_IP/hardware_for_IP.sdk/design_1_wrapper_hw_platform_0/system.hdf'.
22:27:17 INFO  : Context for 'APU' is selected.
22:27:17 INFO  : 'stop' command is executed.
22:27:17 INFO  : 'ps7_init' command is executed.
22:27:17 INFO  : 'ps7_post_config' command is executed.
22:27:18 INFO  : Context for processor 'ps7_cortexa9_0' is selected.
22:27:18 INFO  : Processor reset is completed for 'ps7_cortexa9_0'.
22:27:18 INFO  : Context for processor 'ps7_cortexa9_0' is selected.
22:27:18 INFO  : The application '/home/marco/Documents/tesis/ww39_neuronal_new_IP/IP/hardware_for_IP/hardware_for_IP.sdk/Math_RTOS/Debug/Math_RTOS.elf' is downloaded to processor 'ps7_cortexa9_0'.
22:27:18 INFO  : ----------------XSDB Script----------------
connect -url tcp:127.0.0.1:3121
source /home/marco/Documents/tesis/ww39_neuronal_new_IP/IP/hardware_for_IP/hardware_for_IP.sdk/design_1_wrapper_hw_platform_0/ps7_init.tcl
targets -set -nocase -filter {name =~"APU*" && jtag_cable_name =~ "Digilent Zed 210248764353"} -index 0
loadhw /home/marco/Documents/tesis/ww39_neuronal_new_IP/IP/hardware_for_IP/hardware_for_IP.sdk/design_1_wrapper_hw_platform_0/system.hdf
targets -set -nocase -filter {name =~"APU*" && jtag_cable_name =~ "Digilent Zed 210248764353"} -index 0
stop
ps7_init
ps7_post_config
targets -set -nocase -filter {name =~ "ARM*#0" && jtag_cable_name =~ "Digilent Zed 210248764353"} -index 0
rst -processor
targets -set -nocase -filter {name =~ "ARM*#0" && jtag_cable_name =~ "Digilent Zed 210248764353"} -index 0
dow /home/marco/Documents/tesis/ww39_neuronal_new_IP/IP/hardware_for_IP/hardware_for_IP.sdk/Math_RTOS/Debug/Math_RTOS.elf
----------------End of Script----------------

22:27:18 INFO  : Memory regions updated for context APU
22:27:18 INFO  : Context for processor 'ps7_cortexa9_0' is selected.
22:27:19 INFO  : 'con' command is executed.
22:27:19 INFO  : ----------------XSDB Script (After Launch)----------------
targets -set -nocase -filter {name =~ "ARM*#0" && jtag_cable_name =~ "Digilent Zed 210248764353"} -index 0
con
----------------End of Script----------------

22:27:19 INFO  : Launch script is exported to file '/home/marco/Documents/tesis/ww39_neuronal_new_IP/IP/hardware_for_IP/hardware_for_IP.sdk/.sdk/launch_scripts/xilinx_c-c++_application_(system_debugger)/system_debugger_using_debug_math_rtos.elf_on_local.tcl'
22:32:46 INFO  : Disconnected from the channel tcfchan#1.
22:34:35 INFO  : Registering command handlers for SDK TCF services
22:34:36 INFO  : Launching XSCT server: xsct -n -interactive /home/marco/Documents/tesis/ww39_neuronal_new_IP/IP/hardware_for_IP/hardware_for_IP.sdk/temp_xsdb_launch_script.tcl
22:34:38 INFO  : XSCT server has started successfully.
22:34:38 INFO  : Successfully done setting XSCT server connection channel  
22:34:39 INFO  : Successfully done setting SDK workspace  
22:35:51 INFO  : 'targets -set -filter {jtag_cable_name =~ "Digilent Zed 210248764353" && level==0} -index 1' command is executed.
22:35:51 INFO  : 'fpga -state' command is executed.
22:35:51 INFO  : Connected to target on host '127.0.0.1' and port '3121'.
22:35:52 INFO  : Jtag cable 'Digilent Zed 210248764353' is selected.
22:35:52 INFO  : 'jtag frequency' command is executed.
22:35:52 INFO  : Sourcing of '/home/marco/Documents/tesis/ww39_neuronal_new_IP/IP/hardware_for_IP/hardware_for_IP.sdk/design_1_wrapper_hw_platform_0/ps7_init.tcl' is done.
22:35:52 INFO  : Context for 'APU' is selected.
22:35:52 INFO  : Hardware design information is loaded from '/home/marco/Documents/tesis/ww39_neuronal_new_IP/IP/hardware_for_IP/hardware_for_IP.sdk/design_1_wrapper_hw_platform_0/system.hdf'.
22:35:52 INFO  : Context for 'APU' is selected.
22:35:52 INFO  : 'stop' command is executed.
22:35:52 INFO  : 'ps7_init' command is executed.
22:35:52 INFO  : 'ps7_post_config' command is executed.
22:35:52 INFO  : Context for processor 'ps7_cortexa9_0' is selected.
22:35:53 INFO  : Processor reset is completed for 'ps7_cortexa9_0'.
22:35:53 INFO  : Context for processor 'ps7_cortexa9_0' is selected.
22:35:53 INFO  : The application '/home/marco/Documents/tesis/ww39_neuronal_new_IP/IP/hardware_for_IP/hardware_for_IP.sdk/Math_RTOS/Debug/Math_RTOS.elf' is downloaded to processor 'ps7_cortexa9_0'.
22:35:53 INFO  : ----------------XSDB Script----------------
connect -url tcp:127.0.0.1:3121
source /home/marco/Documents/tesis/ww39_neuronal_new_IP/IP/hardware_for_IP/hardware_for_IP.sdk/design_1_wrapper_hw_platform_0/ps7_init.tcl
targets -set -nocase -filter {name =~"APU*" && jtag_cable_name =~ "Digilent Zed 210248764353"} -index 0
loadhw /home/marco/Documents/tesis/ww39_neuronal_new_IP/IP/hardware_for_IP/hardware_for_IP.sdk/design_1_wrapper_hw_platform_0/system.hdf
targets -set -nocase -filter {name =~"APU*" && jtag_cable_name =~ "Digilent Zed 210248764353"} -index 0
stop
ps7_init
ps7_post_config
targets -set -nocase -filter {name =~ "ARM*#0" && jtag_cable_name =~ "Digilent Zed 210248764353"} -index 0
rst -processor
targets -set -nocase -filter {name =~ "ARM*#0" && jtag_cable_name =~ "Digilent Zed 210248764353"} -index 0
dow /home/marco/Documents/tesis/ww39_neuronal_new_IP/IP/hardware_for_IP/hardware_for_IP.sdk/Math_RTOS/Debug/Math_RTOS.elf
----------------End of Script----------------

22:35:53 INFO  : Memory regions updated for context APU
22:35:53 INFO  : Context for processor 'ps7_cortexa9_0' is selected.
22:35:53 INFO  : 'con' command is executed.
22:35:53 INFO  : ----------------XSDB Script (After Launch)----------------
targets -set -nocase -filter {name =~ "ARM*#0" && jtag_cable_name =~ "Digilent Zed 210248764353"} -index 0
con
----------------End of Script----------------

22:35:53 INFO  : Launch script is exported to file '/home/marco/Documents/tesis/ww39_neuronal_new_IP/IP/hardware_for_IP/hardware_for_IP.sdk/.sdk/launch_scripts/xilinx_c-c++_application_(system_debugger)/system_debugger_using_debug_math_rtos.elf_on_local.tcl'
22:40:19 INFO  : Invoking Bootgen: bootgen -image FSBL.bif -arch zynq -o /home/marco/Documents/2020/tesis/buildroot_network_newversion_release_11_2019/buildroot-2019.11/BOOT.bin
22:40:19 INFO  : Creating new bif file /home/marco/Documents/tesis/ww39_neuronal_new_IP/IP/hardware_for_IP/hardware_for_IP.sdk/FSBL/bootimage/FSBL.bif
22:40:20 INFO  : Bootgen command execution is done.
22:52:17 INFO  : Invoking Bootgen: bootgen -image FSBL.bif -arch zynq -o /home/marco/Documents/tesis/ww39_neuronal_new_IP/IP/hardware_for_IP/hardware_for_IP.sdk/FSBL/bootimage/BOOT.bin
22:52:17 INFO  : Overwriting existing bif file /home/marco/Documents/tesis/ww39_neuronal_new_IP/IP/hardware_for_IP/hardware_for_IP.sdk/FSBL/bootimage/FSBL.bif
22:52:18 INFO  : Bootgen command execution is done.
22:54:11 INFO  : Invoking Bootgen: bootgen -image FSBL.bif -arch zynq -o /home/marco/Documents/2020/tesis/buildroot_network_newversion_release_11_2019/BOOT.bin
22:54:11 INFO  : Overwriting existing bif file /home/marco/Documents/tesis/ww39_neuronal_new_IP/IP/hardware_for_IP/hardware_for_IP.sdk/FSBL/bootimage/FSBL.bif
22:54:12 INFO  : Bootgen command execution is done.
22:57:34 INFO  : Disconnected from the channel tcfchan#1.
