22:54:32 INFO  : Registering command handlers for SDK TCF services
22:54:34 INFO  : Launching XSCT server: xsct -n -interactive /home/marco/Documents/2020/remoteproc2018/SDK_project/temp_xsdb_launch_script.tcl
22:54:42 INFO  : XSCT server has started successfully.
22:54:42 INFO  : Successfully done setting XSCT server connection channel  
22:54:42 INFO  : Successfully done setting SDK workspace  
23:21:54 INFO  : Refreshed build settings on project remoteproject2018
21:49:38 ERROR : (XSDB Server)Terminated

21:44:54 INFO  : Registering command handlers for SDK TCF services
21:44:55 INFO  : Launching XSCT server: xsct -n -interactive /home/marco/Documents/2020/remoteproc2018/SDK_project/temp_xsdb_launch_script.tcl
21:44:58 INFO  : XSCT server has started successfully.
21:44:58 INFO  : Successfully done setting XSCT server connection channel  
21:44:58 INFO  : Successfully done setting SDK workspace  
21:48:36 INFO  : Invoking Bootgen: bootgen -image output.bif -arch zynq -o /home/marco/Downloads/buildroot-2016.11-rc2/BOOT.bin
21:48:36 INFO  : Creating new bif file /home/marco/Downloads/buildroot-2016.11-rc2/output.bif
21:48:37 INFO  : Bootgen command execution is done.
22:16:44 INFO  : Launching XSCT server: xsct -n -interactive /home/marco/Documents/2020/remoteproc2018/SDK_project/temp_xsdb_launch_script.tcl
22:16:46 INFO  : XSCT server has started successfully.
22:16:46 INFO  : Successfully done setting XSCT server connection channel  
22:16:47 INFO  : Successfully done setting SDK workspace  
22:16:50 INFO  : Registering command handlers for SDK TCF services
22:18:39 INFO  : Invoking Bootgen: bootgen -image output.bif -arch zynq -o /home/marco/Documents/2020/build_root_glib/buildroot-2019.11.1/BOOT.bin
22:18:39 INFO  : Creating new bif file /home/marco/Documents/2020/build_root_glib/buildroot-2019.11.1/output.bif
22:18:40 INFO  : Bootgen command execution is done.
10:48:43 ERROR : (XSDB Server)Terminated

17:11:03 INFO  : Launching XSCT server: xsct -n -interactive /home/marco/Documents/2020/remoteproc2018/SDK_project/temp_xsdb_launch_script.tcl
17:11:05 INFO  : XSCT server has started successfully.
17:11:05 INFO  : Successfully done setting XSCT server connection channel  
17:11:06 INFO  : Successfully done setting SDK workspace  
17:11:09 INFO  : Registering command handlers for SDK TCF services
17:13:06 INFO  : Invoking Bootgen: bootgen -image output.bif -arch zynq -o /home/marco/Documents/2020/buildroot_11_2019_fullprogram/buildroot-2019.11.1/BOOT.bin
17:13:06 INFO  : Creating new bif file /home/marco/Documents/2020/buildroot_11_2019_fullprogram/buildroot-2019.11.1/output.bif
17:13:08 INFO  : Bootgen command execution is done.
20:35:31 INFO  : Invoking Bootgen: bootgen -image output.bif -arch zynq -o /home/marco/Downloads/buildroot-2018.02-rc3/BOOT.bin
20:35:31 INFO  : Creating new bif file /home/marco/Downloads/buildroot-2018.02-rc3/output.bif
20:35:33 INFO  : Bootgen command execution is done.
22:26:43 INFO  : Invoking Bootgen: bootgen -image output.bif -arch zynq -o /home/marco/Documents/2020/buildroot_2018_02_REMOTE/buildroot-2018.02-rc3/BOOT.bin
22:26:43 INFO  : Creating new bif file /home/marco/Documents/2020/buildroot_2018_02_REMOTE/buildroot-2018.02-rc3/output.bif
22:26:45 INFO  : Bootgen command execution is done.
