TRACE::2020-04-09.18:12:51::SCWBifWriter::Found the complete platform /home/marco/Documents/2020/remoteproc2019/new_SDK_project/zed/export/zed/zed.xpfm
TRACE::2020-04-09.18:12:51::SCWBifWriter::hardware databse : design_1_wrapper_6
TRACE::2020-04-09.18:12:51::SCWBifWriter::No bitstream found in the design
TRACE::2020-04-09.18:12:51::SCWBifWriter::Found a baremetal domain, proc: ps7_cortexa9_1
TRACE::2020-04-09.18:12:51::SCWBifWriter::proc type : 
TRACE::2020-04-09.18:12:51::SCWBifWriter::proc[0] : ps7_cortexa9_1
TRACE::2020-04-09.18:12:51::SCWBifWriter::Device type is : zynq
TRACE::2020-04-09.18:12:51::SCWBifWriter::Writing BIF to file : /home/marco/Documents/2020/remoteproc2019/new_SDK_project/orgremoteproc2019_system/Debug/system.bif
TRACE::2020-04-09.18:12:51::SCWBifWriter::Writing the Zynq Baremetal bif 
TRACE::2020-04-09.18:13:30::SCWBifWriter::Found the complete platform /home/marco/Documents/2020/remoteproc2019/new_SDK_project/zed/export/zed/zed.xpfm
TRACE::2020-04-09.18:13:30::SCWBifWriter::hardware databse : design_1_wrapper_6
TRACE::2020-04-09.18:13:30::SCWBifWriter::No bitstream found in the design
TRACE::2020-04-09.18:13:30::SCWBifWriter::Found a baremetal domain, proc: ps7_cortexa9_1
TRACE::2020-04-09.18:13:30::SCWBifWriter::proc type : 
TRACE::2020-04-09.18:13:30::SCWBifWriter::proc[0] : ps7_cortexa9_1
TRACE::2020-04-09.18:13:30::SCWBifWriter::Device type is : zynq
TRACE::2020-04-09.18:13:30::SCWBifWriter::Writing BIF to file : /home/marco/Documents/2020/remoteproc2019/new_SDK_project/orgremoteproc2019_system/Debug/system.bif
TRACE::2020-04-09.18:13:30::SCWBifWriter::Writing the Zynq Baremetal bif 
TRACE::2020-04-09.18:25:50::SCWBifWriter::Found the complete platform /home/marco/Documents/2020/remoteproc2019/new_SDK_project/zed/export/zed/zed.xpfm
TRACE::2020-04-09.18:25:50::SCWBifWriter::hardware databse : design_1_wrapper_6
TRACE::2020-04-09.18:25:50::SCWBifWriter::No bitstream found in the design
TRACE::2020-04-09.18:25:50::SCWBifWriter::Found a baremetal domain, proc: ps7_cortexa9_1
TRACE::2020-04-09.18:25:50::SCWBifWriter::proc type : 
TRACE::2020-04-09.18:25:50::SCWBifWriter::proc[0] : ps7_cortexa9_1
TRACE::2020-04-09.18:25:50::SCWBifWriter::Device type is : zynq
TRACE::2020-04-09.18:25:50::SCWBifWriter::Writing BIF to file : /home/marco/Documents/2020/remoteproc2019/new_SDK_project/orgremoteproc2019_system/Debug/system.bif
TRACE::2020-04-09.18:25:50::SCWBifWriter::Writing the Zynq Baremetal bif 
