

================================================================
== Vivado HLS Report for 'execute_Block_codeRe'
================================================================
* Date:           Sat Jan 11 14:24:36 2020

* Version:        2018.3 (Build 2405991 on Thu Dec 06 23:56:15 MST 2018)
* Project:        IP_latest_2020_Enero
* Solution:       solution1
* Product family: zynq
* Target device:  xc7z020clg484-1


================================================================
== Performance Estimates
================================================================
+ Timing (ns): 
    * Summary: 
    +--------+-------+----------+------------+
    |  Clock | Target| Estimated| Uncertainty|
    +--------+-------+----------+------------+
    |ap_clk  |  10.00|     3.000|        4.00|
    +--------+-------+----------+------------+

+ Latency (clock cycles): 
    * Summary: 
    +-----+-----+-----+-----+---------+
    |  Latency  |  Interval | Pipeline|
    | min | max | min | max |   Type  |
    +-----+-----+-----+-----+---------+
    |    0|    0|    0|    0|   none  |
    +-----+-----+-----+-----+---------+

    + Detail: 
        * Instance: 
        N/A

        * Loop: 
        N/A



================================================================
== Utilization Estimates
================================================================
* Summary: 
+-----------------+---------+-------+--------+-------+
|       Name      | BRAM_18K| DSP48E|   FF   |  LUT  |
+-----------------+---------+-------+--------+-------+
|DSP              |        -|      -|       -|      -|
|Expression       |        -|      -|       0|      2|
|FIFO             |        -|      -|       -|      -|
|Instance         |        -|      -|       -|      -|
|Memory           |        -|      -|       -|      -|
|Multiplexer      |        -|      -|       -|     27|
|Register         |        -|      -|      34|      -|
+-----------------+---------+-------+--------+-------+
|Total            |        0|      0|      34|     29|
+-----------------+---------+-------+--------+-------+
|Available        |      280|    220|  106400|  53200|
+-----------------+---------+-------+--------+-------+
|Utilization (%)  |        0|      0|   ~0   |   ~0  |
+-----------------+---------+-------+--------+-------+

+ Detail: 
    * Instance: 
    N/A

    * DSP48: 
    N/A

    * Memory: 
    N/A

    * FIFO: 
    N/A

    * Expression: 
    +-----------------+----------+-------+---+----+------------+------------+
    |  Variable Name  | Operation| DSP48E| FF| LUT| Bitwidth P0| Bitwidth P1|
    +-----------------+----------+-------+---+----+------------+------------+
    |ap_block_state1  |    or    |      0|  0|   2|           1|           1|
    +-----------------+----------+-------+---+----+------------+------------+
    |Total            |          |      0|  0|   2|           1|           1|
    +-----------------+----------+-------+---+----+------------+------------+

    * Multiplexer: 
    +------------+----+-----------+-----+-----------+
    |    Name    | LUT| Input Size| Bits| Total Bits|
    +------------+----+-----------+-----+-----------+
    |ap_done     |   9|          2|    1|          2|
    |ap_return   |   9|          2|   32|         64|
    |size_blk_n  |   9|          2|    1|          2|
    +------------+----+-----------+-----+-----------+
    |Total       |  27|          6|   34|         68|
    +------------+----+-----------+-----+-----------+

    * Register: 
    +----------------+----+----+-----+-----------+
    |      Name      | FF | LUT| Bits| Const Bits|
    +----------------+----+----+-----+-----------+
    |ap_CS_fsm       |   1|   0|    1|          0|
    |ap_done_reg     |   1|   0|    1|          0|
    |ap_return_preg  |  32|   0|   32|          0|
    +----------------+----+----+-----+-----------+
    |Total           |  34|   0|   34|          0|
    +----------------+----+----+-----+-----------+



================================================================
== Interface
================================================================
* Summary: 
+--------------+-----+-----+------------+----------------------+--------------+
|   RTL Ports  | Dir | Bits|  Protocol  |     Source Object    |    C Type    |
+--------------+-----+-----+------------+----------------------+--------------+
|ap_clk        |  in |    1| ap_ctrl_hs | execute_Block_codeRe | return value |
|ap_rst        |  in |    1| ap_ctrl_hs | execute_Block_codeRe | return value |
|ap_start      |  in |    1| ap_ctrl_hs | execute_Block_codeRe | return value |
|ap_done       | out |    1| ap_ctrl_hs | execute_Block_codeRe | return value |
|ap_continue   |  in |    1| ap_ctrl_hs | execute_Block_codeRe | return value |
|ap_idle       | out |    1| ap_ctrl_hs | execute_Block_codeRe | return value |
|ap_ready      | out |    1| ap_ctrl_hs | execute_Block_codeRe | return value |
|ap_return     | out |   32| ap_ctrl_hs | execute_Block_codeRe | return value |
|size_dout     |  in |   32|   ap_fifo  |         size         |    pointer   |
|size_empty_n  |  in |    1|   ap_fifo  |         size         |    pointer   |
|size_read     | out |    1|   ap_fifo  |         size         |    pointer   |
+--------------+-----+-----+------------+----------------------+--------------+

