

================================================================
== Vivado HLS Report for 'V_read'
================================================================
* Date:           Sat Jan 11 14:24:36 2020

* Version:        2018.3 (Build 2405991 on Thu Dec 06 23:56:15 MST 2018)
* Project:        IP_latest_2020_Enero
* Solution:       solution1
* Product family: zynq
* Target device:  xc7z020clg484-1


================================================================
== Performance Estimates
================================================================
+ Timing (ns): 
    * Summary: 
    +--------+-------+----------+------------+
    |  Clock | Target| Estimated| Uncertainty|
    +--------+-------+----------+------------+
    |ap_clk  |  10.00|     6.000|        4.00|
    +--------+-------+----------+------------+

+ Latency (clock cycles): 
    * Summary: 
    +-----+----------+-----+----------+----------+
    |     Latency    |    Interval    | Pipeline |
    | min |    max   | min |    max   |   Type   |
    +-----+----------+-----+----------+----------+
    |    7|  25012498|    5|  25004996| dataflow |
    +-----+----------+-----+----------+----------+

    + Detail: 
        * Instance: 
        +-----------------------+--------------------+-----+----------+-----+----------+---------+
        |                       |                    |     Latency    |    Interval    | Pipeline|
        |        Instance       |       Module       | min |    max   | min |    max   |   Type  |
        +-----------------------+--------------------+-----+----------+-----+----------+---------+
        |writeV2calc_U0         |writeV2calc         |    1|  25004995|    1|  25004995|   none  |
        |indexGeneration_U0     |indexGeneration     |    4|   6252501|    4|   6252501|   none  |
        |readVoltages_U0        |readVoltages        |    4|      7501|    4|      7501|   none  |
        |V_read_entry190203_U0  |V_read_entry190203  |    0|         0|    0|         0|   none  |
        +-----------------------+--------------------+-----+----------+-----+----------+---------+

        * Loop: 
        N/A



================================================================
== Utilization Estimates
================================================================
* Summary: 
+-----------------+---------+-------+--------+-------+
|       Name      | BRAM_18K| DSP48E|   FF   |  LUT  |
+-----------------+---------+-------+--------+-------+
|DSP              |        -|      -|       -|      -|
|Expression       |        -|      -|       0|     36|
|FIFO             |       16|      -|     518|   1031|
|Instance         |        -|      -|     975|   1264|
|Memory           |       32|      -|       0|      0|
|Multiplexer      |        -|      -|       -|     45|
|Register         |        -|      -|       7|      -|
+-----------------+---------+-------+--------+-------+
|Total            |       48|      0|    1500|   2376|
+-----------------+---------+-------+--------+-------+
|Available        |      280|    220|  106400|  53200|
+-----------------+---------+-------+--------+-------+
|Utilization (%)  |       17|      0|       1|      4|
+-----------------+---------+-------+--------+-------+

+ Detail: 
    * Instance: 
    +-----------------------+--------------------+---------+-------+-----+-----+
    |        Instance       |       Module       | BRAM_18K| DSP48E|  FF | LUT |
    +-----------------------+--------------------+---------+-------+-----+-----+
    |V_read_entry190203_U0  |V_read_entry190203  |        0|      0|    3|  128|
    |indexGeneration_U0     |indexGeneration     |        0|      0|   98|  383|
    |readVoltages_U0        |readVoltages        |        0|      0|  192|  290|
    |writeV2calc_U0         |writeV2calc         |        0|      0|  682|  463|
    +-----------------------+--------------------+---------+-------+-----+-----+
    |Total                  |                    |        0|      0|  975| 1264|
    +-----------------------+--------------------+---------+-------+-----+-----+

    * DSP48: 
    N/A

    * Memory: 
    +------------------+-----------------------+---------+---+----+-------+-----+------+-------------+
    |      Memory      |         Module        | BRAM_18K| FF| LUT| Words | Bits| Banks| W*Bits*Banks|
    +------------------+-----------------------+---------+---+----+-------+-----+------+-------------+
    |voltagesBackup_U  |V_read_voltagesBackup  |       32|  0|   0|  10000|   32|     2|       640000|
    +------------------+-----------------------+---------+---+----+-------+-----+------+-------------+
    |Total             |                       |       32|  0|   0|  10000|   32|     2|       640000|
    +------------------+-----------------------+---------+---+----+-------+-----+------+-------------+

    * FIFO: 
    +--------------------------+---------+----+----+------+-----+---------+
    |           Name           | BRAM_18K| FF | LUT| Depth| Bits| Size:D*B|
    +--------------------------+---------+----+----+------+-----+---------+
    |V_SIZE_c_i_U              |        0|   5|  44|     2|   32|       64|
    |Vi_idx_V_data_V_0_U       |        2|  61|  99|  1024|   27|    27648|
    |Vi_idx_V_data_V_1_U       |        2|  61|  99|  1024|   27|    27648|
    |Vi_idx_V_data_V_2_U       |        2|  61|  99|  1024|   27|    27648|
    |Vi_idx_V_data_V_3_U       |        2|  61|  99|  1024|   27|    27648|
    |Vj_idx_V_data_V_0_U       |        2|  61|  99|  1024|   27|    27648|
    |Vj_idx_V_data_V_1_U       |        2|  61|  99|  1024|   27|    27648|
    |Vj_idx_V_data_V_2_U       |        2|  61|  99|  1024|   27|    27648|
    |Vj_idx_V_data_V_3_U       |        2|  61|  99|  1024|   27|    27648|
    |simConfig_BLOCK_NUMB_6_U  |        0|   5|  39|     2|   27|       54|
    |simConfig_BLOCK_NUMB_U    |        0|   5|  39|     3|   27|       81|
    |simConfig_rowBegin_V_2_U  |        0|   5|  39|     2|   27|       54|
    |simConfig_rowEnd_V_c_U    |        0|   5|  39|     2|   27|       54|
    |simConfig_rowsToSimu_U    |        0|   5|  39|     3|   27|       81|
    +--------------------------+---------+----+----+------+-----+---------+
    |Total                     |       16| 518|1031|  8206|  383|   221572|
    +--------------------------+---------+----+----+------+-----+---------+

    * Expression: 
    +----------------------------------------+----------+-------+---+----+------------+------------+
    |              Variable Name             | Operation| DSP48E| FF| LUT| Bitwidth P0| Bitwidth P1|
    +----------------------------------------+----------+-------+---+----+------------+------------+
    |V_read_entry190203_U0_ap_ready_count    |     +    |      0|  0|  10|           2|           1|
    |readVoltages_U0_ap_ready_count          |     +    |      0|  0|  10|           2|           1|
    |V_read_entry190203_U0_ap_start          |    and   |      0|  0|   2|           1|           1|
    |ap_idle                                 |    and   |      0|  0|   2|           1|           1|
    |ap_sync_continue                        |    and   |      0|  0|   2|           1|           1|
    |ap_sync_done                            |    and   |      0|  0|   2|           1|           1|
    |ap_sync_ready                           |    and   |      0|  0|   2|           1|           1|
    |readVoltages_U0_ap_start                |    and   |      0|  0|   2|           1|           1|
    |ap_sync_V_read_entry190203_U0_ap_ready  |    or    |      0|  0|   2|           1|           1|
    |ap_sync_readVoltages_U0_ap_ready        |    or    |      0|  0|   2|           1|           1|
    +----------------------------------------+----------+-------+---+----+------------+------------+
    |Total                                   |          |      0|  0|  36|          12|          10|
    +----------------------------------------+----------+-------+---+----+------------+------------+

    * Multiplexer: 
    +--------------------------------------------+----+-----------+-----+-----------+
    |                    Name                    | LUT| Input Size| Bits| Total Bits|
    +--------------------------------------------+----+-----------+-----+-----------+
    |V_read_entry190203_U0_ap_ready_count        |   9|          2|    2|          4|
    |ap_sync_reg_V_read_entry190203_U0_ap_ready  |   9|          2|    1|          2|
    |ap_sync_reg_readVoltages_U0_ap_ready        |   9|          2|    1|          2|
    |readVoltages_U0_ap_ready_count              |   9|          2|    2|          4|
    |real_start                                  |   9|          2|    1|          2|
    +--------------------------------------------+----+-----------+-----+-----------+
    |Total                                       |  45|         10|    7|         14|
    +--------------------------------------------+----+-----------+-----+-----------+

    * Register: 
    +--------------------------------------------+---+----+-----+-----------+
    |                    Name                    | FF| LUT| Bits| Const Bits|
    +--------------------------------------------+---+----+-----+-----------+
    |V_read_entry190203_U0_ap_ready_count        |  2|   0|    2|          0|
    |ap_sync_reg_V_read_entry190203_U0_ap_ready  |  1|   0|    1|          0|
    |ap_sync_reg_readVoltages_U0_ap_ready        |  1|   0|    1|          0|
    |readVoltages_U0_ap_ready_count              |  2|   0|    2|          0|
    |start_once_reg                              |  1|   0|    1|          0|
    +--------------------------------------------+---+----+-----+-----------+
    |Total                                       |  7|   0|    7|          0|
    +--------------------------------------------+---+----+-----+-----------+



================================================================
== Interface
================================================================
* Summary: 
+---------------------------------------+-----+-----+------------+--------------------------------+--------------+
|               RTL Ports               | Dir | Bits|  Protocol  |          Source Object         |    C Type    |
+---------------------------------------+-----+-----+------------+--------------------------------+--------------+
|ap_start                               |  in |    1| ap_ctrl_hs |             V_read             | return value |
|start_full_n                           |  in |    1| ap_ctrl_hs |             V_read             | return value |
|start_out                              | out |    1| ap_ctrl_hs |             V_read             | return value |
|start_write                            | out |    1| ap_ctrl_hs |             V_read             | return value |
|ap_clk                                 |  in |    1| ap_ctrl_hs |             V_read             | return value |
|ap_rst                                 |  in |    1| ap_ctrl_hs |             V_read             | return value |
|ap_done                                | out |    1| ap_ctrl_hs |             V_read             | return value |
|ap_ready                               | out |    1| ap_ctrl_hs |             V_read             | return value |
|ap_idle                                | out |    1| ap_ctrl_hs |             V_read             | return value |
|ap_continue                            |  in |    1| ap_ctrl_hs |             V_read             | return value |
|simConfig_rowBegin_V_dout              |  in |   27|   ap_fifo  |      simConfig_rowBegin_V      |    pointer   |
|simConfig_rowBegin_V_empty_n           |  in |    1|   ap_fifo  |      simConfig_rowBegin_V      |    pointer   |
|simConfig_rowBegin_V_read              | out |    1|   ap_fifo  |      simConfig_rowBegin_V      |    pointer   |
|simConfig_rowEnd_V_dout                |  in |   27|   ap_fifo  |       simConfig_rowEnd_V       |    pointer   |
|simConfig_rowEnd_V_empty_n             |  in |    1|   ap_fifo  |       simConfig_rowEnd_V       |    pointer   |
|simConfig_rowEnd_V_read                | out |    1|   ap_fifo  |       simConfig_rowEnd_V       |    pointer   |
|simConfig_rowsToSimulate_V_dout        |  in |   27|   ap_fifo  |   simConfig_rowsToSimulate_V   |    pointer   |
|simConfig_rowsToSimulate_V_empty_n     |  in |    1|   ap_fifo  |   simConfig_rowsToSimulate_V   |    pointer   |
|simConfig_rowsToSimulate_V_read        | out |    1|   ap_fifo  |   simConfig_rowsToSimulate_V   |    pointer   |
|simConfig_BLOCK_NUMBERS_V_dout         |  in |   27|   ap_fifo  |    simConfig_BLOCK_NUMBERS_V   |    pointer   |
|simConfig_BLOCK_NUMBERS_V_empty_n      |  in |    1|   ap_fifo  |    simConfig_BLOCK_NUMBERS_V   |    pointer   |
|simConfig_BLOCK_NUMBERS_V_read         | out |    1|   ap_fifo  |    simConfig_BLOCK_NUMBERS_V   |    pointer   |
|V_SIZE_read                            |  in |   32|   ap_none  |           V_SIZE_read          |    scalar    |
|V_SIZE_read_ap_vld                     |  in |    1|   ap_none  |           V_SIZE_read          |    scalar    |
|simConfig_rowsToSimulate_V_out_din     | out |   27|   ap_fifo  | simConfig_rowsToSimulate_V_out |    pointer   |
|simConfig_rowsToSimulate_V_out_full_n  |  in |    1|   ap_fifo  | simConfig_rowsToSimulate_V_out |    pointer   |
|simConfig_rowsToSimulate_V_out_write   | out |    1|   ap_fifo  | simConfig_rowsToSimulate_V_out |    pointer   |
|simConfig_BLOCK_NUMBERS_V_out_din      | out |   27|   ap_fifo  |  simConfig_BLOCK_NUMBERS_V_out |    pointer   |
|simConfig_BLOCK_NUMBERS_V_out_full_n   |  in |    1|   ap_fifo  |  simConfig_BLOCK_NUMBERS_V_out |    pointer   |
|simConfig_BLOCK_NUMBERS_V_out_write    | out |    1|   ap_fifo  |  simConfig_BLOCK_NUMBERS_V_out |    pointer   |
|V_data_V_data_0_dout                   |  in |   32|   ap_fifo  |         V_data_V_data_0        |    pointer   |
|V_data_V_data_0_empty_n                |  in |    1|   ap_fifo  |         V_data_V_data_0        |    pointer   |
|V_data_V_data_0_read                   | out |    1|   ap_fifo  |         V_data_V_data_0        |    pointer   |
|V_data_V_data_1_dout                   |  in |   32|   ap_fifo  |         V_data_V_data_1        |    pointer   |
|V_data_V_data_1_empty_n                |  in |    1|   ap_fifo  |         V_data_V_data_1        |    pointer   |
|V_data_V_data_1_read                   | out |    1|   ap_fifo  |         V_data_V_data_1        |    pointer   |
|V_data_V_data_2_dout                   |  in |   32|   ap_fifo  |         V_data_V_data_2        |    pointer   |
|V_data_V_data_2_empty_n                |  in |    1|   ap_fifo  |         V_data_V_data_2        |    pointer   |
|V_data_V_data_2_read                   | out |    1|   ap_fifo  |         V_data_V_data_2        |    pointer   |
|V_data_V_data_3_dout                   |  in |   32|   ap_fifo  |         V_data_V_data_3        |    pointer   |
|V_data_V_data_3_empty_n                |  in |    1|   ap_fifo  |         V_data_V_data_3        |    pointer   |
|V_data_V_data_3_read                   | out |    1|   ap_fifo  |         V_data_V_data_3        |    pointer   |
|fixedData_V_data_din                   | out |   32|   ap_fifo  |        fixedData_V_data        |    pointer   |
|fixedData_V_data_full_n                |  in |    1|   ap_fifo  |        fixedData_V_data        |    pointer   |
|fixedData_V_data_write                 | out |    1|   ap_fifo  |        fixedData_V_data        |    pointer   |
|fixedData_V_tlast_V_din                | out |    1|   ap_fifo  |       fixedData_V_tlast_V      |    pointer   |
|fixedData_V_tlast_V_full_n             |  in |    1|   ap_fifo  |       fixedData_V_tlast_V      |    pointer   |
|fixedData_V_tlast_V_write              | out |    1|   ap_fifo  |       fixedData_V_tlast_V      |    pointer   |
|processedData_V_data_din               | out |   32|   ap_fifo  |      processedData_V_data      |    pointer   |
|processedData_V_data_full_n            |  in |    1|   ap_fifo  |      processedData_V_data      |    pointer   |
|processedData_V_data_write             | out |    1|   ap_fifo  |      processedData_V_data      |    pointer   |
|processedData_V_data_1_din             | out |   32|   ap_fifo  |     processedData_V_data_1     |    pointer   |
|processedData_V_data_1_full_n          |  in |    1|   ap_fifo  |     processedData_V_data_1     |    pointer   |
|processedData_V_data_1_write           | out |    1|   ap_fifo  |     processedData_V_data_1     |    pointer   |
|processedData_V_data_2_din             | out |   32|   ap_fifo  |     processedData_V_data_2     |    pointer   |
|processedData_V_data_2_full_n          |  in |    1|   ap_fifo  |     processedData_V_data_2     |    pointer   |
|processedData_V_data_2_write           | out |    1|   ap_fifo  |     processedData_V_data_2     |    pointer   |
|processedData_V_data_3_din             | out |   32|   ap_fifo  |     processedData_V_data_3     |    pointer   |
|processedData_V_data_3_full_n          |  in |    1|   ap_fifo  |     processedData_V_data_3     |    pointer   |
|processedData_V_data_3_write           | out |    1|   ap_fifo  |     processedData_V_data_3     |    pointer   |
+---------------------------------------+-----+-----+------------+--------------------------------+--------------+

