#-----------------------------------------------------------
# Vivado v2016.4 (64-bit)
# SW Build 1756540 on Mon Jan 23 19:11:19 MST 2017
# IP Build 1755317 on Mon Jan 23 20:30:07 MST 2017
# Start of session at: Sun Nov 24 13:34:25 2019
# Process ID: 15642
# Current directory: /home/marco/Documents/tesis/ww39_neuronal_new_IP/IP/solution/solution1/impl/ip
# Command line: vivado -notrace -mode batch -source run_ippack.tcl
# Log file: /home/marco/Documents/tesis/ww39_neuronal_new_IP/IP/solution/solution1/impl/ip/vivado.log
# Journal file: /home/marco/Documents/tesis/ww39_neuronal_new_IP/IP/solution/solution1/impl/ip/vivado.jou
#-----------------------------------------------------------
source run_ippack.tcl -notrace
INFO: [IP_Flow 19-234] Refreshing IP repositories
INFO: [IP_Flow 19-1704] No user IP repositories specified
INFO: [IP_Flow 19-2313] Loaded Vivado IP repository '/opt/vivado/Vivado/2016.4/data/ip'.
WARNING: [IP_Flow 19-4832] The IP name 'GapJunctionIP_ap_fexp_11_full_dsp_32' you have specified is long. The Windows operating system has path length limitations. It is recommended you use shorter names to reduce the likelihood of issues.
INFO: [IP_Flow 19-1686] Generating 'Synthesis' target for IP 'GapJunctionIP_ap_fexp_11_full_dsp_32'...
INFO: [IP_Flow 19-1686] Generating 'Simulation' target for IP 'GapJunctionIP_ap_fexp_11_full_dsp_32'...
WARNING: [IP_Flow 19-4832] The IP name 'GapJunctionIP_ap_fpext_0_no_dsp_32' you have specified is long. The Windows operating system has path length limitations. It is recommended you use shorter names to reduce the likelihood of issues.
INFO: [IP_Flow 19-1686] Generating 'Synthesis' target for IP 'GapJunctionIP_ap_fpext_0_no_dsp_32'...
INFO: [IP_Flow 19-1686] Generating 'Simulation' target for IP 'GapJunctionIP_ap_fpext_0_no_dsp_32'...
WARNING: [IP_Flow 19-4832] The IP name 'GapJunctionIP_ap_dmul_7_max_dsp_64' you have specified is long. The Windows operating system has path length limitations. It is recommended you use shorter names to reduce the likelihood of issues.
INFO: [IP_Flow 19-1686] Generating 'Synthesis' target for IP 'GapJunctionIP_ap_dmul_7_max_dsp_64'...
INFO: [IP_Flow 19-1686] Generating 'Simulation' target for IP 'GapJunctionIP_ap_dmul_7_max_dsp_64'...
WARNING: [IP_Flow 19-4832] The IP name 'GapJunctionIP_ap_fsub_6_full_dsp_32' you have specified is long. The Windows operating system has path length limitations. It is recommended you use shorter names to reduce the likelihood of issues.
INFO: [IP_Flow 19-1686] Generating 'Synthesis' target for IP 'GapJunctionIP_ap_fsub_6_full_dsp_32'...
INFO: [IP_Flow 19-1686] Generating 'Simulation' target for IP 'GapJunctionIP_ap_fsub_6_full_dsp_32'...
WARNING: [IP_Flow 19-4832] The IP name 'GapJunctionIP_ap_dadd_6_full_dsp_64' you have specified is long. The Windows operating system has path length limitations. It is recommended you use shorter names to reduce the likelihood of issues.
INFO: [IP_Flow 19-1686] Generating 'Synthesis' target for IP 'GapJunctionIP_ap_dadd_6_full_dsp_64'...
INFO: [IP_Flow 19-1686] Generating 'Simulation' target for IP 'GapJunctionIP_ap_dadd_6_full_dsp_64'...
WARNING: [IP_Flow 19-4832] The IP name 'GapJunctionIP_ap_fptrunc_0_no_dsp_64' you have specified is long. The Windows operating system has path length limitations. It is recommended you use shorter names to reduce the likelihood of issues.
INFO: [IP_Flow 19-1686] Generating 'Synthesis' target for IP 'GapJunctionIP_ap_fptrunc_0_no_dsp_64'...
INFO: [IP_Flow 19-1686] Generating 'Simulation' target for IP 'GapJunctionIP_ap_fptrunc_0_no_dsp_64'...
WARNING: [IP_Flow 19-4832] The IP name 'GapJunctionIP_ap_fmul_2_max_dsp_32' you have specified is long. The Windows operating system has path length limitations. It is recommended you use shorter names to reduce the likelihood of issues.
INFO: [IP_Flow 19-1686] Generating 'Synthesis' target for IP 'GapJunctionIP_ap_fmul_2_max_dsp_32'...
INFO: [IP_Flow 19-1686] Generating 'Simulation' target for IP 'GapJunctionIP_ap_fmul_2_max_dsp_32'...
WARNING: [IP_Flow 19-4832] The IP name 'GapJunctionIP_ap_fadd_6_full_dsp_32' you have specified is long. The Windows operating system has path length limitations. It is recommended you use shorter names to reduce the likelihood of issues.
INFO: [IP_Flow 19-1686] Generating 'Synthesis' target for IP 'GapJunctionIP_ap_fadd_6_full_dsp_32'...
INFO: [IP_Flow 19-1686] Generating 'Simulation' target for IP 'GapJunctionIP_ap_fadd_6_full_dsp_32'...
INFO: [IP_Flow 19-234] Refreshing IP repositories
INFO: [IP_Flow 19-1704] No user IP repositories specified
INFO: [IP_Flow 19-2313] Loaded Vivado IP repository '/opt/vivado/Vivado/2016.4/data/ip'.
INFO: [Common 17-206] Exiting Vivado at Sun Nov 24 13:34:41 2019...
