

================================================================
== Vivado HLS Report for 'execute_entry206'
================================================================
* Date:           Thu Jan  9 23:44:20 2020

* Version:        2016.4 (Build 1756540 on Mon Jan 23 19:31:01 MST 2017)
* Project:        solution
* Solution:       solution1
* Product family: zynq
* Target device:  xc7z020clg484-1


================================================================
== Performance Estimates
================================================================
+ Timing (ns): 
    * Summary: 
    +--------+-------+----------+------------+
    |  Clock | Target| Estimated| Uncertainty|
    +--------+-------+----------+------------+
    |ap_clk  |  10.00|      3.00|        4.00|
    +--------+-------+----------+------------+

+ Latency (clock cycles): 
    * Summary: 
    +-----+-----+-----+-----+---------+
    |  Latency  |  Interval | Pipeline|
    | min | max | min | max |   Type  |
    +-----+-----+-----+-----+---------+
    |    0|    0|    0|    0|   none  |
    +-----+-----+-----+-----+---------+

    + Detail: 
        * Instance: 
        N/A

        * Loop: 
        N/A

============================================================
+ Verbose Summary: Synthesis Manager
============================================================
InlineROM: 1
ExposeGlobal: 0
============================================================
+ Verbose Summary: CDFG Model
============================================================
IsTopModel: 0
ResetActiveHigh: 1
IsCombinational: 2
IsDatapathOnly: 0
HasWiredReturn: 1
HasMFsm: 0
HasVarLatency: 0
IsPipeline: 0
IsRtlPipelined: 0
IsInstanceOverlapped: 0
IsDontTouch: 0
HasImplIP: 0
IsGatedGlobalClock: 0


============================================================
+ Verbose Summary: Schedule
============================================================
* Number of FSM states: 1
* Pipeline: 0
* Dataflow Pipeline: 0

* FSM state transitions: 
1 --> 
* FSM state operations: 

 <State 1>: 3.00ns
ST_1: StgValue_2 (12)  [1/1] 0.00ns
entry:0  call void (...)* @_ssdm_op_SpecInterface(i27* %simConfig_rowBegin_V_out, [8 x i8]* @ap_fifo_str, i32 0, i32 0, [1 x i8]* @p_str, i32 0, i32 0, [1 x i8]* @p_str, [1 x i8]* @p_str, [1 x i8]* @p_str, i32 2, i32 2, i32 16, i32 16, [1 x i8]* @p_str, [1 x i8]* @p_str)

ST_1: size_read (13)  [1/1] 0.00ns
entry:1  %size_read = call i32 @_ssdm_op_Read.ap_auto.i32(i32 %size)

ST_1: p_read_1 (14)  [1/1] 0.00ns
entry:2  %p_read_1 = call i27 @_ssdm_op_Read.ap_auto.i27(i27 %p_read3)

ST_1: p_read_2 (15)  [1/1] 0.00ns
entry:3  %p_read_2 = call i27 @_ssdm_op_Read.ap_auto.i27(i27 %p_read2)

ST_1: p_read_3 (16)  [1/1] 0.00ns
entry:4  %p_read_3 = call i27 @_ssdm_op_Read.ap_auto.i27(i27 %p_read1)

ST_1: p_read_4 (17)  [1/1] 0.00ns
entry:5  %p_read_4 = call i27 @_ssdm_op_Read.ap_auto.i27(i27 %p_read)

ST_1: StgValue_8 (18)  [1/1] 3.00ns
entry:6  call void @_ssdm_op_Write.ap_fifo.i27P(i27* %simConfig_rowBegin_V_out, i27 %p_read_4)

ST_1: StgValue_9 (19)  [1/1] 0.00ns
entry:7  call void (...)* @_ssdm_op_SpecInterface(i27* %simConfig_rowEnd_V_out, [8 x i8]* @ap_fifo_str, i32 0, i32 0, [1 x i8]* @p_str, i32 0, i32 0, [1 x i8]* @p_str, [1 x i8]* @p_str, [1 x i8]* @p_str, i32 2, i32 2, i32 16, i32 16, [1 x i8]* @p_str, [1 x i8]* @p_str)

ST_1: StgValue_10 (20)  [1/1] 3.00ns
entry:8  call void @_ssdm_op_Write.ap_fifo.i27P(i27* %simConfig_rowEnd_V_out, i27 %p_read_3)

ST_1: StgValue_11 (21)  [1/1] 0.00ns
entry:9  call void (...)* @_ssdm_op_SpecInterface(i27* %simConfig_rowsToSimulate_V_out, [8 x i8]* @ap_fifo_str, i32 0, i32 0, [1 x i8]* @p_str, i32 0, i32 0, [1 x i8]* @p_str, [1 x i8]* @p_str, [1 x i8]* @p_str, i32 2, i32 2, i32 16, i32 16, [1 x i8]* @p_str, [1 x i8]* @p_str)

ST_1: StgValue_12 (22)  [1/1] 3.00ns
entry:10  call void @_ssdm_op_Write.ap_fifo.i27P(i27* %simConfig_rowsToSimulate_V_out, i27 %p_read_2)

ST_1: StgValue_13 (23)  [1/1] 0.00ns
entry:11  call void (...)* @_ssdm_op_SpecInterface(i27* %simConfig_BLOCK_NUMBERS_V_out, [8 x i8]* @ap_fifo_str, i32 0, i32 0, [1 x i8]* @p_str, i32 0, i32 0, [1 x i8]* @p_str, [1 x i8]* @p_str, [1 x i8]* @p_str, i32 2, i32 2, i32 16, i32 16, [1 x i8]* @p_str, [1 x i8]* @p_str)

ST_1: StgValue_14 (24)  [1/1] 3.00ns
entry:12  call void @_ssdm_op_Write.ap_fifo.i27P(i27* %simConfig_BLOCK_NUMBERS_V_out, i27 %p_read_1)

ST_1: StgValue_15 (25)  [1/1] 0.00ns
entry:13  call void (...)* @_ssdm_op_SpecInterface(i32* %size_out, [8 x i8]* @ap_fifo_str, i32 0, i32 0, [1 x i8]* @p_str, i32 0, i32 0, [1 x i8]* @p_str, [1 x i8]* @p_str, [1 x i8]* @p_str, i32 2, i32 2, i32 16, i32 16, [1 x i8]* @p_str, [1 x i8]* @p_str)

ST_1: StgValue_16 (26)  [1/1] 3.00ns
entry:14  call void @_ssdm_op_Write.ap_fifo.i32P(i32* %size_out, i32 %size_read)

ST_1: StgValue_17 (27)  [1/1] 0.00ns
entry:15  call void (...)* @_ssdm_op_SpecInterface(i32* %size_out1, [8 x i8]* @ap_fifo_str, i32 0, i32 0, [1 x i8]* @p_str, i32 0, i32 0, [1 x i8]* @p_str, [1 x i8]* @p_str, [1 x i8]* @p_str, i32 2, i32 2, i32 16, i32 16, [1 x i8]* @p_str, [1 x i8]* @p_str)

ST_1: StgValue_18 (28)  [1/1] 3.00ns
entry:16  call void @_ssdm_op_Write.ap_fifo.i32P(i32* %size_out1, i32 %size_read)

ST_1: StgValue_19 (29)  [1/1] 0.00ns
entry:17  ret void



============================================================
+ Verbose Summary: Binding
============================================================
STG Binding: 
---------------- STG Properties BEGIN ----------------
- Is combinational: 0
- Is one-state seq: 1
- Is datapath-only: 0
- Is clock enabled: 0
- Is pipelined: 0
- Is top level: 0
Port [ Return ] is wired: 1; IO mode=ap_ctrl_hs:ce=0
Port [ p_read]:  wired=1; compound=0; hidden=0; nouse=0; global=0; static=0; extern=0; dir=0; type=0; pingpong=0; private_global=0; IO mode=ap_none:ce=0
Port [ p_read1]:  wired=1; compound=0; hidden=0; nouse=0; global=0; static=0; extern=0; dir=0; type=0; pingpong=0; private_global=0; IO mode=ap_none:ce=0
Port [ p_read2]:  wired=1; compound=0; hidden=0; nouse=0; global=0; static=0; extern=0; dir=0; type=0; pingpong=0; private_global=0; IO mode=ap_none:ce=0
Port [ p_read3]:  wired=1; compound=0; hidden=0; nouse=0; global=0; static=0; extern=0; dir=0; type=0; pingpong=0; private_global=0; IO mode=ap_none:ce=0
Port [ size]:  wired=1; compound=0; hidden=0; nouse=0; global=0; static=0; extern=0; dir=0; type=0; pingpong=0; private_global=0; IO mode=ap_none:ce=0
Port [ simConfig_rowBegin_V_out]:  wired=1; compound=1; hidden=0; nouse=0; global=0; static=0; extern=0; dir=1; type=3; pingpong=0; private_global=0; IO mode=ap_fifo:ce=0
Port [ simConfig_rowEnd_V_out]:  wired=1; compound=1; hidden=0; nouse=0; global=0; static=0; extern=0; dir=1; type=3; pingpong=0; private_global=0; IO mode=ap_fifo:ce=0
Port [ simConfig_rowsToSimulate_V_out]:  wired=1; compound=1; hidden=0; nouse=0; global=0; static=0; extern=0; dir=1; type=3; pingpong=0; private_global=0; IO mode=ap_fifo:ce=0
Port [ simConfig_BLOCK_NUMBERS_V_out]:  wired=1; compound=1; hidden=0; nouse=0; global=0; static=0; extern=0; dir=1; type=3; pingpong=0; private_global=0; IO mode=ap_fifo:ce=0
Port [ size_out]:  wired=1; compound=1; hidden=0; nouse=0; global=0; static=0; extern=0; dir=1; type=3; pingpong=0; private_global=0; IO mode=ap_fifo:ce=0
Port [ size_out1]:  wired=1; compound=1; hidden=0; nouse=0; global=0; static=0; extern=0; dir=1; type=3; pingpong=0; private_global=0; IO mode=ap_fifo:ce=0
---------------- STG Properties END ------------------

---------------- Datapath Model BEGIN ----------------

<LifeTime>
<method=bitvector/>
StgValue_2  (specinterface) [ 00]
size_read   (read         ) [ 00]
p_read_1    (read         ) [ 00]
p_read_2    (read         ) [ 00]
p_read_3    (read         ) [ 00]
p_read_4    (read         ) [ 00]
StgValue_8  (write        ) [ 00]
StgValue_9  (specinterface) [ 00]
StgValue_10 (write        ) [ 00]
StgValue_11 (specinterface) [ 00]
StgValue_12 (write        ) [ 00]
StgValue_13 (specinterface) [ 00]
StgValue_14 (write        ) [ 00]
StgValue_15 (specinterface) [ 00]
StgValue_16 (write        ) [ 00]
StgValue_17 (specinterface) [ 00]
StgValue_18 (write        ) [ 00]
StgValue_19 (ret          ) [ 00]
</LifeTime>

<model>

<comp_list>
<comp id="0" class="1000" name="p_read">
<pin_list>
<pin id="1" dir="1" index="0" bw="1" slack="0"/>
</pin_list>
<bind>
<StgValue><ssdm name="p_read"/></StgValue>
</bind>
</comp>

<comp id="2" class="1000" name="p_read1">
<pin_list>
<pin id="3" dir="1" index="0" bw="1" slack="0"/>
</pin_list>
<bind>
<StgValue><ssdm name="p_read1"/></StgValue>
</bind>
</comp>

<comp id="4" class="1000" name="p_read2">
<pin_list>
<pin id="5" dir="1" index="0" bw="1" slack="0"/>
</pin_list>
<bind>
<StgValue><ssdm name="p_read2"/></StgValue>
</bind>
</comp>

<comp id="6" class="1000" name="p_read3">
<pin_list>
<pin id="7" dir="1" index="0" bw="1" slack="0"/>
</pin_list>
<bind>
<StgValue><ssdm name="p_read3"/></StgValue>
</bind>
</comp>

<comp id="8" class="1000" name="size">
<pin_list>
<pin id="9" dir="1" index="0" bw="1" slack="0"/>
</pin_list>
<bind>
<StgValue><ssdm name="size"/></StgValue>
</bind>
</comp>

<comp id="10" class="1000" name="simConfig_rowBegin_V_out">
<pin_list>
<pin id="11" dir="1" index="0" bw="1" slack="0"/>
</pin_list>
<bind>
<StgValue><ssdm name="simConfig_rowBegin_V_out"/></StgValue>
</bind>
</comp>

<comp id="12" class="1000" name="simConfig_rowEnd_V_out">
<pin_list>
<pin id="13" dir="1" index="0" bw="1" slack="0"/>
</pin_list>
<bind>
<StgValue><ssdm name="simConfig_rowEnd_V_out"/></StgValue>
</bind>
</comp>

<comp id="14" class="1000" name="simConfig_rowsToSimulate_V_out">
<pin_list>
<pin id="15" dir="1" index="0" bw="1" slack="0"/>
</pin_list>
<bind>
<StgValue><ssdm name="simConfig_rowsToSimulate_V_out"/></StgValue>
</bind>
</comp>

<comp id="16" class="1000" name="simConfig_BLOCK_NUMBERS_V_out">
<pin_list>
<pin id="17" dir="1" index="0" bw="1" slack="0"/>
</pin_list>
<bind>
<StgValue><ssdm name="simConfig_BLOCK_NUMBERS_V_out"/></StgValue>
</bind>
</comp>

<comp id="18" class="1000" name="size_out">
<pin_list>
<pin id="19" dir="1" index="0" bw="1" slack="0"/>
</pin_list>
<bind>
<StgValue><ssdm name="size_out"/></StgValue>
</bind>
</comp>

<comp id="20" class="1000" name="size_out1">
<pin_list>
<pin id="21" dir="1" index="0" bw="1" slack="0"/>
</pin_list>
<bind>
<StgValue><ssdm name="size_out1"/></StgValue>
</bind>
</comp>

<comp id="22" class="1001" name="const_22">
<pin_list>
<pin id="23" dir="1" index="0" bw="1" slack="2147483647"/>
</pin_list>
<bind>
<StgValue><ssdm name="_ssdm_op_SpecInterface"/></StgValue>
</bind>
</comp>

<comp id="24" class="1001" name="const_24">
<pin_list>
<pin id="25" dir="1" index="0" bw="1" slack="2147483647"/>
</pin_list>
<bind>
<StgValue><ssdm name="ap_fifo_str"/></StgValue>
</bind>
</comp>

<comp id="26" class="1001" name="const_26">
<pin_list>
<pin id="27" dir="1" index="0" bw="1" slack="2147483647"/>
</pin_list>
<bind>
<StgValue><ssdm name=""/></StgValue>
</bind>
</comp>

<comp id="28" class="1001" name="const_28">
<pin_list>
<pin id="29" dir="1" index="0" bw="1" slack="2147483647"/>
</pin_list>
<bind>
<StgValue><ssdm name="p_str"/></StgValue>
</bind>
</comp>

<comp id="30" class="1001" name="const_30">
<pin_list>
<pin id="31" dir="1" index="0" bw="1" slack="2147483647"/>
</pin_list>
<bind>
<StgValue><ssdm name=""/></StgValue>
</bind>
</comp>

<comp id="32" class="1001" name="const_32">
<pin_list>
<pin id="33" dir="1" index="0" bw="1" slack="2147483647"/>
</pin_list>
<bind>
<StgValue><ssdm name=""/></StgValue>
</bind>
</comp>

<comp id="34" class="1001" name="const_34">
<pin_list>
<pin id="35" dir="1" index="0" bw="1" slack="0"/>
</pin_list>
<bind>
<StgValue><ssdm name="_ssdm_op_Read.ap_auto.i32"/></StgValue>
</bind>
</comp>

<comp id="36" class="1001" name="const_36">
<pin_list>
<pin id="37" dir="1" index="0" bw="1" slack="0"/>
</pin_list>
<bind>
<StgValue><ssdm name="_ssdm_op_Read.ap_auto.i27"/></StgValue>
</bind>
</comp>

<comp id="38" class="1001" name="const_38">
<pin_list>
<pin id="39" dir="1" index="0" bw="1" slack="0"/>
</pin_list>
<bind>
<StgValue><ssdm name="_ssdm_op_Write.ap_fifo.i27P"/></StgValue>
</bind>
</comp>

<comp id="40" class="1001" name="const_40">
<pin_list>
<pin id="41" dir="1" index="0" bw="1" slack="0"/>
</pin_list>
<bind>
<StgValue><ssdm name="_ssdm_op_Write.ap_fifo.i32P"/></StgValue>
</bind>
</comp>

<comp id="42" class="1004" name="size_read_read_fu_42">
<pin_list>
<pin id="43" dir="0" index="0" bw="32" slack="0"/>
<pin id="44" dir="0" index="1" bw="32" slack="0"/>
<pin id="45" dir="1" index="2" bw="32" slack="0"/>
</pin_list>
<bind>
<opcode="read(1150) " fcode="read"/>
<opset="size_read/1 "/>
</bind>
</comp>

<comp id="48" class="1004" name="p_read_1_read_fu_48">
<pin_list>
<pin id="49" dir="0" index="0" bw="27" slack="0"/>
<pin id="50" dir="0" index="1" bw="27" slack="0"/>
<pin id="51" dir="1" index="2" bw="27" slack="0"/>
</pin_list>
<bind>
<opcode="read(1150) " fcode="read"/>
<opset="p_read_1/1 "/>
</bind>
</comp>

<comp id="54" class="1004" name="p_read_2_read_fu_54">
<pin_list>
<pin id="55" dir="0" index="0" bw="27" slack="0"/>
<pin id="56" dir="0" index="1" bw="27" slack="0"/>
<pin id="57" dir="1" index="2" bw="27" slack="0"/>
</pin_list>
<bind>
<opcode="read(1150) " fcode="read"/>
<opset="p_read_2/1 "/>
</bind>
</comp>

<comp id="60" class="1004" name="p_read_3_read_fu_60">
<pin_list>
<pin id="61" dir="0" index="0" bw="27" slack="0"/>
<pin id="62" dir="0" index="1" bw="27" slack="0"/>
<pin id="63" dir="1" index="2" bw="27" slack="0"/>
</pin_list>
<bind>
<opcode="read(1150) " fcode="read"/>
<opset="p_read_3/1 "/>
</bind>
</comp>

<comp id="66" class="1004" name="p_read_4_read_fu_66">
<pin_list>
<pin id="67" dir="0" index="0" bw="27" slack="0"/>
<pin id="68" dir="0" index="1" bw="27" slack="0"/>
<pin id="69" dir="1" index="2" bw="27" slack="0"/>
</pin_list>
<bind>
<opcode="read(1150) " fcode="read"/>
<opset="p_read_4/1 "/>
</bind>
</comp>

<comp id="72" class="1004" name="StgValue_8_write_fu_72">
<pin_list>
<pin id="73" dir="0" index="0" bw="0" slack="0"/>
<pin id="74" dir="0" index="1" bw="27" slack="0"/>
<pin id="75" dir="0" index="2" bw="27" slack="0"/>
<pin id="76" dir="1" index="3" bw="0" slack="2147483647"/>
</pin_list>
<bind>
<opcode="write(1151) " fcode="write"/>
<opset="StgValue_8/1 "/>
</bind>
</comp>

<comp id="80" class="1004" name="StgValue_10_write_fu_80">
<pin_list>
<pin id="81" dir="0" index="0" bw="0" slack="0"/>
<pin id="82" dir="0" index="1" bw="27" slack="0"/>
<pin id="83" dir="0" index="2" bw="27" slack="0"/>
<pin id="84" dir="1" index="3" bw="0" slack="2147483647"/>
</pin_list>
<bind>
<opcode="write(1151) " fcode="write"/>
<opset="StgValue_10/1 "/>
</bind>
</comp>

<comp id="88" class="1004" name="StgValue_12_write_fu_88">
<pin_list>
<pin id="89" dir="0" index="0" bw="0" slack="0"/>
<pin id="90" dir="0" index="1" bw="27" slack="0"/>
<pin id="91" dir="0" index="2" bw="27" slack="0"/>
<pin id="92" dir="1" index="3" bw="0" slack="2147483647"/>
</pin_list>
<bind>
<opcode="write(1151) " fcode="write"/>
<opset="StgValue_12/1 "/>
</bind>
</comp>

<comp id="96" class="1004" name="StgValue_14_write_fu_96">
<pin_list>
<pin id="97" dir="0" index="0" bw="0" slack="0"/>
<pin id="98" dir="0" index="1" bw="27" slack="0"/>
<pin id="99" dir="0" index="2" bw="27" slack="0"/>
<pin id="100" dir="1" index="3" bw="0" slack="2147483647"/>
</pin_list>
<bind>
<opcode="write(1151) " fcode="write"/>
<opset="StgValue_14/1 "/>
</bind>
</comp>

<comp id="104" class="1004" name="StgValue_16_write_fu_104">
<pin_list>
<pin id="105" dir="0" index="0" bw="0" slack="0"/>
<pin id="106" dir="0" index="1" bw="32" slack="0"/>
<pin id="107" dir="0" index="2" bw="32" slack="0"/>
<pin id="108" dir="1" index="3" bw="0" slack="2147483647"/>
</pin_list>
<bind>
<opcode="write(1151) " fcode="write"/>
<opset="StgValue_16/1 "/>
</bind>
</comp>

<comp id="112" class="1004" name="StgValue_18_write_fu_112">
<pin_list>
<pin id="113" dir="0" index="0" bw="0" slack="0"/>
<pin id="114" dir="0" index="1" bw="32" slack="0"/>
<pin id="115" dir="0" index="2" bw="32" slack="0"/>
<pin id="116" dir="1" index="3" bw="0" slack="2147483647"/>
</pin_list>
<bind>
<opcode="write(1151) " fcode="write"/>
<opset="StgValue_18/1 "/>
</bind>
</comp>

</comp_list>

<net_list>
<net id="46"><net_src comp="34" pin="0"/><net_sink comp="42" pin=0"/></net>

<net id="47"><net_src comp="8" pin="0"/><net_sink comp="42" pin=1"/></net>

<net id="52"><net_src comp="36" pin="0"/><net_sink comp="48" pin=0"/></net>

<net id="53"><net_src comp="6" pin="0"/><net_sink comp="48" pin=1"/></net>

<net id="58"><net_src comp="36" pin="0"/><net_sink comp="54" pin=0"/></net>

<net id="59"><net_src comp="4" pin="0"/><net_sink comp="54" pin=1"/></net>

<net id="64"><net_src comp="36" pin="0"/><net_sink comp="60" pin=0"/></net>

<net id="65"><net_src comp="2" pin="0"/><net_sink comp="60" pin=1"/></net>

<net id="70"><net_src comp="36" pin="0"/><net_sink comp="66" pin=0"/></net>

<net id="71"><net_src comp="0" pin="0"/><net_sink comp="66" pin=1"/></net>

<net id="77"><net_src comp="38" pin="0"/><net_sink comp="72" pin=0"/></net>

<net id="78"><net_src comp="10" pin="0"/><net_sink comp="72" pin=1"/></net>

<net id="79"><net_src comp="66" pin="2"/><net_sink comp="72" pin=2"/></net>

<net id="85"><net_src comp="38" pin="0"/><net_sink comp="80" pin=0"/></net>

<net id="86"><net_src comp="12" pin="0"/><net_sink comp="80" pin=1"/></net>

<net id="87"><net_src comp="60" pin="2"/><net_sink comp="80" pin=2"/></net>

<net id="93"><net_src comp="38" pin="0"/><net_sink comp="88" pin=0"/></net>

<net id="94"><net_src comp="14" pin="0"/><net_sink comp="88" pin=1"/></net>

<net id="95"><net_src comp="54" pin="2"/><net_sink comp="88" pin=2"/></net>

<net id="101"><net_src comp="38" pin="0"/><net_sink comp="96" pin=0"/></net>

<net id="102"><net_src comp="16" pin="0"/><net_sink comp="96" pin=1"/></net>

<net id="103"><net_src comp="48" pin="2"/><net_sink comp="96" pin=2"/></net>

<net id="109"><net_src comp="40" pin="0"/><net_sink comp="104" pin=0"/></net>

<net id="110"><net_src comp="18" pin="0"/><net_sink comp="104" pin=1"/></net>

<net id="111"><net_src comp="42" pin="2"/><net_sink comp="104" pin=2"/></net>

<net id="117"><net_src comp="40" pin="0"/><net_sink comp="112" pin=0"/></net>

<net id="118"><net_src comp="20" pin="0"/><net_sink comp="112" pin=1"/></net>

<net id="119"><net_src comp="42" pin="2"/><net_sink comp="112" pin=2"/></net>

</net_list>

</model> 
---------------- Datapath Model END ------------------

* FSMD analyzer results:
  - Output states:
	Port: simConfig_rowBegin_V_out | {1 }
	Port: simConfig_rowEnd_V_out | {1 }
	Port: simConfig_rowsToSimulate_V_out | {1 }
	Port: simConfig_BLOCK_NUMBERS_V_out | {1 }
	Port: size_out | {1 }
	Port: size_out1 | {1 }
 - Input state : 
	Port: execute.entry206 : p_read | {1 }
	Port: execute.entry206 : p_read1 | {1 }
	Port: execute.entry206 : p_read2 | {1 }
	Port: execute.entry206 : p_read3 | {1 }
	Port: execute.entry206 : size | {1 }
  - Chain level:
	State 1


============================================================
+ Verbose Summary: Datapath Resource usage 
============================================================

* Functional unit list:
|----------|--------------------------|
| Operation|      Functional Unit     |
|----------|--------------------------|
|          |   size_read_read_fu_42   |
|          |    p_read_1_read_fu_48   |
|   read   |    p_read_2_read_fu_54   |
|          |    p_read_3_read_fu_60   |
|          |    p_read_4_read_fu_66   |
|----------|--------------------------|
|          |  StgValue_8_write_fu_72  |
|          |  StgValue_10_write_fu_80 |
|   write  |  StgValue_12_write_fu_88 |
|          |  StgValue_14_write_fu_96 |
|          | StgValue_16_write_fu_104 |
|          | StgValue_18_write_fu_112 |
|----------|--------------------------|
|   Total  |                          |
|----------|--------------------------|

Memories:
N/A

* Register list:
N/A

* Multiplexer (MUX) list: 
|--------|------|------|------|--------|
|  Comp  |  Pin | Size |  BW  | S x BW |
|--------|------|------|------|--------|
|  Total |      |      |      |    0   |
|--------|------|------|------|--------|



* Summary:
+-----------+
|           |
+-----------+
|  Function |
|   Memory  |
|Multiplexer|
|  Register |
+-----------+
|   Total   |
+-----------+
