

================================================================
== Vivado HLS Report for 'getConductances'
================================================================
* Date:           Thu Jan  9 23:44:21 2020

* Version:        2016.4 (Build 1756540 on Mon Jan 23 19:31:01 MST 2017)
* Project:        solution
* Solution:       solution1
* Product family: zynq
* Target device:  xc7z020clg484-1


================================================================
== Performance Estimates
================================================================
+ Timing (ns): 
    * Summary: 
    +--------+-------+----------+------------+
    |  Clock | Target| Estimated| Uncertainty|
    +--------+-------+----------+------------+
    |ap_clk  |  10.00|      3.00|        4.00|
    +--------+-------+----------+------------+

+ Latency (clock cycles): 
    * Summary: 
    +-----+----------+-----+----------+---------+
    |     Latency    |    Interval    | Pipeline|
    | min |    max   | min |    max   |   Type  |
    +-----+----------+-----+----------+---------+
    |    5|  49984999|    5|  49984999|   none  |
    +-----+----------+-----+----------+---------+

    + Detail: 
        * Instance: 
        N/A

        * Loop: 
        +-------------+-----+----------+-----------+-----------+-----------+-----------+----------+
        |             |     Latency    | Iteration |  Initiation Interval  |    Trip   |          |
        |  Loop Name  | min |    max   |  Latency  |  achieved |   target  |   Count   | Pipelined|
        +-------------+-----+----------+-----------+-----------+-----------+-----------+----------+
        |- Loop 1     |    4|  49984998| 4 ~ 20002 |          -|          -|  1 ~ 2499 |    no    |
        | + Loop 1.1  |    2|     20000|          2|          -|          -| 1 ~ 10000 |    no    |
        +-------------+-----+----------+-----------+-----------+-----------+-----------+----------+

============================================================
+ Verbose Summary: Synthesis Manager
============================================================
InlineROM: 1
ExposeGlobal: 0
============================================================
+ Verbose Summary: CDFG Model
============================================================
IsTopModel: 0
ResetActiveHigh: 1
IsCombinational: 0
IsDatapathOnly: 0
HasWiredReturn: 1
HasMFsm: 0
HasVarLatency: 1
IsPipeline: 0
IsRtlPipelined: 0
IsInstanceOverlapped: 0
IsDontTouch: 0
HasImplIP: 0
IsGatedGlobalClock: 0


============================================================
+ Verbose Summary: Schedule
============================================================
* Number of FSM states: 4
* Pipeline: 0
* Dataflow Pipeline: 0

* FSM state transitions: 
1 --> 
	2  / true
2 --> 
	3  / (tmp_i)
3 --> 
	4  / (tmp_28_i)
	2  / (!tmp_28_i)
4 --> 
	3  / true
* FSM state operations: 

 <State 1>: 1.57ns
ST_1: simConfig_BLOCK_NUMB (8)  [1/1] 0.00ns
entry:0  %simConfig_BLOCK_NUMB = call i27 @_ssdm_op_Read.ap_auto.i27(i27 %simConfig_BLOCK_NUMBERS_V_read)

ST_1: simConfig_rowsToSimu (9)  [1/1] 0.00ns
entry:1  %simConfig_rowsToSimu = call i27 @_ssdm_op_Read.ap_auto.i27(i27 %simConfig_rowsToSimulate_V_read)

ST_1: StgValue_7 (10)  [1/1] 0.00ns
entry:2  call void (...)* @_ssdm_op_SpecInterface(float* @C_data_V_data_0, [8 x i8]* @ap_fifo_str, i32 0, i32 0, [1 x i8]* @p_str, i32 0, i32 0, [1 x i8]* @p_str, [1 x i8]* @p_str, [1 x i8]* @p_str, i32 2, i32 2, i32 16, i32 16, [1 x i8]* @p_str, [1 x i8]* @p_str)

ST_1: StgValue_8 (11)  [1/1] 0.00ns
entry:3  call void (...)* @_ssdm_op_SpecInterface(float* @C_data_V_data_2, [8 x i8]* @ap_fifo_str, i32 0, i32 0, [1 x i8]* @p_str, i32 0, i32 0, [1 x i8]* @p_str, [1 x i8]* @p_str, [1 x i8]* @p_str, i32 2, i32 2, i32 16, i32 16, [1 x i8]* @p_str, [1 x i8]* @p_str)

ST_1: StgValue_9 (12)  [1/1] 0.00ns
entry:4  call void (...)* @_ssdm_op_SpecInterface(float* @C_data_V_data_1, [8 x i8]* @ap_fifo_str, i32 0, i32 0, [1 x i8]* @p_str, i32 0, i32 0, [1 x i8]* @p_str, [1 x i8]* @p_str, [1 x i8]* @p_str, i32 2, i32 2, i32 16, i32 16, [1 x i8]* @p_str, [1 x i8]* @p_str)

ST_1: StgValue_10 (13)  [1/1] 0.00ns
entry:5  call void (...)* @_ssdm_op_SpecInterface(float* @C_data_V_data_3, [8 x i8]* @ap_fifo_str, i32 0, i32 0, [1 x i8]* @p_str, i32 0, i32 0, [1 x i8]* @p_str, [1 x i8]* @p_str, [1 x i8]* @p_str, i32 2, i32 2, i32 16, i32 16, [1 x i8]* @p_str, [1 x i8]* @p_str)

ST_1: StgValue_11 (14)  [1/1] 0.00ns
entry:6  call void (...)* @_ssdm_op_SpecInterface(i64* %input_V_data, [5 x i8]* @p_str993, i32 0, i32 0, [5 x i8]* @p_str1094, i32 0, i32 0, [1 x i8]* @p_str286, [1 x i8]* @p_str286, [1 x i8]* @p_str286, i32 0, i32 0, i32 0, i32 0, [1 x i8]* @p_str286, [1 x i8]* @p_str286) nounwind

ST_1: r_V (15)  [1/1] 0.00ns  loc: modules/blockControl/blockControl.cpp:45
entry:7  %r_V = call i31 @_ssdm_op_BitConcatenate.i31.i27.i4(i27 %simConfig_BLOCK_NUMB, i4 0)

ST_1: StgValue_13 (16)  [1/1] 1.57ns  loc: modules/blockControl/blockControl.cpp:42
entry:8  br label %.preheader111.i


 <State 2>: 2.44ns
ST_2: p_i (18)  [1/1] 0.00ns
.preheader111.i:0  %p_i = phi i12 [ 0, %entry ], [ %RowOfBlocks_V, %.preheader111.i.loopexit ]

ST_2: p_cast_i (19)  [1/1] 0.00ns  loc: modules/blockControl/blockControl.cpp:42
.preheader111.i:1  %p_cast_i = zext i12 %p_i to i27

ST_2: tmp_i (20)  [1/1] 2.44ns  loc: modules/blockControl/blockControl.cpp:42
.preheader111.i:2  %tmp_i = icmp slt i27 %p_cast_i, %simConfig_rowsToSimu

ST_2: StgValue_17 (21)  [1/1] 0.00ns
.preheader111.i:3  call void (...)* @_ssdm_op_SpecLoopTripCount(i64 1, i64 2499, i64 1250)

ST_2: RowOfBlocks_V (22)  [1/1] 1.84ns  loc: modules/blockControl/blockControl.cpp:42
.preheader111.i:4  %RowOfBlocks_V = add i12 %p_i, 1

ST_2: StgValue_19 (23)  [1/1] 0.00ns  loc: modules/blockControl/blockControl.cpp:42
.preheader111.i:5  br i1 %tmp_i, label %.preheader.i.preheader, label %"getConductances<dataPackage<float, 2>, dataPackage<float, 4>, 27, 4>.exit"

ST_2: StgValue_20 (25)  [1/1] 1.57ns  loc: modules/blockControl/blockControl.cpp:46
.preheader.i.preheader:0  br label %.preheader.i

ST_2: StgValue_21 (51)  [1/1] 0.00ns
getConductances<dataPackage<float, 2>, dataPackage<float, 4>, 27, 4>.exit:0  ret void


 <State 3>: 2.50ns
ST_3: p_4_i (27)  [1/1] 0.00ns
.preheader.i:0  %p_4_i = phi i27 [ %i_V, %0 ], [ 0, %.preheader.i.preheader ]

ST_3: tmp_27_cast_cast_i (28)  [1/1] 0.00ns  loc: modules/blockControl/blockControl.cpp:46
.preheader.i:1  %tmp_27_cast_cast_i = sext i27 %p_4_i to i31

ST_3: tmp_28_i (29)  [1/1] 2.50ns  loc: modules/blockControl/blockControl.cpp:46
.preheader.i:2  %tmp_28_i = icmp slt i31 %tmp_27_cast_cast_i, %r_V

ST_3: StgValue_25 (30)  [1/1] 0.00ns  loc: modules/blockControl/blockControl.cpp:46
.preheader.i:3  br i1 %tmp_28_i, label %0, label %.preheader111.i.loopexit

ST_3: tmp_data (34)  [1/1] 0.00ns
:2  %tmp_data = call i64 @_ssdm_op_Read.axis.volatile.i64P(i64* %input_V_data)

ST_3: tmp (35)  [1/1] 0.00ns  loc: modules/blockControl/blockControl.cpp:49
:3  %tmp = trunc i64 %tmp_data to i32

ST_3: tmp_12_i (37)  [1/1] 0.00ns  loc: modules/blockControl/blockControl.cpp:49
:5  %tmp_12_i = call i32 @_ssdm_op_PartSelect.i32.i64.i32.i32(i64 %tmp_data, i32 32, i32 63)

ST_3: i_V (46)  [1/1] 2.32ns  loc: modules/blockControl/blockControl.cpp:46
:14  %i_V = add i27 4, %p_4_i

ST_3: StgValue_30 (49)  [1/1] 0.00ns
.preheader111.i.loopexit:0  br label %.preheader111.i


 <State 4>: 3.00ns
ST_4: tmp_i_21 (32)  [1/1] 0.00ns  loc: modules/blockControl/blockControl.cpp:46
:0  %tmp_i_21 = call i32 (...)* @_ssdm_op_SpecRegionBegin([12 x i8]* @p_str611)

ST_4: StgValue_32 (33)  [1/1] 0.00ns  loc: modules/blockControl/blockControl.cpp:47
:1  call void (...)* @_ssdm_op_SpecLoopTripCount(i32 1, i32 10000, i32 0, [1 x i8]* @p_str49) nounwind

ST_4: tmp_data_0 (36)  [1/1] 0.00ns  loc: modules/blockControl/blockControl.cpp:49
:4  %tmp_data_0 = bitcast i32 %tmp to float

ST_4: tmp_data_1 (38)  [1/1] 0.00ns  loc: modules/blockControl/blockControl.cpp:49
:6  %tmp_data_1 = bitcast i32 %tmp_12_i to float

ST_4: tmp_data_5 (39)  [1/1] 0.00ns
:7  %tmp_data_5 = call i64 @_ssdm_op_Read.axis.volatile.i64P(i64* %input_V_data)

ST_4: tmp_2 (40)  [1/1] 0.00ns  loc: modules/blockControl/blockControl.cpp:53
:8  %tmp_2 = trunc i64 %tmp_data_5 to i32

ST_4: tmp_data_2 (41)  [1/1] 0.00ns  loc: modules/blockControl/blockControl.cpp:53
:9  %tmp_data_2 = bitcast i32 %tmp_2 to float

ST_4: tmp_16_i (42)  [1/1] 0.00ns  loc: modules/blockControl/blockControl.cpp:53
:10  %tmp_16_i = call i32 @_ssdm_op_PartSelect.i32.i64.i32.i32(i64 %tmp_data_5, i32 32, i32 63)

ST_4: tmp_data_3 (43)  [1/1] 0.00ns  loc: modules/blockControl/blockControl.cpp:53
:11  %tmp_data_3 = bitcast i32 %tmp_16_i to float

ST_4: StgValue_40 (44)  [1/1] 3.00ns  loc: modules/blockControl/blockControl.cpp:56
:12  call void @_ssdm_op_Write.ap_fifo.volatile.floatP.floatP.floatP.floatP(float* @C_data_V_data_0, float* @C_data_V_data_1, float* @C_data_V_data_2, float* @C_data_V_data_3, float %tmp_data_0, float %tmp_data_1, float %tmp_data_2, float %tmp_data_3)

ST_4: empty (45)  [1/1] 0.00ns  loc: modules/blockControl/blockControl.cpp:57
:13  %empty = call i32 (...)* @_ssdm_op_SpecRegionEnd([12 x i8]* @p_str611, i32 %tmp_i_21)

ST_4: StgValue_42 (47)  [1/1] 0.00ns  loc: modules/blockControl/blockControl.cpp:46
:15  br label %.preheader.i



============================================================
+ Verbose Summary: Binding
============================================================
STG Binding: 
---------------- STG Properties BEGIN ----------------
- Is combinational: 0
- Is one-state seq: 0
- Is datapath-only: 0
- Is clock enabled: 0
- Is pipelined: 0
- Is top level: 0
Port [ Return ] is wired: 1; IO mode=ap_ctrl_hs:ce=0
Port [ input_V_data]:  wired=1; compound=1; hidden=0; nouse=0; global=0; static=0; extern=0; dir=0; type=0; pingpong=0; private_global=0; IO mode=axis:ce=0
Port [ simConfig_rowsToSimulate_V_read]:  wired=1; compound=0; hidden=0; nouse=0; global=0; static=0; extern=0; dir=0; type=0; pingpong=0; private_global=0; IO mode=ap_none:ce=0
Port [ simConfig_BLOCK_NUMBERS_V_read]:  wired=1; compound=0; hidden=0; nouse=0; global=0; static=0; extern=0; dir=0; type=0; pingpong=0; private_global=0; IO mode=ap_none:ce=0
Port [ C_data_V_data_0]:  wired=1; compound=1; hidden=0; nouse=0; global=1; static=1; extern=0; dir=1; type=3; pingpong=0; private_global=0; linkage=7; visibility=0; IO mode=ap_fifo:ce=0
Port [ C_data_V_data_1]:  wired=1; compound=1; hidden=0; nouse=0; global=1; static=1; extern=0; dir=1; type=3; pingpong=0; private_global=0; linkage=7; visibility=0; IO mode=ap_fifo:ce=0
Port [ C_data_V_data_2]:  wired=1; compound=1; hidden=0; nouse=0; global=1; static=1; extern=0; dir=1; type=3; pingpong=0; private_global=0; linkage=7; visibility=0; IO mode=ap_fifo:ce=0
Port [ C_data_V_data_3]:  wired=1; compound=1; hidden=0; nouse=0; global=1; static=1; extern=0; dir=1; type=3; pingpong=0; private_global=0; linkage=7; visibility=0; IO mode=ap_fifo:ce=0
---------------- STG Properties END ------------------

---------------- Datapath Model BEGIN ----------------

<LifeTime>
<method=bitvector/>
simConfig_BLOCK_NUMB (read             ) [ 00000]
simConfig_rowsToSimu (read             ) [ 00111]
StgValue_7           (specinterface    ) [ 00000]
StgValue_8           (specinterface    ) [ 00000]
StgValue_9           (specinterface    ) [ 00000]
StgValue_10          (specinterface    ) [ 00000]
StgValue_11          (specinterface    ) [ 00000]
r_V                  (bitconcatenate   ) [ 00111]
StgValue_13          (br               ) [ 01111]
p_i                  (phi              ) [ 00100]
p_cast_i             (zext             ) [ 00000]
tmp_i                (icmp             ) [ 00111]
StgValue_17          (speclooptripcount) [ 00000]
RowOfBlocks_V        (add              ) [ 01111]
StgValue_19          (br               ) [ 00000]
StgValue_20          (br               ) [ 00111]
StgValue_21          (ret              ) [ 00000]
p_4_i                (phi              ) [ 00010]
tmp_27_cast_cast_i   (sext             ) [ 00000]
tmp_28_i             (icmp             ) [ 00111]
StgValue_25          (br               ) [ 00000]
tmp_data             (read             ) [ 00000]
tmp                  (trunc            ) [ 00001]
tmp_12_i             (partselect       ) [ 00001]
i_V                  (add              ) [ 00111]
StgValue_30          (br               ) [ 01111]
tmp_i_21             (specregionbegin  ) [ 00000]
StgValue_32          (speclooptripcount) [ 00000]
tmp_data_0           (bitcast          ) [ 00000]
tmp_data_1           (bitcast          ) [ 00000]
tmp_data_5           (read             ) [ 00000]
tmp_2                (trunc            ) [ 00000]
tmp_data_2           (bitcast          ) [ 00000]
tmp_16_i             (partselect       ) [ 00000]
tmp_data_3           (bitcast          ) [ 00000]
StgValue_40          (write            ) [ 00000]
empty                (specregionend    ) [ 00000]
StgValue_42          (br               ) [ 00111]
</LifeTime>

<model>

<comp_list>
<comp id="0" class="1000" name="input_V_data">
<pin_list>
<pin id="1" dir="1" index="0" bw="1" slack="0"/>
</pin_list>
<bind>
<StgValue><ssdm name="input_V_data"/></StgValue>
</bind>
</comp>

<comp id="2" class="1000" name="simConfig_rowsToSimulate_V_read">
<pin_list>
<pin id="3" dir="1" index="0" bw="1" slack="0"/>
</pin_list>
<bind>
<StgValue><ssdm name="simConfig_rowsToSimulate_V_read"/></StgValue>
</bind>
</comp>

<comp id="4" class="1000" name="simConfig_BLOCK_NUMBERS_V_read">
<pin_list>
<pin id="5" dir="1" index="0" bw="1" slack="0"/>
</pin_list>
<bind>
<StgValue><ssdm name="simConfig_BLOCK_NUMBERS_V_read"/></StgValue>
</bind>
</comp>

<comp id="6" class="1000" name="C_data_V_data_0">
<pin_list>
<pin id="7" dir="1" index="0" bw="1" slack="0"/>
</pin_list>
<bind>
<StgValue><ssdm name="C_data_V_data_0"/></StgValue>
</bind>
</comp>

<comp id="8" class="1000" name="C_data_V_data_1">
<pin_list>
<pin id="9" dir="1" index="0" bw="1" slack="0"/>
</pin_list>
<bind>
<StgValue><ssdm name="C_data_V_data_1"/></StgValue>
</bind>
</comp>

<comp id="10" class="1000" name="C_data_V_data_2">
<pin_list>
<pin id="11" dir="1" index="0" bw="1" slack="0"/>
</pin_list>
<bind>
<StgValue><ssdm name="C_data_V_data_2"/></StgValue>
</bind>
</comp>

<comp id="12" class="1000" name="C_data_V_data_3">
<pin_list>
<pin id="13" dir="1" index="0" bw="1" slack="0"/>
</pin_list>
<bind>
<StgValue><ssdm name="C_data_V_data_3"/></StgValue>
</bind>
</comp>

<comp id="14" class="1001" name="const_14">
<pin_list>
<pin id="15" dir="1" index="0" bw="1" slack="0"/>
</pin_list>
<bind>
<StgValue><ssdm name="_ssdm_op_Read.ap_auto.i27"/></StgValue>
</bind>
</comp>

<comp id="16" class="1001" name="const_16">
<pin_list>
<pin id="17" dir="1" index="0" bw="1" slack="2147483647"/>
</pin_list>
<bind>
<StgValue><ssdm name="_ssdm_op_SpecInterface"/></StgValue>
</bind>
</comp>

<comp id="18" class="1001" name="const_18">
<pin_list>
<pin id="19" dir="1" index="0" bw="1" slack="2147483647"/>
</pin_list>
<bind>
<StgValue><ssdm name="ap_fifo_str"/></StgValue>
</bind>
</comp>

<comp id="20" class="1001" name="const_20">
<pin_list>
<pin id="21" dir="1" index="0" bw="1" slack="2147483647"/>
</pin_list>
<bind>
<StgValue><ssdm name=""/></StgValue>
</bind>
</comp>

<comp id="22" class="1001" name="const_22">
<pin_list>
<pin id="23" dir="1" index="0" bw="1" slack="2147483647"/>
</pin_list>
<bind>
<StgValue><ssdm name="p_str"/></StgValue>
</bind>
</comp>

<comp id="24" class="1001" name="const_24">
<pin_list>
<pin id="25" dir="1" index="0" bw="1" slack="2147483647"/>
</pin_list>
<bind>
<StgValue><ssdm name=""/></StgValue>
</bind>
</comp>

<comp id="26" class="1001" name="const_26">
<pin_list>
<pin id="27" dir="1" index="0" bw="1" slack="2147483647"/>
</pin_list>
<bind>
<StgValue><ssdm name=""/></StgValue>
</bind>
</comp>

<comp id="28" class="1001" name="const_28">
<pin_list>
<pin id="29" dir="1" index="0" bw="1" slack="2147483647"/>
</pin_list>
<bind>
<StgValue><ssdm name="p_str993"/></StgValue>
</bind>
</comp>

<comp id="30" class="1001" name="const_30">
<pin_list>
<pin id="31" dir="1" index="0" bw="1" slack="2147483647"/>
</pin_list>
<bind>
<StgValue><ssdm name="p_str1094"/></StgValue>
</bind>
</comp>

<comp id="32" class="1001" name="const_32">
<pin_list>
<pin id="33" dir="1" index="0" bw="1" slack="2147483647"/>
</pin_list>
<bind>
<StgValue><ssdm name="p_str286"/></StgValue>
</bind>
</comp>

<comp id="34" class="1001" name="const_34">
<pin_list>
<pin id="35" dir="1" index="0" bw="1" slack="0"/>
</pin_list>
<bind>
<StgValue><ssdm name="_ssdm_op_BitConcatenate.i31.i27.i4"/></StgValue>
</bind>
</comp>

<comp id="36" class="1001" name="const_36">
<pin_list>
<pin id="37" dir="1" index="0" bw="1" slack="0"/>
</pin_list>
<bind>
<StgValue><ssdm name=""/></StgValue>
</bind>
</comp>

<comp id="38" class="1001" name="const_38">
<pin_list>
<pin id="39" dir="1" index="0" bw="1" slack="1"/>
</pin_list>
<bind>
<StgValue><ssdm name=""/></StgValue>
</bind>
</comp>

<comp id="40" class="1001" name="const_40">
<pin_list>
<pin id="41" dir="1" index="0" bw="1" slack="2147483647"/>
</pin_list>
<bind>
<StgValue><ssdm name="_ssdm_op_SpecLoopTripCount"/></StgValue>
</bind>
</comp>

<comp id="42" class="1001" name="const_42">
<pin_list>
<pin id="43" dir="1" index="0" bw="1" slack="2147483647"/>
</pin_list>
<bind>
<StgValue><ssdm name=""/></StgValue>
</bind>
</comp>

<comp id="44" class="1001" name="const_44">
<pin_list>
<pin id="45" dir="1" index="0" bw="1" slack="2147483647"/>
</pin_list>
<bind>
<StgValue><ssdm name=""/></StgValue>
</bind>
</comp>

<comp id="46" class="1001" name="const_46">
<pin_list>
<pin id="47" dir="1" index="0" bw="1" slack="2147483647"/>
</pin_list>
<bind>
<StgValue><ssdm name=""/></StgValue>
</bind>
</comp>

<comp id="48" class="1001" name="const_48">
<pin_list>
<pin id="49" dir="1" index="0" bw="1" slack="0"/>
</pin_list>
<bind>
<StgValue><ssdm name=""/></StgValue>
</bind>
</comp>

<comp id="50" class="1001" name="const_50">
<pin_list>
<pin id="51" dir="1" index="0" bw="1" slack="1"/>
</pin_list>
<bind>
<StgValue><ssdm name=""/></StgValue>
</bind>
</comp>

<comp id="52" class="1001" name="const_52">
<pin_list>
<pin id="53" dir="1" index="0" bw="1" slack="0"/>
</pin_list>
<bind>
<StgValue><ssdm name="_ssdm_op_Read.axis.volatile.i64P"/></StgValue>
</bind>
</comp>

<comp id="54" class="1001" name="const_54">
<pin_list>
<pin id="55" dir="1" index="0" bw="1" slack="0"/>
</pin_list>
<bind>
<StgValue><ssdm name="_ssdm_op_PartSelect.i32.i64.i32.i32"/></StgValue>
</bind>
</comp>

<comp id="56" class="1001" name="const_56">
<pin_list>
<pin id="57" dir="1" index="0" bw="1" slack="0"/>
</pin_list>
<bind>
<StgValue><ssdm name=""/></StgValue>
</bind>
</comp>

<comp id="58" class="1001" name="const_58">
<pin_list>
<pin id="59" dir="1" index="0" bw="1" slack="0"/>
</pin_list>
<bind>
<StgValue><ssdm name=""/></StgValue>
</bind>
</comp>

<comp id="60" class="1001" name="const_60">
<pin_list>
<pin id="61" dir="1" index="0" bw="1" slack="0"/>
</pin_list>
<bind>
<StgValue><ssdm name=""/></StgValue>
</bind>
</comp>

<comp id="62" class="1001" name="const_62">
<pin_list>
<pin id="63" dir="1" index="0" bw="1" slack="2147483647"/>
</pin_list>
<bind>
<StgValue><ssdm name="_ssdm_op_SpecRegionBegin"/></StgValue>
</bind>
</comp>

<comp id="64" class="1001" name="const_64">
<pin_list>
<pin id="65" dir="1" index="0" bw="1" slack="2147483647"/>
</pin_list>
<bind>
<StgValue><ssdm name="p_str611"/></StgValue>
</bind>
</comp>

<comp id="66" class="1001" name="const_66">
<pin_list>
<pin id="67" dir="1" index="0" bw="1" slack="2147483647"/>
</pin_list>
<bind>
<StgValue><ssdm name=""/></StgValue>
</bind>
</comp>

<comp id="68" class="1001" name="const_68">
<pin_list>
<pin id="69" dir="1" index="0" bw="1" slack="2147483647"/>
</pin_list>
<bind>
<StgValue><ssdm name=""/></StgValue>
</bind>
</comp>

<comp id="70" class="1001" name="const_70">
<pin_list>
<pin id="71" dir="1" index="0" bw="1" slack="2147483647"/>
</pin_list>
<bind>
<StgValue><ssdm name="p_str49"/></StgValue>
</bind>
</comp>

<comp id="72" class="1001" name="const_72">
<pin_list>
<pin id="73" dir="1" index="0" bw="1" slack="0"/>
</pin_list>
<bind>
<StgValue><ssdm name="_ssdm_op_Write.ap_fifo.volatile.floatP.floatP.floatP.floatP"/></StgValue>
</bind>
</comp>

<comp id="74" class="1001" name="const_74">
<pin_list>
<pin id="75" dir="1" index="0" bw="1" slack="2147483647"/>
</pin_list>
<bind>
<StgValue><ssdm name="_ssdm_op_SpecRegionEnd"/></StgValue>
</bind>
</comp>

<comp id="76" class="1004" name="simConfig_BLOCK_NUMB_read_fu_76">
<pin_list>
<pin id="77" dir="0" index="0" bw="27" slack="0"/>
<pin id="78" dir="0" index="1" bw="27" slack="0"/>
<pin id="79" dir="1" index="2" bw="27" slack="0"/>
</pin_list>
<bind>
<opcode="read(1150) " fcode="read"/>
<opset="simConfig_BLOCK_NUMB/1 "/>
</bind>
</comp>

<comp id="82" class="1004" name="simConfig_rowsToSimu_read_fu_82">
<pin_list>
<pin id="83" dir="0" index="0" bw="27" slack="0"/>
<pin id="84" dir="0" index="1" bw="27" slack="0"/>
<pin id="85" dir="1" index="2" bw="27" slack="1"/>
</pin_list>
<bind>
<opcode="read(1150) " fcode="read"/>
<opset="simConfig_rowsToSimu/1 "/>
</bind>
</comp>

<comp id="88" class="1004" name="grp_read_fu_88">
<pin_list>
<pin id="89" dir="0" index="0" bw="64" slack="0"/>
<pin id="90" dir="0" index="1" bw="64" slack="0"/>
<pin id="91" dir="1" index="2" bw="64" slack="0"/>
</pin_list>
<bind>
<opcode="read(1150) " fcode="read"/>
<opset="tmp_data/3 tmp_data_5/4 "/>
</bind>
</comp>

<comp id="94" class="1004" name="StgValue_40_write_fu_94">
<pin_list>
<pin id="95" dir="0" index="0" bw="0" slack="0"/>
<pin id="96" dir="0" index="1" bw="32" slack="0"/>
<pin id="97" dir="0" index="2" bw="32" slack="0"/>
<pin id="98" dir="0" index="3" bw="32" slack="0"/>
<pin id="99" dir="0" index="4" bw="32" slack="0"/>
<pin id="100" dir="0" index="5" bw="32" slack="0"/>
<pin id="101" dir="0" index="6" bw="32" slack="0"/>
<pin id="102" dir="0" index="7" bw="32" slack="0"/>
<pin id="103" dir="0" index="8" bw="32" slack="0"/>
<pin id="104" dir="1" index="9" bw="0" slack="2147483647"/>
</pin_list>
<bind>
<opcode="write(1151) " fcode="write"/>
<opset="StgValue_40/4 "/>
</bind>
</comp>

<comp id="110" class="1005" name="p_i_reg_110">
<pin_list>
<pin id="111" dir="0" index="0" bw="12" slack="1"/>
<pin id="112" dir="1" index="1" bw="12" slack="1"/>
</pin_list>
<bind>
<opset="p_i (phireg) "/>
</bind>
</comp>

<comp id="114" class="1004" name="p_i_phi_fu_114">
<pin_list>
<pin id="115" dir="0" index="0" bw="1" slack="1"/>
<pin id="116" dir="0" index="1" bw="0" slack="2147483647"/>
<pin id="117" dir="0" index="2" bw="12" slack="0"/>
<pin id="118" dir="0" index="3" bw="0" slack="2147483647"/>
<pin id="119" dir="1" index="4" bw="12" slack="0"/>
</pin_list>
<bind>
<opcode="phi(47) " fcode="phi"/>
<opset="p_i/2 "/>
</bind>
</comp>

<comp id="121" class="1005" name="p_4_i_reg_121">
<pin_list>
<pin id="122" dir="0" index="0" bw="27" slack="1"/>
<pin id="123" dir="1" index="1" bw="27" slack="1"/>
</pin_list>
<bind>
<opset="p_4_i (phireg) "/>
</bind>
</comp>

<comp id="125" class="1004" name="p_4_i_phi_fu_125">
<pin_list>
<pin id="126" dir="0" index="0" bw="27" slack="0"/>
<pin id="127" dir="0" index="1" bw="0" slack="2147483647"/>
<pin id="128" dir="0" index="2" bw="1" slack="1"/>
<pin id="129" dir="0" index="3" bw="0" slack="2147483647"/>
<pin id="130" dir="1" index="4" bw="27" slack="0"/>
</pin_list>
<bind>
<opcode="phi(47) " fcode="phi"/>
<opset="p_4_i/3 "/>
</bind>
</comp>

<comp id="132" class="1004" name="grp_fu_132">
<pin_list>
<pin id="133" dir="0" index="0" bw="32" slack="0"/>
<pin id="134" dir="0" index="1" bw="64" slack="0"/>
<pin id="135" dir="0" index="2" bw="7" slack="0"/>
<pin id="136" dir="0" index="3" bw="7" slack="0"/>
<pin id="137" dir="1" index="4" bw="32" slack="0"/>
</pin_list>
<bind>
<opcode="partselect(1002) " fcode="partselect"/>
<opset="tmp_12_i/3 tmp_16_i/4 "/>
</bind>
</comp>

<comp id="142" class="1004" name="r_V_fu_142">
<pin_list>
<pin id="143" dir="0" index="0" bw="31" slack="0"/>
<pin id="144" dir="0" index="1" bw="27" slack="0"/>
<pin id="145" dir="0" index="2" bw="1" slack="0"/>
<pin id="146" dir="1" index="3" bw="31" slack="2"/>
</pin_list>
<bind>
<opcode="bitconcatenate(1004) " fcode="bitconcatenate"/>
<opset="r_V/1 "/>
</bind>
</comp>

<comp id="150" class="1004" name="p_cast_i_fu_150">
<pin_list>
<pin id="151" dir="0" index="0" bw="12" slack="0"/>
<pin id="152" dir="1" index="1" bw="27" slack="0"/>
</pin_list>
<bind>
<opcode="zext(34) " fcode="zext"/>
<opset="p_cast_i/2 "/>
</bind>
</comp>

<comp id="154" class="1004" name="tmp_i_fu_154">
<pin_list>
<pin id="155" dir="0" index="0" bw="12" slack="0"/>
<pin id="156" dir="0" index="1" bw="27" slack="1"/>
<pin id="157" dir="1" index="2" bw="1" slack="2147483647"/>
</pin_list>
<bind>
<opcode="icmp(45) " fcode="icmp"/>
<opset="tmp_i/2 "/>
</bind>
</comp>

<comp id="159" class="1004" name="RowOfBlocks_V_fu_159">
<pin_list>
<pin id="160" dir="0" index="0" bw="12" slack="0"/>
<pin id="161" dir="0" index="1" bw="1" slack="0"/>
<pin id="162" dir="1" index="2" bw="12" slack="0"/>
</pin_list>
<bind>
<opcode="add(8) " fcode="add"/>
<opset="RowOfBlocks_V/2 "/>
</bind>
</comp>

<comp id="165" class="1004" name="tmp_27_cast_cast_i_fu_165">
<pin_list>
<pin id="166" dir="0" index="0" bw="27" slack="0"/>
<pin id="167" dir="1" index="1" bw="31" slack="0"/>
</pin_list>
<bind>
<opcode="sext(35) " fcode="sext"/>
<opset="tmp_27_cast_cast_i/3 "/>
</bind>
</comp>

<comp id="169" class="1004" name="tmp_28_i_fu_169">
<pin_list>
<pin id="170" dir="0" index="0" bw="27" slack="0"/>
<pin id="171" dir="0" index="1" bw="31" slack="2"/>
<pin id="172" dir="1" index="2" bw="1" slack="2147483647"/>
</pin_list>
<bind>
<opcode="icmp(45) " fcode="icmp"/>
<opset="tmp_28_i/3 "/>
</bind>
</comp>

<comp id="174" class="1004" name="tmp_fu_174">
<pin_list>
<pin id="175" dir="0" index="0" bw="64" slack="0"/>
<pin id="176" dir="1" index="1" bw="32" slack="1"/>
</pin_list>
<bind>
<opcode="trunc(33) " fcode="trunc"/>
<opset="tmp/3 "/>
</bind>
</comp>

<comp id="178" class="1004" name="i_V_fu_178">
<pin_list>
<pin id="179" dir="0" index="0" bw="4" slack="0"/>
<pin id="180" dir="0" index="1" bw="27" slack="0"/>
<pin id="181" dir="1" index="2" bw="27" slack="0"/>
</pin_list>
<bind>
<opcode="add(8) " fcode="add"/>
<opset="i_V/3 "/>
</bind>
</comp>

<comp id="184" class="1004" name="tmp_data_0_fu_184">
<pin_list>
<pin id="185" dir="0" index="0" bw="32" slack="1"/>
<pin id="186" dir="1" index="1" bw="32" slack="0"/>
</pin_list>
<bind>
<opcode="bitcast(44) " fcode="bitcast"/>
<opset="tmp_data_0/4 "/>
</bind>
</comp>

<comp id="188" class="1004" name="tmp_data_1_fu_188">
<pin_list>
<pin id="189" dir="0" index="0" bw="32" slack="1"/>
<pin id="190" dir="1" index="1" bw="32" slack="0"/>
</pin_list>
<bind>
<opcode="bitcast(44) " fcode="bitcast"/>
<opset="tmp_data_1/4 "/>
</bind>
</comp>

<comp id="192" class="1004" name="tmp_2_fu_192">
<pin_list>
<pin id="193" dir="0" index="0" bw="64" slack="0"/>
<pin id="194" dir="1" index="1" bw="32" slack="0"/>
</pin_list>
<bind>
<opcode="trunc(33) " fcode="trunc"/>
<opset="tmp_2/4 "/>
</bind>
</comp>

<comp id="196" class="1004" name="tmp_data_2_fu_196">
<pin_list>
<pin id="197" dir="0" index="0" bw="32" slack="0"/>
<pin id="198" dir="1" index="1" bw="32" slack="0"/>
</pin_list>
<bind>
<opcode="bitcast(44) " fcode="bitcast"/>
<opset="tmp_data_2/4 "/>
</bind>
</comp>

<comp id="201" class="1004" name="tmp_data_3_fu_201">
<pin_list>
<pin id="202" dir="0" index="0" bw="32" slack="0"/>
<pin id="203" dir="1" index="1" bw="32" slack="0"/>
</pin_list>
<bind>
<opcode="bitcast(44) " fcode="bitcast"/>
<opset="tmp_data_3/4 "/>
</bind>
</comp>

<comp id="206" class="1005" name="simConfig_rowsToSimu_reg_206">
<pin_list>
<pin id="207" dir="0" index="0" bw="27" slack="1"/>
<pin id="208" dir="1" index="1" bw="27" slack="1"/>
</pin_list>
<bind>
<opset="simConfig_rowsToSimu "/>
</bind>
</comp>

<comp id="211" class="1005" name="r_V_reg_211">
<pin_list>
<pin id="212" dir="0" index="0" bw="31" slack="2"/>
<pin id="213" dir="1" index="1" bw="31" slack="2"/>
</pin_list>
<bind>
<opset="r_V "/>
</bind>
</comp>

<comp id="219" class="1005" name="RowOfBlocks_V_reg_219">
<pin_list>
<pin id="220" dir="0" index="0" bw="12" slack="0"/>
<pin id="221" dir="1" index="1" bw="12" slack="0"/>
</pin_list>
<bind>
<opset="RowOfBlocks_V "/>
</bind>
</comp>

<comp id="227" class="1005" name="tmp_reg_227">
<pin_list>
<pin id="228" dir="0" index="0" bw="32" slack="1"/>
<pin id="229" dir="1" index="1" bw="32" slack="1"/>
</pin_list>
<bind>
<opset="tmp "/>
</bind>
</comp>

<comp id="232" class="1005" name="tmp_12_i_reg_232">
<pin_list>
<pin id="233" dir="0" index="0" bw="32" slack="1"/>
<pin id="234" dir="1" index="1" bw="32" slack="1"/>
</pin_list>
<bind>
<opset="tmp_12_i "/>
</bind>
</comp>

<comp id="237" class="1005" name="i_V_reg_237">
<pin_list>
<pin id="238" dir="0" index="0" bw="27" slack="0"/>
<pin id="239" dir="1" index="1" bw="27" slack="0"/>
</pin_list>
<bind>
<opset="i_V "/>
</bind>
</comp>

</comp_list>

<net_list>
<net id="80"><net_src comp="14" pin="0"/><net_sink comp="76" pin=0"/></net>

<net id="81"><net_src comp="4" pin="0"/><net_sink comp="76" pin=1"/></net>

<net id="86"><net_src comp="14" pin="0"/><net_sink comp="82" pin=0"/></net>

<net id="87"><net_src comp="2" pin="0"/><net_sink comp="82" pin=1"/></net>

<net id="92"><net_src comp="52" pin="0"/><net_sink comp="88" pin=0"/></net>

<net id="93"><net_src comp="0" pin="0"/><net_sink comp="88" pin=1"/></net>

<net id="105"><net_src comp="72" pin="0"/><net_sink comp="94" pin=0"/></net>

<net id="106"><net_src comp="6" pin="0"/><net_sink comp="94" pin=1"/></net>

<net id="107"><net_src comp="8" pin="0"/><net_sink comp="94" pin=2"/></net>

<net id="108"><net_src comp="10" pin="0"/><net_sink comp="94" pin=3"/></net>

<net id="109"><net_src comp="12" pin="0"/><net_sink comp="94" pin=4"/></net>

<net id="113"><net_src comp="38" pin="0"/><net_sink comp="110" pin=0"/></net>

<net id="120"><net_src comp="110" pin="1"/><net_sink comp="114" pin=0"/></net>

<net id="124"><net_src comp="50" pin="0"/><net_sink comp="121" pin=0"/></net>

<net id="131"><net_src comp="121" pin="1"/><net_sink comp="125" pin=2"/></net>

<net id="138"><net_src comp="54" pin="0"/><net_sink comp="132" pin=0"/></net>

<net id="139"><net_src comp="88" pin="2"/><net_sink comp="132" pin=1"/></net>

<net id="140"><net_src comp="56" pin="0"/><net_sink comp="132" pin=2"/></net>

<net id="141"><net_src comp="58" pin="0"/><net_sink comp="132" pin=3"/></net>

<net id="147"><net_src comp="34" pin="0"/><net_sink comp="142" pin=0"/></net>

<net id="148"><net_src comp="76" pin="2"/><net_sink comp="142" pin=1"/></net>

<net id="149"><net_src comp="36" pin="0"/><net_sink comp="142" pin=2"/></net>

<net id="153"><net_src comp="114" pin="4"/><net_sink comp="150" pin=0"/></net>

<net id="158"><net_src comp="150" pin="1"/><net_sink comp="154" pin=0"/></net>

<net id="163"><net_src comp="114" pin="4"/><net_sink comp="159" pin=0"/></net>

<net id="164"><net_src comp="48" pin="0"/><net_sink comp="159" pin=1"/></net>

<net id="168"><net_src comp="125" pin="4"/><net_sink comp="165" pin=0"/></net>

<net id="173"><net_src comp="165" pin="1"/><net_sink comp="169" pin=0"/></net>

<net id="177"><net_src comp="88" pin="2"/><net_sink comp="174" pin=0"/></net>

<net id="182"><net_src comp="60" pin="0"/><net_sink comp="178" pin=0"/></net>

<net id="183"><net_src comp="125" pin="4"/><net_sink comp="178" pin=1"/></net>

<net id="187"><net_src comp="184" pin="1"/><net_sink comp="94" pin=5"/></net>

<net id="191"><net_src comp="188" pin="1"/><net_sink comp="94" pin=6"/></net>

<net id="195"><net_src comp="88" pin="2"/><net_sink comp="192" pin=0"/></net>

<net id="199"><net_src comp="192" pin="1"/><net_sink comp="196" pin=0"/></net>

<net id="200"><net_src comp="196" pin="1"/><net_sink comp="94" pin=7"/></net>

<net id="204"><net_src comp="132" pin="4"/><net_sink comp="201" pin=0"/></net>

<net id="205"><net_src comp="201" pin="1"/><net_sink comp="94" pin=8"/></net>

<net id="209"><net_src comp="82" pin="2"/><net_sink comp="206" pin=0"/></net>

<net id="210"><net_src comp="206" pin="1"/><net_sink comp="154" pin=1"/></net>

<net id="214"><net_src comp="142" pin="3"/><net_sink comp="211" pin=0"/></net>

<net id="215"><net_src comp="211" pin="1"/><net_sink comp="169" pin=1"/></net>

<net id="222"><net_src comp="159" pin="2"/><net_sink comp="219" pin=0"/></net>

<net id="223"><net_src comp="219" pin="1"/><net_sink comp="114" pin=2"/></net>

<net id="230"><net_src comp="174" pin="1"/><net_sink comp="227" pin=0"/></net>

<net id="231"><net_src comp="227" pin="1"/><net_sink comp="184" pin=0"/></net>

<net id="235"><net_src comp="132" pin="4"/><net_sink comp="232" pin=0"/></net>

<net id="236"><net_src comp="232" pin="1"/><net_sink comp="188" pin=0"/></net>

<net id="240"><net_src comp="178" pin="2"/><net_sink comp="237" pin=0"/></net>

<net id="241"><net_src comp="237" pin="1"/><net_sink comp="125" pin=0"/></net>

</net_list>

</model> 
---------------- Datapath Model END ------------------

* FSMD analyzer results:
  - Output states:
	Port: C_data_V_data_0 | {4 }
	Port: C_data_V_data_1 | {4 }
	Port: C_data_V_data_2 | {4 }
	Port: C_data_V_data_3 | {4 }
 - Input state : 
	Port: getConductances : input_V_data | {3 4 }
	Port: getConductances : simConfig_rowsToSimulate_V_read | {1 }
	Port: getConductances : simConfig_BLOCK_NUMBERS_V_read | {1 }
  - Chain level:
	State 1
	State 2
		p_cast_i : 1
		tmp_i : 2
		RowOfBlocks_V : 1
		StgValue_19 : 3
	State 3
		tmp_27_cast_cast_i : 1
		tmp_28_i : 2
		StgValue_25 : 3
		i_V : 1
	State 4
		tmp_data_2 : 1
		tmp_data_3 : 1
		StgValue_40 : 2
		empty : 1


============================================================
+ Verbose Summary: Datapath Resource usage 
============================================================

* Functional unit list:
|----------|---------------------------------|---------|---------|
| Operation|         Functional Unit         |    FF   |   LUT   |
|----------|---------------------------------|---------|---------|
|    add   |       RowOfBlocks_V_fu_159      |    0    |    12   |
|          |            i_V_fu_178           |    0    |    27   |
|----------|---------------------------------|---------|---------|
|   icmp   |           tmp_i_fu_154          |    0    |    9    |
|          |         tmp_28_i_fu_169         |    0    |    11   |
|----------|---------------------------------|---------|---------|
|          | simConfig_BLOCK_NUMB_read_fu_76 |    0    |    0    |
|   read   | simConfig_rowsToSimu_read_fu_82 |    0    |    0    |
|          |          grp_read_fu_88         |    0    |    0    |
|----------|---------------------------------|---------|---------|
|   write  |     StgValue_40_write_fu_94     |    0    |    0    |
|----------|---------------------------------|---------|---------|
|partselect|            grp_fu_132           |    0    |    0    |
|----------|---------------------------------|---------|---------|
|bitconcatenate|            r_V_fu_142           |    0    |    0    |
|----------|---------------------------------|---------|---------|
|   zext   |         p_cast_i_fu_150         |    0    |    0    |
|----------|---------------------------------|---------|---------|
|   sext   |    tmp_27_cast_cast_i_fu_165    |    0    |    0    |
|----------|---------------------------------|---------|---------|
|   trunc  |            tmp_fu_174           |    0    |    0    |
|          |           tmp_2_fu_192          |    0    |    0    |
|----------|---------------------------------|---------|---------|
|   Total  |                                 |    0    |    59   |
|----------|---------------------------------|---------|---------|

Memories:
N/A

* Register list:
+----------------------------+--------+
|                            |   FF   |
+----------------------------+--------+
|    RowOfBlocks_V_reg_219   |   12   |
|         i_V_reg_237        |   27   |
|        p_4_i_reg_121       |   27   |
|         p_i_reg_110        |   12   |
|         r_V_reg_211        |   31   |
|simConfig_rowsToSimu_reg_206|   27   |
|      tmp_12_i_reg_232      |   32   |
|         tmp_reg_227        |   32   |
+----------------------------+--------+
|            Total           |   200  |
+----------------------------+--------+

* Multiplexer (MUX) list: 
|--------|------|------|------|--------|
|  Comp  |  Pin | Size |  BW  | S x BW |
|--------|------|------|------|--------|
|  Total |      |      |      |    0   |
|--------|------|------|------|--------|



* Summary:
+-----------+--------+--------+
|           |   FF   |   LUT  |
+-----------+--------+--------+
|  Function |    0   |   59   |
|   Memory  |    -   |    -   |
|Multiplexer|    -   |    -   |
|  Register |   200  |    -   |
+-----------+--------+--------+
|   Total   |   200  |   59   |
+-----------+--------+--------+
