The target system is: FreeRTOS -  - arm
The host system is: Linux - 4.15.0-74-generic - x86_64
Determining if files stdatomic.h exist passed with the following output:
Change Dir: /home/marco/Documents/2020/tesis/BareMetal_Tutorial/SDK_default/RTOS_AMPexample_bsp/ps7_cortexa9_1/libsrc/openamp_v1_5/build_openamp/CMakeFiles/CMakeTmp

Run Build Command:"/usr/bin/gmake" "cmTC_0456c/fast"
/usr/bin/gmake -f CMakeFiles/cmTC_0456c.dir/build.make CMakeFiles/cmTC_0456c.dir/build
gmake[1]: Entering directory '/home/marco/Documents/2020/tesis/BareMetal_Tutorial/SDK_default/RTOS_AMPexample_bsp/ps7_cortexa9_1/libsrc/openamp_v1_5/build_openamp/CMakeFiles/CMakeTmp'
Building C object CMakeFiles/cmTC_0456c.dir/CheckIncludeFiles.c.obj
/opt/vivado2018/SDK/2018.3/gnu/aarch32/lin/gcc-arm-none-eabi/bin/arm-none-eabi-gcc   -O2 -c -mcpu=cortex-a9 -mfpu=vfpv3 -mfloat-abi=hard -nostartfiles -g -Wall -Wextra -DUSE_AMP=1 -I/home/marco/Documents/2020/tesis/BareMetal_Tutorial/SDK_default/RTOS_AMPexample_bsp/ps7_cortexa9_1/include -Wall -Wextra -c   -o CMakeFiles/cmTC_0456c.dir/CheckIncludeFiles.c.obj   -c /home/marco/Documents/2020/tesis/BareMetal_Tutorial/SDK_default/RTOS_AMPexample_bsp/ps7_cortexa9_1/libsrc/openamp_v1_5/build_openamp/CMakeFiles/CMakeTmp/CheckIncludeFiles.c
Linking C executable cmTC_0456c
/opt/vivado2018/SDK/2018.3/tps/lnx64/cmake-3.3.2/bin/cmake -E cmake_link_script CMakeFiles/cmTC_0456c.dir/link.txt --verbose=1
/opt/vivado2018/SDK/2018.3/gnu/aarch32/lin/gcc-arm-none-eabi/bin/arm-none-eabi-gcc  -O2 -c -mcpu=cortex-a9 -mfpu=vfpv3 -mfloat-abi=hard -nostartfiles -g -Wall -Wextra -DUSE_AMP=1 -I/home/marco/Documents/2020/tesis/BareMetal_Tutorial/SDK_default/RTOS_AMPexample_bsp/ps7_cortexa9_1/include -Wall -Wextra -c    CMakeFiles/cmTC_0456c.dir/CheckIncludeFiles.c.obj  -o cmTC_0456c  
arm-none-eabi-gcc: warning: CMakeFiles/cmTC_0456c.dir/CheckIncludeFiles.c.obj: linker input file unused because linking not done
gmake[1]: Leaving directory '/home/marco/Documents/2020/tesis/BareMetal_Tutorial/SDK_default/RTOS_AMPexample_bsp/ps7_cortexa9_1/libsrc/openamp_v1_5/build_openamp/CMakeFiles/CMakeTmp'


Determining if files fcntl.h exist passed with the following output:
Change Dir: /home/marco/Documents/2020/tesis/BareMetal_Tutorial/SDK_default/RTOS_AMPexample_bsp/ps7_cortexa9_1/libsrc/openamp_v1_5/build_openamp/CMakeFiles/CMakeTmp

Run Build Command:"/usr/bin/gmake" "cmTC_64b66/fast"
/usr/bin/gmake -f CMakeFiles/cmTC_64b66.dir/build.make CMakeFiles/cmTC_64b66.dir/build
gmake[1]: Entering directory '/home/marco/Documents/2020/tesis/BareMetal_Tutorial/SDK_default/RTOS_AMPexample_bsp/ps7_cortexa9_1/libsrc/openamp_v1_5/build_openamp/CMakeFiles/CMakeTmp'
Building C object CMakeFiles/cmTC_64b66.dir/CheckIncludeFiles.c.obj
/opt/vivado2018/SDK/2018.3/gnu/aarch32/lin/gcc-arm-none-eabi/bin/arm-none-eabi-gcc   -O2 -c -mcpu=cortex-a9 -mfpu=vfpv3 -mfloat-abi=hard -nostartfiles -g -Wall -Wextra -DUSE_AMP=1 -I/home/marco/Documents/2020/tesis/BareMetal_Tutorial/SDK_default/RTOS_AMPexample_bsp/ps7_cortexa9_1/include -Wall -Wextra -c   -o CMakeFiles/cmTC_64b66.dir/CheckIncludeFiles.c.obj   -c /home/marco/Documents/2020/tesis/BareMetal_Tutorial/SDK_default/RTOS_AMPexample_bsp/ps7_cortexa9_1/libsrc/openamp_v1_5/build_openamp/CMakeFiles/CMakeTmp/CheckIncludeFiles.c
Linking C executable cmTC_64b66
/opt/vivado2018/SDK/2018.3/tps/lnx64/cmake-3.3.2/bin/cmake -E cmake_link_script CMakeFiles/cmTC_64b66.dir/link.txt --verbose=1
/opt/vivado2018/SDK/2018.3/gnu/aarch32/lin/gcc-arm-none-eabi/bin/arm-none-eabi-gcc  -O2 -c -mcpu=cortex-a9 -mfpu=vfpv3 -mfloat-abi=hard -nostartfiles -g -Wall -Wextra -DUSE_AMP=1 -I/home/marco/Documents/2020/tesis/BareMetal_Tutorial/SDK_default/RTOS_AMPexample_bsp/ps7_cortexa9_1/include -Wall -Wextra -c    CMakeFiles/cmTC_64b66.dir/CheckIncludeFiles.c.obj  -o cmTC_64b66  
arm-none-eabi-gcc: warning: CMakeFiles/cmTC_64b66.dir/CheckIncludeFiles.c.obj: linker input file unused because linking not done
gmake[1]: Leaving directory '/home/marco/Documents/2020/tesis/BareMetal_Tutorial/SDK_default/RTOS_AMPexample_bsp/ps7_cortexa9_1/libsrc/openamp_v1_5/build_openamp/CMakeFiles/CMakeTmp'


