The target system is: FreeRTOS -  - arm
The host system is: Linux - 4.15.0-76-generic - x86_64
Determining if files stdatomic.h exist passed with the following output:
Change Dir: /home/marco/Documents/2020/remoteproc2018/SDK_project/remoteproject2018_bsp/ps7_cortexa9_1/libsrc/openamp_v1_5/build_openamp/CMakeFiles/CMakeTmp

Run Build Command:"/usr/bin/make" "cmTC_d3ac8/fast"
/usr/bin/make -f CMakeFiles/cmTC_d3ac8.dir/build.make CMakeFiles/cmTC_d3ac8.dir/build
make[1]: Entering directory '/home/marco/Documents/2020/remoteproc2018/SDK_project/remoteproject2018_bsp/ps7_cortexa9_1/libsrc/openamp_v1_5/build_openamp/CMakeFiles/CMakeTmp'
Building C object CMakeFiles/cmTC_d3ac8.dir/CheckIncludeFiles.c.obj
/opt/Xilinx_2018v2/SDK/2018.3/gnu/aarch32/lin/gcc-arm-none-eabi/bin/arm-none-eabi-gcc   -O2 -c -DUSE_AMP=1 -mcpu=cortex-a9 -mfpu=vfpv3 -mfloat-abi=hard -nostartfiles -g -Wall -Wextra -DUNDEFINE_FILE_OPS -I/home/marco/Documents/2020/remoteproc2018/SDK_project/remoteproject2018_bsp/ps7_cortexa9_1/include -Wall -Wextra -c   -o CMakeFiles/cmTC_d3ac8.dir/CheckIncludeFiles.c.obj   -c /home/marco/Documents/2020/remoteproc2018/SDK_project/remoteproject2018_bsp/ps7_cortexa9_1/libsrc/openamp_v1_5/build_openamp/CMakeFiles/CMakeTmp/CheckIncludeFiles.c
Linking C executable cmTC_d3ac8
/opt/Xilinx_2018v2/SDK/2018.3/tps/lnx64/cmake-3.3.2/bin/cmake -E cmake_link_script CMakeFiles/cmTC_d3ac8.dir/link.txt --verbose=1
/opt/Xilinx_2018v2/SDK/2018.3/gnu/aarch32/lin/gcc-arm-none-eabi/bin/arm-none-eabi-gcc  -O2 -c -DUSE_AMP=1 -mcpu=cortex-a9 -mfpu=vfpv3 -mfloat-abi=hard -nostartfiles -g -Wall -Wextra -DUNDEFINE_FILE_OPS -I/home/marco/Documents/2020/remoteproc2018/SDK_project/remoteproject2018_bsp/ps7_cortexa9_1/include -Wall -Wextra -c    CMakeFiles/cmTC_d3ac8.dir/CheckIncludeFiles.c.obj  -o cmTC_d3ac8  
arm-none-eabi-gcc: warning: CMakeFiles/cmTC_d3ac8.dir/CheckIncludeFiles.c.obj: linker input file unused because linking not done
make[1]: Leaving directory '/home/marco/Documents/2020/remoteproc2018/SDK_project/remoteproject2018_bsp/ps7_cortexa9_1/libsrc/openamp_v1_5/build_openamp/CMakeFiles/CMakeTmp'


Determining if files fcntl.h exist passed with the following output:
Change Dir: /home/marco/Documents/2020/remoteproc2018/SDK_project/remoteproject2018_bsp/ps7_cortexa9_1/libsrc/openamp_v1_5/build_openamp/CMakeFiles/CMakeTmp

Run Build Command:"/usr/bin/make" "cmTC_1ae2c/fast"
/usr/bin/make -f CMakeFiles/cmTC_1ae2c.dir/build.make CMakeFiles/cmTC_1ae2c.dir/build
make[1]: Entering directory '/home/marco/Documents/2020/remoteproc2018/SDK_project/remoteproject2018_bsp/ps7_cortexa9_1/libsrc/openamp_v1_5/build_openamp/CMakeFiles/CMakeTmp'
Building C object CMakeFiles/cmTC_1ae2c.dir/CheckIncludeFiles.c.obj
/opt/Xilinx_2018v2/SDK/2018.3/gnu/aarch32/lin/gcc-arm-none-eabi/bin/arm-none-eabi-gcc   -O2 -c -DUSE_AMP=1 -mcpu=cortex-a9 -mfpu=vfpv3 -mfloat-abi=hard -nostartfiles -g -Wall -Wextra -DUNDEFINE_FILE_OPS -I/home/marco/Documents/2020/remoteproc2018/SDK_project/remoteproject2018_bsp/ps7_cortexa9_1/include -Wall -Wextra -c   -o CMakeFiles/cmTC_1ae2c.dir/CheckIncludeFiles.c.obj   -c /home/marco/Documents/2020/remoteproc2018/SDK_project/remoteproject2018_bsp/ps7_cortexa9_1/libsrc/openamp_v1_5/build_openamp/CMakeFiles/CMakeTmp/CheckIncludeFiles.c
Linking C executable cmTC_1ae2c
/opt/Xilinx_2018v2/SDK/2018.3/tps/lnx64/cmake-3.3.2/bin/cmake -E cmake_link_script CMakeFiles/cmTC_1ae2c.dir/link.txt --verbose=1
/opt/Xilinx_2018v2/SDK/2018.3/gnu/aarch32/lin/gcc-arm-none-eabi/bin/arm-none-eabi-gcc  -O2 -c -DUSE_AMP=1 -mcpu=cortex-a9 -mfpu=vfpv3 -mfloat-abi=hard -nostartfiles -g -Wall -Wextra -DUNDEFINE_FILE_OPS -I/home/marco/Documents/2020/remoteproc2018/SDK_project/remoteproject2018_bsp/ps7_cortexa9_1/include -Wall -Wextra -c    CMakeFiles/cmTC_1ae2c.dir/CheckIncludeFiles.c.obj  -o cmTC_1ae2c  
arm-none-eabi-gcc: warning: CMakeFiles/cmTC_1ae2c.dir/CheckIncludeFiles.c.obj: linker input file unused because linking not done
make[1]: Leaving directory '/home/marco/Documents/2020/remoteproc2018/SDK_project/remoteproject2018_bsp/ps7_cortexa9_1/libsrc/openamp_v1_5/build_openamp/CMakeFiles/CMakeTmp'


