The target system is: FreeRTOS -  - arm
The host system is: Linux - 4.15.0-76-generic - x86_64
Determining if files stdatomic.h exist passed with the following output:
Change Dir: /home/marco/Documents/2020/remoteproc2019/SDK_project/zed/ps7_cortexa9_1/freertos10_xilinx_domain/bsp/ps7_cortexa9_1/libsrc/openamp_v1_5/build_openamp/CMakeFiles/CMakeTmp

Run Build Command:"/usr/bin/make" "cmTC_65a40/fast"
/usr/bin/make -f CMakeFiles/cmTC_65a40.dir/build.make CMakeFiles/cmTC_65a40.dir/build
make[1]: Entering directory '/home/marco/Documents/2020/remoteproc2019/SDK_project/zed/ps7_cortexa9_1/freertos10_xilinx_domain/bsp/ps7_cortexa9_1/libsrc/openamp_v1_5/build_openamp/CMakeFiles/CMakeTmp'
Building C object CMakeFiles/cmTC_65a40.dir/CheckIncludeFiles.c.obj
/opt/XilinxVitis_2019v2/Vitis/2019.2/gnu/aarch32/lin/gcc-arm-none-eabi/bin/arm-none-eabi-gcc   -O2 -c -mcpu=cortex-a9 -mfpu=vfpv3 -mfloat-abi=hard -nostartfiles -g -Wall -Wextra -DUSE_AMP=1 -I/home/marco/Documents/2020/remoteproc2019/SDK_project/zed/ps7_cortexa9_1/freertos10_xilinx_domain/bsp/ps7_cortexa9_1/include -Wall -Wextra -c   -o CMakeFiles/cmTC_65a40.dir/CheckIncludeFiles.c.obj   -c /home/marco/Documents/2020/remoteproc2019/SDK_project/zed/ps7_cortexa9_1/freertos10_xilinx_domain/bsp/ps7_cortexa9_1/libsrc/openamp_v1_5/build_openamp/CMakeFiles/CMakeTmp/CheckIncludeFiles.c
Linking C executable cmTC_65a40
/opt/XilinxVitis_2019v2/Vitis/2019.2/tps/lnx64/cmake-3.3.2/bin/cmake -E cmake_link_script CMakeFiles/cmTC_65a40.dir/link.txt --verbose=1
/opt/XilinxVitis_2019v2/Vitis/2019.2/gnu/aarch32/lin/gcc-arm-none-eabi/bin/arm-none-eabi-gcc  -O2 -c -mcpu=cortex-a9 -mfpu=vfpv3 -mfloat-abi=hard -nostartfiles -g -Wall -Wextra -DUSE_AMP=1 -I/home/marco/Documents/2020/remoteproc2019/SDK_project/zed/ps7_cortexa9_1/freertos10_xilinx_domain/bsp/ps7_cortexa9_1/include -Wall -Wextra -c    CMakeFiles/cmTC_65a40.dir/CheckIncludeFiles.c.obj  -o cmTC_65a40  
arm-none-eabi-gcc: warning: CMakeFiles/cmTC_65a40.dir/CheckIncludeFiles.c.obj: linker input file unused because linking not done
make[1]: Leaving directory '/home/marco/Documents/2020/remoteproc2019/SDK_project/zed/ps7_cortexa9_1/freertos10_xilinx_domain/bsp/ps7_cortexa9_1/libsrc/openamp_v1_5/build_openamp/CMakeFiles/CMakeTmp'


Determining if files fcntl.h exist passed with the following output:
Change Dir: /home/marco/Documents/2020/remoteproc2019/SDK_project/zed/ps7_cortexa9_1/freertos10_xilinx_domain/bsp/ps7_cortexa9_1/libsrc/openamp_v1_5/build_openamp/CMakeFiles/CMakeTmp

Run Build Command:"/usr/bin/make" "cmTC_4d2f4/fast"
/usr/bin/make -f CMakeFiles/cmTC_4d2f4.dir/build.make CMakeFiles/cmTC_4d2f4.dir/build
make[1]: Entering directory '/home/marco/Documents/2020/remoteproc2019/SDK_project/zed/ps7_cortexa9_1/freertos10_xilinx_domain/bsp/ps7_cortexa9_1/libsrc/openamp_v1_5/build_openamp/CMakeFiles/CMakeTmp'
Building C object CMakeFiles/cmTC_4d2f4.dir/CheckIncludeFiles.c.obj
/opt/XilinxVitis_2019v2/Vitis/2019.2/gnu/aarch32/lin/gcc-arm-none-eabi/bin/arm-none-eabi-gcc   -O2 -c -mcpu=cortex-a9 -mfpu=vfpv3 -mfloat-abi=hard -nostartfiles -g -Wall -Wextra -DUSE_AMP=1 -I/home/marco/Documents/2020/remoteproc2019/SDK_project/zed/ps7_cortexa9_1/freertos10_xilinx_domain/bsp/ps7_cortexa9_1/include -Wall -Wextra -c   -o CMakeFiles/cmTC_4d2f4.dir/CheckIncludeFiles.c.obj   -c /home/marco/Documents/2020/remoteproc2019/SDK_project/zed/ps7_cortexa9_1/freertos10_xilinx_domain/bsp/ps7_cortexa9_1/libsrc/openamp_v1_5/build_openamp/CMakeFiles/CMakeTmp/CheckIncludeFiles.c
Linking C executable cmTC_4d2f4
/opt/XilinxVitis_2019v2/Vitis/2019.2/tps/lnx64/cmake-3.3.2/bin/cmake -E cmake_link_script CMakeFiles/cmTC_4d2f4.dir/link.txt --verbose=1
/opt/XilinxVitis_2019v2/Vitis/2019.2/gnu/aarch32/lin/gcc-arm-none-eabi/bin/arm-none-eabi-gcc  -O2 -c -mcpu=cortex-a9 -mfpu=vfpv3 -mfloat-abi=hard -nostartfiles -g -Wall -Wextra -DUSE_AMP=1 -I/home/marco/Documents/2020/remoteproc2019/SDK_project/zed/ps7_cortexa9_1/freertos10_xilinx_domain/bsp/ps7_cortexa9_1/include -Wall -Wextra -c    CMakeFiles/cmTC_4d2f4.dir/CheckIncludeFiles.c.obj  -o cmTC_4d2f4  
arm-none-eabi-gcc: warning: CMakeFiles/cmTC_4d2f4.dir/CheckIncludeFiles.c.obj: linker input file unused because linking not done
make[1]: Leaving directory '/home/marco/Documents/2020/remoteproc2019/SDK_project/zed/ps7_cortexa9_1/freertos10_xilinx_domain/bsp/ps7_cortexa9_1/libsrc/openamp_v1_5/build_openamp/CMakeFiles/CMakeTmp'


