
*** Running vivado
    with args -log design_1_auto_pc_1.vds -m64 -product Vivado -mode batch -messageDb vivado.pb -notrace -source design_1_auto_pc_1.tcl

awk: symbol lookup error: awk: undefined symbol: mpfr_z_sub

****** Vivado v2016.4 (64-bit)
  **** SW Build 1756540 on Mon Jan 23 19:11:19 MST 2017
  **** IP Build 1755317 on Mon Jan 23 20:30:07 MST 2017
    ** Copyright 1986-2016 Xilinx, Inc. All Rights Reserved.

source design_1_auto_pc_1.tcl -notrace
awk: symbol lookup error: awk: undefined symbol: mpfr_z_sub
Starting RTL Elaboration : Time (s): cpu = 00:00:12 ; elapsed = 00:00:13 . Memory (MB): peak = 1115.449 ; gain = 178.086 ; free physical = 5892 ; free virtual = 11006
INFO: [Synth 8-638] synthesizing module 'design_1_auto_pc_1' [/home/marco/Documents/tesis/ww39_neuronal_new_IP/IP/hardware_for_IP/hardware_for_IP.srcs/sources_1/bd/design_1/ip/design_1_auto_pc_1/synth/design_1_auto_pc_1.v:58]
INFO: [Synth 8-638] synthesizing module 'axi_protocol_converter_v2_1_11_axi_protocol_converter' [/home/marco/Documents/tesis/ww39_neuronal_new_IP/IP/hardware_for_IP/hardware_for_IP.srcs/sources_1/bd/design_1/ipshared/df1b/hdl/axi_protocol_converter_v2_1_vl_rfs.v:4806]
INFO: [Synth 8-638] synthesizing module 'axi_protocol_converter_v2_1_11_axi3_conv' [/home/marco/Documents/tesis/ww39_neuronal_new_IP/IP/hardware_for_IP/hardware_for_IP.srcs/sources_1/bd/design_1/ipshared/df1b/hdl/axi_protocol_converter_v2_1_vl_rfs.v:954]
INFO: [Synth 8-638] synthesizing module 'axi_protocol_converter_v2_1_11_b_downsizer' [/home/marco/Documents/tesis/ww39_neuronal_new_IP/IP/hardware_for_IP/hardware_for_IP.srcs/sources_1/bd/design_1/ipshared/df1b/hdl/axi_protocol_converter_v2_1_vl_rfs.v:2276]
INFO: [Synth 8-256] done synthesizing module 'axi_protocol_converter_v2_1_11_b_downsizer' (1#1) [/home/marco/Documents/tesis/ww39_neuronal_new_IP/IP/hardware_for_IP/hardware_for_IP.srcs/sources_1/bd/design_1/ipshared/df1b/hdl/axi_protocol_converter_v2_1_vl_rfs.v:2276]
INFO: [Synth 8-638] synthesizing module 'axi_protocol_converter_v2_1_11_a_axi3_conv' [/home/marco/Documents/tesis/ww39_neuronal_new_IP/IP/hardware_for_IP/hardware_for_IP.srcs/sources_1/bd/design_1/ipshared/df1b/hdl/axi_protocol_converter_v2_1_vl_rfs.v:62]
INFO: [Synth 8-638] synthesizing module 'axi_data_fifo_v2_1_10_axic_fifo' [/home/marco/Documents/tesis/ww39_neuronal_new_IP/IP/hardware_for_IP/hardware_for_IP.srcs/sources_1/bd/design_1/ipshared/39ba/hdl/axi_data_fifo_v2_1_vl_rfs.v:64]
INFO: [Synth 8-638] synthesizing module 'axi_data_fifo_v2_1_10_fifo_gen' [/home/marco/Documents/tesis/ww39_neuronal_new_IP/IP/hardware_for_IP/hardware_for_IP.srcs/sources_1/bd/design_1/ipshared/39ba/hdl/axi_data_fifo_v2_1_vl_rfs.v:168]
INFO: [Synth 8-256] done synthesizing module 'axi_data_fifo_v2_1_10_fifo_gen' (20#1) [/home/marco/Documents/tesis/ww39_neuronal_new_IP/IP/hardware_for_IP/hardware_for_IP.srcs/sources_1/bd/design_1/ipshared/39ba/hdl/axi_data_fifo_v2_1_vl_rfs.v:168]
INFO: [Synth 8-256] done synthesizing module 'axi_data_fifo_v2_1_10_axic_fifo' (21#1) [/home/marco/Documents/tesis/ww39_neuronal_new_IP/IP/hardware_for_IP/hardware_for_IP.srcs/sources_1/bd/design_1/ipshared/39ba/hdl/axi_data_fifo_v2_1_vl_rfs.v:64]
INFO: [Synth 8-256] done synthesizing module 'axi_protocol_converter_v2_1_11_a_axi3_conv' (22#1) [/home/marco/Documents/tesis/ww39_neuronal_new_IP/IP/hardware_for_IP/hardware_for_IP.srcs/sources_1/bd/design_1/ipshared/df1b/hdl/axi_protocol_converter_v2_1_vl_rfs.v:62]
INFO: [Synth 8-638] synthesizing module 'axi_protocol_converter_v2_1_11_w_axi3_conv' [/home/marco/Documents/tesis/ww39_neuronal_new_IP/IP/hardware_for_IP/hardware_for_IP.srcs/sources_1/bd/design_1/ipshared/df1b/hdl/axi_protocol_converter_v2_1_vl_rfs.v:2004]
INFO: [Synth 8-256] done synthesizing module 'axi_protocol_converter_v2_1_11_w_axi3_conv' (23#1) [/home/marco/Documents/tesis/ww39_neuronal_new_IP/IP/hardware_for_IP/hardware_for_IP.srcs/sources_1/bd/design_1/ipshared/df1b/hdl/axi_protocol_converter_v2_1_vl_rfs.v:2004]
INFO: [Synth 8-638] synthesizing module 'axi_protocol_converter_v2_1_11_a_axi3_conv__parameterized0' [/home/marco/Documents/tesis/ww39_neuronal_new_IP/IP/hardware_for_IP/hardware_for_IP.srcs/sources_1/bd/design_1/ipshared/df1b/hdl/axi_protocol_converter_v2_1_vl_rfs.v:62]
INFO: [Synth 8-638] synthesizing module 'axi_data_fifo_v2_1_10_axic_fifo__parameterized0' [/home/marco/Documents/tesis/ww39_neuronal_new_IP/IP/hardware_for_IP/hardware_for_IP.srcs/sources_1/bd/design_1/ipshared/39ba/hdl/axi_data_fifo_v2_1_vl_rfs.v:64]
INFO: [Synth 8-638] synthesizing module 'axi_data_fifo_v2_1_10_fifo_gen__parameterized0' [/home/marco/Documents/tesis/ww39_neuronal_new_IP/IP/hardware_for_IP/hardware_for_IP.srcs/sources_1/bd/design_1/ipshared/39ba/hdl/axi_data_fifo_v2_1_vl_rfs.v:168]
INFO: [Synth 8-256] done synthesizing module 'axi_data_fifo_v2_1_10_fifo_gen__parameterized0' (23#1) [/home/marco/Documents/tesis/ww39_neuronal_new_IP/IP/hardware_for_IP/hardware_for_IP.srcs/sources_1/bd/design_1/ipshared/39ba/hdl/axi_data_fifo_v2_1_vl_rfs.v:168]
INFO: [Synth 8-256] done synthesizing module 'axi_data_fifo_v2_1_10_axic_fifo__parameterized0' (23#1) [/home/marco/Documents/tesis/ww39_neuronal_new_IP/IP/hardware_for_IP/hardware_for_IP.srcs/sources_1/bd/design_1/ipshared/39ba/hdl/axi_data_fifo_v2_1_vl_rfs.v:64]
INFO: [Synth 8-256] done synthesizing module 'axi_protocol_converter_v2_1_11_a_axi3_conv__parameterized0' (23#1) [/home/marco/Documents/tesis/ww39_neuronal_new_IP/IP/hardware_for_IP/hardware_for_IP.srcs/sources_1/bd/design_1/ipshared/df1b/hdl/axi_protocol_converter_v2_1_vl_rfs.v:62]
INFO: [Synth 8-638] synthesizing module 'axi_protocol_converter_v2_1_11_r_axi3_conv' [/home/marco/Documents/tesis/ww39_neuronal_new_IP/IP/hardware_for_IP/hardware_for_IP.srcs/sources_1/bd/design_1/ipshared/df1b/hdl/axi_protocol_converter_v2_1_vl_rfs.v:1789]
INFO: [Synth 8-256] done synthesizing module 'axi_protocol_converter_v2_1_11_r_axi3_conv' (24#1) [/home/marco/Documents/tesis/ww39_neuronal_new_IP/IP/hardware_for_IP/hardware_for_IP.srcs/sources_1/bd/design_1/ipshared/df1b/hdl/axi_protocol_converter_v2_1_vl_rfs.v:1789]
INFO: [Synth 8-256] done synthesizing module 'axi_protocol_converter_v2_1_11_axi3_conv' (25#1) [/home/marco/Documents/tesis/ww39_neuronal_new_IP/IP/hardware_for_IP/hardware_for_IP.srcs/sources_1/bd/design_1/ipshared/df1b/hdl/axi_protocol_converter_v2_1_vl_rfs.v:954]
INFO: [Synth 8-256] done synthesizing module 'axi_protocol_converter_v2_1_11_axi_protocol_converter' (26#1) [/home/marco/Documents/tesis/ww39_neuronal_new_IP/IP/hardware_for_IP/hardware_for_IP.srcs/sources_1/bd/design_1/ipshared/df1b/hdl/axi_protocol_converter_v2_1_vl_rfs.v:4806]
INFO: [Synth 8-256] done synthesizing module 'design_1_auto_pc_1' (27#1) [/home/marco/Documents/tesis/ww39_neuronal_new_IP/IP/hardware_for_IP/hardware_for_IP.srcs/sources_1/bd/design_1/ip/design_1_auto_pc_1/synth/design_1_auto_pc_1.v:58]
Finished RTL Elaboration : Time (s): cpu = 00:00:45 ; elapsed = 00:00:47 . Memory (MB): peak = 1239.918 ; gain = 302.555 ; free physical = 5615 ; free virtual = 10732
Finished RTL Optimization Phase 1 : Time (s): cpu = 00:00:45 ; elapsed = 00:00:48 . Memory (MB): peak = 1239.918 ; gain = 302.555 ; free physical = 5654 ; free virtual = 10771
INFO: [Device 21-403] Loading part xc7z020clg484-1
Constraint Validation Runtime : Time (s): cpu = 00:00:00.04 ; elapsed = 00:00:00.03 . Memory (MB): peak = 1516.738 ; gain = 0.000 ; free physical = 5972 ; free virtual = 11090
Finished Constraint Validation : Time (s): cpu = 00:00:57 ; elapsed = 00:01:00 . Memory (MB): peak = 1516.738 ; gain = 579.375 ; free physical = 5828 ; free virtual = 10946
Finished Loading Part and Timing Information : Time (s): cpu = 00:00:57 ; elapsed = 00:01:00 . Memory (MB): peak = 1516.738 ; gain = 579.375 ; free physical = 5828 ; free virtual = 10946
Finished applying 'set_property' XDC Constraints : Time (s): cpu = 00:00:57 ; elapsed = 00:01:00 . Memory (MB): peak = 1516.738 ; gain = 579.375 ; free physical = 5828 ; free virtual = 10946
Finished RTL Optimization Phase 2 : Time (s): cpu = 00:00:58 ; elapsed = 00:01:01 . Memory (MB): peak = 1516.738 ; gain = 579.375 ; free physical = 5805 ; free virtual = 10923
Finished Cross Boundary and Area Optimization : Time (s): cpu = 00:01:00 ; elapsed = 00:01:03 . Memory (MB): peak = 1516.738 ; gain = 579.375 ; free physical = 5707 ; free virtual = 10826
---------------------------------------------------------------------------------
Start ROM, RAM, DSP and Shift Register Reporting
---------------------------------------------------------------------------------

Distributed RAM: Preliminary Mapping  Report (see note below)
+-----------------------+-------------------------------------------------------------------------------+----------------+----------------------+----------------+
|Module Name            | RTL Object                                                                    | Inference      | Size (Depth x Width) | Primitives     | 
+-----------------------+-------------------------------------------------------------------------------+----------------+----------------------+----------------+
|fifo_generator_v13_1_3 | inst_fifo_gen/gconvfifo.rf/grf.rf/gntv_or_sync_fifo.mem/gdm.dm_gen.dm/RAM_reg | User Attribute | 32 x 5               | RAM32M x 1     | 
|fifo_generator_v13_1_3 | inst_fifo_gen/gconvfifo.rf/grf.rf/gntv_or_sync_fifo.mem/gdm.dm_gen.dm/RAM_reg | User Attribute | 32 x 5               | RAM32M x 1     | 
|fifo_generator_v13_1_3 | inst_fifo_gen/gconvfifo.rf/grf.rf/gntv_or_sync_fifo.mem/gdm.dm_gen.dm/RAM_reg | User Attribute | 32 x 1               | RAM32X1D x 1   | 
+-----------------------+-------------------------------------------------------------------------------+----------------+----------------------+----------------+

Note: The table above is a preliminary report that shows the Distributed RAMs at the current stage of the synthesis flow. Some Distributed RAMs may be reimplemented as non Distributed RAM primitives later in the synthesis flow. Multiple instantiated RAMs are reported only once.
---------------------------------------------------------------------------------
Finished ROM, RAM, DSP and Shift Register Reporting
---------------------------------------------------------------------------------
Finished Applying XDC Timing Constraints : Time (s): cpu = 00:01:11 ; elapsed = 00:01:15 . Memory (MB): peak = 1516.738 ; gain = 579.375 ; free physical = 5477 ; free virtual = 10595
Finished Timing Optimization : Time (s): cpu = 00:01:11 ; elapsed = 00:01:15 . Memory (MB): peak = 1516.738 ; gain = 579.375 ; free physical = 5449 ; free virtual = 10567
Finished Technology Mapping : Time (s): cpu = 00:01:12 ; elapsed = 00:01:16 . Memory (MB): peak = 1516.738 ; gain = 579.375 ; free physical = 5422 ; free virtual = 10540
Finished IO Insertion : Time (s): cpu = 00:01:13 ; elapsed = 00:01:16 . Memory (MB): peak = 1516.738 ; gain = 579.375 ; free physical = 5405 ; free virtual = 10523
Finished Renaming Generated Instances : Time (s): cpu = 00:01:13 ; elapsed = 00:01:16 . Memory (MB): peak = 1516.738 ; gain = 579.375 ; free physical = 5405 ; free virtual = 10523
Finished Rebuilding User Hierarchy : Time (s): cpu = 00:01:13 ; elapsed = 00:01:16 . Memory (MB): peak = 1516.738 ; gain = 579.375 ; free physical = 5397 ; free virtual = 10515
Finished Renaming Generated Ports : Time (s): cpu = 00:01:13 ; elapsed = 00:01:16 . Memory (MB): peak = 1516.738 ; gain = 579.375 ; free physical = 5397 ; free virtual = 10515
Finished Handling Custom Attributes : Time (s): cpu = 00:01:13 ; elapsed = 00:01:16 . Memory (MB): peak = 1516.738 ; gain = 579.375 ; free physical = 5394 ; free virtual = 10512
Finished Renaming Generated Nets : Time (s): cpu = 00:01:13 ; elapsed = 00:01:17 . Memory (MB): peak = 1516.738 ; gain = 579.375 ; free physical = 5394 ; free virtual = 10512

Report Cell Usage: 
+------+---------+------+
|      |Cell     |Count |
+------+---------+------+
|1     |CARRY4   |    16|
|2     |LUT1     |    20|
|3     |LUT2     |    48|
|4     |LUT3     |    54|
|5     |LUT4     |    73|
|6     |LUT5     |   159|
|7     |LUT6     |    79|
|8     |RAM32M   |     2|
|9     |RAM32X1D |     1|
|10    |FDCE     |    69|
|11    |FDPE     |    63|
|12    |FDRE     |   335|
|13    |FDSE     |     5|
+------+---------+------+
Finished Writing Synthesis Report : Time (s): cpu = 00:01:13 ; elapsed = 00:01:17 . Memory (MB): peak = 1516.738 ; gain = 579.375 ; free physical = 5393 ; free virtual = 10512
synth_design: Time (s): cpu = 00:01:09 ; elapsed = 00:01:12 . Memory (MB): peak = 1516.746 ; gain = 488.879 ; free physical = 5378 ; free virtual = 10496
