#-----------------------------------------------------------
# Webtalk v2019.2 (64-bit)
# SW Build 2708876 on Wed Nov  6 21:39:14 MST 2019
# 
# Start of session at: Thu Apr  9 18:32:28 2020
# Process ID: 1516
# Current directory: /home/marco/Documents/2020/remoteproc2019/new_SDK_project/webtalk
# Command line: wbtcv -mode batch -source vitis_webtalk.tcl
# Log file: /home/marco/Documents/2020/remoteproc2019/new_SDK_project/webtalk/webtalk.log
# Journal file: /home/marco/Documents/2020/remoteproc2019/new_SDK_project/webtalk/webtalk.jou
#-----------------------------------------------------------
source vitis_webtalk.tcl
# webtalk_init -webtalk_dir /home/marco/Documents/2020/remoteproc2019/new_SDK_project/webtalk
# webtalk_register_client -client project
# webtalk_add_data -client project -key date_generated -value "2020-04-09 18:32:27" -context "software_version_and_target_device"
# webtalk_add_data -client project -key product_version -value "Vitis v2019.2" -context "software_version_and_target_device"
# webtalk_add_data -client project -key build_version -value "2019.2" -context "software_version_and_target_device"
# webtalk_add_data -client project -key os_platform -value "amd64" -context "software_version_and_target_device"
# webtalk_add_data -client project -key registration_id -value "NA" -context "software_version_and_target_device"
# webtalk_add_data -client project -key tool_flow -value "Vitis" -context "software_version_and_target_device"
# webtalk_add_data -client project -key beta -value "false" -context "software_version_and_target_device"
# webtalk_add_data -client project -key route_design -value "NA" -context "software_version_and_target_device"
# webtalk_add_data -client project -key target_family -value "NA" -context "software_version_and_target_device"
# webtalk_add_data -client project -key target_device -value "NA" -context "software_version_and_target_device"
# webtalk_add_data -client project -key target_package -value "NA" -context "software_version_and_target_device"
# webtalk_add_data -client project -key target_speed -value "NA" -context "software_version_and_target_device"
# webtalk_add_data -client project -key random_id -value "mn15iqf4d1gn280f0etajscs6m" -context "software_version_and_target_device"
# webtalk_add_data -client project -key project_id -value "2019.2_6" -context "software_version_and_target_device"
# webtalk_add_data -client project -key project_iteration -value "6" -context "software_version_and_target_device"
# webtalk_add_data -client project -key os_name -value "Ubuntu" -context "user_environment"
# webtalk_add_data -client project -key os_release -value "Ubuntu 16.04.6 LTS" -context "user_environment"
# webtalk_add_data -client project -key cpu_name -value "Intel(R) Core(TM) i7-7500U CPU @ 2.70GHz" -context "user_environment"
# webtalk_add_data -client project -key cpu_speed -value "3500.136 MHz" -context "user_environment"
# webtalk_add_data -client project -key total_processors -value "1" -context "user_environment"
# webtalk_add_data -client project -key system_ram -value "16,732 GB" -context "user_environment"
# webtalk_register_client -client vitis
# webtalk_add_data -client vitis -key uid -value "1586477388000" -context "vitis\\\\application/1586477388000"
# webtalk_add_data -client vitis -key project_type -value "sdk" -context "vitis\\\\application/1586477388000"
# webtalk_add_data -client vitis -key os -value "freertos10_xilinx" -context "vitis\\\\application/1586477388000"
# webtalk_add_data -client vitis -key processor -value "ps7_cortexa9" -context "vitis\\\\application/1586477388000"
# webtalk_add_data -client vitis -key runtime -value "cpp" -context "vitis\\\\application/1586477388000"
# webtalk_add_data -client vitis -key template -value "sdk" -context "vitis\\\\application/1586477388000"
# webtalk_add_data -client vitis -key platform -value "NA" -context "vitis\\\\application/1586477388000"
# webtalk_add_data -client vitis -key platform_type -value "NA" -context "vitis\\\\application/1586477388000"
# webtalk_add_data -client vitis -key application_type -value "application" -context "vitis\\\\application/1586477388000"
# webtalk_add_data -client vitis -key platform_source -value "dsa" -context "vitis\\\\application/1586477388000"
# webtalk_add_data -client vitis -key device_family -value "NA" -context "vitis\\\\application/1586477388000"
# webtalk_add_data -client vitis -key fpga -value "7z020" -context "vitis\\\\application/1586477388000"
# webtalk_add_data -client vitis -key uid -value "NA" -context "vitis\\\\tool/1586478747150"
# webtalk_add_data -client vitis -key RecordType -value "ToolUsage" -context "vitis\\\\tool/1586478747150"
# webtalk_add_data -client vitis -key BOOTGEN_count -value "0" -context "vitis\\\\tool/1586478747150"
# webtalk_add_data -client vitis -key FLASH_count -value "0" -context "vitis\\\\tool/1586478747150"
# webtalk_add_data -client vitis -key MOVE_APP_TO_SYSTEM_count -value "0" -context "vitis\\\\tool/1586478747150"
# webtalk_add_data -client vitis -key SDX_EXPORT_count -value "0" -context "vitis\\\\tool/1586478747150"
# webtalk_add_data -client vitis -key SDX_IMPORT_count -value "0" -context "vitis\\\\tool/1586478747150"
# webtalk_add_data -client vitis -key SDX_BUILD_count -value "0" -context "vitis\\\\tool/1586478747150"
# webtalk_add_data -client vitis -key SDX_NO_OP_BUILD_count -value "3" -context "vitis\\\\tool/1586478747150"
# webtalk_add_data -client vitis -key TCF_APP_DEBUG_count -value "0" -context "vitis\\\\tool/1586478747150"
# webtalk_add_data -client vitis -key TCF_SYSTEM_DEBUG_count -value "0" -context "vitis\\\\tool/1586478747150"
# webtalk_add_data -client vitis -key GDB_DEBUG_count -value "0" -context "vitis\\\\tool/1586478747150"
# webtalk_add_data -client vitis -key QEMU_DEBUG_count -value "0" -context "vitis\\\\tool/1586478747150"
# webtalk_add_data -client vitis -key ESTIMATION_DEBUG_count -value "0" -context "vitis\\\\tool/1586478747150"
# webtalk_add_data -client vitis -key SDSOC_TRACE_count -value "0" -context "vitis\\\\tool/1586478747150"
# webtalk_add_data -client vitis -key PERFORMANCE_ANALYSIS_count -value "0" -context "vitis\\\\tool/1586478747150"
# webtalk_add_data -client vitis -key SPM_ANALYSIS_count -value "0" -context "vitis\\\\tool/1586478747150"
# webtalk_add_data -client vitis -key CROSS_TRIGGER_count -value "0" -context "vitis\\\\tool/1586478747150"
# webtalk_add_data -client vitis -key TCF_PROFILER_count -value "0" -context "vitis\\\\tool/1586478747150"
# webtalk_add_data -client vitis -key APPLICATION_PLATFORM_CHANGE_count -value "0" -context "vitis\\\\tool/1586478747150"
# webtalk_add_data -client vitis -key APPLICATION_SYS_CONFIG_CHANGE_count -value "0" -context "vitis\\\\tool/1586478747150"
# webtalk_add_data -client vitis -key SYSTEM_PLATFORM_CHANGE_count -value "0" -context "vitis\\\\tool/1586478747150"
# webtalk_transmit -clientid 382027661 -regid "" -xml /home/marco/Documents/2020/remoteproc2019/new_SDK_project/webtalk/usage_statistics_ext_vitis.xml -html /home/marco/Documents/2020/remoteproc2019/new_SDK_project/webtalk/usage_statistics_ext_vitis.html -wdm /home/marco/Documents/2020/remoteproc2019/new_SDK_project/webtalk/vitis_webtalk.wdm -intro "<H3>Vitis Usage Report</H3><BR>"
INFO: [Common 17-186] '/home/marco/Documents/2020/remoteproc2019/new_SDK_project/webtalk/usage_statistics_ext_vitis.xml' has been successfully sent to Xilinx on Thu Apr  9 18:32:32 2020. For additional details about this file, please refer to the WebTalk help file at /opt/Xilinx_Vitis_2019/Vitis/2019.2/doc/webtalk_introduction.html.
# webtalk_terminate
INFO: [Common 17-206] Exiting Webtalk at Thu Apr  9 18:32:32 2020...
