
*** Running vivado
    with args -log GapJunctionIP.vdi -applog -m64 -product Vivado -messageDb vivado.pb -mode batch -source GapJunctionIP.tcl -notrace


****** Vivado v2018.3 (64-bit)
  **** SW Build 2405991 on Thu Dec  6 23:36:41 MST 2018
  **** IP Build 2404404 on Fri Dec  7 01:43:56 MST 2018
    ** Copyright 1986-2018 Xilinx, Inc. All Rights Reserved.

source GapJunctionIP.tcl -notrace
INFO: [IP_Flow 19-234] Refreshing IP repositories
INFO: [IP_Flow 19-1700] Loaded user IP repository '/home/marco/Documents/tesis/ww39_neuronal_new_IP/IP_2020_latest_Jan/IP_latest_2020_Enero/solution1/impl/ip'.
INFO: [IP_Flow 19-2313] Loaded Vivado IP repository '/opt/Xilinx_2018/Vivado/2018.3/data/ip'.
Command: link_design -top GapJunctionIP -part xc7z020clg484-1
Design is defaulting to srcset: sources_1
Design is defaulting to constrset: constrs_1
INFO: [Netlist 29-17] Analyzing 388 Unisim elements for replacement
INFO: [Netlist 29-28] Unisim Transformation completed in 0 CPU seconds
INFO: [Project 1-479] Netlist was created with Vivado 2018.3
INFO: [Device 21-403] Loading part xc7z020clg484-1
INFO: [Project 1-570] Preparing netlist for logic optimization
CRITICAL WARNING: [Project 1-560] Could not resolve non-primitive black box cell 'floating_point_v7_1_7' instantiated as 'grp_execute_fu_148/I_calc_U0/GapJunctionIP_fadd_32ns_32ns_32_8_full_dsp_1_U212/GapJunctionIP_ap_fadd_6_full_dsp_32_u/U0'. 24 instances of this cell are unresolved black boxes. [/home/marco/Documents/tesis/ww39_neuronal_new_IP/2020_newIP_project1/project_1/project_1.srcs/sources_1/imports/ip/hdl/ip/GapJunctionIP_ap_fadd_6_full_dsp_32.vhd:204]
Netlist sorting complete. Time (s): cpu = 00:00:00.01 ; elapsed = 00:00:00.01 . Memory (MB): peak = 1595.938 ; gain = 0.000 ; free physical = 2103 ; free virtual = 10437
INFO: [Project 1-111] Unisim Transformation Summary:
No Unisim elements were transformed.

9 Infos, 0 Warnings, 1 Critical Warnings and 0 Errors encountered.
link_design completed successfully
link_design: Time (s): cpu = 00:00:14 ; elapsed = 00:00:19 . Memory (MB): peak = 1595.938 ; gain = 203.953 ; free physical = 2103 ; free virtual = 10437
INFO: [Vivado_Tcl 4-424] Cannot write hardware definition file as there are no IPI block design hardware handoff files present
Command: opt_design
Attempting to get a license for feature 'Implementation' and/or device 'xc7z020'
INFO: [Common 17-349] Got license for feature 'Implementation' and/or device 'xc7z020'
Running DRC as a precondition to command opt_design

Starting DRC Task
INFO: [DRC 23-27] Running DRC with 4 threads
ERROR: [DRC INBB-3] Black Box Instances: Cell 'grp_execute_fu_148/I_calc_U0/GapJunctionIP_fadd_32ns_32ns_32_8_full_dsp_1_U212/GapJunctionIP_ap_fadd_6_full_dsp_32_u/U0' of type 'floating_point_v7_1_7' has undefined contents and is considered a black box.  The contents of this cell must be defined for opt_design to complete successfully.
ERROR: [DRC INBB-3] Black Box Instances: Cell 'grp_execute_fu_148/I_calc_U0/grp_getTotalCurrent_fu_363/GapJunctionIP_dadd_64ns_64ns_64_8_full_dsp_1_U198/GapJunctionIP_ap_dadd_6_full_dsp_64_u/U0' of type 'floating_point_v7_1_7' has undefined contents and is considered a black box.  The contents of this cell must be defined for opt_design to complete successfully.
ERROR: [DRC INBB-3] Black Box Instances: Cell 'grp_execute_fu_148/I_calc_U0/grp_getTotalCurrent_fu_363/GapJunctionIP_dmul_64ns_64ns_64_9_max_dsp_1_U199/GapJunctionIP_ap_dmul_7_max_dsp_64_u/U0' of type 'floating_point_v7_1_7' has undefined contents and is considered a black box.  The contents of this cell must be defined for opt_design to complete successfully.
ERROR: [DRC INBB-3] Black Box Instances: Cell 'grp_execute_fu_148/I_calc_U0/grp_getTotalCurrent_fu_363/GapJunctionIP_dmul_64ns_64ns_64_9_max_dsp_1_U200/GapJunctionIP_ap_dmul_7_max_dsp_64_u/U0' of type 'floating_point_v7_1_7' has undefined contents and is considered a black box.  The contents of this cell must be defined for opt_design to complete successfully.
ERROR: [DRC INBB-3] Black Box Instances: Cell 'grp_execute_fu_148/I_calc_U0/grp_getTotalCurrent_fu_363/GapJunctionIP_fpext_32ns_64_1_1_U196/GapJunctionIP_ap_fpext_0_no_dsp_32_u/U0' of type 'floating_point_v7_1_7' has undefined contents and is considered a black box.  The contents of this cell must be defined for opt_design to complete successfully.
ERROR: [DRC INBB-3] Black Box Instances: Cell 'grp_execute_fu_148/I_calc_U0/grp_getTotalCurrent_fu_363/GapJunctionIP_fpext_32ns_64_1_1_U197/GapJunctionIP_ap_fpext_0_no_dsp_32_u/U0' of type 'floating_point_v7_1_7' has undefined contents and is considered a black box.  The contents of this cell must be defined for opt_design to complete successfully.
ERROR: [DRC INBB-3] Black Box Instances: Cell 'grp_execute_fu_148/I_calc_U0/grp_getTotalCurrent_fu_363/GapJunctionIP_fptrunc_64ns_32_2_1_U195/GapJunctionIP_ap_fptrunc_0_no_dsp_64_u/U0' of type 'floating_point_v7_1_7' has undefined contents and is considered a black box.  The contents of this cell must be defined for opt_design to complete successfully.
ERROR: [DRC INBB-3] Black Box Instances: Cell 'grp_execute_fu_148/acc_U0/GapJunctionIP_fadd_32ns_32ns_32_8_full_dsp_1_U161/GapJunctionIP_ap_fadd_6_full_dsp_32_u/U0' of type 'floating_point_v7_1_7' has undefined contents and is considered a black box.  The contents of this cell must be defined for opt_design to complete successfully.
ERROR: [DRC INBB-3] Black Box Instances: Cell 'grp_execute_fu_148/acc_U0/GapJunctionIP_fadd_32ns_32ns_32_8_full_dsp_1_U162/GapJunctionIP_ap_fadd_6_full_dsp_32_u/U0' of type 'floating_point_v7_1_7' has undefined contents and is considered a black box.  The contents of this cell must be defined for opt_design to complete successfully.
ERROR: [DRC INBB-3] Black Box Instances: Cell 'grp_execute_fu_148/acc_U0/GapJunctionIP_fadd_32ns_32ns_32_8_full_dsp_1_U163/GapJunctionIP_ap_fadd_6_full_dsp_32_u/U0' of type 'floating_point_v7_1_7' has undefined contents and is considered a black box.  The contents of this cell must be defined for opt_design to complete successfully.
ERROR: [DRC INBB-3] Black Box Instances: Cell 'grp_execute_fu_148/acc_U0/GapJunctionIP_fmul_32ns_32ns_32_4_max_dsp_1_U164/GapJunctionIP_ap_fmul_2_max_dsp_32_u/U0' of type 'floating_point_v7_1_7' has undefined contents and is considered a black box.  The contents of this cell must be defined for opt_design to complete successfully.
ERROR: [DRC INBB-3] Black Box Instances: Cell 'grp_execute_fu_148/acc_U0/GapJunctionIP_fmul_32ns_32ns_32_4_max_dsp_1_U165/GapJunctionIP_ap_fmul_2_max_dsp_32_u/U0' of type 'floating_point_v7_1_7' has undefined contents and is considered a black box.  The contents of this cell must be defined for opt_design to complete successfully.
ERROR: [DRC INBB-3] Black Box Instances: Cell 'grp_execute_fu_148/acc_U0/GapJunctionIP_fmul_32ns_32ns_32_4_max_dsp_1_U166/GapJunctionIP_ap_fmul_2_max_dsp_32_u/U0' of type 'floating_point_v7_1_7' has undefined contents and is considered a black box.  The contents of this cell must be defined for opt_design to complete successfully.
ERROR: [DRC INBB-3] Black Box Instances: Cell 'grp_execute_fu_148/acc_U0/GapJunctionIP_fmul_32ns_32ns_32_4_max_dsp_1_U167/GapJunctionIP_ap_fmul_2_max_dsp_32_u/U0' of type 'floating_point_v7_1_7' has undefined contents and is considered a black box.  The contents of this cell must be defined for opt_design to complete successfully.
ERROR: [DRC INBB-3] Black Box Instances: Cell 'grp_execute_fu_148/calc_U0/GapJunctionIP_fexp_32ns_32ns_32_13_full_dsp_1_U128/GapJunctionIP_ap_fexp_11_full_dsp_32_u/U0' of type 'floating_point_v7_1_7' has undefined contents and is considered a black box.  The contents of this cell must be defined for opt_design to complete successfully.
ERROR: [DRC INBB-3] Black Box Instances: Cell 'grp_execute_fu_148/calc_U0/GapJunctionIP_fexp_32ns_32ns_32_13_full_dsp_1_U129/GapJunctionIP_ap_fexp_11_full_dsp_32_u/U0' of type 'floating_point_v7_1_7' has undefined contents and is considered a black box.  The contents of this cell must be defined for opt_design to complete successfully.
ERROR: [DRC INBB-3] Black Box Instances: Cell 'grp_execute_fu_148/calc_U0/GapJunctionIP_fmul_32ns_32ns_32_4_max_dsp_1_U122/GapJunctionIP_ap_fmul_2_max_dsp_32_u/U0' of type 'floating_point_v7_1_7' has undefined contents and is considered a black box.  The contents of this cell must be defined for opt_design to complete successfully.
ERROR: [DRC INBB-3] Black Box Instances: Cell 'grp_execute_fu_148/calc_U0/GapJunctionIP_fmul_32ns_32ns_32_4_max_dsp_1_U123/GapJunctionIP_ap_fmul_2_max_dsp_32_u/U0' of type 'floating_point_v7_1_7' has undefined contents and is considered a black box.  The contents of this cell must be defined for opt_design to complete successfully.
ERROR: [DRC INBB-3] Black Box Instances: Cell 'grp_execute_fu_148/calc_U0/GapJunctionIP_fmul_32ns_32ns_32_4_max_dsp_1_U124/GapJunctionIP_ap_fmul_2_max_dsp_32_u/U0' of type 'floating_point_v7_1_7' has undefined contents and is considered a black box.  The contents of this cell must be defined for opt_design to complete successfully.
ERROR: [DRC INBB-3] Black Box Instances: Cell 'grp_execute_fu_148/calc_U0/GapJunctionIP_fmul_32ns_32ns_32_4_max_dsp_1_U125/GapJunctionIP_ap_fmul_2_max_dsp_32_u/U0' of type 'floating_point_v7_1_7' has undefined contents and is considered a black box.  The contents of this cell must be defined for opt_design to complete successfully.
ERROR: [DRC INBB-3] Black Box Instances: Cell 'grp_execute_fu_148/calc_U0/GapJunctionIP_fmul_32ns_32ns_32_4_max_dsp_1_U126/GapJunctionIP_ap_fmul_2_max_dsp_32_u/U0' of type 'floating_point_v7_1_7' has undefined contents and is considered a black box.  The contents of this cell must be defined for opt_design to complete successfully.
ERROR: [DRC INBB-3] Black Box Instances: Cell 'grp_execute_fu_148/calc_U0/GapJunctionIP_fmul_32ns_32ns_32_4_max_dsp_1_U127/GapJunctionIP_ap_fmul_2_max_dsp_32_u/U0' of type 'floating_point_v7_1_7' has undefined contents and is considered a black box.  The contents of this cell must be defined for opt_design to complete successfully.
ERROR: [DRC INBB-3] Black Box Instances: Cell 'grp_execute_fu_148/calc_U0/GapJunctionIP_fsub_32ns_32ns_32_8_full_dsp_1_U120/GapJunctionIP_ap_fsub_6_full_dsp_32_u/U0' of type 'floating_point_v7_1_7' has undefined contents and is considered a black box.  The contents of this cell must be defined for opt_design to complete successfully.
ERROR: [DRC INBB-3] Black Box Instances: Cell 'grp_execute_fu_148/calc_U0/GapJunctionIP_fsub_32ns_32ns_32_8_full_dsp_1_U121/GapJunctionIP_ap_fsub_6_full_dsp_32_u/U0' of type 'floating_point_v7_1_7' has undefined contents and is considered a black box.  The contents of this cell must be defined for opt_design to complete successfully.
INFO: [Project 1-461] DRC finished with 24 Errors
INFO: [Project 1-462] Please refer to the DRC report (report_drc) for more information.
ERROR: [Vivado_Tcl 4-78] Error(s) found during DRC. Opt_design not run.

Time (s): cpu = 00:00:03 ; elapsed = 00:00:04 . Memory (MB): peak = 1639.953 ; gain = 43.016 ; free physical = 2095 ; free virtual = 10437
INFO: [Common 17-83] Releasing license: Implementation
15 Infos, 0 Warnings, 1 Critical Warnings and 25 Errors encountered.
opt_design failed
ERROR: [Common 17-39] 'opt_design' failed due to earlier errors.

INFO: [Common 17-206] Exiting Vivado at Thu Feb  6 00:15:02 2020...
