Determining if files xintc.h exist failed with the following output:
Change Dir: /home/marco/Documents/2020/remoteproc2018/SDK_project/remoteproject2018_bsp/ps7_cortexa9_1/libsrc/libmetal_v1_4/build_libmetal/CMakeFiles/CMakeTmp

Run Build Command:"/usr/bin/make" "cmTC_9aa5c/fast"
/usr/bin/make -f CMakeFiles/cmTC_9aa5c.dir/build.make CMakeFiles/cmTC_9aa5c.dir/build
make[1]: Entering directory '/home/marco/Documents/2020/remoteproc2018/SDK_project/remoteproject2018_bsp/ps7_cortexa9_1/libsrc/libmetal_v1_4/build_libmetal/CMakeFiles/CMakeTmp'
Building C object CMakeFiles/cmTC_9aa5c.dir/CheckIncludeFiles.c.obj
/opt/Xilinx_2018v2/SDK/2018.3/gnu/aarch32/lin/gcc-arm-none-eabi/bin/arm-none-eabi-gcc   -O2 -c -DUSE_AMP=1 -mcpu=cortex-a9 -mfpu=vfpv3 -mfloat-abi=hard -nostartfiles -g -Wall -Wextra -DUNDEFINE_FILE_OPS -I/home/marco/Documents/2020/remoteproc2018/SDK_project/remoteproject2018_bsp/ps7_cortexa9_1/include    -o CMakeFiles/cmTC_9aa5c.dir/CheckIncludeFiles.c.obj   -c /home/marco/Documents/2020/remoteproc2018/SDK_project/remoteproject2018_bsp/ps7_cortexa9_1/libsrc/libmetal_v1_4/build_libmetal/CMakeFiles/CMakeTmp/CheckIncludeFiles.c
/home/marco/Documents/2020/remoteproc2018/SDK_project/remoteproject2018_bsp/ps7_cortexa9_1/libsrc/libmetal_v1_4/build_libmetal/CMakeFiles/CMakeTmp/CheckIncludeFiles.c:2:10: fatal error: xintc.h: No such file or directory
 #include <xintc.h>
          ^~~~~~~~~
compilation terminated.
CMakeFiles/cmTC_9aa5c.dir/build.make:65: recipe for target 'CMakeFiles/cmTC_9aa5c.dir/CheckIncludeFiles.c.obj' failed
make[1]: Leaving directory '/home/marco/Documents/2020/remoteproc2018/SDK_project/remoteproject2018_bsp/ps7_cortexa9_1/libsrc/libmetal_v1_4/build_libmetal/CMakeFiles/CMakeTmp'
make[1]: *** [CMakeFiles/cmTC_9aa5c.dir/CheckIncludeFiles.c.obj] Error 1
Makefile:126: recipe for target 'cmTC_9aa5c/fast' failed
make: *** [cmTC_9aa5c/fast] Error 2

Source:
/* */
#include <xintc.h>


int main(void){return 0;}

