

================================================================
== Vivado HLS Report for 'calc'
================================================================
* Date:           Sat Jan 11 14:24:32 2020

* Version:        2018.3 (Build 2405991 on Thu Dec 06 23:56:15 MST 2018)
* Project:        IP_latest_2020_Enero
* Solution:       solution1
* Product family: zynq
* Target device:  xc7z020clg484-1


================================================================
== Performance Estimates
================================================================
+ Timing (ns): 
    * Summary: 
    +--------+-------+----------+------------+
    |  Clock | Target| Estimated| Uncertainty|
    +--------+-------+----------+------------+
    |ap_clk  |  10.00|     6.000|        4.00|
    +--------+-------+----------+------------+

+ Latency (clock cycles): 
    * Summary: 
    +-----+----------+-----+----------+---------+
    |     Latency    |    Interval    | Pipeline|
    | min |    max   | min |    max   |   Type  |
    +-----+----------+-----+----------+---------+
    |   41|  50000039|   41|  50000039|   none  |
    +-----+----------+-----+----------+---------+

    + Detail: 
        * Instance: 
        N/A

        * Loop: 
        +----------+-----+----------+----------+-----------+-----------+--------------+----------+
        |          |     Latency    | Iteration|  Initiation Interval  |     Trip     |          |
        | Loop Name| min |    max   |  Latency |  achieved |   target  |     Count    | Pipelined|
        +----------+-----+----------+----------+-----------+-----------+--------------+----------+
        |- Loop 1  |   36|  50000034|        37|          2|          2| 1 ~ 25000000 |    yes   |
        +----------+-----+----------+----------+-----------+-----------+--------------+----------+

============================================================
+ Verbose Summary: Synthesis Manager
============================================================
InlineROM: 1
ExposeGlobal: 0
============================================================
+ Verbose Summary: CDFG Model
============================================================
IsTopModel: 0
ResetActiveHigh: 1
IsCombinational: 2
IsDatapathOnly: 0
HasWiredReturn: 1
HasMFsm: 0
HasVarLatency: 1
IsPipeline: 0
IsRtlPipelined: 0
IsInstanceOverlapped: 0
IsDontTouch: 0
HasImplIP: 0
IsGatedGlobalClock: 0

+ Individual pipeline summary: 
  * Pipeline-0: initiation interval (II) = 2, depth = 37


============================================================
+ Verbose Summary: Schedule
============================================================
* Number of FSM states : 42
* Pipeline : 1
  Pipeline-0 : II = 2, D = 37, States = { 5 6 7 8 9 10 11 12 13 14 15 16 17 18 19 20 21 22 23 24 25 26 27 28 29 30 31 32 33 34 35 36 37 38 39 40 41 }
* Dataflow Pipeline: 0

* FSM state transitions: 
1 --> 
	2  / true
2 --> 
	3  / true
3 --> 
	4  / true
4 --> 
	5  / true
5 --> 
	42  / (exitcond_flatten)
	6  / (!exitcond_flatten)
6 --> 
	7  / true
7 --> 
	8  / true
8 --> 
	9  / true
9 --> 
	10  / true
10 --> 
	11  / true
11 --> 
	12  / true
12 --> 
	13  / true
13 --> 
	14  / true
14 --> 
	15  / true
15 --> 
	16  / true
16 --> 
	17  / true
17 --> 
	18  / true
18 --> 
	19  / true
19 --> 
	20  / true
20 --> 
	21  / true
21 --> 
	22  / true
22 --> 
	23  / true
23 --> 
	24  / true
24 --> 
	25  / true
25 --> 
	26  / true
26 --> 
	27  / true
27 --> 
	28  / true
28 --> 
	29  / true
29 --> 
	30  / true
30 --> 
	31  / true
31 --> 
	32  / true
32 --> 
	33  / true
33 --> 
	34  / true
34 --> 
	35  / true
35 --> 
	36  / true
36 --> 
	37  / true
37 --> 
	38  / true
38 --> 
	39  / true
39 --> 
	40  / true
40 --> 
	41  / true
41 --> 
	5  / true
42 --> 

* FSM state operations: 

State 1 <SV = 0> <Delay = 6.00>
ST_1 : Operation 43 [1/1] (3.00ns)   --->   "%simConfig_rowsToSimu = call i27 @_ssdm_op_Read.ap_fifo.i27P(i27* %simConfig_rowsToSimulate_V)"   --->   Operation 43 'read' 'simConfig_rowsToSimu' <Predicate = true> <Delay = 3.00> <Core = "FIFO_SRL">   --->   Core 36 'FIFO_SRL' <Latency = 0> <II = 1> <Delay = 3.63> <Storage> <Opcode : 'read' 'write' 'nbread' 'nbwrite'> <Ports = 0> <Width = 27> <Depth = 2> <FIFO>
ST_1 : Operation 44 [1/1] (3.00ns)   --->   "%simConfig_BLOCK_NUMB = call i27 @_ssdm_op_Read.ap_fifo.i27P(i27* %simConfig_BLOCK_NUMBERS_V)"   --->   Operation 44 'read' 'simConfig_BLOCK_NUMB' <Predicate = true> <Delay = 3.00> <Core = "FIFO_SRL">   --->   Core 36 'FIFO_SRL' <Latency = 0> <II = 1> <Delay = 3.63> <Storage> <Opcode : 'read' 'write' 'nbread' 'nbwrite'> <Ports = 0> <Width = 27> <Depth = 2> <FIFO>
ST_1 : Operation 45 [1/1] (3.00ns)   --->   "call void @_ssdm_op_Write.ap_fifo.i27P(i27* %simConfig_rowsToSimulate_V_out, i27 %simConfig_rowsToSimu)"   --->   Operation 45 'write' <Predicate = true> <Delay = 3.00> <Core = "FIFO_SRL">   --->   Core 36 'FIFO_SRL' <Latency = 0> <II = 1> <Delay = 3.63> <Storage> <Opcode : 'read' 'write' 'nbread' 'nbwrite'> <Ports = 0> <Width = 27> <Depth = 2> <FIFO>
ST_1 : Operation 46 [1/1] (3.00ns)   --->   "call void @_ssdm_op_Write.ap_fifo.i27P(i27* %simConfig_BLOCK_NUMBERS_V_out, i27 %simConfig_BLOCK_NUMB)"   --->   Operation 46 'write' <Predicate = true> <Delay = 3.00> <Core = "FIFO_SRL">   --->   Core 36 'FIFO_SRL' <Latency = 0> <II = 1> <Delay = 3.63> <Storage> <Opcode : 'read' 'write' 'nbread' 'nbwrite'> <Ports = 0> <Width = 27> <Depth = 2> <FIFO>

State 2 <SV = 1> <Delay = 5.74>
ST_2 : Operation 47 [1/1] (0.00ns)   --->   "%ret_V = call i29 @_ssdm_op_BitConcatenate.i29.i27.i2(i27 %simConfig_BLOCK_NUMB, i2 0)" [modules/calc/calc.cpp:40]   --->   Operation 47 'bitconcatenate' 'ret_V' <Predicate = true> <Delay = 0.00>
ST_2 : Operation 48 [1/1] (0.00ns)   --->   "%cast = zext i27 %simConfig_rowsToSimu to i56"   --->   Operation 48 'zext' 'cast' <Predicate = true> <Delay = 0.00>
ST_2 : Operation 49 [1/1] (0.00ns)   --->   "%cast1 = zext i29 %ret_V to i56" [modules/calc/calc.cpp:40]   --->   Operation 49 'zext' 'cast1' <Predicate = true> <Delay = 0.00>
ST_2 : Operation 50 [3/3] (5.74ns)   --->   "%bound = mul i56 %cast, %cast1" [modules/calc/calc.cpp:40]   --->   Operation 50 'mul' 'bound' <Predicate = true> <Delay = 5.74> <Core = "MulnS">   --->   Core 17 'MulnS' <Latency = 2> <II = 1> <Delay = 5.74> <FuncUnit> <Opcode : 'mul'> <InPorts = 2> <OutPorts = 1>

State 3 <SV = 2> <Delay = 5.74>
ST_3 : Operation 51 [2/3] (5.74ns)   --->   "%bound = mul i56 %cast, %cast1" [modules/calc/calc.cpp:40]   --->   Operation 51 'mul' 'bound' <Predicate = true> <Delay = 5.74> <Core = "MulnS">   --->   Core 17 'MulnS' <Latency = 2> <II = 1> <Delay = 5.74> <FuncUnit> <Opcode : 'mul'> <InPorts = 2> <OutPorts = 1>

State 4 <SV = 3> <Delay = 5.74>
ST_4 : Operation 52 [1/1] (0.00ns)   --->   "call void (...)* @_ssdm_op_SpecInterface(float* @F_V_data_0, [8 x i8]* @ap_fifo_str, i32 0, i32 0, [1 x i8]* @p_str, i32 0, i32 0, [1 x i8]* @p_str, [1 x i8]* @p_str, [1 x i8]* @p_str, i32 2, i32 2, i32 16, i32 16, [1 x i8]* @p_str, [1 x i8]* @p_str)"   --->   Operation 52 'specinterface' <Predicate = true> <Delay = 0.00>
ST_4 : Operation 53 [1/1] (0.00ns)   --->   "call void (...)* @_ssdm_op_SpecInterface(float* @F_V_data_1, [8 x i8]* @ap_fifo_str, i32 0, i32 0, [1 x i8]* @p_str, i32 0, i32 0, [1 x i8]* @p_str, [1 x i8]* @p_str, [1 x i8]* @p_str, i32 2, i32 2, i32 16, i32 16, [1 x i8]* @p_str, [1 x i8]* @p_str)"   --->   Operation 53 'specinterface' <Predicate = true> <Delay = 0.00>
ST_4 : Operation 54 [1/1] (0.00ns)   --->   "call void (...)* @_ssdm_op_SpecInterface(float* @F_V_data_2, [8 x i8]* @ap_fifo_str, i32 0, i32 0, [1 x i8]* @p_str, i32 0, i32 0, [1 x i8]* @p_str, [1 x i8]* @p_str, [1 x i8]* @p_str, i32 2, i32 2, i32 16, i32 16, [1 x i8]* @p_str, [1 x i8]* @p_str)"   --->   Operation 54 'specinterface' <Predicate = true> <Delay = 0.00>
ST_4 : Operation 55 [1/1] (0.00ns)   --->   "call void (...)* @_ssdm_op_SpecInterface(float* @F_V_data_3, [8 x i8]* @ap_fifo_str, i32 0, i32 0, [1 x i8]* @p_str, i32 0, i32 0, [1 x i8]* @p_str, [1 x i8]* @p_str, [1 x i8]* @p_str, i32 2, i32 2, i32 16, i32 16, [1 x i8]* @p_str, [1 x i8]* @p_str)"   --->   Operation 55 'specinterface' <Predicate = true> <Delay = 0.00>
ST_4 : Operation 56 [1/1] (0.00ns)   --->   "call void (...)* @_ssdm_op_SpecInterface(float* @V_V_data_0, [8 x i8]* @ap_fifo_str, i32 0, i32 0, [1 x i8]* @p_str, i32 0, i32 0, [1 x i8]* @p_str, [1 x i8]* @p_str, [1 x i8]* @p_str, i32 2, i32 2, i32 16, i32 16, [1 x i8]* @p_str, [1 x i8]* @p_str)"   --->   Operation 56 'specinterface' <Predicate = true> <Delay = 0.00>
ST_4 : Operation 57 [1/1] (0.00ns)   --->   "call void (...)* @_ssdm_op_SpecInterface(float* @V_V_data_1, [8 x i8]* @ap_fifo_str, i32 0, i32 0, [1 x i8]* @p_str, i32 0, i32 0, [1 x i8]* @p_str, [1 x i8]* @p_str, [1 x i8]* @p_str, i32 2, i32 2, i32 16, i32 16, [1 x i8]* @p_str, [1 x i8]* @p_str)"   --->   Operation 57 'specinterface' <Predicate = true> <Delay = 0.00>
ST_4 : Operation 58 [1/1] (0.00ns)   --->   "call void (...)* @_ssdm_op_SpecInterface(float* @V_V_data_2, [8 x i8]* @ap_fifo_str, i32 0, i32 0, [1 x i8]* @p_str, i32 0, i32 0, [1 x i8]* @p_str, [1 x i8]* @p_str, [1 x i8]* @p_str, i32 2, i32 2, i32 16, i32 16, [1 x i8]* @p_str, [1 x i8]* @p_str)"   --->   Operation 58 'specinterface' <Predicate = true> <Delay = 0.00>
ST_4 : Operation 59 [1/1] (0.00ns)   --->   "call void (...)* @_ssdm_op_SpecInterface(float* @V_V_data_3, [8 x i8]* @ap_fifo_str, i32 0, i32 0, [1 x i8]* @p_str, i32 0, i32 0, [1 x i8]* @p_str, [1 x i8]* @p_str, [1 x i8]* @p_str, i32 2, i32 2, i32 16, i32 16, [1 x i8]* @p_str, [1 x i8]* @p_str)"   --->   Operation 59 'specinterface' <Predicate = true> <Delay = 0.00>
ST_4 : Operation 60 [1/1] (0.00ns)   --->   "call void (...)* @_ssdm_op_SpecInterface(float* @fixedData_V_data, [8 x i8]* @ap_fifo_str, i32 0, i32 0, [1 x i8]* @p_str, i32 0, i32 0, [1 x i8]* @p_str, [1 x i8]* @p_str, [1 x i8]* @p_str, i32 2, i32 2, i32 16, i32 16, [1 x i8]* @p_str, [1 x i8]* @p_str)"   --->   Operation 60 'specinterface' <Predicate = true> <Delay = 0.00>
ST_4 : Operation 61 [1/1] (0.00ns)   --->   "call void (...)* @_ssdm_op_SpecInterface(i1* @fixedData_V_tlast_V, [8 x i8]* @ap_fifo_str, i32 0, i32 0, [1 x i8]* @p_str, i32 0, i32 0, [1 x i8]* @p_str, [1 x i8]* @p_str, [1 x i8]* @p_str, i32 2, i32 2, i32 16, i32 16, [1 x i8]* @p_str, [1 x i8]* @p_str)"   --->   Operation 61 'specinterface' <Predicate = true> <Delay = 0.00>
ST_4 : Operation 62 [1/1] (0.00ns)   --->   "call void (...)* @_ssdm_op_SpecInterface(float* @processedData_V_data, [8 x i8]* @ap_fifo_str, i32 0, i32 0, [1 x i8]* @p_str, i32 0, i32 0, [1 x i8]* @p_str, [1 x i8]* @p_str, [1 x i8]* @p_str, i32 2, i32 2, i32 16, i32 16, [1 x i8]* @p_str, [1 x i8]* @p_str)"   --->   Operation 62 'specinterface' <Predicate = true> <Delay = 0.00>
ST_4 : Operation 63 [1/1] (0.00ns)   --->   "call void (...)* @_ssdm_op_SpecInterface(float* @processedData_V_data_1, [8 x i8]* @ap_fifo_str, i32 0, i32 0, [1 x i8]* @p_str, i32 0, i32 0, [1 x i8]* @p_str, [1 x i8]* @p_str, [1 x i8]* @p_str, i32 2, i32 2, i32 16, i32 16, [1 x i8]* @p_str, [1 x i8]* @p_str)"   --->   Operation 63 'specinterface' <Predicate = true> <Delay = 0.00>
ST_4 : Operation 64 [1/1] (0.00ns)   --->   "call void (...)* @_ssdm_op_SpecInterface(float* @processedData_V_data_2, [8 x i8]* @ap_fifo_str, i32 0, i32 0, [1 x i8]* @p_str, i32 0, i32 0, [1 x i8]* @p_str, [1 x i8]* @p_str, [1 x i8]* @p_str, i32 2, i32 2, i32 16, i32 16, [1 x i8]* @p_str, [1 x i8]* @p_str)"   --->   Operation 64 'specinterface' <Predicate = true> <Delay = 0.00>
ST_4 : Operation 65 [1/1] (0.00ns)   --->   "call void (...)* @_ssdm_op_SpecInterface(float* @processedData_V_data_3, [8 x i8]* @ap_fifo_str, i32 0, i32 0, [1 x i8]* @p_str, i32 0, i32 0, [1 x i8]* @p_str, [1 x i8]* @p_str, [1 x i8]* @p_str, i32 2, i32 2, i32 16, i32 16, [1 x i8]* @p_str, [1 x i8]* @p_str)"   --->   Operation 65 'specinterface' <Predicate = true> <Delay = 0.00>
ST_4 : Operation 66 [1/1] (0.00ns)   --->   "call void (...)* @_ssdm_op_SpecInterface(i27* %simConfig_BLOCK_NUMBERS_V, [8 x i8]* @ap_fifo_str, i32 0, i32 0, [1 x i8]* @p_str, i32 0, i32 0, [1 x i8]* @p_str, [1 x i8]* @p_str, [1 x i8]* @p_str, i32 2, i32 2, i32 16, i32 16, [1 x i8]* @p_str, [11 x i8]* @ScalarProp_str)"   --->   Operation 66 'specinterface' <Predicate = true> <Delay = 0.00>
ST_4 : Operation 67 [1/1] (0.00ns)   --->   "call void (...)* @_ssdm_op_SpecInterface(i27* %simConfig_rowsToSimulate_V, [8 x i8]* @ap_fifo_str, i32 0, i32 0, [1 x i8]* @p_str, i32 0, i32 0, [1 x i8]* @p_str, [1 x i8]* @p_str, [1 x i8]* @p_str, i32 2, i32 2, i32 16, i32 16, [1 x i8]* @p_str, [11 x i8]* @ScalarProp_str)"   --->   Operation 67 'specinterface' <Predicate = true> <Delay = 0.00>
ST_4 : Operation 68 [1/1] (0.00ns)   --->   "call void (...)* @_ssdm_op_SpecInterface(i27* %simConfig_rowsToSimulate_V_out, [8 x i8]* @ap_fifo_str, i32 0, i32 0, [1 x i8]* @p_str, i32 0, i32 0, [1 x i8]* @p_str, [1 x i8]* @p_str, [1 x i8]* @p_str, i32 2, i32 2, i32 16, i32 16, [1 x i8]* @p_str, [11 x i8]* @ScalarProp_str)"   --->   Operation 68 'specinterface' <Predicate = true> <Delay = 0.00>
ST_4 : Operation 69 [1/1] (0.00ns)   --->   "call void (...)* @_ssdm_op_SpecInterface(i27* %simConfig_BLOCK_NUMBERS_V_out, [8 x i8]* @ap_fifo_str, i32 0, i32 0, [1 x i8]* @p_str, i32 0, i32 0, [1 x i8]* @p_str, [1 x i8]* @p_str, [1 x i8]* @p_str, i32 2, i32 2, i32 16, i32 16, [1 x i8]* @p_str, [11 x i8]* @ScalarProp_str)"   --->   Operation 69 'specinterface' <Predicate = true> <Delay = 0.00>
ST_4 : Operation 70 [1/1] (0.00ns)   --->   "call void (...)* @_ssdm_op_SpecInterface(float* @F_V_data_0, [8 x i8]* @ap_fifo_str, i32 0, i32 0, [1 x i8]* @p_str, i32 0, i32 0, [1 x i8]* @p_str, [1 x i8]* @p_str, [1 x i8]* @p_str, i32 2, i32 2, i32 16, i32 16, [1 x i8]* @p_str, [1 x i8]* @p_str)"   --->   Operation 70 'specinterface' <Predicate = true> <Delay = 0.00>
ST_4 : Operation 71 [1/1] (0.00ns)   --->   "call void (...)* @_ssdm_op_SpecInterface(float* @F_V_data_1, [8 x i8]* @ap_fifo_str, i32 0, i32 0, [1 x i8]* @p_str, i32 0, i32 0, [1 x i8]* @p_str, [1 x i8]* @p_str, [1 x i8]* @p_str, i32 2, i32 2, i32 16, i32 16, [1 x i8]* @p_str, [1 x i8]* @p_str)"   --->   Operation 71 'specinterface' <Predicate = true> <Delay = 0.00>
ST_4 : Operation 72 [1/1] (0.00ns)   --->   "call void (...)* @_ssdm_op_SpecInterface(float* @F_V_data_2, [8 x i8]* @ap_fifo_str, i32 0, i32 0, [1 x i8]* @p_str, i32 0, i32 0, [1 x i8]* @p_str, [1 x i8]* @p_str, [1 x i8]* @p_str, i32 2, i32 2, i32 16, i32 16, [1 x i8]* @p_str, [1 x i8]* @p_str)"   --->   Operation 72 'specinterface' <Predicate = true> <Delay = 0.00>
ST_4 : Operation 73 [1/1] (0.00ns)   --->   "call void (...)* @_ssdm_op_SpecInterface(float* @F_V_data_3, [8 x i8]* @ap_fifo_str, i32 0, i32 0, [1 x i8]* @p_str, i32 0, i32 0, [1 x i8]* @p_str, [1 x i8]* @p_str, [1 x i8]* @p_str, i32 2, i32 2, i32 16, i32 16, [1 x i8]* @p_str, [1 x i8]* @p_str)"   --->   Operation 73 'specinterface' <Predicate = true> <Delay = 0.00>
ST_4 : Operation 74 [1/1] (0.00ns)   --->   "call void (...)* @_ssdm_op_SpecInterface(float* @V_V_data_0, [8 x i8]* @ap_fifo_str, i32 0, i32 0, [1 x i8]* @p_str, i32 0, i32 0, [1 x i8]* @p_str, [1 x i8]* @p_str, [1 x i8]* @p_str, i32 2, i32 2, i32 16, i32 16, [1 x i8]* @p_str, [1 x i8]* @p_str)"   --->   Operation 74 'specinterface' <Predicate = true> <Delay = 0.00>
ST_4 : Operation 75 [1/1] (0.00ns)   --->   "call void (...)* @_ssdm_op_SpecInterface(float* @V_V_data_1, [8 x i8]* @ap_fifo_str, i32 0, i32 0, [1 x i8]* @p_str, i32 0, i32 0, [1 x i8]* @p_str, [1 x i8]* @p_str, [1 x i8]* @p_str, i32 2, i32 2, i32 16, i32 16, [1 x i8]* @p_str, [1 x i8]* @p_str)"   --->   Operation 75 'specinterface' <Predicate = true> <Delay = 0.00>
ST_4 : Operation 76 [1/1] (0.00ns)   --->   "call void (...)* @_ssdm_op_SpecInterface(float* @V_V_data_2, [8 x i8]* @ap_fifo_str, i32 0, i32 0, [1 x i8]* @p_str, i32 0, i32 0, [1 x i8]* @p_str, [1 x i8]* @p_str, [1 x i8]* @p_str, i32 2, i32 2, i32 16, i32 16, [1 x i8]* @p_str, [1 x i8]* @p_str)"   --->   Operation 76 'specinterface' <Predicate = true> <Delay = 0.00>
ST_4 : Operation 77 [1/1] (0.00ns)   --->   "call void (...)* @_ssdm_op_SpecInterface(float* @V_V_data_3, [8 x i8]* @ap_fifo_str, i32 0, i32 0, [1 x i8]* @p_str, i32 0, i32 0, [1 x i8]* @p_str, [1 x i8]* @p_str, [1 x i8]* @p_str, i32 2, i32 2, i32 16, i32 16, [1 x i8]* @p_str, [1 x i8]* @p_str)"   --->   Operation 77 'specinterface' <Predicate = true> <Delay = 0.00>
ST_4 : Operation 78 [1/1] (0.00ns)   --->   "call void (...)* @_ssdm_op_SpecInterface(float* @fixedData_V_data, [8 x i8]* @ap_fifo_str, i32 0, i32 0, [1 x i8]* @p_str, i32 0, i32 0, [1 x i8]* @p_str, [1 x i8]* @p_str, [1 x i8]* @p_str, i32 2, i32 2, i32 16, i32 16, [1 x i8]* @p_str, [1 x i8]* @p_str)"   --->   Operation 78 'specinterface' <Predicate = true> <Delay = 0.00>
ST_4 : Operation 79 [1/1] (0.00ns)   --->   "call void (...)* @_ssdm_op_SpecInterface(i1* @fixedData_V_tlast_V, [8 x i8]* @ap_fifo_str, i32 0, i32 0, [1 x i8]* @p_str, i32 0, i32 0, [1 x i8]* @p_str, [1 x i8]* @p_str, [1 x i8]* @p_str, i32 2, i32 2, i32 16, i32 16, [1 x i8]* @p_str, [1 x i8]* @p_str)"   --->   Operation 79 'specinterface' <Predicate = true> <Delay = 0.00>
ST_4 : Operation 80 [1/1] (0.00ns)   --->   "call void (...)* @_ssdm_op_SpecInterface(float* @processedData_V_data, [8 x i8]* @ap_fifo_str, i32 0, i32 0, [1 x i8]* @p_str, i32 0, i32 0, [1 x i8]* @p_str, [1 x i8]* @p_str, [1 x i8]* @p_str, i32 2, i32 2, i32 16, i32 16, [1 x i8]* @p_str, [1 x i8]* @p_str)"   --->   Operation 80 'specinterface' <Predicate = true> <Delay = 0.00>
ST_4 : Operation 81 [1/1] (0.00ns)   --->   "call void (...)* @_ssdm_op_SpecInterface(float* @processedData_V_data_1, [8 x i8]* @ap_fifo_str, i32 0, i32 0, [1 x i8]* @p_str, i32 0, i32 0, [1 x i8]* @p_str, [1 x i8]* @p_str, [1 x i8]* @p_str, i32 2, i32 2, i32 16, i32 16, [1 x i8]* @p_str, [1 x i8]* @p_str)"   --->   Operation 81 'specinterface' <Predicate = true> <Delay = 0.00>
ST_4 : Operation 82 [1/1] (0.00ns)   --->   "call void (...)* @_ssdm_op_SpecInterface(float* @processedData_V_data_2, [8 x i8]* @ap_fifo_str, i32 0, i32 0, [1 x i8]* @p_str, i32 0, i32 0, [1 x i8]* @p_str, [1 x i8]* @p_str, [1 x i8]* @p_str, i32 2, i32 2, i32 16, i32 16, [1 x i8]* @p_str, [1 x i8]* @p_str)"   --->   Operation 82 'specinterface' <Predicate = true> <Delay = 0.00>
ST_4 : Operation 83 [1/1] (0.00ns)   --->   "call void (...)* @_ssdm_op_SpecInterface(float* @processedData_V_data_3, [8 x i8]* @ap_fifo_str, i32 0, i32 0, [1 x i8]* @p_str, i32 0, i32 0, [1 x i8]* @p_str, [1 x i8]* @p_str, [1 x i8]* @p_str, i32 2, i32 2, i32 16, i32 16, [1 x i8]* @p_str, [1 x i8]* @p_str)"   --->   Operation 83 'specinterface' <Predicate = true> <Delay = 0.00>
ST_4 : Operation 84 [1/3] (5.74ns)   --->   "%bound = mul i56 %cast, %cast1" [modules/calc/calc.cpp:40]   --->   Operation 84 'mul' 'bound' <Predicate = true> <Delay = 5.74> <Core = "MulnS">   --->   Core 17 'MulnS' <Latency = 2> <II = 1> <Delay = 5.74> <FuncUnit> <Opcode : 'mul'> <InPorts = 2> <OutPorts = 1>
ST_4 : Operation 85 [1/1] (1.76ns)   --->   "br label %.preheader.i.i" [modules/calc/calc.cpp:36]   --->   Operation 85 'br' <Predicate = true> <Delay = 1.76>

State 5 <SV = 4> <Delay = 3.31>
ST_5 : Operation 86 [1/1] (0.00ns)   --->   "%indvar_flatten = phi i56 [ 0, %entry ], [ %indvar_flatten_next, %.preheader152.i.i ]"   --->   Operation 86 'phi' 'indvar_flatten' <Predicate = true> <Delay = 0.00>
ST_5 : Operation 87 [1/1] (2.85ns)   --->   "%exitcond_flatten = icmp eq i56 %indvar_flatten, %bound" [modules/calc/calc.cpp:40]   --->   Operation 87 'icmp' 'exitcond_flatten' <Predicate = true> <Delay = 2.85> <Core = "Cmp">   --->   Core 25 'Cmp' <Latency = 0> <II = 1> <Delay = 2.85> <FuncUnit> <Opcode : 'icmp'> <InPorts = 2> <OutPorts = 1>
ST_5 : Operation 88 [1/1] (3.31ns)   --->   "%indvar_flatten_next = add i56 %indvar_flatten, 1"   --->   Operation 88 'add' 'indvar_flatten_next' <Predicate = true> <Delay = 3.31> <Core = "AddSub">   --->   Core 14 'AddSub' <Latency = 0> <II = 1> <Delay = 3.31> <FuncUnit> <Opcode : 'add' 'sub'> <InPorts = 2> <OutPorts = 1>
ST_5 : Operation 89 [1/1] (0.00ns)   --->   "br i1 %exitcond_flatten, label %.exit, label %.preheader152.i.i" [modules/calc/calc.cpp:40]   --->   Operation 89 'br' <Predicate = true> <Delay = 0.00>

State 6 <SV = 5> <Delay = 3.00>
ST_6 : Operation 90 [1/1] (3.00ns)   --->   "%empty = call { float, float, float, float } @_ssdm_op_Read.ap_fifo.volatile.floatP.floatP.floatP.floatP(float* @processedData_V_data, float* @processedData_V_data_1, float* @processedData_V_data_2, float* @processedData_V_data_3)" [modules/calc/calc.cpp:5->modules/calc/calc.cpp:43]   --->   Operation 90 'read' 'empty' <Predicate = (!exitcond_flatten)> <Delay = 3.00> <Core = "FIFO_SRL">   --->   Core 36 'FIFO_SRL' <Latency = 0> <II = 1> <Delay = 3.63> <Storage> <Opcode : 'read' 'write' 'nbread' 'nbwrite'> <Ports = 0> <Width = 27> <Depth = 2> <FIFO>
ST_6 : Operation 91 [1/1] (0.00ns)   --->   "%tmp_data_0_2 = extractvalue { float, float, float, float } %empty, 0" [modules/calc/calc.cpp:5->modules/calc/calc.cpp:43]   --->   Operation 91 'extractvalue' 'tmp_data_0_2' <Predicate = (!exitcond_flatten)> <Delay = 0.00>
ST_6 : Operation 92 [1/1] (0.00ns)   --->   "%tmp_data_1_2 = extractvalue { float, float, float, float } %empty, 1" [modules/calc/calc.cpp:5->modules/calc/calc.cpp:43]   --->   Operation 92 'extractvalue' 'tmp_data_1_2' <Predicate = (!exitcond_flatten)> <Delay = 0.00>
ST_6 : Operation 93 [1/1] (0.00ns)   --->   "%tmp_data_2_2 = extractvalue { float, float, float, float } %empty, 2" [modules/calc/calc.cpp:5->modules/calc/calc.cpp:43]   --->   Operation 93 'extractvalue' 'tmp_data_2_2' <Predicate = (!exitcond_flatten)> <Delay = 0.00>
ST_6 : Operation 94 [1/1] (0.00ns)   --->   "%tmp_data_3_2 = extractvalue { float, float, float, float } %empty, 3" [modules/calc/calc.cpp:5->modules/calc/calc.cpp:43]   --->   Operation 94 'extractvalue' 'tmp_data_3_2' <Predicate = (!exitcond_flatten)> <Delay = 0.00>
ST_6 : Operation 95 [1/1] (3.00ns)   --->   "%empty_65 = call { float, i1 } @_ssdm_op_Read.ap_fifo.volatile.floatP.i1P(float* @fixedData_V_data, i1* @fixedData_V_tlast_V)" [modules/calc/calc.cpp:10->modules/calc/calc.cpp:44]   --->   Operation 95 'read' 'empty_65' <Predicate = (!exitcond_flatten)> <Delay = 3.00> <Core = "FIFO_SRL">   --->   Core 36 'FIFO_SRL' <Latency = 0> <II = 1> <Delay = 3.63> <Storage> <Opcode : 'read' 'write' 'nbread' 'nbwrite'> <Ports = 0> <Width = 27> <Depth = 2> <FIFO>
ST_6 : Operation 96 [1/1] (0.00ns)   --->   "%tmp_data = extractvalue { float, i1 } %empty_65, 0" [modules/calc/calc.cpp:10->modules/calc/calc.cpp:44]   --->   Operation 96 'extractvalue' 'tmp_data' <Predicate = (!exitcond_flatten)> <Delay = 0.00>

State 7 <SV = 6> <Delay = 5.39>
ST_7 : Operation 97 [8/8] (5.39ns)   --->   "%tmp_data_0_3 = fsub float %tmp_data, %tmp_data_0_2" [modules/calc/calc.cpp:16->modules/calc/calc.cpp:45]   --->   Operation 97 'fsub' 'tmp_data_0_3' <Predicate = (!exitcond_flatten)> <Delay = 5.39> <Core = "FAddSub">   --->   Core 104 'FAddSub' <Latency = 7> <II = 1> <Delay = 5.39> <FuncUnit> <Opcode : 'fadd' 'fsub'> <InPorts = 2> <OutPorts = 1>
ST_7 : Operation 98 [8/8] (5.39ns)   --->   "%tmp_data_1_3 = fsub float %tmp_data, %tmp_data_1_2" [modules/calc/calc.cpp:16->modules/calc/calc.cpp:45]   --->   Operation 98 'fsub' 'tmp_data_1_3' <Predicate = (!exitcond_flatten)> <Delay = 5.39> <Core = "FAddSub">   --->   Core 104 'FAddSub' <Latency = 7> <II = 1> <Delay = 5.39> <FuncUnit> <Opcode : 'fadd' 'fsub'> <InPorts = 2> <OutPorts = 1>

State 8 <SV = 7> <Delay = 5.39>
ST_8 : Operation 99 [7/8] (5.39ns)   --->   "%tmp_data_0_3 = fsub float %tmp_data, %tmp_data_0_2" [modules/calc/calc.cpp:16->modules/calc/calc.cpp:45]   --->   Operation 99 'fsub' 'tmp_data_0_3' <Predicate = (!exitcond_flatten)> <Delay = 5.39> <Core = "FAddSub">   --->   Core 104 'FAddSub' <Latency = 7> <II = 1> <Delay = 5.39> <FuncUnit> <Opcode : 'fadd' 'fsub'> <InPorts = 2> <OutPorts = 1>
ST_8 : Operation 100 [7/8] (5.39ns)   --->   "%tmp_data_1_3 = fsub float %tmp_data, %tmp_data_1_2" [modules/calc/calc.cpp:16->modules/calc/calc.cpp:45]   --->   Operation 100 'fsub' 'tmp_data_1_3' <Predicate = (!exitcond_flatten)> <Delay = 5.39> <Core = "FAddSub">   --->   Core 104 'FAddSub' <Latency = 7> <II = 1> <Delay = 5.39> <FuncUnit> <Opcode : 'fadd' 'fsub'> <InPorts = 2> <OutPorts = 1>
ST_8 : Operation 101 [8/8] (5.39ns)   --->   "%tmp_data_2_3 = fsub float %tmp_data, %tmp_data_2_2" [modules/calc/calc.cpp:16->modules/calc/calc.cpp:45]   --->   Operation 101 'fsub' 'tmp_data_2_3' <Predicate = (!exitcond_flatten)> <Delay = 5.39> <Core = "FAddSub">   --->   Core 104 'FAddSub' <Latency = 7> <II = 1> <Delay = 5.39> <FuncUnit> <Opcode : 'fadd' 'fsub'> <InPorts = 2> <OutPorts = 1>
ST_8 : Operation 102 [8/8] (5.39ns)   --->   "%tmp_data_3_3 = fsub float %tmp_data, %tmp_data_3_2" [modules/calc/calc.cpp:16->modules/calc/calc.cpp:45]   --->   Operation 102 'fsub' 'tmp_data_3_3' <Predicate = (!exitcond_flatten)> <Delay = 5.39> <Core = "FAddSub">   --->   Core 104 'FAddSub' <Latency = 7> <II = 1> <Delay = 5.39> <FuncUnit> <Opcode : 'fadd' 'fsub'> <InPorts = 2> <OutPorts = 1>

State 9 <SV = 8> <Delay = 5.39>
ST_9 : Operation 103 [6/8] (5.39ns)   --->   "%tmp_data_0_3 = fsub float %tmp_data, %tmp_data_0_2" [modules/calc/calc.cpp:16->modules/calc/calc.cpp:45]   --->   Operation 103 'fsub' 'tmp_data_0_3' <Predicate = (!exitcond_flatten)> <Delay = 5.39> <Core = "FAddSub">   --->   Core 104 'FAddSub' <Latency = 7> <II = 1> <Delay = 5.39> <FuncUnit> <Opcode : 'fadd' 'fsub'> <InPorts = 2> <OutPorts = 1>
ST_9 : Operation 104 [6/8] (5.39ns)   --->   "%tmp_data_1_3 = fsub float %tmp_data, %tmp_data_1_2" [modules/calc/calc.cpp:16->modules/calc/calc.cpp:45]   --->   Operation 104 'fsub' 'tmp_data_1_3' <Predicate = (!exitcond_flatten)> <Delay = 5.39> <Core = "FAddSub">   --->   Core 104 'FAddSub' <Latency = 7> <II = 1> <Delay = 5.39> <FuncUnit> <Opcode : 'fadd' 'fsub'> <InPorts = 2> <OutPorts = 1>
ST_9 : Operation 105 [7/8] (5.39ns)   --->   "%tmp_data_2_3 = fsub float %tmp_data, %tmp_data_2_2" [modules/calc/calc.cpp:16->modules/calc/calc.cpp:45]   --->   Operation 105 'fsub' 'tmp_data_2_3' <Predicate = (!exitcond_flatten)> <Delay = 5.39> <Core = "FAddSub">   --->   Core 104 'FAddSub' <Latency = 7> <II = 1> <Delay = 5.39> <FuncUnit> <Opcode : 'fadd' 'fsub'> <InPorts = 2> <OutPorts = 1>
ST_9 : Operation 106 [7/8] (5.39ns)   --->   "%tmp_data_3_3 = fsub float %tmp_data, %tmp_data_3_2" [modules/calc/calc.cpp:16->modules/calc/calc.cpp:45]   --->   Operation 106 'fsub' 'tmp_data_3_3' <Predicate = (!exitcond_flatten)> <Delay = 5.39> <Core = "FAddSub">   --->   Core 104 'FAddSub' <Latency = 7> <II = 1> <Delay = 5.39> <FuncUnit> <Opcode : 'fadd' 'fsub'> <InPorts = 2> <OutPorts = 1>

State 10 <SV = 9> <Delay = 5.39>
ST_10 : Operation 107 [5/8] (5.39ns)   --->   "%tmp_data_0_3 = fsub float %tmp_data, %tmp_data_0_2" [modules/calc/calc.cpp:16->modules/calc/calc.cpp:45]   --->   Operation 107 'fsub' 'tmp_data_0_3' <Predicate = (!exitcond_flatten)> <Delay = 5.39> <Core = "FAddSub">   --->   Core 104 'FAddSub' <Latency = 7> <II = 1> <Delay = 5.39> <FuncUnit> <Opcode : 'fadd' 'fsub'> <InPorts = 2> <OutPorts = 1>
ST_10 : Operation 108 [5/8] (5.39ns)   --->   "%tmp_data_1_3 = fsub float %tmp_data, %tmp_data_1_2" [modules/calc/calc.cpp:16->modules/calc/calc.cpp:45]   --->   Operation 108 'fsub' 'tmp_data_1_3' <Predicate = (!exitcond_flatten)> <Delay = 5.39> <Core = "FAddSub">   --->   Core 104 'FAddSub' <Latency = 7> <II = 1> <Delay = 5.39> <FuncUnit> <Opcode : 'fadd' 'fsub'> <InPorts = 2> <OutPorts = 1>
ST_10 : Operation 109 [6/8] (5.39ns)   --->   "%tmp_data_2_3 = fsub float %tmp_data, %tmp_data_2_2" [modules/calc/calc.cpp:16->modules/calc/calc.cpp:45]   --->   Operation 109 'fsub' 'tmp_data_2_3' <Predicate = (!exitcond_flatten)> <Delay = 5.39> <Core = "FAddSub">   --->   Core 104 'FAddSub' <Latency = 7> <II = 1> <Delay = 5.39> <FuncUnit> <Opcode : 'fadd' 'fsub'> <InPorts = 2> <OutPorts = 1>
ST_10 : Operation 110 [6/8] (5.39ns)   --->   "%tmp_data_3_3 = fsub float %tmp_data, %tmp_data_3_2" [modules/calc/calc.cpp:16->modules/calc/calc.cpp:45]   --->   Operation 110 'fsub' 'tmp_data_3_3' <Predicate = (!exitcond_flatten)> <Delay = 5.39> <Core = "FAddSub">   --->   Core 104 'FAddSub' <Latency = 7> <II = 1> <Delay = 5.39> <FuncUnit> <Opcode : 'fadd' 'fsub'> <InPorts = 2> <OutPorts = 1>

State 11 <SV = 10> <Delay = 5.39>
ST_11 : Operation 111 [4/8] (5.39ns)   --->   "%tmp_data_0_3 = fsub float %tmp_data, %tmp_data_0_2" [modules/calc/calc.cpp:16->modules/calc/calc.cpp:45]   --->   Operation 111 'fsub' 'tmp_data_0_3' <Predicate = (!exitcond_flatten)> <Delay = 5.39> <Core = "FAddSub">   --->   Core 104 'FAddSub' <Latency = 7> <II = 1> <Delay = 5.39> <FuncUnit> <Opcode : 'fadd' 'fsub'> <InPorts = 2> <OutPorts = 1>
ST_11 : Operation 112 [4/8] (5.39ns)   --->   "%tmp_data_1_3 = fsub float %tmp_data, %tmp_data_1_2" [modules/calc/calc.cpp:16->modules/calc/calc.cpp:45]   --->   Operation 112 'fsub' 'tmp_data_1_3' <Predicate = (!exitcond_flatten)> <Delay = 5.39> <Core = "FAddSub">   --->   Core 104 'FAddSub' <Latency = 7> <II = 1> <Delay = 5.39> <FuncUnit> <Opcode : 'fadd' 'fsub'> <InPorts = 2> <OutPorts = 1>
ST_11 : Operation 113 [5/8] (5.39ns)   --->   "%tmp_data_2_3 = fsub float %tmp_data, %tmp_data_2_2" [modules/calc/calc.cpp:16->modules/calc/calc.cpp:45]   --->   Operation 113 'fsub' 'tmp_data_2_3' <Predicate = (!exitcond_flatten)> <Delay = 5.39> <Core = "FAddSub">   --->   Core 104 'FAddSub' <Latency = 7> <II = 1> <Delay = 5.39> <FuncUnit> <Opcode : 'fadd' 'fsub'> <InPorts = 2> <OutPorts = 1>
ST_11 : Operation 114 [5/8] (5.39ns)   --->   "%tmp_data_3_3 = fsub float %tmp_data, %tmp_data_3_2" [modules/calc/calc.cpp:16->modules/calc/calc.cpp:45]   --->   Operation 114 'fsub' 'tmp_data_3_3' <Predicate = (!exitcond_flatten)> <Delay = 5.39> <Core = "FAddSub">   --->   Core 104 'FAddSub' <Latency = 7> <II = 1> <Delay = 5.39> <FuncUnit> <Opcode : 'fadd' 'fsub'> <InPorts = 2> <OutPorts = 1>

State 12 <SV = 11> <Delay = 5.39>
ST_12 : Operation 115 [3/8] (5.39ns)   --->   "%tmp_data_0_3 = fsub float %tmp_data, %tmp_data_0_2" [modules/calc/calc.cpp:16->modules/calc/calc.cpp:45]   --->   Operation 115 'fsub' 'tmp_data_0_3' <Predicate = (!exitcond_flatten)> <Delay = 5.39> <Core = "FAddSub">   --->   Core 104 'FAddSub' <Latency = 7> <II = 1> <Delay = 5.39> <FuncUnit> <Opcode : 'fadd' 'fsub'> <InPorts = 2> <OutPorts = 1>
ST_12 : Operation 116 [3/8] (5.39ns)   --->   "%tmp_data_1_3 = fsub float %tmp_data, %tmp_data_1_2" [modules/calc/calc.cpp:16->modules/calc/calc.cpp:45]   --->   Operation 116 'fsub' 'tmp_data_1_3' <Predicate = (!exitcond_flatten)> <Delay = 5.39> <Core = "FAddSub">   --->   Core 104 'FAddSub' <Latency = 7> <II = 1> <Delay = 5.39> <FuncUnit> <Opcode : 'fadd' 'fsub'> <InPorts = 2> <OutPorts = 1>
ST_12 : Operation 117 [4/8] (5.39ns)   --->   "%tmp_data_2_3 = fsub float %tmp_data, %tmp_data_2_2" [modules/calc/calc.cpp:16->modules/calc/calc.cpp:45]   --->   Operation 117 'fsub' 'tmp_data_2_3' <Predicate = (!exitcond_flatten)> <Delay = 5.39> <Core = "FAddSub">   --->   Core 104 'FAddSub' <Latency = 7> <II = 1> <Delay = 5.39> <FuncUnit> <Opcode : 'fadd' 'fsub'> <InPorts = 2> <OutPorts = 1>
ST_12 : Operation 118 [4/8] (5.39ns)   --->   "%tmp_data_3_3 = fsub float %tmp_data, %tmp_data_3_2" [modules/calc/calc.cpp:16->modules/calc/calc.cpp:45]   --->   Operation 118 'fsub' 'tmp_data_3_3' <Predicate = (!exitcond_flatten)> <Delay = 5.39> <Core = "FAddSub">   --->   Core 104 'FAddSub' <Latency = 7> <II = 1> <Delay = 5.39> <FuncUnit> <Opcode : 'fadd' 'fsub'> <InPorts = 2> <OutPorts = 1>

State 13 <SV = 12> <Delay = 5.39>
ST_13 : Operation 119 [2/8] (5.39ns)   --->   "%tmp_data_0_3 = fsub float %tmp_data, %tmp_data_0_2" [modules/calc/calc.cpp:16->modules/calc/calc.cpp:45]   --->   Operation 119 'fsub' 'tmp_data_0_3' <Predicate = (!exitcond_flatten)> <Delay = 5.39> <Core = "FAddSub">   --->   Core 104 'FAddSub' <Latency = 7> <II = 1> <Delay = 5.39> <FuncUnit> <Opcode : 'fadd' 'fsub'> <InPorts = 2> <OutPorts = 1>
ST_13 : Operation 120 [2/8] (5.39ns)   --->   "%tmp_data_1_3 = fsub float %tmp_data, %tmp_data_1_2" [modules/calc/calc.cpp:16->modules/calc/calc.cpp:45]   --->   Operation 120 'fsub' 'tmp_data_1_3' <Predicate = (!exitcond_flatten)> <Delay = 5.39> <Core = "FAddSub">   --->   Core 104 'FAddSub' <Latency = 7> <II = 1> <Delay = 5.39> <FuncUnit> <Opcode : 'fadd' 'fsub'> <InPorts = 2> <OutPorts = 1>
ST_13 : Operation 121 [3/8] (5.39ns)   --->   "%tmp_data_2_3 = fsub float %tmp_data, %tmp_data_2_2" [modules/calc/calc.cpp:16->modules/calc/calc.cpp:45]   --->   Operation 121 'fsub' 'tmp_data_2_3' <Predicate = (!exitcond_flatten)> <Delay = 5.39> <Core = "FAddSub">   --->   Core 104 'FAddSub' <Latency = 7> <II = 1> <Delay = 5.39> <FuncUnit> <Opcode : 'fadd' 'fsub'> <InPorts = 2> <OutPorts = 1>
ST_13 : Operation 122 [3/8] (5.39ns)   --->   "%tmp_data_3_3 = fsub float %tmp_data, %tmp_data_3_2" [modules/calc/calc.cpp:16->modules/calc/calc.cpp:45]   --->   Operation 122 'fsub' 'tmp_data_3_3' <Predicate = (!exitcond_flatten)> <Delay = 5.39> <Core = "FAddSub">   --->   Core 104 'FAddSub' <Latency = 7> <II = 1> <Delay = 5.39> <FuncUnit> <Opcode : 'fadd' 'fsub'> <InPorts = 2> <OutPorts = 1>

State 14 <SV = 13> <Delay = 5.39>
ST_14 : Operation 123 [1/8] (5.39ns)   --->   "%tmp_data_0_3 = fsub float %tmp_data, %tmp_data_0_2" [modules/calc/calc.cpp:16->modules/calc/calc.cpp:45]   --->   Operation 123 'fsub' 'tmp_data_0_3' <Predicate = (!exitcond_flatten)> <Delay = 5.39> <Core = "FAddSub">   --->   Core 104 'FAddSub' <Latency = 7> <II = 1> <Delay = 5.39> <FuncUnit> <Opcode : 'fadd' 'fsub'> <InPorts = 2> <OutPorts = 1>
ST_14 : Operation 124 [1/8] (5.39ns)   --->   "%tmp_data_1_3 = fsub float %tmp_data, %tmp_data_1_2" [modules/calc/calc.cpp:16->modules/calc/calc.cpp:45]   --->   Operation 124 'fsub' 'tmp_data_1_3' <Predicate = (!exitcond_flatten)> <Delay = 5.39> <Core = "FAddSub">   --->   Core 104 'FAddSub' <Latency = 7> <II = 1> <Delay = 5.39> <FuncUnit> <Opcode : 'fadd' 'fsub'> <InPorts = 2> <OutPorts = 1>
ST_14 : Operation 125 [2/8] (5.39ns)   --->   "%tmp_data_2_3 = fsub float %tmp_data, %tmp_data_2_2" [modules/calc/calc.cpp:16->modules/calc/calc.cpp:45]   --->   Operation 125 'fsub' 'tmp_data_2_3' <Predicate = (!exitcond_flatten)> <Delay = 5.39> <Core = "FAddSub">   --->   Core 104 'FAddSub' <Latency = 7> <II = 1> <Delay = 5.39> <FuncUnit> <Opcode : 'fadd' 'fsub'> <InPorts = 2> <OutPorts = 1>
ST_14 : Operation 126 [2/8] (5.39ns)   --->   "%tmp_data_3_3 = fsub float %tmp_data, %tmp_data_3_2" [modules/calc/calc.cpp:16->modules/calc/calc.cpp:45]   --->   Operation 126 'fsub' 'tmp_data_3_3' <Predicate = (!exitcond_flatten)> <Delay = 5.39> <Core = "FAddSub">   --->   Core 104 'FAddSub' <Latency = 7> <II = 1> <Delay = 5.39> <FuncUnit> <Opcode : 'fadd' 'fsub'> <InPorts = 2> <OutPorts = 1>

State 15 <SV = 14> <Delay = 5.70>
ST_15 : Operation 127 [1/8] (5.39ns)   --->   "%tmp_data_2_3 = fsub float %tmp_data, %tmp_data_2_2" [modules/calc/calc.cpp:16->modules/calc/calc.cpp:45]   --->   Operation 127 'fsub' 'tmp_data_2_3' <Predicate = (!exitcond_flatten)> <Delay = 5.39> <Core = "FAddSub">   --->   Core 104 'FAddSub' <Latency = 7> <II = 1> <Delay = 5.39> <FuncUnit> <Opcode : 'fadd' 'fsub'> <InPorts = 2> <OutPorts = 1>
ST_15 : Operation 128 [1/8] (5.39ns)   --->   "%tmp_data_3_3 = fsub float %tmp_data, %tmp_data_3_2" [modules/calc/calc.cpp:16->modules/calc/calc.cpp:45]   --->   Operation 128 'fsub' 'tmp_data_3_3' <Predicate = (!exitcond_flatten)> <Delay = 5.39> <Core = "FAddSub">   --->   Core 104 'FAddSub' <Latency = 7> <II = 1> <Delay = 5.39> <FuncUnit> <Opcode : 'fadd' 'fsub'> <InPorts = 2> <OutPorts = 1>
ST_15 : Operation 129 [4/4] (5.70ns)   --->   "%tmp_60_i_i_i = fmul float %tmp_data_0_3, %tmp_data_0_3" [modules/calc/calc.cpp:24->modules/calc/calc.cpp:46]   --->   Operation 129 'fmul' 'tmp_60_i_i_i' <Predicate = (!exitcond_flatten)> <Delay = 5.70> <Core = "FMul">   --->   Core 105 'FMul' <Latency = 3> <II = 1> <Delay = 5.70> <FuncUnit> <Opcode : 'fmul'> <InPorts = 2> <OutPorts = 1>
ST_15 : Operation 130 [4/4] (5.70ns)   --->   "%tmp_60_1_i_i_i = fmul float %tmp_data_1_3, %tmp_data_1_3" [modules/calc/calc.cpp:24->modules/calc/calc.cpp:46]   --->   Operation 130 'fmul' 'tmp_60_1_i_i_i' <Predicate = (!exitcond_flatten)> <Delay = 5.70> <Core = "FMul">   --->   Core 105 'FMul' <Latency = 3> <II = 1> <Delay = 5.70> <FuncUnit> <Opcode : 'fmul'> <InPorts = 2> <OutPorts = 1>

State 16 <SV = 15> <Delay = 5.70>
ST_16 : Operation 131 [3/4] (5.70ns)   --->   "%tmp_60_i_i_i = fmul float %tmp_data_0_3, %tmp_data_0_3" [modules/calc/calc.cpp:24->modules/calc/calc.cpp:46]   --->   Operation 131 'fmul' 'tmp_60_i_i_i' <Predicate = (!exitcond_flatten)> <Delay = 5.70> <Core = "FMul">   --->   Core 105 'FMul' <Latency = 3> <II = 1> <Delay = 5.70> <FuncUnit> <Opcode : 'fmul'> <InPorts = 2> <OutPorts = 1>
ST_16 : Operation 132 [3/4] (5.70ns)   --->   "%tmp_60_1_i_i_i = fmul float %tmp_data_1_3, %tmp_data_1_3" [modules/calc/calc.cpp:24->modules/calc/calc.cpp:46]   --->   Operation 132 'fmul' 'tmp_60_1_i_i_i' <Predicate = (!exitcond_flatten)> <Delay = 5.70> <Core = "FMul">   --->   Core 105 'FMul' <Latency = 3> <II = 1> <Delay = 5.70> <FuncUnit> <Opcode : 'fmul'> <InPorts = 2> <OutPorts = 1>
ST_16 : Operation 133 [4/4] (5.70ns)   --->   "%tmp_60_2_i_i_i = fmul float %tmp_data_2_3, %tmp_data_2_3" [modules/calc/calc.cpp:24->modules/calc/calc.cpp:46]   --->   Operation 133 'fmul' 'tmp_60_2_i_i_i' <Predicate = (!exitcond_flatten)> <Delay = 5.70> <Core = "FMul">   --->   Core 105 'FMul' <Latency = 3> <II = 1> <Delay = 5.70> <FuncUnit> <Opcode : 'fmul'> <InPorts = 2> <OutPorts = 1>
ST_16 : Operation 134 [4/4] (5.70ns)   --->   "%tmp_60_3_i_i_i = fmul float %tmp_data_3_3, %tmp_data_3_3" [modules/calc/calc.cpp:24->modules/calc/calc.cpp:46]   --->   Operation 134 'fmul' 'tmp_60_3_i_i_i' <Predicate = (!exitcond_flatten)> <Delay = 5.70> <Core = "FMul">   --->   Core 105 'FMul' <Latency = 3> <II = 1> <Delay = 5.70> <FuncUnit> <Opcode : 'fmul'> <InPorts = 2> <OutPorts = 1>

State 17 <SV = 16> <Delay = 5.70>
ST_17 : Operation 135 [2/4] (5.70ns)   --->   "%tmp_60_i_i_i = fmul float %tmp_data_0_3, %tmp_data_0_3" [modules/calc/calc.cpp:24->modules/calc/calc.cpp:46]   --->   Operation 135 'fmul' 'tmp_60_i_i_i' <Predicate = (!exitcond_flatten)> <Delay = 5.70> <Core = "FMul">   --->   Core 105 'FMul' <Latency = 3> <II = 1> <Delay = 5.70> <FuncUnit> <Opcode : 'fmul'> <InPorts = 2> <OutPorts = 1>
ST_17 : Operation 136 [2/4] (5.70ns)   --->   "%tmp_60_1_i_i_i = fmul float %tmp_data_1_3, %tmp_data_1_3" [modules/calc/calc.cpp:24->modules/calc/calc.cpp:46]   --->   Operation 136 'fmul' 'tmp_60_1_i_i_i' <Predicate = (!exitcond_flatten)> <Delay = 5.70> <Core = "FMul">   --->   Core 105 'FMul' <Latency = 3> <II = 1> <Delay = 5.70> <FuncUnit> <Opcode : 'fmul'> <InPorts = 2> <OutPorts = 1>
ST_17 : Operation 137 [3/4] (5.70ns)   --->   "%tmp_60_2_i_i_i = fmul float %tmp_data_2_3, %tmp_data_2_3" [modules/calc/calc.cpp:24->modules/calc/calc.cpp:46]   --->   Operation 137 'fmul' 'tmp_60_2_i_i_i' <Predicate = (!exitcond_flatten)> <Delay = 5.70> <Core = "FMul">   --->   Core 105 'FMul' <Latency = 3> <II = 1> <Delay = 5.70> <FuncUnit> <Opcode : 'fmul'> <InPorts = 2> <OutPorts = 1>
ST_17 : Operation 138 [3/4] (5.70ns)   --->   "%tmp_60_3_i_i_i = fmul float %tmp_data_3_3, %tmp_data_3_3" [modules/calc/calc.cpp:24->modules/calc/calc.cpp:46]   --->   Operation 138 'fmul' 'tmp_60_3_i_i_i' <Predicate = (!exitcond_flatten)> <Delay = 5.70> <Core = "FMul">   --->   Core 105 'FMul' <Latency = 3> <II = 1> <Delay = 5.70> <FuncUnit> <Opcode : 'fmul'> <InPorts = 2> <OutPorts = 1>

State 18 <SV = 17> <Delay = 5.70>
ST_18 : Operation 139 [1/4] (5.70ns)   --->   "%tmp_60_i_i_i = fmul float %tmp_data_0_3, %tmp_data_0_3" [modules/calc/calc.cpp:24->modules/calc/calc.cpp:46]   --->   Operation 139 'fmul' 'tmp_60_i_i_i' <Predicate = (!exitcond_flatten)> <Delay = 5.70> <Core = "FMul">   --->   Core 105 'FMul' <Latency = 3> <II = 1> <Delay = 5.70> <FuncUnit> <Opcode : 'fmul'> <InPorts = 2> <OutPorts = 1>
ST_18 : Operation 140 [1/4] (5.70ns)   --->   "%tmp_60_1_i_i_i = fmul float %tmp_data_1_3, %tmp_data_1_3" [modules/calc/calc.cpp:24->modules/calc/calc.cpp:46]   --->   Operation 140 'fmul' 'tmp_60_1_i_i_i' <Predicate = (!exitcond_flatten)> <Delay = 5.70> <Core = "FMul">   --->   Core 105 'FMul' <Latency = 3> <II = 1> <Delay = 5.70> <FuncUnit> <Opcode : 'fmul'> <InPorts = 2> <OutPorts = 1>
ST_18 : Operation 141 [2/4] (5.70ns)   --->   "%tmp_60_2_i_i_i = fmul float %tmp_data_2_3, %tmp_data_2_3" [modules/calc/calc.cpp:24->modules/calc/calc.cpp:46]   --->   Operation 141 'fmul' 'tmp_60_2_i_i_i' <Predicate = (!exitcond_flatten)> <Delay = 5.70> <Core = "FMul">   --->   Core 105 'FMul' <Latency = 3> <II = 1> <Delay = 5.70> <FuncUnit> <Opcode : 'fmul'> <InPorts = 2> <OutPorts = 1>
ST_18 : Operation 142 [2/4] (5.70ns)   --->   "%tmp_60_3_i_i_i = fmul float %tmp_data_3_3, %tmp_data_3_3" [modules/calc/calc.cpp:24->modules/calc/calc.cpp:46]   --->   Operation 142 'fmul' 'tmp_60_3_i_i_i' <Predicate = (!exitcond_flatten)> <Delay = 5.70> <Core = "FMul">   --->   Core 105 'FMul' <Latency = 3> <II = 1> <Delay = 5.70> <FuncUnit> <Opcode : 'fmul'> <InPorts = 2> <OutPorts = 1>

State 19 <SV = 18> <Delay = 5.70>
ST_19 : Operation 143 [4/4] (5.70ns)   --->   "%tmp_61_i_i_i = fmul float %tmp_60_i_i_i, 0xBF847AE140000000" [modules/calc/calc.cpp:24->modules/calc/calc.cpp:46]   --->   Operation 143 'fmul' 'tmp_61_i_i_i' <Predicate = (!exitcond_flatten)> <Delay = 5.70> <Core = "FMul">   --->   Core 105 'FMul' <Latency = 3> <II = 1> <Delay = 5.70> <FuncUnit> <Opcode : 'fmul'> <InPorts = 2> <OutPorts = 1>
ST_19 : Operation 144 [4/4] (5.70ns)   --->   "%tmp_61_1_i_i_i = fmul float %tmp_60_1_i_i_i, 0xBF847AE140000000" [modules/calc/calc.cpp:24->modules/calc/calc.cpp:46]   --->   Operation 144 'fmul' 'tmp_61_1_i_i_i' <Predicate = (!exitcond_flatten)> <Delay = 5.70> <Core = "FMul">   --->   Core 105 'FMul' <Latency = 3> <II = 1> <Delay = 5.70> <FuncUnit> <Opcode : 'fmul'> <InPorts = 2> <OutPorts = 1>
ST_19 : Operation 145 [1/4] (5.70ns)   --->   "%tmp_60_2_i_i_i = fmul float %tmp_data_2_3, %tmp_data_2_3" [modules/calc/calc.cpp:24->modules/calc/calc.cpp:46]   --->   Operation 145 'fmul' 'tmp_60_2_i_i_i' <Predicate = (!exitcond_flatten)> <Delay = 5.70> <Core = "FMul">   --->   Core 105 'FMul' <Latency = 3> <II = 1> <Delay = 5.70> <FuncUnit> <Opcode : 'fmul'> <InPorts = 2> <OutPorts = 1>
ST_19 : Operation 146 [1/4] (5.70ns)   --->   "%tmp_60_3_i_i_i = fmul float %tmp_data_3_3, %tmp_data_3_3" [modules/calc/calc.cpp:24->modules/calc/calc.cpp:46]   --->   Operation 146 'fmul' 'tmp_60_3_i_i_i' <Predicate = (!exitcond_flatten)> <Delay = 5.70> <Core = "FMul">   --->   Core 105 'FMul' <Latency = 3> <II = 1> <Delay = 5.70> <FuncUnit> <Opcode : 'fmul'> <InPorts = 2> <OutPorts = 1>

State 20 <SV = 19> <Delay = 5.70>
ST_20 : Operation 147 [3/4] (5.70ns)   --->   "%tmp_61_i_i_i = fmul float %tmp_60_i_i_i, 0xBF847AE140000000" [modules/calc/calc.cpp:24->modules/calc/calc.cpp:46]   --->   Operation 147 'fmul' 'tmp_61_i_i_i' <Predicate = (!exitcond_flatten)> <Delay = 5.70> <Core = "FMul">   --->   Core 105 'FMul' <Latency = 3> <II = 1> <Delay = 5.70> <FuncUnit> <Opcode : 'fmul'> <InPorts = 2> <OutPorts = 1>
ST_20 : Operation 148 [3/4] (5.70ns)   --->   "%tmp_61_1_i_i_i = fmul float %tmp_60_1_i_i_i, 0xBF847AE140000000" [modules/calc/calc.cpp:24->modules/calc/calc.cpp:46]   --->   Operation 148 'fmul' 'tmp_61_1_i_i_i' <Predicate = (!exitcond_flatten)> <Delay = 5.70> <Core = "FMul">   --->   Core 105 'FMul' <Latency = 3> <II = 1> <Delay = 5.70> <FuncUnit> <Opcode : 'fmul'> <InPorts = 2> <OutPorts = 1>
ST_20 : Operation 149 [4/4] (5.70ns)   --->   "%tmp_61_2_i_i_i = fmul float %tmp_60_2_i_i_i, 0xBF847AE140000000" [modules/calc/calc.cpp:24->modules/calc/calc.cpp:46]   --->   Operation 149 'fmul' 'tmp_61_2_i_i_i' <Predicate = (!exitcond_flatten)> <Delay = 5.70> <Core = "FMul">   --->   Core 105 'FMul' <Latency = 3> <II = 1> <Delay = 5.70> <FuncUnit> <Opcode : 'fmul'> <InPorts = 2> <OutPorts = 1>
ST_20 : Operation 150 [4/4] (5.70ns)   --->   "%tmp_61_3_i_i_i = fmul float %tmp_60_3_i_i_i, 0xBF847AE140000000" [modules/calc/calc.cpp:24->modules/calc/calc.cpp:46]   --->   Operation 150 'fmul' 'tmp_61_3_i_i_i' <Predicate = (!exitcond_flatten)> <Delay = 5.70> <Core = "FMul">   --->   Core 105 'FMul' <Latency = 3> <II = 1> <Delay = 5.70> <FuncUnit> <Opcode : 'fmul'> <InPorts = 2> <OutPorts = 1>

State 21 <SV = 20> <Delay = 5.70>
ST_21 : Operation 151 [2/4] (5.70ns)   --->   "%tmp_61_i_i_i = fmul float %tmp_60_i_i_i, 0xBF847AE140000000" [modules/calc/calc.cpp:24->modules/calc/calc.cpp:46]   --->   Operation 151 'fmul' 'tmp_61_i_i_i' <Predicate = (!exitcond_flatten)> <Delay = 5.70> <Core = "FMul">   --->   Core 105 'FMul' <Latency = 3> <II = 1> <Delay = 5.70> <FuncUnit> <Opcode : 'fmul'> <InPorts = 2> <OutPorts = 1>
ST_21 : Operation 152 [2/4] (5.70ns)   --->   "%tmp_61_1_i_i_i = fmul float %tmp_60_1_i_i_i, 0xBF847AE140000000" [modules/calc/calc.cpp:24->modules/calc/calc.cpp:46]   --->   Operation 152 'fmul' 'tmp_61_1_i_i_i' <Predicate = (!exitcond_flatten)> <Delay = 5.70> <Core = "FMul">   --->   Core 105 'FMul' <Latency = 3> <II = 1> <Delay = 5.70> <FuncUnit> <Opcode : 'fmul'> <InPorts = 2> <OutPorts = 1>
ST_21 : Operation 153 [3/4] (5.70ns)   --->   "%tmp_61_2_i_i_i = fmul float %tmp_60_2_i_i_i, 0xBF847AE140000000" [modules/calc/calc.cpp:24->modules/calc/calc.cpp:46]   --->   Operation 153 'fmul' 'tmp_61_2_i_i_i' <Predicate = (!exitcond_flatten)> <Delay = 5.70> <Core = "FMul">   --->   Core 105 'FMul' <Latency = 3> <II = 1> <Delay = 5.70> <FuncUnit> <Opcode : 'fmul'> <InPorts = 2> <OutPorts = 1>
ST_21 : Operation 154 [3/4] (5.70ns)   --->   "%tmp_61_3_i_i_i = fmul float %tmp_60_3_i_i_i, 0xBF847AE140000000" [modules/calc/calc.cpp:24->modules/calc/calc.cpp:46]   --->   Operation 154 'fmul' 'tmp_61_3_i_i_i' <Predicate = (!exitcond_flatten)> <Delay = 5.70> <Core = "FMul">   --->   Core 105 'FMul' <Latency = 3> <II = 1> <Delay = 5.70> <FuncUnit> <Opcode : 'fmul'> <InPorts = 2> <OutPorts = 1>

State 22 <SV = 21> <Delay = 5.70>
ST_22 : Operation 155 [1/4] (5.70ns)   --->   "%tmp_61_i_i_i = fmul float %tmp_60_i_i_i, 0xBF847AE140000000" [modules/calc/calc.cpp:24->modules/calc/calc.cpp:46]   --->   Operation 155 'fmul' 'tmp_61_i_i_i' <Predicate = (!exitcond_flatten)> <Delay = 5.70> <Core = "FMul">   --->   Core 105 'FMul' <Latency = 3> <II = 1> <Delay = 5.70> <FuncUnit> <Opcode : 'fmul'> <InPorts = 2> <OutPorts = 1>
ST_22 : Operation 156 [1/4] (5.70ns)   --->   "%tmp_61_1_i_i_i = fmul float %tmp_60_1_i_i_i, 0xBF847AE140000000" [modules/calc/calc.cpp:24->modules/calc/calc.cpp:46]   --->   Operation 156 'fmul' 'tmp_61_1_i_i_i' <Predicate = (!exitcond_flatten)> <Delay = 5.70> <Core = "FMul">   --->   Core 105 'FMul' <Latency = 3> <II = 1> <Delay = 5.70> <FuncUnit> <Opcode : 'fmul'> <InPorts = 2> <OutPorts = 1>
ST_22 : Operation 157 [2/4] (5.70ns)   --->   "%tmp_61_2_i_i_i = fmul float %tmp_60_2_i_i_i, 0xBF847AE140000000" [modules/calc/calc.cpp:24->modules/calc/calc.cpp:46]   --->   Operation 157 'fmul' 'tmp_61_2_i_i_i' <Predicate = (!exitcond_flatten)> <Delay = 5.70> <Core = "FMul">   --->   Core 105 'FMul' <Latency = 3> <II = 1> <Delay = 5.70> <FuncUnit> <Opcode : 'fmul'> <InPorts = 2> <OutPorts = 1>
ST_22 : Operation 158 [2/4] (5.70ns)   --->   "%tmp_61_3_i_i_i = fmul float %tmp_60_3_i_i_i, 0xBF847AE140000000" [modules/calc/calc.cpp:24->modules/calc/calc.cpp:46]   --->   Operation 158 'fmul' 'tmp_61_3_i_i_i' <Predicate = (!exitcond_flatten)> <Delay = 5.70> <Core = "FMul">   --->   Core 105 'FMul' <Latency = 3> <II = 1> <Delay = 5.70> <FuncUnit> <Opcode : 'fmul'> <InPorts = 2> <OutPorts = 1>

State 23 <SV = 22> <Delay = 5.88>
ST_23 : Operation 159 [13/13] (5.88ns)   --->   "%tmp_62_i_i_i = call float @llvm.exp.f32(float %tmp_61_i_i_i)" [modules/calc/calc.cpp:24->modules/calc/calc.cpp:46]   --->   Operation 159 'fexp' 'tmp_62_i_i_i' <Predicate = (!exitcond_flatten)> <Delay = 5.88> <Core = "FExp">   --->   Core 126 'FExp' <Latency = 12> <II = 1> <Delay = 5.88> <FuncUnit> <Opcode : 'fexp'> <InPorts = 1> <OutPorts = 1>
ST_23 : Operation 160 [13/13] (5.88ns)   --->   "%tmp_62_1_i_i_i = call float @llvm.exp.f32(float %tmp_61_1_i_i_i)" [modules/calc/calc.cpp:24->modules/calc/calc.cpp:46]   --->   Operation 160 'fexp' 'tmp_62_1_i_i_i' <Predicate = (!exitcond_flatten)> <Delay = 5.88> <Core = "FExp">   --->   Core 126 'FExp' <Latency = 12> <II = 1> <Delay = 5.88> <FuncUnit> <Opcode : 'fexp'> <InPorts = 1> <OutPorts = 1>
ST_23 : Operation 161 [1/4] (5.70ns)   --->   "%tmp_61_2_i_i_i = fmul float %tmp_60_2_i_i_i, 0xBF847AE140000000" [modules/calc/calc.cpp:24->modules/calc/calc.cpp:46]   --->   Operation 161 'fmul' 'tmp_61_2_i_i_i' <Predicate = (!exitcond_flatten)> <Delay = 5.70> <Core = "FMul">   --->   Core 105 'FMul' <Latency = 3> <II = 1> <Delay = 5.70> <FuncUnit> <Opcode : 'fmul'> <InPorts = 2> <OutPorts = 1>
ST_23 : Operation 162 [1/4] (5.70ns)   --->   "%tmp_61_3_i_i_i = fmul float %tmp_60_3_i_i_i, 0xBF847AE140000000" [modules/calc/calc.cpp:24->modules/calc/calc.cpp:46]   --->   Operation 162 'fmul' 'tmp_61_3_i_i_i' <Predicate = (!exitcond_flatten)> <Delay = 5.70> <Core = "FMul">   --->   Core 105 'FMul' <Latency = 3> <II = 1> <Delay = 5.70> <FuncUnit> <Opcode : 'fmul'> <InPorts = 2> <OutPorts = 1>

State 24 <SV = 23> <Delay = 5.88>
ST_24 : Operation 163 [12/13] (5.88ns)   --->   "%tmp_62_i_i_i = call float @llvm.exp.f32(float %tmp_61_i_i_i)" [modules/calc/calc.cpp:24->modules/calc/calc.cpp:46]   --->   Operation 163 'fexp' 'tmp_62_i_i_i' <Predicate = (!exitcond_flatten)> <Delay = 5.88> <Core = "FExp">   --->   Core 126 'FExp' <Latency = 12> <II = 1> <Delay = 5.88> <FuncUnit> <Opcode : 'fexp'> <InPorts = 1> <OutPorts = 1>
ST_24 : Operation 164 [12/13] (5.88ns)   --->   "%tmp_62_1_i_i_i = call float @llvm.exp.f32(float %tmp_61_1_i_i_i)" [modules/calc/calc.cpp:24->modules/calc/calc.cpp:46]   --->   Operation 164 'fexp' 'tmp_62_1_i_i_i' <Predicate = (!exitcond_flatten)> <Delay = 5.88> <Core = "FExp">   --->   Core 126 'FExp' <Latency = 12> <II = 1> <Delay = 5.88> <FuncUnit> <Opcode : 'fexp'> <InPorts = 1> <OutPorts = 1>
ST_24 : Operation 165 [13/13] (5.88ns)   --->   "%tmp_62_2_i_i_i = call float @llvm.exp.f32(float %tmp_61_2_i_i_i)" [modules/calc/calc.cpp:24->modules/calc/calc.cpp:46]   --->   Operation 165 'fexp' 'tmp_62_2_i_i_i' <Predicate = (!exitcond_flatten)> <Delay = 5.88> <Core = "FExp">   --->   Core 126 'FExp' <Latency = 12> <II = 1> <Delay = 5.88> <FuncUnit> <Opcode : 'fexp'> <InPorts = 1> <OutPorts = 1>
ST_24 : Operation 166 [13/13] (5.88ns)   --->   "%tmp_62_3_i_i_i = call float @llvm.exp.f32(float %tmp_61_3_i_i_i)" [modules/calc/calc.cpp:24->modules/calc/calc.cpp:46]   --->   Operation 166 'fexp' 'tmp_62_3_i_i_i' <Predicate = (!exitcond_flatten)> <Delay = 5.88> <Core = "FExp">   --->   Core 126 'FExp' <Latency = 12> <II = 1> <Delay = 5.88> <FuncUnit> <Opcode : 'fexp'> <InPorts = 1> <OutPorts = 1>

State 25 <SV = 24> <Delay = 5.88>
ST_25 : Operation 167 [11/13] (5.88ns)   --->   "%tmp_62_i_i_i = call float @llvm.exp.f32(float %tmp_61_i_i_i)" [modules/calc/calc.cpp:24->modules/calc/calc.cpp:46]   --->   Operation 167 'fexp' 'tmp_62_i_i_i' <Predicate = (!exitcond_flatten)> <Delay = 5.88> <Core = "FExp">   --->   Core 126 'FExp' <Latency = 12> <II = 1> <Delay = 5.88> <FuncUnit> <Opcode : 'fexp'> <InPorts = 1> <OutPorts = 1>
ST_25 : Operation 168 [11/13] (5.88ns)   --->   "%tmp_62_1_i_i_i = call float @llvm.exp.f32(float %tmp_61_1_i_i_i)" [modules/calc/calc.cpp:24->modules/calc/calc.cpp:46]   --->   Operation 168 'fexp' 'tmp_62_1_i_i_i' <Predicate = (!exitcond_flatten)> <Delay = 5.88> <Core = "FExp">   --->   Core 126 'FExp' <Latency = 12> <II = 1> <Delay = 5.88> <FuncUnit> <Opcode : 'fexp'> <InPorts = 1> <OutPorts = 1>
ST_25 : Operation 169 [12/13] (5.88ns)   --->   "%tmp_62_2_i_i_i = call float @llvm.exp.f32(float %tmp_61_2_i_i_i)" [modules/calc/calc.cpp:24->modules/calc/calc.cpp:46]   --->   Operation 169 'fexp' 'tmp_62_2_i_i_i' <Predicate = (!exitcond_flatten)> <Delay = 5.88> <Core = "FExp">   --->   Core 126 'FExp' <Latency = 12> <II = 1> <Delay = 5.88> <FuncUnit> <Opcode : 'fexp'> <InPorts = 1> <OutPorts = 1>
ST_25 : Operation 170 [12/13] (5.88ns)   --->   "%tmp_62_3_i_i_i = call float @llvm.exp.f32(float %tmp_61_3_i_i_i)" [modules/calc/calc.cpp:24->modules/calc/calc.cpp:46]   --->   Operation 170 'fexp' 'tmp_62_3_i_i_i' <Predicate = (!exitcond_flatten)> <Delay = 5.88> <Core = "FExp">   --->   Core 126 'FExp' <Latency = 12> <II = 1> <Delay = 5.88> <FuncUnit> <Opcode : 'fexp'> <InPorts = 1> <OutPorts = 1>

State 26 <SV = 25> <Delay = 5.88>
ST_26 : Operation 171 [10/13] (5.88ns)   --->   "%tmp_62_i_i_i = call float @llvm.exp.f32(float %tmp_61_i_i_i)" [modules/calc/calc.cpp:24->modules/calc/calc.cpp:46]   --->   Operation 171 'fexp' 'tmp_62_i_i_i' <Predicate = (!exitcond_flatten)> <Delay = 5.88> <Core = "FExp">   --->   Core 126 'FExp' <Latency = 12> <II = 1> <Delay = 5.88> <FuncUnit> <Opcode : 'fexp'> <InPorts = 1> <OutPorts = 1>
ST_26 : Operation 172 [10/13] (5.88ns)   --->   "%tmp_62_1_i_i_i = call float @llvm.exp.f32(float %tmp_61_1_i_i_i)" [modules/calc/calc.cpp:24->modules/calc/calc.cpp:46]   --->   Operation 172 'fexp' 'tmp_62_1_i_i_i' <Predicate = (!exitcond_flatten)> <Delay = 5.88> <Core = "FExp">   --->   Core 126 'FExp' <Latency = 12> <II = 1> <Delay = 5.88> <FuncUnit> <Opcode : 'fexp'> <InPorts = 1> <OutPorts = 1>
ST_26 : Operation 173 [11/13] (5.88ns)   --->   "%tmp_62_2_i_i_i = call float @llvm.exp.f32(float %tmp_61_2_i_i_i)" [modules/calc/calc.cpp:24->modules/calc/calc.cpp:46]   --->   Operation 173 'fexp' 'tmp_62_2_i_i_i' <Predicate = (!exitcond_flatten)> <Delay = 5.88> <Core = "FExp">   --->   Core 126 'FExp' <Latency = 12> <II = 1> <Delay = 5.88> <FuncUnit> <Opcode : 'fexp'> <InPorts = 1> <OutPorts = 1>
ST_26 : Operation 174 [11/13] (5.88ns)   --->   "%tmp_62_3_i_i_i = call float @llvm.exp.f32(float %tmp_61_3_i_i_i)" [modules/calc/calc.cpp:24->modules/calc/calc.cpp:46]   --->   Operation 174 'fexp' 'tmp_62_3_i_i_i' <Predicate = (!exitcond_flatten)> <Delay = 5.88> <Core = "FExp">   --->   Core 126 'FExp' <Latency = 12> <II = 1> <Delay = 5.88> <FuncUnit> <Opcode : 'fexp'> <InPorts = 1> <OutPorts = 1>

State 27 <SV = 26> <Delay = 5.88>
ST_27 : Operation 175 [9/13] (5.88ns)   --->   "%tmp_62_i_i_i = call float @llvm.exp.f32(float %tmp_61_i_i_i)" [modules/calc/calc.cpp:24->modules/calc/calc.cpp:46]   --->   Operation 175 'fexp' 'tmp_62_i_i_i' <Predicate = (!exitcond_flatten)> <Delay = 5.88> <Core = "FExp">   --->   Core 126 'FExp' <Latency = 12> <II = 1> <Delay = 5.88> <FuncUnit> <Opcode : 'fexp'> <InPorts = 1> <OutPorts = 1>
ST_27 : Operation 176 [9/13] (5.88ns)   --->   "%tmp_62_1_i_i_i = call float @llvm.exp.f32(float %tmp_61_1_i_i_i)" [modules/calc/calc.cpp:24->modules/calc/calc.cpp:46]   --->   Operation 176 'fexp' 'tmp_62_1_i_i_i' <Predicate = (!exitcond_flatten)> <Delay = 5.88> <Core = "FExp">   --->   Core 126 'FExp' <Latency = 12> <II = 1> <Delay = 5.88> <FuncUnit> <Opcode : 'fexp'> <InPorts = 1> <OutPorts = 1>
ST_27 : Operation 177 [10/13] (5.88ns)   --->   "%tmp_62_2_i_i_i = call float @llvm.exp.f32(float %tmp_61_2_i_i_i)" [modules/calc/calc.cpp:24->modules/calc/calc.cpp:46]   --->   Operation 177 'fexp' 'tmp_62_2_i_i_i' <Predicate = (!exitcond_flatten)> <Delay = 5.88> <Core = "FExp">   --->   Core 126 'FExp' <Latency = 12> <II = 1> <Delay = 5.88> <FuncUnit> <Opcode : 'fexp'> <InPorts = 1> <OutPorts = 1>
ST_27 : Operation 178 [10/13] (5.88ns)   --->   "%tmp_62_3_i_i_i = call float @llvm.exp.f32(float %tmp_61_3_i_i_i)" [modules/calc/calc.cpp:24->modules/calc/calc.cpp:46]   --->   Operation 178 'fexp' 'tmp_62_3_i_i_i' <Predicate = (!exitcond_flatten)> <Delay = 5.88> <Core = "FExp">   --->   Core 126 'FExp' <Latency = 12> <II = 1> <Delay = 5.88> <FuncUnit> <Opcode : 'fexp'> <InPorts = 1> <OutPorts = 1>

State 28 <SV = 27> <Delay = 5.88>
ST_28 : Operation 179 [8/13] (5.88ns)   --->   "%tmp_62_i_i_i = call float @llvm.exp.f32(float %tmp_61_i_i_i)" [modules/calc/calc.cpp:24->modules/calc/calc.cpp:46]   --->   Operation 179 'fexp' 'tmp_62_i_i_i' <Predicate = (!exitcond_flatten)> <Delay = 5.88> <Core = "FExp">   --->   Core 126 'FExp' <Latency = 12> <II = 1> <Delay = 5.88> <FuncUnit> <Opcode : 'fexp'> <InPorts = 1> <OutPorts = 1>
ST_28 : Operation 180 [8/13] (5.88ns)   --->   "%tmp_62_1_i_i_i = call float @llvm.exp.f32(float %tmp_61_1_i_i_i)" [modules/calc/calc.cpp:24->modules/calc/calc.cpp:46]   --->   Operation 180 'fexp' 'tmp_62_1_i_i_i' <Predicate = (!exitcond_flatten)> <Delay = 5.88> <Core = "FExp">   --->   Core 126 'FExp' <Latency = 12> <II = 1> <Delay = 5.88> <FuncUnit> <Opcode : 'fexp'> <InPorts = 1> <OutPorts = 1>
ST_28 : Operation 181 [9/13] (5.88ns)   --->   "%tmp_62_2_i_i_i = call float @llvm.exp.f32(float %tmp_61_2_i_i_i)" [modules/calc/calc.cpp:24->modules/calc/calc.cpp:46]   --->   Operation 181 'fexp' 'tmp_62_2_i_i_i' <Predicate = (!exitcond_flatten)> <Delay = 5.88> <Core = "FExp">   --->   Core 126 'FExp' <Latency = 12> <II = 1> <Delay = 5.88> <FuncUnit> <Opcode : 'fexp'> <InPorts = 1> <OutPorts = 1>
ST_28 : Operation 182 [9/13] (5.88ns)   --->   "%tmp_62_3_i_i_i = call float @llvm.exp.f32(float %tmp_61_3_i_i_i)" [modules/calc/calc.cpp:24->modules/calc/calc.cpp:46]   --->   Operation 182 'fexp' 'tmp_62_3_i_i_i' <Predicate = (!exitcond_flatten)> <Delay = 5.88> <Core = "FExp">   --->   Core 126 'FExp' <Latency = 12> <II = 1> <Delay = 5.88> <FuncUnit> <Opcode : 'fexp'> <InPorts = 1> <OutPorts = 1>

State 29 <SV = 28> <Delay = 5.88>
ST_29 : Operation 183 [7/13] (5.88ns)   --->   "%tmp_62_i_i_i = call float @llvm.exp.f32(float %tmp_61_i_i_i)" [modules/calc/calc.cpp:24->modules/calc/calc.cpp:46]   --->   Operation 183 'fexp' 'tmp_62_i_i_i' <Predicate = (!exitcond_flatten)> <Delay = 5.88> <Core = "FExp">   --->   Core 126 'FExp' <Latency = 12> <II = 1> <Delay = 5.88> <FuncUnit> <Opcode : 'fexp'> <InPorts = 1> <OutPorts = 1>
ST_29 : Operation 184 [7/13] (5.88ns)   --->   "%tmp_62_1_i_i_i = call float @llvm.exp.f32(float %tmp_61_1_i_i_i)" [modules/calc/calc.cpp:24->modules/calc/calc.cpp:46]   --->   Operation 184 'fexp' 'tmp_62_1_i_i_i' <Predicate = (!exitcond_flatten)> <Delay = 5.88> <Core = "FExp">   --->   Core 126 'FExp' <Latency = 12> <II = 1> <Delay = 5.88> <FuncUnit> <Opcode : 'fexp'> <InPorts = 1> <OutPorts = 1>
ST_29 : Operation 185 [8/13] (5.88ns)   --->   "%tmp_62_2_i_i_i = call float @llvm.exp.f32(float %tmp_61_2_i_i_i)" [modules/calc/calc.cpp:24->modules/calc/calc.cpp:46]   --->   Operation 185 'fexp' 'tmp_62_2_i_i_i' <Predicate = (!exitcond_flatten)> <Delay = 5.88> <Core = "FExp">   --->   Core 126 'FExp' <Latency = 12> <II = 1> <Delay = 5.88> <FuncUnit> <Opcode : 'fexp'> <InPorts = 1> <OutPorts = 1>
ST_29 : Operation 186 [8/13] (5.88ns)   --->   "%tmp_62_3_i_i_i = call float @llvm.exp.f32(float %tmp_61_3_i_i_i)" [modules/calc/calc.cpp:24->modules/calc/calc.cpp:46]   --->   Operation 186 'fexp' 'tmp_62_3_i_i_i' <Predicate = (!exitcond_flatten)> <Delay = 5.88> <Core = "FExp">   --->   Core 126 'FExp' <Latency = 12> <II = 1> <Delay = 5.88> <FuncUnit> <Opcode : 'fexp'> <InPorts = 1> <OutPorts = 1>

State 30 <SV = 29> <Delay = 5.88>
ST_30 : Operation 187 [6/13] (5.88ns)   --->   "%tmp_62_i_i_i = call float @llvm.exp.f32(float %tmp_61_i_i_i)" [modules/calc/calc.cpp:24->modules/calc/calc.cpp:46]   --->   Operation 187 'fexp' 'tmp_62_i_i_i' <Predicate = (!exitcond_flatten)> <Delay = 5.88> <Core = "FExp">   --->   Core 126 'FExp' <Latency = 12> <II = 1> <Delay = 5.88> <FuncUnit> <Opcode : 'fexp'> <InPorts = 1> <OutPorts = 1>
ST_30 : Operation 188 [6/13] (5.88ns)   --->   "%tmp_62_1_i_i_i = call float @llvm.exp.f32(float %tmp_61_1_i_i_i)" [modules/calc/calc.cpp:24->modules/calc/calc.cpp:46]   --->   Operation 188 'fexp' 'tmp_62_1_i_i_i' <Predicate = (!exitcond_flatten)> <Delay = 5.88> <Core = "FExp">   --->   Core 126 'FExp' <Latency = 12> <II = 1> <Delay = 5.88> <FuncUnit> <Opcode : 'fexp'> <InPorts = 1> <OutPorts = 1>
ST_30 : Operation 189 [7/13] (5.88ns)   --->   "%tmp_62_2_i_i_i = call float @llvm.exp.f32(float %tmp_61_2_i_i_i)" [modules/calc/calc.cpp:24->modules/calc/calc.cpp:46]   --->   Operation 189 'fexp' 'tmp_62_2_i_i_i' <Predicate = (!exitcond_flatten)> <Delay = 5.88> <Core = "FExp">   --->   Core 126 'FExp' <Latency = 12> <II = 1> <Delay = 5.88> <FuncUnit> <Opcode : 'fexp'> <InPorts = 1> <OutPorts = 1>
ST_30 : Operation 190 [7/13] (5.88ns)   --->   "%tmp_62_3_i_i_i = call float @llvm.exp.f32(float %tmp_61_3_i_i_i)" [modules/calc/calc.cpp:24->modules/calc/calc.cpp:46]   --->   Operation 190 'fexp' 'tmp_62_3_i_i_i' <Predicate = (!exitcond_flatten)> <Delay = 5.88> <Core = "FExp">   --->   Core 126 'FExp' <Latency = 12> <II = 1> <Delay = 5.88> <FuncUnit> <Opcode : 'fexp'> <InPorts = 1> <OutPorts = 1>

State 31 <SV = 30> <Delay = 5.88>
ST_31 : Operation 191 [5/13] (5.88ns)   --->   "%tmp_62_i_i_i = call float @llvm.exp.f32(float %tmp_61_i_i_i)" [modules/calc/calc.cpp:24->modules/calc/calc.cpp:46]   --->   Operation 191 'fexp' 'tmp_62_i_i_i' <Predicate = (!exitcond_flatten)> <Delay = 5.88> <Core = "FExp">   --->   Core 126 'FExp' <Latency = 12> <II = 1> <Delay = 5.88> <FuncUnit> <Opcode : 'fexp'> <InPorts = 1> <OutPorts = 1>
ST_31 : Operation 192 [5/13] (5.88ns)   --->   "%tmp_62_1_i_i_i = call float @llvm.exp.f32(float %tmp_61_1_i_i_i)" [modules/calc/calc.cpp:24->modules/calc/calc.cpp:46]   --->   Operation 192 'fexp' 'tmp_62_1_i_i_i' <Predicate = (!exitcond_flatten)> <Delay = 5.88> <Core = "FExp">   --->   Core 126 'FExp' <Latency = 12> <II = 1> <Delay = 5.88> <FuncUnit> <Opcode : 'fexp'> <InPorts = 1> <OutPorts = 1>
ST_31 : Operation 193 [6/13] (5.88ns)   --->   "%tmp_62_2_i_i_i = call float @llvm.exp.f32(float %tmp_61_2_i_i_i)" [modules/calc/calc.cpp:24->modules/calc/calc.cpp:46]   --->   Operation 193 'fexp' 'tmp_62_2_i_i_i' <Predicate = (!exitcond_flatten)> <Delay = 5.88> <Core = "FExp">   --->   Core 126 'FExp' <Latency = 12> <II = 1> <Delay = 5.88> <FuncUnit> <Opcode : 'fexp'> <InPorts = 1> <OutPorts = 1>
ST_31 : Operation 194 [6/13] (5.88ns)   --->   "%tmp_62_3_i_i_i = call float @llvm.exp.f32(float %tmp_61_3_i_i_i)" [modules/calc/calc.cpp:24->modules/calc/calc.cpp:46]   --->   Operation 194 'fexp' 'tmp_62_3_i_i_i' <Predicate = (!exitcond_flatten)> <Delay = 5.88> <Core = "FExp">   --->   Core 126 'FExp' <Latency = 12> <II = 1> <Delay = 5.88> <FuncUnit> <Opcode : 'fexp'> <InPorts = 1> <OutPorts = 1>

State 32 <SV = 31> <Delay = 5.88>
ST_32 : Operation 195 [4/13] (5.88ns)   --->   "%tmp_62_i_i_i = call float @llvm.exp.f32(float %tmp_61_i_i_i)" [modules/calc/calc.cpp:24->modules/calc/calc.cpp:46]   --->   Operation 195 'fexp' 'tmp_62_i_i_i' <Predicate = (!exitcond_flatten)> <Delay = 5.88> <Core = "FExp">   --->   Core 126 'FExp' <Latency = 12> <II = 1> <Delay = 5.88> <FuncUnit> <Opcode : 'fexp'> <InPorts = 1> <OutPorts = 1>
ST_32 : Operation 196 [4/13] (5.88ns)   --->   "%tmp_62_1_i_i_i = call float @llvm.exp.f32(float %tmp_61_1_i_i_i)" [modules/calc/calc.cpp:24->modules/calc/calc.cpp:46]   --->   Operation 196 'fexp' 'tmp_62_1_i_i_i' <Predicate = (!exitcond_flatten)> <Delay = 5.88> <Core = "FExp">   --->   Core 126 'FExp' <Latency = 12> <II = 1> <Delay = 5.88> <FuncUnit> <Opcode : 'fexp'> <InPorts = 1> <OutPorts = 1>
ST_32 : Operation 197 [5/13] (5.88ns)   --->   "%tmp_62_2_i_i_i = call float @llvm.exp.f32(float %tmp_61_2_i_i_i)" [modules/calc/calc.cpp:24->modules/calc/calc.cpp:46]   --->   Operation 197 'fexp' 'tmp_62_2_i_i_i' <Predicate = (!exitcond_flatten)> <Delay = 5.88> <Core = "FExp">   --->   Core 126 'FExp' <Latency = 12> <II = 1> <Delay = 5.88> <FuncUnit> <Opcode : 'fexp'> <InPorts = 1> <OutPorts = 1>
ST_32 : Operation 198 [5/13] (5.88ns)   --->   "%tmp_62_3_i_i_i = call float @llvm.exp.f32(float %tmp_61_3_i_i_i)" [modules/calc/calc.cpp:24->modules/calc/calc.cpp:46]   --->   Operation 198 'fexp' 'tmp_62_3_i_i_i' <Predicate = (!exitcond_flatten)> <Delay = 5.88> <Core = "FExp">   --->   Core 126 'FExp' <Latency = 12> <II = 1> <Delay = 5.88> <FuncUnit> <Opcode : 'fexp'> <InPorts = 1> <OutPorts = 1>

State 33 <SV = 32> <Delay = 5.88>
ST_33 : Operation 199 [3/13] (5.88ns)   --->   "%tmp_62_i_i_i = call float @llvm.exp.f32(float %tmp_61_i_i_i)" [modules/calc/calc.cpp:24->modules/calc/calc.cpp:46]   --->   Operation 199 'fexp' 'tmp_62_i_i_i' <Predicate = (!exitcond_flatten)> <Delay = 5.88> <Core = "FExp">   --->   Core 126 'FExp' <Latency = 12> <II = 1> <Delay = 5.88> <FuncUnit> <Opcode : 'fexp'> <InPorts = 1> <OutPorts = 1>
ST_33 : Operation 200 [3/13] (5.88ns)   --->   "%tmp_62_1_i_i_i = call float @llvm.exp.f32(float %tmp_61_1_i_i_i)" [modules/calc/calc.cpp:24->modules/calc/calc.cpp:46]   --->   Operation 200 'fexp' 'tmp_62_1_i_i_i' <Predicate = (!exitcond_flatten)> <Delay = 5.88> <Core = "FExp">   --->   Core 126 'FExp' <Latency = 12> <II = 1> <Delay = 5.88> <FuncUnit> <Opcode : 'fexp'> <InPorts = 1> <OutPorts = 1>
ST_33 : Operation 201 [4/13] (5.88ns)   --->   "%tmp_62_2_i_i_i = call float @llvm.exp.f32(float %tmp_61_2_i_i_i)" [modules/calc/calc.cpp:24->modules/calc/calc.cpp:46]   --->   Operation 201 'fexp' 'tmp_62_2_i_i_i' <Predicate = (!exitcond_flatten)> <Delay = 5.88> <Core = "FExp">   --->   Core 126 'FExp' <Latency = 12> <II = 1> <Delay = 5.88> <FuncUnit> <Opcode : 'fexp'> <InPorts = 1> <OutPorts = 1>
ST_33 : Operation 202 [4/13] (5.88ns)   --->   "%tmp_62_3_i_i_i = call float @llvm.exp.f32(float %tmp_61_3_i_i_i)" [modules/calc/calc.cpp:24->modules/calc/calc.cpp:46]   --->   Operation 202 'fexp' 'tmp_62_3_i_i_i' <Predicate = (!exitcond_flatten)> <Delay = 5.88> <Core = "FExp">   --->   Core 126 'FExp' <Latency = 12> <II = 1> <Delay = 5.88> <FuncUnit> <Opcode : 'fexp'> <InPorts = 1> <OutPorts = 1>

State 34 <SV = 33> <Delay = 5.88>
ST_34 : Operation 203 [2/13] (5.88ns)   --->   "%tmp_62_i_i_i = call float @llvm.exp.f32(float %tmp_61_i_i_i)" [modules/calc/calc.cpp:24->modules/calc/calc.cpp:46]   --->   Operation 203 'fexp' 'tmp_62_i_i_i' <Predicate = (!exitcond_flatten)> <Delay = 5.88> <Core = "FExp">   --->   Core 126 'FExp' <Latency = 12> <II = 1> <Delay = 5.88> <FuncUnit> <Opcode : 'fexp'> <InPorts = 1> <OutPorts = 1>
ST_34 : Operation 204 [2/13] (5.88ns)   --->   "%tmp_62_1_i_i_i = call float @llvm.exp.f32(float %tmp_61_1_i_i_i)" [modules/calc/calc.cpp:24->modules/calc/calc.cpp:46]   --->   Operation 204 'fexp' 'tmp_62_1_i_i_i' <Predicate = (!exitcond_flatten)> <Delay = 5.88> <Core = "FExp">   --->   Core 126 'FExp' <Latency = 12> <II = 1> <Delay = 5.88> <FuncUnit> <Opcode : 'fexp'> <InPorts = 1> <OutPorts = 1>
ST_34 : Operation 205 [3/13] (5.88ns)   --->   "%tmp_62_2_i_i_i = call float @llvm.exp.f32(float %tmp_61_2_i_i_i)" [modules/calc/calc.cpp:24->modules/calc/calc.cpp:46]   --->   Operation 205 'fexp' 'tmp_62_2_i_i_i' <Predicate = (!exitcond_flatten)> <Delay = 5.88> <Core = "FExp">   --->   Core 126 'FExp' <Latency = 12> <II = 1> <Delay = 5.88> <FuncUnit> <Opcode : 'fexp'> <InPorts = 1> <OutPorts = 1>
ST_34 : Operation 206 [3/13] (5.88ns)   --->   "%tmp_62_3_i_i_i = call float @llvm.exp.f32(float %tmp_61_3_i_i_i)" [modules/calc/calc.cpp:24->modules/calc/calc.cpp:46]   --->   Operation 206 'fexp' 'tmp_62_3_i_i_i' <Predicate = (!exitcond_flatten)> <Delay = 5.88> <Core = "FExp">   --->   Core 126 'FExp' <Latency = 12> <II = 1> <Delay = 5.88> <FuncUnit> <Opcode : 'fexp'> <InPorts = 1> <OutPorts = 1>

State 35 <SV = 34> <Delay = 5.88>
ST_35 : Operation 207 [1/13] (5.88ns)   --->   "%tmp_62_i_i_i = call float @llvm.exp.f32(float %tmp_61_i_i_i)" [modules/calc/calc.cpp:24->modules/calc/calc.cpp:46]   --->   Operation 207 'fexp' 'tmp_62_i_i_i' <Predicate = (!exitcond_flatten)> <Delay = 5.88> <Core = "FExp">   --->   Core 126 'FExp' <Latency = 12> <II = 1> <Delay = 5.88> <FuncUnit> <Opcode : 'fexp'> <InPorts = 1> <OutPorts = 1>
ST_35 : Operation 208 [1/13] (5.88ns)   --->   "%tmp_62_1_i_i_i = call float @llvm.exp.f32(float %tmp_61_1_i_i_i)" [modules/calc/calc.cpp:24->modules/calc/calc.cpp:46]   --->   Operation 208 'fexp' 'tmp_62_1_i_i_i' <Predicate = (!exitcond_flatten)> <Delay = 5.88> <Core = "FExp">   --->   Core 126 'FExp' <Latency = 12> <II = 1> <Delay = 5.88> <FuncUnit> <Opcode : 'fexp'> <InPorts = 1> <OutPorts = 1>
ST_35 : Operation 209 [2/13] (5.88ns)   --->   "%tmp_62_2_i_i_i = call float @llvm.exp.f32(float %tmp_61_2_i_i_i)" [modules/calc/calc.cpp:24->modules/calc/calc.cpp:46]   --->   Operation 209 'fexp' 'tmp_62_2_i_i_i' <Predicate = (!exitcond_flatten)> <Delay = 5.88> <Core = "FExp">   --->   Core 126 'FExp' <Latency = 12> <II = 1> <Delay = 5.88> <FuncUnit> <Opcode : 'fexp'> <InPorts = 1> <OutPorts = 1>
ST_35 : Operation 210 [2/13] (5.88ns)   --->   "%tmp_62_3_i_i_i = call float @llvm.exp.f32(float %tmp_61_3_i_i_i)" [modules/calc/calc.cpp:24->modules/calc/calc.cpp:46]   --->   Operation 210 'fexp' 'tmp_62_3_i_i_i' <Predicate = (!exitcond_flatten)> <Delay = 5.88> <Core = "FExp">   --->   Core 126 'FExp' <Latency = 12> <II = 1> <Delay = 5.88> <FuncUnit> <Opcode : 'fexp'> <InPorts = 1> <OutPorts = 1>

State 36 <SV = 35> <Delay = 5.88>
ST_36 : Operation 211 [4/4] (5.70ns)   --->   "%tmp_data_0 = fmul float %tmp_62_i_i_i, %tmp_data_0_3" [modules/calc/calc.cpp:24->modules/calc/calc.cpp:46]   --->   Operation 211 'fmul' 'tmp_data_0' <Predicate = (!exitcond_flatten)> <Delay = 5.70> <Core = "FMul">   --->   Core 105 'FMul' <Latency = 3> <II = 1> <Delay = 5.70> <FuncUnit> <Opcode : 'fmul'> <InPorts = 2> <OutPorts = 1>
ST_36 : Operation 212 [4/4] (5.70ns)   --->   "%tmp_data_1 = fmul float %tmp_62_1_i_i_i, %tmp_data_1_3" [modules/calc/calc.cpp:24->modules/calc/calc.cpp:46]   --->   Operation 212 'fmul' 'tmp_data_1' <Predicate = (!exitcond_flatten)> <Delay = 5.70> <Core = "FMul">   --->   Core 105 'FMul' <Latency = 3> <II = 1> <Delay = 5.70> <FuncUnit> <Opcode : 'fmul'> <InPorts = 2> <OutPorts = 1>
ST_36 : Operation 213 [1/13] (5.88ns)   --->   "%tmp_62_2_i_i_i = call float @llvm.exp.f32(float %tmp_61_2_i_i_i)" [modules/calc/calc.cpp:24->modules/calc/calc.cpp:46]   --->   Operation 213 'fexp' 'tmp_62_2_i_i_i' <Predicate = (!exitcond_flatten)> <Delay = 5.88> <Core = "FExp">   --->   Core 126 'FExp' <Latency = 12> <II = 1> <Delay = 5.88> <FuncUnit> <Opcode : 'fexp'> <InPorts = 1> <OutPorts = 1>
ST_36 : Operation 214 [1/13] (5.88ns)   --->   "%tmp_62_3_i_i_i = call float @llvm.exp.f32(float %tmp_61_3_i_i_i)" [modules/calc/calc.cpp:24->modules/calc/calc.cpp:46]   --->   Operation 214 'fexp' 'tmp_62_3_i_i_i' <Predicate = (!exitcond_flatten)> <Delay = 5.88> <Core = "FExp">   --->   Core 126 'FExp' <Latency = 12> <II = 1> <Delay = 5.88> <FuncUnit> <Opcode : 'fexp'> <InPorts = 1> <OutPorts = 1>

State 37 <SV = 36> <Delay = 5.70>
ST_37 : Operation 215 [3/4] (5.70ns)   --->   "%tmp_data_0 = fmul float %tmp_62_i_i_i, %tmp_data_0_3" [modules/calc/calc.cpp:24->modules/calc/calc.cpp:46]   --->   Operation 215 'fmul' 'tmp_data_0' <Predicate = (!exitcond_flatten)> <Delay = 5.70> <Core = "FMul">   --->   Core 105 'FMul' <Latency = 3> <II = 1> <Delay = 5.70> <FuncUnit> <Opcode : 'fmul'> <InPorts = 2> <OutPorts = 1>
ST_37 : Operation 216 [3/4] (5.70ns)   --->   "%tmp_data_1 = fmul float %tmp_62_1_i_i_i, %tmp_data_1_3" [modules/calc/calc.cpp:24->modules/calc/calc.cpp:46]   --->   Operation 216 'fmul' 'tmp_data_1' <Predicate = (!exitcond_flatten)> <Delay = 5.70> <Core = "FMul">   --->   Core 105 'FMul' <Latency = 3> <II = 1> <Delay = 5.70> <FuncUnit> <Opcode : 'fmul'> <InPorts = 2> <OutPorts = 1>
ST_37 : Operation 217 [4/4] (5.70ns)   --->   "%tmp_data_2 = fmul float %tmp_62_2_i_i_i, %tmp_data_2_3" [modules/calc/calc.cpp:24->modules/calc/calc.cpp:46]   --->   Operation 217 'fmul' 'tmp_data_2' <Predicate = (!exitcond_flatten)> <Delay = 5.70> <Core = "FMul">   --->   Core 105 'FMul' <Latency = 3> <II = 1> <Delay = 5.70> <FuncUnit> <Opcode : 'fmul'> <InPorts = 2> <OutPorts = 1>
ST_37 : Operation 218 [4/4] (5.70ns)   --->   "%tmp_data_3 = fmul float %tmp_62_3_i_i_i, %tmp_data_3_3" [modules/calc/calc.cpp:24->modules/calc/calc.cpp:46]   --->   Operation 218 'fmul' 'tmp_data_3' <Predicate = (!exitcond_flatten)> <Delay = 5.70> <Core = "FMul">   --->   Core 105 'FMul' <Latency = 3> <II = 1> <Delay = 5.70> <FuncUnit> <Opcode : 'fmul'> <InPorts = 2> <OutPorts = 1>

State 38 <SV = 37> <Delay = 5.70>
ST_38 : Operation 219 [2/4] (5.70ns)   --->   "%tmp_data_0 = fmul float %tmp_62_i_i_i, %tmp_data_0_3" [modules/calc/calc.cpp:24->modules/calc/calc.cpp:46]   --->   Operation 219 'fmul' 'tmp_data_0' <Predicate = (!exitcond_flatten)> <Delay = 5.70> <Core = "FMul">   --->   Core 105 'FMul' <Latency = 3> <II = 1> <Delay = 5.70> <FuncUnit> <Opcode : 'fmul'> <InPorts = 2> <OutPorts = 1>
ST_38 : Operation 220 [2/4] (5.70ns)   --->   "%tmp_data_1 = fmul float %tmp_62_1_i_i_i, %tmp_data_1_3" [modules/calc/calc.cpp:24->modules/calc/calc.cpp:46]   --->   Operation 220 'fmul' 'tmp_data_1' <Predicate = (!exitcond_flatten)> <Delay = 5.70> <Core = "FMul">   --->   Core 105 'FMul' <Latency = 3> <II = 1> <Delay = 5.70> <FuncUnit> <Opcode : 'fmul'> <InPorts = 2> <OutPorts = 1>
ST_38 : Operation 221 [3/4] (5.70ns)   --->   "%tmp_data_2 = fmul float %tmp_62_2_i_i_i, %tmp_data_2_3" [modules/calc/calc.cpp:24->modules/calc/calc.cpp:46]   --->   Operation 221 'fmul' 'tmp_data_2' <Predicate = (!exitcond_flatten)> <Delay = 5.70> <Core = "FMul">   --->   Core 105 'FMul' <Latency = 3> <II = 1> <Delay = 5.70> <FuncUnit> <Opcode : 'fmul'> <InPorts = 2> <OutPorts = 1>
ST_38 : Operation 222 [3/4] (5.70ns)   --->   "%tmp_data_3 = fmul float %tmp_62_3_i_i_i, %tmp_data_3_3" [modules/calc/calc.cpp:24->modules/calc/calc.cpp:46]   --->   Operation 222 'fmul' 'tmp_data_3' <Predicate = (!exitcond_flatten)> <Delay = 5.70> <Core = "FMul">   --->   Core 105 'FMul' <Latency = 3> <II = 1> <Delay = 5.70> <FuncUnit> <Opcode : 'fmul'> <InPorts = 2> <OutPorts = 1>

State 39 <SV = 38> <Delay = 5.70>
ST_39 : Operation 223 [1/4] (5.70ns)   --->   "%tmp_data_0 = fmul float %tmp_62_i_i_i, %tmp_data_0_3" [modules/calc/calc.cpp:24->modules/calc/calc.cpp:46]   --->   Operation 223 'fmul' 'tmp_data_0' <Predicate = (!exitcond_flatten)> <Delay = 5.70> <Core = "FMul">   --->   Core 105 'FMul' <Latency = 3> <II = 1> <Delay = 5.70> <FuncUnit> <Opcode : 'fmul'> <InPorts = 2> <OutPorts = 1>
ST_39 : Operation 224 [1/4] (5.70ns)   --->   "%tmp_data_1 = fmul float %tmp_62_1_i_i_i, %tmp_data_1_3" [modules/calc/calc.cpp:24->modules/calc/calc.cpp:46]   --->   Operation 224 'fmul' 'tmp_data_1' <Predicate = (!exitcond_flatten)> <Delay = 5.70> <Core = "FMul">   --->   Core 105 'FMul' <Latency = 3> <II = 1> <Delay = 5.70> <FuncUnit> <Opcode : 'fmul'> <InPorts = 2> <OutPorts = 1>
ST_39 : Operation 225 [2/4] (5.70ns)   --->   "%tmp_data_2 = fmul float %tmp_62_2_i_i_i, %tmp_data_2_3" [modules/calc/calc.cpp:24->modules/calc/calc.cpp:46]   --->   Operation 225 'fmul' 'tmp_data_2' <Predicate = (!exitcond_flatten)> <Delay = 5.70> <Core = "FMul">   --->   Core 105 'FMul' <Latency = 3> <II = 1> <Delay = 5.70> <FuncUnit> <Opcode : 'fmul'> <InPorts = 2> <OutPorts = 1>
ST_39 : Operation 226 [2/4] (5.70ns)   --->   "%tmp_data_3 = fmul float %tmp_62_3_i_i_i, %tmp_data_3_3" [modules/calc/calc.cpp:24->modules/calc/calc.cpp:46]   --->   Operation 226 'fmul' 'tmp_data_3' <Predicate = (!exitcond_flatten)> <Delay = 5.70> <Core = "FMul">   --->   Core 105 'FMul' <Latency = 3> <II = 1> <Delay = 5.70> <FuncUnit> <Opcode : 'fmul'> <InPorts = 2> <OutPorts = 1>

State 40 <SV = 39> <Delay = 5.70>
ST_40 : Operation 227 [1/4] (5.70ns)   --->   "%tmp_data_2 = fmul float %tmp_62_2_i_i_i, %tmp_data_2_3" [modules/calc/calc.cpp:24->modules/calc/calc.cpp:46]   --->   Operation 227 'fmul' 'tmp_data_2' <Predicate = (!exitcond_flatten)> <Delay = 5.70> <Core = "FMul">   --->   Core 105 'FMul' <Latency = 3> <II = 1> <Delay = 5.70> <FuncUnit> <Opcode : 'fmul'> <InPorts = 2> <OutPorts = 1>
ST_40 : Operation 228 [1/4] (5.70ns)   --->   "%tmp_data_3 = fmul float %tmp_62_3_i_i_i, %tmp_data_3_3" [modules/calc/calc.cpp:24->modules/calc/calc.cpp:46]   --->   Operation 228 'fmul' 'tmp_data_3' <Predicate = (!exitcond_flatten)> <Delay = 5.70> <Core = "FMul">   --->   Core 105 'FMul' <Latency = 3> <II = 1> <Delay = 5.70> <FuncUnit> <Opcode : 'fmul'> <InPorts = 2> <OutPorts = 1>

State 41 <SV = 40> <Delay = 3.00>
ST_41 : Operation 229 [1/1] (0.00ns)   --->   "call void (...)* @_ssdm_op_SpecLoopTripCount(i64 1, i64 25000000, i64 0)"   --->   Operation 229 'speclooptripcount' <Predicate = (!exitcond_flatten)> <Delay = 0.00>
ST_41 : Operation 230 [1/1] (0.00ns)   --->   "%tmp_18_i_i = call i32 (...)* @_ssdm_op_SpecRegionBegin([12 x i8]* @p_str557)" [modules/calc/calc.cpp:40]   --->   Operation 230 'specregionbegin' 'tmp_18_i_i' <Predicate = (!exitcond_flatten)> <Delay = 0.00>
ST_41 : Operation 231 [1/1] (0.00ns)   --->   "call void (...)* @_ssdm_op_SpecPipeline(i32 2, i32 1, i32 1, i32 0, [1 x i8]* @p_str355) nounwind" [modules/calc/calc.cpp:42]   --->   Operation 231 'specpipeline' <Predicate = (!exitcond_flatten)> <Delay = 0.00>
ST_41 : Operation 232 [1/1] (3.00ns)   --->   "call void @_ssdm_op_Write.ap_fifo.volatile.floatP.floatP.floatP.floatP(float* @V_V_data_0, float* @V_V_data_1, float* @V_V_data_2, float* @V_V_data_3, float %tmp_data_0_3, float %tmp_data_1_3, float %tmp_data_2_3, float %tmp_data_3_3)" [modules/calc/calc.cpp:18->modules/calc/calc.cpp:45]   --->   Operation 232 'write' <Predicate = (!exitcond_flatten)> <Delay = 3.00> <Core = "FIFO_SRL">   --->   Core 36 'FIFO_SRL' <Latency = 0> <II = 1> <Delay = 3.63> <Storage> <Opcode : 'read' 'write' 'nbread' 'nbwrite'> <Ports = 0> <Width = 27> <Depth = 2> <FIFO>
ST_41 : Operation 233 [1/1] (3.00ns)   --->   "call void @_ssdm_op_Write.ap_fifo.volatile.floatP.floatP.floatP.floatP(float* @F_V_data_0, float* @F_V_data_1, float* @F_V_data_2, float* @F_V_data_3, float %tmp_data_0, float %tmp_data_1, float %tmp_data_2, float %tmp_data_3)" [modules/calc/calc.cpp:26->modules/calc/calc.cpp:46]   --->   Operation 233 'write' <Predicate = (!exitcond_flatten)> <Delay = 3.00> <Core = "FIFO_SRL">   --->   Core 36 'FIFO_SRL' <Latency = 0> <II = 1> <Delay = 3.63> <Storage> <Opcode : 'read' 'write' 'nbread' 'nbwrite'> <Ports = 0> <Width = 27> <Depth = 2> <FIFO>
ST_41 : Operation 234 [1/1] (0.00ns)   --->   "%empty_66 = call i32 (...)* @_ssdm_op_SpecRegionEnd([12 x i8]* @p_str557, i32 %tmp_18_i_i)" [modules/calc/calc.cpp:47]   --->   Operation 234 'specregionend' 'empty_66' <Predicate = (!exitcond_flatten)> <Delay = 0.00>
ST_41 : Operation 235 [1/1] (0.00ns)   --->   "br label %.preheader.i.i" [modules/calc/calc.cpp:40]   --->   Operation 235 'br' <Predicate = (!exitcond_flatten)> <Delay = 0.00>

State 42 <SV = 5> <Delay = 0.00>
ST_42 : Operation 236 [1/1] (0.00ns)   --->   "ret void"   --->   Operation 236 'ret' <Predicate = true> <Delay = 0.00>


============================================================
+ Verbose Summary: Timing violations
============================================================
Target clock period: 10ns, clock uncertainty: 4ns.

 <State 1>: 6ns
The critical path consists of the following:
	fifo read on port 'simConfig_rowsToSimulate_V' [35]  (3 ns)
	fifo write on port 'simConfig_rowsToSimulate_V_out' [38]  (3 ns)

 <State 2>: 5.75ns
The critical path consists of the following:
	'mul' operation ('bound', modules/calc/calc.cpp:40) [58]  (5.75 ns)

 <State 3>: 5.75ns
The critical path consists of the following:
	'mul' operation ('bound', modules/calc/calc.cpp:40) [58]  (5.75 ns)

 <State 4>: 5.75ns
The critical path consists of the following:
	'mul' operation ('bound', modules/calc/calc.cpp:40) [58]  (5.75 ns)

 <State 5>: 3.31ns
The critical path consists of the following:
	'phi' operation ('indvar_flatten') with incoming values : ('indvar_flatten_next') [61]  (0 ns)
	'add' operation ('indvar_flatten_next') [63]  (3.31 ns)

 <State 6>: 3ns
The critical path consists of the following:
	fifo read on port 'processedData_V_data' (modules/calc/calc.cpp:5->modules/calc/calc.cpp:43) [69]  (3 ns)

 <State 7>: 5.39ns
The critical path consists of the following:
	'fsub' operation ('tmp.data[0]', modules/calc/calc.cpp:16->modules/calc/calc.cpp:45) [76]  (5.39 ns)

 <State 8>: 5.39ns
The critical path consists of the following:
	'fsub' operation ('tmp.data[0]', modules/calc/calc.cpp:16->modules/calc/calc.cpp:45) [76]  (5.39 ns)

 <State 9>: 5.39ns
The critical path consists of the following:
	'fsub' operation ('tmp.data[0]', modules/calc/calc.cpp:16->modules/calc/calc.cpp:45) [76]  (5.39 ns)

 <State 10>: 5.39ns
The critical path consists of the following:
	'fsub' operation ('tmp.data[0]', modules/calc/calc.cpp:16->modules/calc/calc.cpp:45) [76]  (5.39 ns)

 <State 11>: 5.39ns
The critical path consists of the following:
	'fsub' operation ('tmp.data[0]', modules/calc/calc.cpp:16->modules/calc/calc.cpp:45) [76]  (5.39 ns)

 <State 12>: 5.39ns
The critical path consists of the following:
	'fsub' operation ('tmp.data[0]', modules/calc/calc.cpp:16->modules/calc/calc.cpp:45) [76]  (5.39 ns)

 <State 13>: 5.39ns
The critical path consists of the following:
	'fsub' operation ('tmp.data[0]', modules/calc/calc.cpp:16->modules/calc/calc.cpp:45) [76]  (5.39 ns)

 <State 14>: 5.39ns
The critical path consists of the following:
	'fsub' operation ('tmp.data[0]', modules/calc/calc.cpp:16->modules/calc/calc.cpp:45) [76]  (5.39 ns)

 <State 15>: 5.7ns
The critical path consists of the following:
	'fmul' operation ('tmp_60_i_i_i', modules/calc/calc.cpp:24->modules/calc/calc.cpp:46) [81]  (5.7 ns)

 <State 16>: 5.7ns
The critical path consists of the following:
	'fmul' operation ('tmp_60_i_i_i', modules/calc/calc.cpp:24->modules/calc/calc.cpp:46) [81]  (5.7 ns)

 <State 17>: 5.7ns
The critical path consists of the following:
	'fmul' operation ('tmp_60_i_i_i', modules/calc/calc.cpp:24->modules/calc/calc.cpp:46) [81]  (5.7 ns)

 <State 18>: 5.7ns
The critical path consists of the following:
	'fmul' operation ('tmp_60_i_i_i', modules/calc/calc.cpp:24->modules/calc/calc.cpp:46) [81]  (5.7 ns)

 <State 19>: 5.7ns
The critical path consists of the following:
	'fmul' operation ('tmp_61_i_i_i', modules/calc/calc.cpp:24->modules/calc/calc.cpp:46) [82]  (5.7 ns)

 <State 20>: 5.7ns
The critical path consists of the following:
	'fmul' operation ('tmp_61_i_i_i', modules/calc/calc.cpp:24->modules/calc/calc.cpp:46) [82]  (5.7 ns)

 <State 21>: 5.7ns
The critical path consists of the following:
	'fmul' operation ('tmp_61_i_i_i', modules/calc/calc.cpp:24->modules/calc/calc.cpp:46) [82]  (5.7 ns)

 <State 22>: 5.7ns
The critical path consists of the following:
	'fmul' operation ('tmp_61_i_i_i', modules/calc/calc.cpp:24->modules/calc/calc.cpp:46) [82]  (5.7 ns)

 <State 23>: 5.89ns
The critical path consists of the following:
	'fexp' operation ('tmp_62_i_i_i', modules/calc/calc.cpp:24->modules/calc/calc.cpp:46) [83]  (5.89 ns)

 <State 24>: 5.89ns
The critical path consists of the following:
	'fexp' operation ('tmp_62_i_i_i', modules/calc/calc.cpp:24->modules/calc/calc.cpp:46) [83]  (5.89 ns)

 <State 25>: 5.89ns
The critical path consists of the following:
	'fexp' operation ('tmp_62_i_i_i', modules/calc/calc.cpp:24->modules/calc/calc.cpp:46) [83]  (5.89 ns)

 <State 26>: 5.89ns
The critical path consists of the following:
	'fexp' operation ('tmp_62_i_i_i', modules/calc/calc.cpp:24->modules/calc/calc.cpp:46) [83]  (5.89 ns)

 <State 27>: 5.89ns
The critical path consists of the following:
	'fexp' operation ('tmp_62_i_i_i', modules/calc/calc.cpp:24->modules/calc/calc.cpp:46) [83]  (5.89 ns)

 <State 28>: 5.89ns
The critical path consists of the following:
	'fexp' operation ('tmp_62_i_i_i', modules/calc/calc.cpp:24->modules/calc/calc.cpp:46) [83]  (5.89 ns)

 <State 29>: 5.89ns
The critical path consists of the following:
	'fexp' operation ('tmp_62_i_i_i', modules/calc/calc.cpp:24->modules/calc/calc.cpp:46) [83]  (5.89 ns)

 <State 30>: 5.89ns
The critical path consists of the following:
	'fexp' operation ('tmp_62_i_i_i', modules/calc/calc.cpp:24->modules/calc/calc.cpp:46) [83]  (5.89 ns)

 <State 31>: 5.89ns
The critical path consists of the following:
	'fexp' operation ('tmp_62_i_i_i', modules/calc/calc.cpp:24->modules/calc/calc.cpp:46) [83]  (5.89 ns)

 <State 32>: 5.89ns
The critical path consists of the following:
	'fexp' operation ('tmp_62_i_i_i', modules/calc/calc.cpp:24->modules/calc/calc.cpp:46) [83]  (5.89 ns)

 <State 33>: 5.89ns
The critical path consists of the following:
	'fexp' operation ('tmp_62_i_i_i', modules/calc/calc.cpp:24->modules/calc/calc.cpp:46) [83]  (5.89 ns)

 <State 34>: 5.89ns
The critical path consists of the following:
	'fexp' operation ('tmp_62_i_i_i', modules/calc/calc.cpp:24->modules/calc/calc.cpp:46) [83]  (5.89 ns)

 <State 35>: 5.89ns
The critical path consists of the following:
	'fexp' operation ('tmp_62_i_i_i', modules/calc/calc.cpp:24->modules/calc/calc.cpp:46) [83]  (5.89 ns)

 <State 36>: 5.89ns
The critical path consists of the following:
	'fexp' operation ('tmp_62_2_i_i_i', modules/calc/calc.cpp:24->modules/calc/calc.cpp:46) [91]  (5.89 ns)

 <State 37>: 5.7ns
The critical path consists of the following:
	'fmul' operation ('tmp.data[0]', modules/calc/calc.cpp:24->modules/calc/calc.cpp:46) [84]  (5.7 ns)

 <State 38>: 5.7ns
The critical path consists of the following:
	'fmul' operation ('tmp.data[0]', modules/calc/calc.cpp:24->modules/calc/calc.cpp:46) [84]  (5.7 ns)

 <State 39>: 5.7ns
The critical path consists of the following:
	'fmul' operation ('tmp.data[0]', modules/calc/calc.cpp:24->modules/calc/calc.cpp:46) [84]  (5.7 ns)

 <State 40>: 5.7ns
The critical path consists of the following:
	'fmul' operation ('tmp.data[2]', modules/calc/calc.cpp:24->modules/calc/calc.cpp:46) [92]  (5.7 ns)

 <State 41>: 3ns
The critical path consists of the following:
	fifo write on port 'V_V_data_0' (modules/calc/calc.cpp:18->modules/calc/calc.cpp:45) [80]  (3 ns)

 <State 42>: 0ns
The critical path consists of the following:


============================================================
+ Verbose Summary: Binding
============================================================
N/A
* FSMD analyzer results:
  - Output states:
 - Input state : 
  - Chain level:
	State 1
	State 2
	State 3
	State 4
	State 5
	State 6
	State 7
	State 8
	State 9
	State 10
	State 11
	State 12
	State 13
	State 14
	State 15
	State 16
	State 17
	State 18
	State 19
	State 20
	State 21
	State 22
	State 23
	State 24
	State 25
	State 26
	State 27
	State 28
	State 29
	State 30
	State 31
	State 32
	State 33
	State 34
	State 35
	State 36
	State 37
	State 38
	State 39
	State 40
	State 41
	State 42


============================================================
+ Verbose Summary: Datapath Resource usage 
============================================================
N/A
