

================================================================
== Vivado HLS Report for 'execute_entry195'
================================================================
* Date:           Sat Jan 11 14:24:30 2020

* Version:        2018.3 (Build 2405991 on Thu Dec 06 23:56:15 MST 2018)
* Project:        IP_latest_2020_Enero
* Solution:       solution1
* Product family: zynq
* Target device:  xc7z020clg484-1


================================================================
== Performance Estimates
================================================================
+ Timing (ns): 
    * Summary: 
    +--------+-------+----------+------------+
    |  Clock | Target| Estimated| Uncertainty|
    +--------+-------+----------+------------+
    |ap_clk  |  10.00|     3.000|        4.00|
    +--------+-------+----------+------------+

+ Latency (clock cycles): 
    * Summary: 
    +-----+-----+-----+-----+---------+
    |  Latency  |  Interval | Pipeline|
    | min | max | min | max |   Type  |
    +-----+-----+-----+-----+---------+
    |    0|    0|    0|    0|   none  |
    +-----+-----+-----+-----+---------+

    + Detail: 
        * Instance: 
        N/A

        * Loop: 
        N/A

============================================================
+ Verbose Summary: Synthesis Manager
============================================================
InlineROM: 1
ExposeGlobal: 0
============================================================
+ Verbose Summary: CDFG Model
============================================================
IsTopModel: 0
ResetActiveHigh: 1
IsCombinational: 2
IsDatapathOnly: 0
HasWiredReturn: 1
HasMFsm: 0
HasVarLatency: 0
IsPipeline: 0
IsRtlPipelined: 0
IsInstanceOverlapped: 0
IsDontTouch: 0
HasImplIP: 0
IsGatedGlobalClock: 0


============================================================
+ Verbose Summary: Schedule
============================================================
* Number of FSM states : 1
* Pipeline : 0
* Dataflow Pipeline: 0

* FSM state transitions: 
1 --> 

* FSM state operations: 

State 1 <SV = 0> <Delay = 3.00>
ST_1 : Operation 2 [1/1] (0.00ns)   --->   "call void (...)* @_ssdm_op_SpecInterface(i27* %simConfig_rowBegin_V_out, [8 x i8]* @ap_fifo_str, i32 0, i32 0, [1 x i8]* @p_str, i32 0, i32 0, [1 x i8]* @p_str, [1 x i8]* @p_str, [1 x i8]* @p_str, i32 2, i32 2, i32 16, i32 16, [1 x i8]* @p_str, [11 x i8]* @ScalarProp_str)"   --->   Operation 2 'specinterface' <Predicate = true> <Delay = 0.00>
ST_1 : Operation 3 [1/1] (0.00ns)   --->   "%size_read = call i32 @_ssdm_op_Read.ap_auto.i32(i32 %size)"   --->   Operation 3 'read' 'size_read' <Predicate = true> <Delay = 0.00>
ST_1 : Operation 4 [1/1] (0.00ns)   --->   "%p_read_1 = call i27 @_ssdm_op_Read.ap_auto.i27(i27 %p_read3)"   --->   Operation 4 'read' 'p_read_1' <Predicate = true> <Delay = 0.00>
ST_1 : Operation 5 [1/1] (0.00ns)   --->   "%p_read_2 = call i27 @_ssdm_op_Read.ap_auto.i27(i27 %p_read2)"   --->   Operation 5 'read' 'p_read_2' <Predicate = true> <Delay = 0.00>
ST_1 : Operation 6 [1/1] (0.00ns)   --->   "%p_read_3 = call i27 @_ssdm_op_Read.ap_auto.i27(i27 %p_read1)"   --->   Operation 6 'read' 'p_read_3' <Predicate = true> <Delay = 0.00>
ST_1 : Operation 7 [1/1] (0.00ns)   --->   "%p_read_4 = call i27 @_ssdm_op_Read.ap_auto.i27(i27 %p_read)"   --->   Operation 7 'read' 'p_read_4' <Predicate = true> <Delay = 0.00>
ST_1 : Operation 8 [1/1] (3.00ns)   --->   "call void @_ssdm_op_Write.ap_fifo.i27P(i27* %simConfig_rowBegin_V_out, i27 %p_read_4)"   --->   Operation 8 'write' <Predicate = true> <Delay = 3.00> <Core = "FIFO_SRL">   --->   Core 36 'FIFO_SRL' <Latency = 0> <II = 1> <Delay = 3.63> <Storage> <Opcode : 'read' 'write' 'nbread' 'nbwrite'> <Ports = 0> <Width = 32> <Depth = 2> <FIFO>
ST_1 : Operation 9 [1/1] (0.00ns)   --->   "call void (...)* @_ssdm_op_SpecInterface(i27* %simConfig_rowEnd_V_out, [8 x i8]* @ap_fifo_str, i32 0, i32 0, [1 x i8]* @p_str, i32 0, i32 0, [1 x i8]* @p_str, [1 x i8]* @p_str, [1 x i8]* @p_str, i32 2, i32 2, i32 16, i32 16, [1 x i8]* @p_str, [11 x i8]* @ScalarProp_str)"   --->   Operation 9 'specinterface' <Predicate = true> <Delay = 0.00>
ST_1 : Operation 10 [1/1] (3.00ns)   --->   "call void @_ssdm_op_Write.ap_fifo.i27P(i27* %simConfig_rowEnd_V_out, i27 %p_read_3)"   --->   Operation 10 'write' <Predicate = true> <Delay = 3.00> <Core = "FIFO_SRL">   --->   Core 36 'FIFO_SRL' <Latency = 0> <II = 1> <Delay = 3.63> <Storage> <Opcode : 'read' 'write' 'nbread' 'nbwrite'> <Ports = 0> <Width = 32> <Depth = 2> <FIFO>
ST_1 : Operation 11 [1/1] (0.00ns)   --->   "call void (...)* @_ssdm_op_SpecInterface(i27* %simConfig_rowsToSimulate_V_out, [8 x i8]* @ap_fifo_str, i32 0, i32 0, [1 x i8]* @p_str, i32 0, i32 0, [1 x i8]* @p_str, [1 x i8]* @p_str, [1 x i8]* @p_str, i32 2, i32 2, i32 16, i32 16, [1 x i8]* @p_str, [11 x i8]* @ScalarProp_str)"   --->   Operation 11 'specinterface' <Predicate = true> <Delay = 0.00>
ST_1 : Operation 12 [1/1] (3.00ns)   --->   "call void @_ssdm_op_Write.ap_fifo.i27P(i27* %simConfig_rowsToSimulate_V_out, i27 %p_read_2)"   --->   Operation 12 'write' <Predicate = true> <Delay = 3.00> <Core = "FIFO_SRL">   --->   Core 36 'FIFO_SRL' <Latency = 0> <II = 1> <Delay = 3.63> <Storage> <Opcode : 'read' 'write' 'nbread' 'nbwrite'> <Ports = 0> <Width = 32> <Depth = 2> <FIFO>
ST_1 : Operation 13 [1/1] (0.00ns)   --->   "call void (...)* @_ssdm_op_SpecInterface(i27* %simConfig_rowsToSimulate_V_out1, [8 x i8]* @ap_fifo_str, i32 0, i32 0, [1 x i8]* @p_str, i32 0, i32 0, [1 x i8]* @p_str, [1 x i8]* @p_str, [1 x i8]* @p_str, i32 2, i32 2, i32 16, i32 16, [1 x i8]* @p_str, [11 x i8]* @ScalarProp_str)"   --->   Operation 13 'specinterface' <Predicate = true> <Delay = 0.00>
ST_1 : Operation 14 [1/1] (3.00ns)   --->   "call void @_ssdm_op_Write.ap_fifo.i27P(i27* %simConfig_rowsToSimulate_V_out1, i27 %p_read_2)"   --->   Operation 14 'write' <Predicate = true> <Delay = 3.00> <Core = "FIFO_SRL">   --->   Core 36 'FIFO_SRL' <Latency = 0> <II = 1> <Delay = 3.63> <Storage> <Opcode : 'read' 'write' 'nbread' 'nbwrite'> <Ports = 0> <Width = 32> <Depth = 2> <FIFO>
ST_1 : Operation 15 [1/1] (0.00ns)   --->   "call void (...)* @_ssdm_op_SpecInterface(i27* %simConfig_BLOCK_NUMBERS_V_out, [8 x i8]* @ap_fifo_str, i32 0, i32 0, [1 x i8]* @p_str, i32 0, i32 0, [1 x i8]* @p_str, [1 x i8]* @p_str, [1 x i8]* @p_str, i32 2, i32 2, i32 16, i32 16, [1 x i8]* @p_str, [11 x i8]* @ScalarProp_str)"   --->   Operation 15 'specinterface' <Predicate = true> <Delay = 0.00>
ST_1 : Operation 16 [1/1] (3.00ns)   --->   "call void @_ssdm_op_Write.ap_fifo.i27P(i27* %simConfig_BLOCK_NUMBERS_V_out, i27 %p_read_1)"   --->   Operation 16 'write' <Predicate = true> <Delay = 3.00> <Core = "FIFO_SRL">   --->   Core 36 'FIFO_SRL' <Latency = 0> <II = 1> <Delay = 3.63> <Storage> <Opcode : 'read' 'write' 'nbread' 'nbwrite'> <Ports = 0> <Width = 32> <Depth = 2> <FIFO>
ST_1 : Operation 17 [1/1] (0.00ns)   --->   "call void (...)* @_ssdm_op_SpecInterface(i27* %simConfig_BLOCK_NUMBERS_V_out2, [8 x i8]* @ap_fifo_str, i32 0, i32 0, [1 x i8]* @p_str, i32 0, i32 0, [1 x i8]* @p_str, [1 x i8]* @p_str, [1 x i8]* @p_str, i32 2, i32 2, i32 16, i32 16, [1 x i8]* @p_str, [11 x i8]* @ScalarProp_str)"   --->   Operation 17 'specinterface' <Predicate = true> <Delay = 0.00>
ST_1 : Operation 18 [1/1] (3.00ns)   --->   "call void @_ssdm_op_Write.ap_fifo.i27P(i27* %simConfig_BLOCK_NUMBERS_V_out2, i27 %p_read_1)"   --->   Operation 18 'write' <Predicate = true> <Delay = 3.00> <Core = "FIFO_SRL">   --->   Core 36 'FIFO_SRL' <Latency = 0> <II = 1> <Delay = 3.63> <Storage> <Opcode : 'read' 'write' 'nbread' 'nbwrite'> <Ports = 0> <Width = 32> <Depth = 2> <FIFO>
ST_1 : Operation 19 [1/1] (0.00ns)   --->   "call void (...)* @_ssdm_op_SpecInterface(i32* %size_out, [8 x i8]* @ap_fifo_str, i32 0, i32 0, [1 x i8]* @p_str, i32 0, i32 0, [1 x i8]* @p_str, [1 x i8]* @p_str, [1 x i8]* @p_str, i32 2, i32 2, i32 16, i32 16, [1 x i8]* @p_str, [11 x i8]* @ScalarProp_str)"   --->   Operation 19 'specinterface' <Predicate = true> <Delay = 0.00>
ST_1 : Operation 20 [1/1] (3.00ns)   --->   "call void @_ssdm_op_Write.ap_fifo.i32P(i32* %size_out, i32 %size_read)"   --->   Operation 20 'write' <Predicate = true> <Delay = 3.00> <Core = "FIFO_SRL">   --->   Core 36 'FIFO_SRL' <Latency = 0> <II = 1> <Delay = 3.63> <Storage> <Opcode : 'read' 'write' 'nbread' 'nbwrite'> <Ports = 0> <Width = 32> <Depth = 2> <FIFO>
ST_1 : Operation 21 [1/1] (0.00ns)   --->   "call void (...)* @_ssdm_op_SpecInterface(i32* %size_out3, [8 x i8]* @ap_fifo_str, i32 0, i32 0, [1 x i8]* @p_str, i32 0, i32 0, [1 x i8]* @p_str, [1 x i8]* @p_str, [1 x i8]* @p_str, i32 2, i32 2, i32 16, i32 16, [1 x i8]* @p_str, [11 x i8]* @ScalarProp_str)"   --->   Operation 21 'specinterface' <Predicate = true> <Delay = 0.00>
ST_1 : Operation 22 [1/1] (3.00ns)   --->   "call void @_ssdm_op_Write.ap_fifo.i32P(i32* %size_out3, i32 %size_read)"   --->   Operation 22 'write' <Predicate = true> <Delay = 3.00> <Core = "FIFO_SRL">   --->   Core 36 'FIFO_SRL' <Latency = 0> <II = 1> <Delay = 3.63> <Storage> <Opcode : 'read' 'write' 'nbread' 'nbwrite'> <Ports = 0> <Width = 32> <Depth = 2> <FIFO>
ST_1 : Operation 23 [1/1] (0.00ns)   --->   "ret void"   --->   Operation 23 'ret' <Predicate = true> <Delay = 0.00>


============================================================
+ Verbose Summary: Binding
============================================================
STG Binding: 
---------------- STG Properties BEGIN ----------------
- Is combinational: 0
- Is one-state seq: 1
- Is datapath-only: 0
- Is pipelined: 0
- Is top level: 0
Port [ Return ] is wired: 1; IO mode=ap_ctrl_hs:ce=0
Port [ p_read]:  wired=1; compound=0; hidden=0; nouse=0; global=0; static=0; extern=0; dir=0; type=0; pingpong=0; private_global=0; IO mode=ap_none:ce=0
Port [ p_read1]:  wired=1; compound=0; hidden=0; nouse=0; global=0; static=0; extern=0; dir=0; type=0; pingpong=0; private_global=0; IO mode=ap_none:ce=0
Port [ p_read2]:  wired=1; compound=0; hidden=0; nouse=0; global=0; static=0; extern=0; dir=0; type=0; pingpong=0; private_global=0; IO mode=ap_none:ce=0
Port [ p_read3]:  wired=1; compound=0; hidden=0; nouse=0; global=0; static=0; extern=0; dir=0; type=0; pingpong=0; private_global=0; IO mode=ap_none:ce=0
Port [ size]:  wired=1; compound=0; hidden=0; nouse=0; global=0; static=0; extern=0; dir=0; type=0; pingpong=0; private_global=0; IO mode=ap_none:ce=0
Port [ simConfig_rowBegin_V_out]:  wired=1; compound=1; hidden=0; nouse=0; global=0; static=0; extern=0; dir=1; type=3; pingpong=0; private_global=0; IO mode=ap_fifo:ce=0
Port [ simConfig_rowEnd_V_out]:  wired=1; compound=1; hidden=0; nouse=0; global=0; static=0; extern=0; dir=1; type=3; pingpong=0; private_global=0; IO mode=ap_fifo:ce=0
Port [ simConfig_rowsToSimulate_V_out]:  wired=1; compound=1; hidden=0; nouse=0; global=0; static=0; extern=0; dir=1; type=3; pingpong=0; private_global=0; IO mode=ap_fifo:ce=0
Port [ simConfig_rowsToSimulate_V_out1]:  wired=1; compound=1; hidden=0; nouse=0; global=0; static=0; extern=0; dir=1; type=3; pingpong=0; private_global=0; IO mode=ap_fifo:ce=0
Port [ simConfig_BLOCK_NUMBERS_V_out]:  wired=1; compound=1; hidden=0; nouse=0; global=0; static=0; extern=0; dir=1; type=3; pingpong=0; private_global=0; IO mode=ap_fifo:ce=0
Port [ simConfig_BLOCK_NUMBERS_V_out2]:  wired=1; compound=1; hidden=0; nouse=0; global=0; static=0; extern=0; dir=1; type=3; pingpong=0; private_global=0; IO mode=ap_fifo:ce=0
Port [ size_out]:  wired=1; compound=1; hidden=0; nouse=0; global=0; static=0; extern=0; dir=1; type=3; pingpong=0; private_global=0; IO mode=ap_fifo:ce=0
Port [ size_out3]:  wired=1; compound=1; hidden=0; nouse=0; global=0; static=0; extern=0; dir=1; type=3; pingpong=0; private_global=0; IO mode=ap_fifo:ce=0
---------------- STG Properties END ------------------

---------------- Datapath Model BEGIN ----------------

<LifeTime>
<method=bitvector/>
StgValue_2  (specinterface) [ 00]
size_read   (read         ) [ 00]
p_read_1    (read         ) [ 00]
p_read_2    (read         ) [ 00]
p_read_3    (read         ) [ 00]
p_read_4    (read         ) [ 00]
StgValue_8  (write        ) [ 00]
StgValue_9  (specinterface) [ 00]
StgValue_10 (write        ) [ 00]
StgValue_11 (specinterface) [ 00]
StgValue_12 (write        ) [ 00]
StgValue_13 (specinterface) [ 00]
StgValue_14 (write        ) [ 00]
StgValue_15 (specinterface) [ 00]
StgValue_16 (write        ) [ 00]
StgValue_17 (specinterface) [ 00]
StgValue_18 (write        ) [ 00]
StgValue_19 (specinterface) [ 00]
StgValue_20 (write        ) [ 00]
StgValue_21 (specinterface) [ 00]
StgValue_22 (write        ) [ 00]
StgValue_23 (ret          ) [ 00]
</LifeTime>

<model>

<comp_list>
<comp id="0" class="1000" name="p_read">
<pin_list>
<pin id="1" dir="1" index="0" bw="1" slack="0"/>
</pin_list>
<bind>
<StgValue><ssdm name="p_read"/></StgValue>
</bind>
</comp>

<comp id="2" class="1000" name="p_read1">
<pin_list>
<pin id="3" dir="1" index="0" bw="1" slack="0"/>
</pin_list>
<bind>
<StgValue><ssdm name="p_read1"/></StgValue>
</bind>
</comp>

<comp id="4" class="1000" name="p_read2">
<pin_list>
<pin id="5" dir="1" index="0" bw="1" slack="0"/>
</pin_list>
<bind>
<StgValue><ssdm name="p_read2"/></StgValue>
</bind>
</comp>

<comp id="6" class="1000" name="p_read3">
<pin_list>
<pin id="7" dir="1" index="0" bw="1" slack="0"/>
</pin_list>
<bind>
<StgValue><ssdm name="p_read3"/></StgValue>
</bind>
</comp>

<comp id="8" class="1000" name="size">
<pin_list>
<pin id="9" dir="1" index="0" bw="1" slack="0"/>
</pin_list>
<bind>
<StgValue><ssdm name="size"/></StgValue>
</bind>
</comp>

<comp id="10" class="1000" name="simConfig_rowBegin_V_out">
<pin_list>
<pin id="11" dir="1" index="0" bw="1" slack="0"/>
</pin_list>
<bind>
<StgValue><ssdm name="simConfig_rowBegin_V_out"/></StgValue>
</bind>
</comp>

<comp id="12" class="1000" name="simConfig_rowEnd_V_out">
<pin_list>
<pin id="13" dir="1" index="0" bw="1" slack="0"/>
</pin_list>
<bind>
<StgValue><ssdm name="simConfig_rowEnd_V_out"/></StgValue>
</bind>
</comp>

<comp id="14" class="1000" name="simConfig_rowsToSimulate_V_out">
<pin_list>
<pin id="15" dir="1" index="0" bw="1" slack="0"/>
</pin_list>
<bind>
<StgValue><ssdm name="simConfig_rowsToSimulate_V_out"/></StgValue>
</bind>
</comp>

<comp id="16" class="1000" name="simConfig_rowsToSimulate_V_out1">
<pin_list>
<pin id="17" dir="1" index="0" bw="1" slack="0"/>
</pin_list>
<bind>
<StgValue><ssdm name="simConfig_rowsToSimulate_V_out1"/></StgValue>
</bind>
</comp>

<comp id="18" class="1000" name="simConfig_BLOCK_NUMBERS_V_out">
<pin_list>
<pin id="19" dir="1" index="0" bw="1" slack="0"/>
</pin_list>
<bind>
<StgValue><ssdm name="simConfig_BLOCK_NUMBERS_V_out"/></StgValue>
</bind>
</comp>

<comp id="20" class="1000" name="simConfig_BLOCK_NUMBERS_V_out2">
<pin_list>
<pin id="21" dir="1" index="0" bw="1" slack="0"/>
</pin_list>
<bind>
<StgValue><ssdm name="simConfig_BLOCK_NUMBERS_V_out2"/></StgValue>
</bind>
</comp>

<comp id="22" class="1000" name="size_out">
<pin_list>
<pin id="23" dir="1" index="0" bw="1" slack="0"/>
</pin_list>
<bind>
<StgValue><ssdm name="size_out"/></StgValue>
</bind>
</comp>

<comp id="24" class="1000" name="size_out3">
<pin_list>
<pin id="25" dir="1" index="0" bw="1" slack="0"/>
</pin_list>
<bind>
<StgValue><ssdm name="size_out3"/></StgValue>
</bind>
</comp>

<comp id="26" class="1001" name="const_26">
<pin_list>
<pin id="27" dir="1" index="0" bw="1" slack="2147483647"/>
</pin_list>
<bind>
<StgValue><ssdm name="_ssdm_op_SpecInterface"/></StgValue>
</bind>
</comp>

<comp id="28" class="1001" name="const_28">
<pin_list>
<pin id="29" dir="1" index="0" bw="1" slack="2147483647"/>
</pin_list>
<bind>
<StgValue><ssdm name="ap_fifo_str"/></StgValue>
</bind>
</comp>

<comp id="30" class="1001" name="const_30">
<pin_list>
<pin id="31" dir="1" index="0" bw="1" slack="2147483647"/>
</pin_list>
<bind>
<StgValue><ssdm name=""/></StgValue>
</bind>
</comp>

<comp id="32" class="1001" name="const_32">
<pin_list>
<pin id="33" dir="1" index="0" bw="1" slack="2147483647"/>
</pin_list>
<bind>
<StgValue><ssdm name="p_str"/></StgValue>
</bind>
</comp>

<comp id="34" class="1001" name="const_34">
<pin_list>
<pin id="35" dir="1" index="0" bw="1" slack="2147483647"/>
</pin_list>
<bind>
<StgValue><ssdm name=""/></StgValue>
</bind>
</comp>

<comp id="36" class="1001" name="const_36">
<pin_list>
<pin id="37" dir="1" index="0" bw="1" slack="2147483647"/>
</pin_list>
<bind>
<StgValue><ssdm name=""/></StgValue>
</bind>
</comp>

<comp id="38" class="1001" name="const_38">
<pin_list>
<pin id="39" dir="1" index="0" bw="1" slack="2147483647"/>
</pin_list>
<bind>
<StgValue><ssdm name="ScalarProp_str"/></StgValue>
</bind>
</comp>

<comp id="40" class="1001" name="const_40">
<pin_list>
<pin id="41" dir="1" index="0" bw="1" slack="0"/>
</pin_list>
<bind>
<StgValue><ssdm name="_ssdm_op_Read.ap_auto.i32"/></StgValue>
</bind>
</comp>

<comp id="42" class="1001" name="const_42">
<pin_list>
<pin id="43" dir="1" index="0" bw="1" slack="0"/>
</pin_list>
<bind>
<StgValue><ssdm name="_ssdm_op_Read.ap_auto.i27"/></StgValue>
</bind>
</comp>

<comp id="44" class="1001" name="const_44">
<pin_list>
<pin id="45" dir="1" index="0" bw="1" slack="0"/>
</pin_list>
<bind>
<StgValue><ssdm name="_ssdm_op_Write.ap_fifo.i27P"/></StgValue>
</bind>
</comp>

<comp id="46" class="1001" name="const_46">
<pin_list>
<pin id="47" dir="1" index="0" bw="1" slack="0"/>
</pin_list>
<bind>
<StgValue><ssdm name="_ssdm_op_Write.ap_fifo.i32P"/></StgValue>
</bind>
</comp>

<comp id="48" class="1004" name="size_read_read_fu_48">
<pin_list>
<pin id="49" dir="0" index="0" bw="32" slack="0"/>
<pin id="50" dir="0" index="1" bw="32" slack="0"/>
<pin id="51" dir="1" index="2" bw="32" slack="0"/>
</pin_list>
<bind>
<opcode="read(1150) " fcode="read"/>
<opset="size_read/1 "/>
</bind>
</comp>

<comp id="54" class="1004" name="p_read_1_read_fu_54">
<pin_list>
<pin id="55" dir="0" index="0" bw="27" slack="0"/>
<pin id="56" dir="0" index="1" bw="27" slack="0"/>
<pin id="57" dir="1" index="2" bw="27" slack="0"/>
</pin_list>
<bind>
<opcode="read(1150) " fcode="read"/>
<opset="p_read_1/1 "/>
</bind>
</comp>

<comp id="60" class="1004" name="p_read_2_read_fu_60">
<pin_list>
<pin id="61" dir="0" index="0" bw="27" slack="0"/>
<pin id="62" dir="0" index="1" bw="27" slack="0"/>
<pin id="63" dir="1" index="2" bw="27" slack="0"/>
</pin_list>
<bind>
<opcode="read(1150) " fcode="read"/>
<opset="p_read_2/1 "/>
</bind>
</comp>

<comp id="66" class="1004" name="p_read_3_read_fu_66">
<pin_list>
<pin id="67" dir="0" index="0" bw="27" slack="0"/>
<pin id="68" dir="0" index="1" bw="27" slack="0"/>
<pin id="69" dir="1" index="2" bw="27" slack="0"/>
</pin_list>
<bind>
<opcode="read(1150) " fcode="read"/>
<opset="p_read_3/1 "/>
</bind>
</comp>

<comp id="72" class="1004" name="p_read_4_read_fu_72">
<pin_list>
<pin id="73" dir="0" index="0" bw="27" slack="0"/>
<pin id="74" dir="0" index="1" bw="27" slack="0"/>
<pin id="75" dir="1" index="2" bw="27" slack="0"/>
</pin_list>
<bind>
<opcode="read(1150) " fcode="read"/>
<opset="p_read_4/1 "/>
</bind>
</comp>

<comp id="78" class="1004" name="StgValue_8_write_fu_78">
<pin_list>
<pin id="79" dir="0" index="0" bw="0" slack="0"/>
<pin id="80" dir="0" index="1" bw="27" slack="0"/>
<pin id="81" dir="0" index="2" bw="27" slack="0"/>
<pin id="82" dir="1" index="3" bw="0" slack="2147483647"/>
</pin_list>
<bind>
<opcode="write(1151) " fcode="write"/>
<opset="StgValue_8/1 "/>
</bind>
</comp>

<comp id="86" class="1004" name="StgValue_10_write_fu_86">
<pin_list>
<pin id="87" dir="0" index="0" bw="0" slack="0"/>
<pin id="88" dir="0" index="1" bw="27" slack="0"/>
<pin id="89" dir="0" index="2" bw="27" slack="0"/>
<pin id="90" dir="1" index="3" bw="0" slack="2147483647"/>
</pin_list>
<bind>
<opcode="write(1151) " fcode="write"/>
<opset="StgValue_10/1 "/>
</bind>
</comp>

<comp id="94" class="1004" name="StgValue_12_write_fu_94">
<pin_list>
<pin id="95" dir="0" index="0" bw="0" slack="0"/>
<pin id="96" dir="0" index="1" bw="27" slack="0"/>
<pin id="97" dir="0" index="2" bw="27" slack="0"/>
<pin id="98" dir="1" index="3" bw="0" slack="2147483647"/>
</pin_list>
<bind>
<opcode="write(1151) " fcode="write"/>
<opset="StgValue_12/1 "/>
</bind>
</comp>

<comp id="102" class="1004" name="StgValue_14_write_fu_102">
<pin_list>
<pin id="103" dir="0" index="0" bw="0" slack="0"/>
<pin id="104" dir="0" index="1" bw="27" slack="0"/>
<pin id="105" dir="0" index="2" bw="27" slack="0"/>
<pin id="106" dir="1" index="3" bw="0" slack="2147483647"/>
</pin_list>
<bind>
<opcode="write(1151) " fcode="write"/>
<opset="StgValue_14/1 "/>
</bind>
</comp>

<comp id="110" class="1004" name="StgValue_16_write_fu_110">
<pin_list>
<pin id="111" dir="0" index="0" bw="0" slack="0"/>
<pin id="112" dir="0" index="1" bw="27" slack="0"/>
<pin id="113" dir="0" index="2" bw="27" slack="0"/>
<pin id="114" dir="1" index="3" bw="0" slack="2147483647"/>
</pin_list>
<bind>
<opcode="write(1151) " fcode="write"/>
<opset="StgValue_16/1 "/>
</bind>
</comp>

<comp id="118" class="1004" name="StgValue_18_write_fu_118">
<pin_list>
<pin id="119" dir="0" index="0" bw="0" slack="0"/>
<pin id="120" dir="0" index="1" bw="27" slack="0"/>
<pin id="121" dir="0" index="2" bw="27" slack="0"/>
<pin id="122" dir="1" index="3" bw="0" slack="2147483647"/>
</pin_list>
<bind>
<opcode="write(1151) " fcode="write"/>
<opset="StgValue_18/1 "/>
</bind>
</comp>

<comp id="126" class="1004" name="StgValue_20_write_fu_126">
<pin_list>
<pin id="127" dir="0" index="0" bw="0" slack="0"/>
<pin id="128" dir="0" index="1" bw="32" slack="0"/>
<pin id="129" dir="0" index="2" bw="32" slack="0"/>
<pin id="130" dir="1" index="3" bw="0" slack="2147483647"/>
</pin_list>
<bind>
<opcode="write(1151) " fcode="write"/>
<opset="StgValue_20/1 "/>
</bind>
</comp>

<comp id="134" class="1004" name="StgValue_22_write_fu_134">
<pin_list>
<pin id="135" dir="0" index="0" bw="0" slack="0"/>
<pin id="136" dir="0" index="1" bw="32" slack="0"/>
<pin id="137" dir="0" index="2" bw="32" slack="0"/>
<pin id="138" dir="1" index="3" bw="0" slack="2147483647"/>
</pin_list>
<bind>
<opcode="write(1151) " fcode="write"/>
<opset="StgValue_22/1 "/>
</bind>
</comp>

</comp_list>

<net_list>
<net id="52"><net_src comp="40" pin="0"/><net_sink comp="48" pin=0"/></net>

<net id="53"><net_src comp="8" pin="0"/><net_sink comp="48" pin=1"/></net>

<net id="58"><net_src comp="42" pin="0"/><net_sink comp="54" pin=0"/></net>

<net id="59"><net_src comp="6" pin="0"/><net_sink comp="54" pin=1"/></net>

<net id="64"><net_src comp="42" pin="0"/><net_sink comp="60" pin=0"/></net>

<net id="65"><net_src comp="4" pin="0"/><net_sink comp="60" pin=1"/></net>

<net id="70"><net_src comp="42" pin="0"/><net_sink comp="66" pin=0"/></net>

<net id="71"><net_src comp="2" pin="0"/><net_sink comp="66" pin=1"/></net>

<net id="76"><net_src comp="42" pin="0"/><net_sink comp="72" pin=0"/></net>

<net id="77"><net_src comp="0" pin="0"/><net_sink comp="72" pin=1"/></net>

<net id="83"><net_src comp="44" pin="0"/><net_sink comp="78" pin=0"/></net>

<net id="84"><net_src comp="10" pin="0"/><net_sink comp="78" pin=1"/></net>

<net id="85"><net_src comp="72" pin="2"/><net_sink comp="78" pin=2"/></net>

<net id="91"><net_src comp="44" pin="0"/><net_sink comp="86" pin=0"/></net>

<net id="92"><net_src comp="12" pin="0"/><net_sink comp="86" pin=1"/></net>

<net id="93"><net_src comp="66" pin="2"/><net_sink comp="86" pin=2"/></net>

<net id="99"><net_src comp="44" pin="0"/><net_sink comp="94" pin=0"/></net>

<net id="100"><net_src comp="14" pin="0"/><net_sink comp="94" pin=1"/></net>

<net id="101"><net_src comp="60" pin="2"/><net_sink comp="94" pin=2"/></net>

<net id="107"><net_src comp="44" pin="0"/><net_sink comp="102" pin=0"/></net>

<net id="108"><net_src comp="16" pin="0"/><net_sink comp="102" pin=1"/></net>

<net id="109"><net_src comp="60" pin="2"/><net_sink comp="102" pin=2"/></net>

<net id="115"><net_src comp="44" pin="0"/><net_sink comp="110" pin=0"/></net>

<net id="116"><net_src comp="18" pin="0"/><net_sink comp="110" pin=1"/></net>

<net id="117"><net_src comp="54" pin="2"/><net_sink comp="110" pin=2"/></net>

<net id="123"><net_src comp="44" pin="0"/><net_sink comp="118" pin=0"/></net>

<net id="124"><net_src comp="20" pin="0"/><net_sink comp="118" pin=1"/></net>

<net id="125"><net_src comp="54" pin="2"/><net_sink comp="118" pin=2"/></net>

<net id="131"><net_src comp="46" pin="0"/><net_sink comp="126" pin=0"/></net>

<net id="132"><net_src comp="22" pin="0"/><net_sink comp="126" pin=1"/></net>

<net id="133"><net_src comp="48" pin="2"/><net_sink comp="126" pin=2"/></net>

<net id="139"><net_src comp="46" pin="0"/><net_sink comp="134" pin=0"/></net>

<net id="140"><net_src comp="24" pin="0"/><net_sink comp="134" pin=1"/></net>

<net id="141"><net_src comp="48" pin="2"/><net_sink comp="134" pin=2"/></net>

</net_list>

</model> 
---------------- Datapath Model END ------------------

* FSMD analyzer results:
  - Output states:
	Port: simConfig_rowBegin_V_out | {1 }
	Port: simConfig_rowEnd_V_out | {1 }
	Port: simConfig_rowsToSimulate_V_out | {1 }
	Port: simConfig_rowsToSimulate_V_out1 | {1 }
	Port: simConfig_BLOCK_NUMBERS_V_out | {1 }
	Port: simConfig_BLOCK_NUMBERS_V_out2 | {1 }
	Port: size_out | {1 }
	Port: size_out3 | {1 }
 - Input state : 
	Port: execute.entry195 : p_read | {1 }
	Port: execute.entry195 : p_read1 | {1 }
	Port: execute.entry195 : p_read2 | {1 }
	Port: execute.entry195 : p_read3 | {1 }
	Port: execute.entry195 : size | {1 }
  - Chain level:
	State 1


============================================================
+ Verbose Summary: Datapath Resource usage 
============================================================

* Functional unit list:
|----------|--------------------------|
| Operation|      Functional Unit     |
|----------|--------------------------|
|          |   size_read_read_fu_48   |
|          |    p_read_1_read_fu_54   |
|   read   |    p_read_2_read_fu_60   |
|          |    p_read_3_read_fu_66   |
|          |    p_read_4_read_fu_72   |
|----------|--------------------------|
|          |  StgValue_8_write_fu_78  |
|          |  StgValue_10_write_fu_86 |
|          |  StgValue_12_write_fu_94 |
|   write  | StgValue_14_write_fu_102 |
|          | StgValue_16_write_fu_110 |
|          | StgValue_18_write_fu_118 |
|          | StgValue_20_write_fu_126 |
|          | StgValue_22_write_fu_134 |
|----------|--------------------------|
|   Total  |                          |
|----------|--------------------------|

Memories:
N/A

* Register list:
N/A

* Multiplexer (MUX) list: 
|--------|------|------|------|--------|
|  Comp  |  Pin | Size |  BW  | S x BW |
|--------|------|------|------|--------|
|  Total |      |      |      |    0   |
|--------|------|------|------|--------|



* Summary:
+-----------+
|           |
+-----------+
|  Function |
|   Memory  |
|Multiplexer|
|  Register |
+-----------+
|   Total   |
+-----------+
