17:30:38 **** Build of project tutorial_1_bsp ****
make -k all 
Running Make include in ps7_cortexa9_0/libsrc/ddrps_v1_0/src
make -C ps7_cortexa9_0/libsrc/ddrps_v1_0/src -s include  "SHELL=/bin/sh" "COMPILER=arm-none-eabi-gcc" "ARCHIVER=arm-none-eabi-ar" "COMPILER_FLAGS=  -O2 -c" "EXTRA_COMPILER_FLAGS=-mcpu=cortex-a9 -mfpu=vfpv3 -mfloat-abi=hard -nostartfiles -g -Wall -Wextra -DUNDEFINE_FILE_OPS"
Running Make include in ps7_cortexa9_0/libsrc/sdps_v3_6/src
make -C ps7_cortexa9_0/libsrc/sdps_v3_6/src -s include  "SHELL=/bin/sh" "COMPILER=arm-none-eabi-gcc" "ARCHIVER=arm-none-eabi-ar" "COMPILER_FLAGS=  -O2 -c" "EXTRA_COMPILER_FLAGS=-mcpu=cortex-a9 -mfpu=vfpv3 -mfloat-abi=hard -nostartfiles -g -Wall -Wextra -DUNDEFINE_FILE_OPS"
Running Make include in ps7_cortexa9_0/libsrc/openamp_v1_5/src
make -C ps7_cortexa9_0/libsrc/openamp_v1_5/src -s include  "SHELL=/bin/sh" "COMPILER=arm-none-eabi-gcc" "ARCHIVER=arm-none-eabi-ar" "COMPILER_FLAGS=  -O2 -c" "EXTRA_COMPILER_FLAGS=-mcpu=cortex-a9 -mfpu=vfpv3 -mfloat-abi=hard -nostartfiles -g -Wall -Wextra -DUNDEFINE_FILE_OPS"
Running Make include in ps7_cortexa9_0/libsrc/standalone_v6_8/src
make -C ps7_cortexa9_0/libsrc/standalone_v6_8/src -s include  "SHELL=/bin/sh" "COMPILER=arm-none-eabi-gcc" "ARCHIVER=arm-none-eabi-ar" "COMPILER_FLAGS=  -O2 -c" "EXTRA_COMPILER_FLAGS=-mcpu=cortex-a9 -mfpu=vfpv3 -mfloat-abi=hard -nostartfiles -g -Wall -Wextra -DUNDEFINE_FILE_OPS"
Running Make include in ps7_cortexa9_0/libsrc/dmaps_v2_4/src
make -C ps7_cortexa9_0/libsrc/dmaps_v2_4/src -s include  "SHELL=/bin/sh" "COMPILER=arm-none-eabi-gcc" "ARCHIVER=arm-none-eabi-ar" "COMPILER_FLAGS=  -O2 -c" "EXTRA_COMPILER_FLAGS=-mcpu=cortex-a9 -mfpu=vfpv3 -mfloat-abi=hard -nostartfiles -g -Wall -Wextra -DUNDEFINE_FILE_OPS"
Running Make include in ps7_cortexa9_0/libsrc/cpu_cortexa9_v2_7/src
make -C ps7_cortexa9_0/libsrc/cpu_cortexa9_v2_7/src -s include  "SHELL=/bin/sh" "COMPILER=arm-none-eabi-gcc" "ARCHIVER=arm-none-eabi-ar" "COMPILER_FLAGS=  -O2 -c" "EXTRA_COMPILER_FLAGS=-mcpu=cortex-a9 -mfpu=vfpv3 -mfloat-abi=hard -nostartfiles -g -Wall -Wextra -DUNDEFINE_FILE_OPS"
Running Make include in ps7_cortexa9_0/libsrc/emacps_v3_8/src
make -C ps7_cortexa9_0/libsrc/emacps_v3_8/src -s include  "SHELL=/bin/sh" "COMPILER=arm-none-eabi-gcc" "ARCHIVER=arm-none-eabi-ar" "COMPILER_FLAGS=  -O2 -c" "EXTRA_COMPILER_FLAGS=-mcpu=cortex-a9 -mfpu=vfpv3 -mfloat-abi=hard -nostartfiles -g -Wall -Wextra -DUNDEFINE_FILE_OPS"
Running Make include in ps7_cortexa9_0/libsrc/ttcps_v3_7/src
make -C ps7_cortexa9_0/libsrc/ttcps_v3_7/src -s include  "SHELL=/bin/sh" "COMPILER=arm-none-eabi-gcc" "ARCHIVER=arm-none-eabi-ar" "COMPILER_FLAGS=  -O2 -c" "EXTRA_COMPILER_FLAGS=-mcpu=cortex-a9 -mfpu=vfpv3 -mfloat-abi=hard -nostartfiles -g -Wall -Wextra -DUNDEFINE_FILE_OPS"
Running Make include in ps7_cortexa9_0/libsrc/qspips_v3_5/src
make -C ps7_cortexa9_0/libsrc/qspips_v3_5/src -s include  "SHELL=/bin/sh" "COMPILER=arm-none-eabi-gcc" "ARCHIVER=arm-none-eabi-ar" "COMPILER_FLAGS=  -O2 -c" "EXTRA_COMPILER_FLAGS=-mcpu=cortex-a9 -mfpu=vfpv3 -mfloat-abi=hard -nostartfiles -g -Wall -Wextra -DUNDEFINE_FILE_OPS"
Running Make include in ps7_cortexa9_0/libsrc/scugic_v3_10/src
make -C ps7_cortexa9_0/libsrc/scugic_v3_10/src -s include  "SHELL=/bin/sh" "COMPILER=arm-none-eabi-gcc" "ARCHIVER=arm-none-eabi-ar" "COMPILER_FLAGS=  -O2 -c" "EXTRA_COMPILER_FLAGS=-mcpu=cortex-a9 -mfpu=vfpv3 -mfloat-abi=hard -nostartfiles -g -Wall -Wextra -DUNDEFINE_FILE_OPS"
Running Make include in ps7_cortexa9_0/libsrc/libmetal_v1_4/src
make -C ps7_cortexa9_0/libsrc/libmetal_v1_4/src -s include  "SHELL=/bin/sh" "COMPILER=arm-none-eabi-gcc" "ARCHIVER=arm-none-eabi-ar" "COMPILER_FLAGS=  -O2 -c" "EXTRA_COMPILER_FLAGS=-mcpu=cortex-a9 -mfpu=vfpv3 -mfloat-abi=hard -nostartfiles -g -Wall -Wextra -DUNDEFINE_FILE_OPS"
Running Make include in ps7_cortexa9_0/libsrc/xadcps_v2_3/src
make -C ps7_cortexa9_0/libsrc/xadcps_v2_3/src -s include  "SHELL=/bin/sh" "COMPILER=arm-none-eabi-gcc" "ARCHIVER=arm-none-eabi-ar" "COMPILER_FLAGS=  -O2 -c" "EXTRA_COMPILER_FLAGS=-mcpu=cortex-a9 -mfpu=vfpv3 -mfloat-abi=hard -nostartfiles -g -Wall -Wextra -DUNDEFINE_FILE_OPS"
Running Make include in ps7_cortexa9_0/libsrc/gpiops_v3_4/src
make -C ps7_cortexa9_0/libsrc/gpiops_v3_4/src -s include  "SHELL=/bin/sh" "COMPILER=arm-none-eabi-gcc" "ARCHIVER=arm-none-eabi-ar" "COMPILER_FLAGS=  -O2 -c" "EXTRA_COMPILER_FLAGS=-mcpu=cortex-a9 -mfpu=vfpv3 -mfloat-abi=hard -nostartfiles -g -Wall -Wextra -DUNDEFINE_FILE_OPS"
Running Make include in ps7_cortexa9_0/libsrc/scuwdt_v2_1/src
make -C ps7_cortexa9_0/libsrc/scuwdt_v2_1/src -s include  "SHELL=/bin/sh" "COMPILER=arm-none-eabi-gcc" "ARCHIVER=arm-none-eabi-ar" "COMPILER_FLAGS=  -O2 -c" "EXTRA_COMPILER_FLAGS=-mcpu=cortex-a9 -mfpu=vfpv3 -mfloat-abi=hard -nostartfiles -g -Wall -Wextra -DUNDEFINE_FILE_OPS"
Running Make include in ps7_cortexa9_0/libsrc/uartps_v3_7/src
make -C ps7_cortexa9_0/libsrc/uartps_v3_7/src -s include  "SHELL=/bin/sh" "COMPILER=arm-none-eabi-gcc" "ARCHIVER=arm-none-eabi-ar" "COMPILER_FLAGS=  -O2 -c" "EXTRA_COMPILER_FLAGS=-mcpu=cortex-a9 -mfpu=vfpv3 -mfloat-abi=hard -nostartfiles -g -Wall -Wextra -DUNDEFINE_FILE_OPS"
Running Make include in ps7_cortexa9_0/libsrc/devcfg_v3_5/src
make -C ps7_cortexa9_0/libsrc/devcfg_v3_5/src -s include  "SHELL=/bin/sh" "COMPILER=arm-none-eabi-gcc" "ARCHIVER=arm-none-eabi-ar" "COMPILER_FLAGS=  -O2 -c" "EXTRA_COMPILER_FLAGS=-mcpu=cortex-a9 -mfpu=vfpv3 -mfloat-abi=hard -nostartfiles -g -Wall -Wextra -DUNDEFINE_FILE_OPS"
Running Make include in ps7_cortexa9_0/libsrc/usbps_v2_4/src
arm-none-eabi-ar: creating ../../../lib/libxil.a
make -C ps7_cortexa9_0/libsrc/usbps_v2_4/src -s include  "SHELL=/bin/sh" "COMPILER=arm-none-eabi-gcc" "ARCHIVER=arm-none-eabi-ar" "COMPILER_FLAGS=  -O2 -c" "EXTRA_COMPILER_FLAGS=-mcpu=cortex-a9 -mfpu=vfpv3 -mfloat-abi=hard -nostartfiles -g -Wall -Wextra -DUNDEFINE_FILE_OPS"
Running Make include in ps7_cortexa9_0/libsrc/coresightps_dcc_v1_4/src
make -C ps7_cortexa9_0/libsrc/coresightps_dcc_v1_4/src -s include  "SHELL=/bin/sh" "COMPILER=arm-none-eabi-gcc" "ARCHIVER=arm-none-eabi-ar" "COMPILER_FLAGS=  -O2 -c" "EXTRA_COMPILER_FLAGS=-mcpu=cortex-a9 -mfpu=vfpv3 -mfloat-abi=hard -nostartfiles -g -Wall -Wextra -DUNDEFINE_FILE_OPS"
Running Make include in ps7_cortexa9_0/libsrc/scutimer_v2_1/src
make -C ps7_cortexa9_0/libsrc/scutimer_v2_1/src -s include  "SHELL=/bin/sh" "COMPILER=arm-none-eabi-gcc" "ARCHIVER=arm-none-eabi-ar" "COMPILER_FLAGS=  -O2 -c" "EXTRA_COMPILER_FLAGS=-mcpu=cortex-a9 -mfpu=vfpv3 -mfloat-abi=hard -nostartfiles -g -Wall -Wextra -DUNDEFINE_FILE_OPS"
Running Make libs in ps7_cortexa9_0/libsrc/ddrps_v1_0/src
make -C ps7_cortexa9_0/libsrc/ddrps_v1_0/src -s libs  "SHELL=/bin/sh" "COMPILER=arm-none-eabi-gcc" "ARCHIVER=arm-none-eabi-ar" "COMPILER_FLAGS=  -O2 -c" "EXTRA_COMPILER_FLAGS=-mcpu=cortex-a9 -mfpu=vfpv3 -mfloat-abi=hard -nostartfiles -g -Wall -Wextra -DUNDEFINE_FILE_OPS"
Compiling ddrps
Running Make libs in ps7_cortexa9_0/libsrc/sdps_v3_6/src
make -C ps7_cortexa9_0/libsrc/sdps_v3_6/src -s libs  "SHELL=/bin/sh" "COMPILER=arm-none-eabi-gcc" "ARCHIVER=arm-none-eabi-ar" "COMPILER_FLAGS=  -O2 -c" "EXTRA_COMPILER_FLAGS=-mcpu=cortex-a9 -mfpu=vfpv3 -mfloat-abi=hard -nostartfiles -g -Wall -Wextra -DUNDEFINE_FILE_OPS"
Compiling sdps
Running Make libs in ps7_cortexa9_0/libsrc/openamp_v1_5/src
make -C ps7_cortexa9_0/libsrc/openamp_v1_5/src -s libs  "SHELL=/bin/sh" "COMPILER=arm-none-eabi-gcc" "ARCHIVER=arm-none-eabi-ar" "COMPILER_FLAGS=  -O2 -c" "EXTRA_COMPILER_FLAGS=-mcpu=cortex-a9 -mfpu=vfpv3 -mfloat-abi=hard -nostartfiles -g -Wall -Wextra -DUNDEFINE_FILE_OPS"
Scanning dependencies of target open_amp-static
[ 10%] Building C object lib/CMakeFiles/open_amp-static.dir/virtio/virtio.c.obj
[ 20%] Building C object lib/CMakeFiles/open_amp-static.dir/virtio/virtqueue.c.obj
[ 30%] Building C object lib/CMakeFiles/open_amp-static.dir/rpmsg/rpmsg.c.obj
[ 40%] Building C object lib/CMakeFiles/open_amp-static.dir/rpmsg/rpmsg_virtio.c.obj
[ 50%] Building C object lib/CMakeFiles/open_amp-static.dir/remoteproc/elf_loader.c.obj
[ 60%] Building C object lib/CMakeFiles/open_amp-static.dir/remoteproc/remoteproc.c.obj
[ 70%] Building C object lib/CMakeFiles/open_amp-static.dir/remoteproc/remoteproc_virtio.c.obj
[ 80%] Building C object lib/CMakeFiles/open_amp-static.dir/remoteproc/rsc_table_parser.c.obj
[ 90%] Building C object lib/CMakeFiles/open_amp-static.dir/proxy/rpmsg_retarget.c.obj
[100%] Linking C static library libopen_amp.a
/opt/vivado2018/SDK/2018.3/gnu/aarch32/lin/gcc-arm-none-eabi/bin/arm-none-eabi-ar cq libopen_amp.a  CMakeFiles/open_amp-static.dir/virtio/virtio.c.obj CMakeFiles/open_amp-static.dir/virtio/virtqueue.c.obj CMakeFiles/open_amp-static.dir/rpmsg/rpmsg.c.obj CMakeFiles/open_amp-static.dir/rpmsg/rpmsg_virtio.c.obj CMakeFiles/open_amp-static.dir/remoteproc/elf_loader.c.obj CMakeFiles/open_amp-static.dir/remoteproc/remoteproc.c.obj CMakeFiles/open_amp-static.dir/remoteproc/remoteproc_virtio.c.obj CMakeFiles/open_amp-static.dir/remoteproc/rsc_table_parser.c.obj CMakeFiles/open_amp-static.dir/proxy/rpmsg_retarget.c.obj
/opt/vivado2018/SDK/2018.3/gnu/aarch32/lin/gcc-arm-none-eabi/bin/arm-none-eabi-ranlib libopen_amp.a
[100%] Built target open_amp-static
Install the project...
-- Install configuration: "Debug"
-- Installing: ../../../lib/libopen_amp.a
-- Up-to-date: ../../../include/openamp
-- Installing: ../../../include/openamp/compiler.h
-- Installing: ../../../include/openamp/rpmsg_retarget.h
-- Installing: ../../../include/openamp/rsc_table_parser.h
-- Installing: ../../../include/openamp/rpmsg.h
-- Installing: ../../../include/openamp/remoteproc_loader.h
-- Installing: ../../../include/openamp/virtio.h
-- Installing: ../../../include/openamp/elf_loader.h
-- Installing: ../../../include/openamp/remoteproc.h
-- Installing: ../../../include/openamp/rpmsg_virtio.h
-- Installing: ../../../include/openamp/open_amp.h
-- Installing: ../../../include/openamp/remoteproc_virtio.h
-- Installing: ../../../include/openamp/virtqueue.h
-- Installing: ../../../include/openamp/virtio_ring.h
Running Make libs in ps7_cortexa9_0/libsrc/standalone_v6_8/src
make -C ps7_cortexa9_0/libsrc/standalone_v6_8/src -s libs  "SHELL=/bin/sh" "COMPILER=arm-none-eabi-gcc" "ARCHIVER=arm-none-eabi-ar" "COMPILER_FLAGS=  -O2 -c" "EXTRA_COMPILER_FLAGS=-mcpu=cortex-a9 -mfpu=vfpv3 -mfloat-abi=hard -nostartfiles -g -Wall -Wextra -DUNDEFINE_FILE_OPS"
Compiling standalone
In file included from xtime_l.c:49:0:
xtime_l.h:87:9: note: #pragma message: For the sleep routines, Global timer is being used
 #pragma message ("For the sleep routines, Global timer is being used")
         ^~~~~~~
In file included from sleep.c:53:0:
xtime_l.h:87:9: note: #pragma message: For the sleep routines, Global timer is being used
 #pragma message ("For the sleep routines, Global timer is being used")
         ^~~~~~~
In file included from usleep.c:56:0:
xtime_l.h:87:9: note: #pragma message: For the sleep routines, Global timer is being used
 #pragma message ("For the sleep routines, Global timer is being used")
         ^~~~~~~
In file included from xil_sleeptimer.c:51:0:
xtime_l.h:87:9: note: #pragma message: For the sleep routines, Global timer is being used
 #pragma message ("For the sleep routines, Global timer is being used")
         ^~~~~~~
Running Make libs in ps7_cortexa9_0/libsrc/dmaps_v2_4/src
make -C ps7_cortexa9_0/libsrc/dmaps_v2_4/src -s libs  "SHELL=/bin/sh" "COMPILER=arm-none-eabi-gcc" "ARCHIVER=arm-none-eabi-ar" "COMPILER_FLAGS=  -O2 -c" "EXTRA_COMPILER_FLAGS=-mcpu=cortex-a9 -mfpu=vfpv3 -mfloat-abi=hard -nostartfiles -g -Wall -Wextra -DUNDEFINE_FILE_OPS"
Compiling dmaps
Running Make libs in ps7_cortexa9_0/libsrc/cpu_cortexa9_v2_7/src
make -C ps7_cortexa9_0/libsrc/cpu_cortexa9_v2_7/src -s libs  "SHELL=/bin/sh" "COMPILER=arm-none-eabi-gcc" "ARCHIVER=arm-none-eabi-ar" "COMPILER_FLAGS=  -O2 -c" "EXTRA_COMPILER_FLAGS=-mcpu=cortex-a9 -mfpu=vfpv3 -mfloat-abi=hard -nostartfiles -g -Wall -Wextra -DUNDEFINE_FILE_OPS"
Compiling cpu_cortexa9
Running Make libs in ps7_cortexa9_0/libsrc/emacps_v3_8/src
make -C ps7_cortexa9_0/libsrc/emacps_v3_8/src -s libs  "SHELL=/bin/sh" "COMPILER=arm-none-eabi-gcc" "ARCHIVER=arm-none-eabi-ar" "COMPILER_FLAGS=  -O2 -c" "EXTRA_COMPILER_FLAGS=-mcpu=cortex-a9 -mfpu=vfpv3 -mfloat-abi=hard -nostartfiles -g -Wall -Wextra -DUNDEFINE_FILE_OPS"
Compiling emacps
Running Make libs in ps7_cortexa9_0/libsrc/ttcps_v3_7/src
make -C ps7_cortexa9_0/libsrc/ttcps_v3_7/src -s libs  "SHELL=/bin/sh" "COMPILER=arm-none-eabi-gcc" "ARCHIVER=arm-none-eabi-ar" "COMPILER_FLAGS=  -O2 -c" "EXTRA_COMPILER_FLAGS=-mcpu=cortex-a9 -mfpu=vfpv3 -mfloat-abi=hard -nostartfiles -g -Wall -Wextra -DUNDEFINE_FILE_OPS"
Compiling ttcps
Running Make libs in ps7_cortexa9_0/libsrc/qspips_v3_5/src
make -C ps7_cortexa9_0/libsrc/qspips_v3_5/src -s libs  "SHELL=/bin/sh" "COMPILER=arm-none-eabi-gcc" "ARCHIVER=arm-none-eabi-ar" "COMPILER_FLAGS=  -O2 -c" "EXTRA_COMPILER_FLAGS=-mcpu=cortex-a9 -mfpu=vfpv3 -mfloat-abi=hard -nostartfiles -g -Wall -Wextra -DUNDEFINE_FILE_OPS"
Compiling qspips
Running Make libs in ps7_cortexa9_0/libsrc/scugic_v3_10/src
make -C ps7_cortexa9_0/libsrc/scugic_v3_10/src -s libs  "SHELL=/bin/sh" "COMPILER=arm-none-eabi-gcc" "ARCHIVER=arm-none-eabi-ar" "COMPILER_FLAGS=  -O2 -c" "EXTRA_COMPILER_FLAGS=-mcpu=cortex-a9 -mfpu=vfpv3 -mfloat-abi=hard -nostartfiles -g -Wall -Wextra -DUNDEFINE_FILE_OPS"
Compiling scugic
Running Make libs in ps7_cortexa9_0/libsrc/libmetal_v1_4/src
make -C ps7_cortexa9_0/libsrc/libmetal_v1_4/src -s libs  "SHELL=/bin/sh" "COMPILER=arm-none-eabi-gcc" "ARCHIVER=arm-none-eabi-ar" "COMPILER_FLAGS=  -O2 -c" "EXTRA_COMPILER_FLAGS=-mcpu=cortex-a9 -mfpu=vfpv3 -mfloat-abi=hard -nostartfiles -g -Wall -Wextra -DUNDEFINE_FILE_OPS"
Scanning dependencies of target metal-static
[  6%] Building C object lib/CMakeFiles/metal-static.dir/dma.c.obj
[ 12%] Building C object lib/CMakeFiles/metal-static.dir/device.c.obj
[ 18%] Building C object lib/CMakeFiles/metal-static.dir/init.c.obj
[ 25%] Building C object lib/CMakeFiles/metal-static.dir/io.c.obj
[ 31%] Building C object lib/CMakeFiles/metal-static.dir/log.c.obj
[ 37%] Building C object lib/CMakeFiles/metal-static.dir/shmem.c.obj
[ 43%] Building C object lib/CMakeFiles/metal-static.dir/version.c.obj
[ 50%] Building C object lib/CMakeFiles/metal-static.dir/system/generic/condition.c.obj
[ 56%] Building C object lib/CMakeFiles/metal-static.dir/system/generic/device.c.obj
[ 62%] Building C object lib/CMakeFiles/metal-static.dir/system/generic/init.c.obj
[ 68%] Building C object lib/CMakeFiles/metal-static.dir/system/generic/io.c.obj
[ 75%] Building C object lib/CMakeFiles/metal-static.dir/system/generic/irq.c.obj
[ 81%] Building C object lib/CMakeFiles/metal-static.dir/system/generic/shmem.c.obj
[ 87%] Building C object lib/CMakeFiles/metal-static.dir/system/generic/time.c.obj
[ 93%] Building C object lib/CMakeFiles/metal-static.dir/system/generic/zynq7/sys.c.obj
[100%] Linking C static library libmetal.a
/opt/vivado2018/SDK/2018.3/gnu/aarch32/lin/gcc-arm-none-eabi/bin/arm-none-eabi-ar cq libmetal.a  CMakeFiles/metal-static.dir/dma.c.obj CMakeFiles/metal-static.dir/device.c.obj CMakeFiles/metal-static.dir/init.c.obj CMakeFiles/metal-static.dir/io.c.obj CMakeFiles/metal-static.dir/log.c.obj CMakeFiles/metal-static.dir/shmem.c.obj CMakeFiles/metal-static.dir/version.c.obj CMakeFiles/metal-static.dir/system/generic/condition.c.obj CMakeFiles/metal-static.dir/system/generic/device.c.obj CMakeFiles/metal-static.dir/system/generic/init.c.obj CMakeFiles/metal-static.dir/system/generic/io.c.obj CMakeFiles/metal-static.dir/system/generic/irq.c.obj CMakeFiles/metal-static.dir/system/generic/shmem.c.obj CMakeFiles/metal-static.dir/system/generic/time.c.obj CMakeFiles/metal-static.dir/system/generic/zynq7/sys.c.obj
/opt/vivado2018/SDK/2018.3/gnu/aarch32/lin/gcc-arm-none-eabi/bin/arm-none-eabi-ranlib libmetal.a
[100%] Built target metal-static
Install the project...
-- Install configuration: "Debug"
-- Installing: ../../../include/metal/alloc.h
-- Installing: ../../../include/metal/assert.h
-- Installing: ../../../include/metal/atomic.h
-- Installing: ../../../include/metal/cache.h
-- Installing: ../../../include/metal/compiler.h
-- Installing: ../../../include/metal/condition.h
-- Installing: ../../../include/metal/config.h
-- Installing: ../../../include/metal/cpu.h
-- Installing: ../../../include/metal/device.h
-- Installing: ../../../include/metal/dma.h
-- Installing: ../../../include/metal/io.h
-- Installing: ../../../include/metal/irq.h
-- Installing: ../../../include/metal/list.h
-- Installing: ../../../include/metal/log.h
-- Installing: ../../../include/metal/mutex.h
-- Installing: ../../../include/metal/shmem.h
-- Installing: ../../../include/metal/sleep.h
-- Installing: ../../../include/metal/spinlock.h
-- Installing: ../../../include/metal/sys.h
-- Installing: ../../../include/metal/time.h
-- Installing: ../../../include/metal/utilities.h
-- Installing: ../../../include/metal/version.h
-- Installing: ../../../include/metal/compiler/gcc/atomic.h
-- Installing: ../../../include/metal/compiler/gcc/compiler.h
-- Installing: ../../../include/metal/compiler/iar/compiler.h
-- Installing: ../../../include/metal/processor/arm/atomic.h
-- Installing: ../../../include/metal/processor/arm/cpu.h
-- Installing: ../../../include/metal/system/generic/alloc.h
-- Installing: ../../../include/metal/system/generic/assert.h
-- Installing: ../../../include/metal/system/generic/cache.h
-- Installing: ../../../include/metal/system/generic/condition.h
-- Installing: ../../../include/metal/system/generic/io.h
-- Installing: ../../../include/metal/system/generic/irq.h
-- Installing: ../../../include/metal/system/generic/log.h
-- Installing: ../../../include/metal/system/generic/mutex.h
-- Installing: ../../../include/metal/system/generic/sleep.h
-- Installing: ../../../include/metal/system/generic/sys.h
-- Installing: ../../../include/metal/system/generic/zynq7/sys.h
-- Installing: ../../../lib/libmetal.a
Running Make libs in ps7_cortexa9_0/libsrc/xadcps_v2_3/src
make -C ps7_cortexa9_0/libsrc/xadcps_v2_3/src -s libs  "SHELL=/bin/sh" "COMPILER=arm-none-eabi-gcc" "ARCHIVER=arm-none-eabi-ar" "COMPILER_FLAGS=  -O2 -c" "EXTRA_COMPILER_FLAGS=-mcpu=cortex-a9 -mfpu=vfpv3 -mfloat-abi=hard -nostartfiles -g -Wall -Wextra -DUNDEFINE_FILE_OPS"
Compiling xadcps
Running Make libs in ps7_cortexa9_0/libsrc/gpiops_v3_4/src
make -C ps7_cortexa9_0/libsrc/gpiops_v3_4/src -s libs  "SHELL=/bin/sh" "COMPILER=arm-none-eabi-gcc" "ARCHIVER=arm-none-eabi-ar" "COMPILER_FLAGS=  -O2 -c" "EXTRA_COMPILER_FLAGS=-mcpu=cortex-a9 -mfpu=vfpv3 -mfloat-abi=hard -nostartfiles -g -Wall -Wextra -DUNDEFINE_FILE_OPS"
Compiling gpiops
Running Make libs in ps7_cortexa9_0/libsrc/scuwdt_v2_1/src
make -C ps7_cortexa9_0/libsrc/scuwdt_v2_1/src -s libs  "SHELL=/bin/sh" "COMPILER=arm-none-eabi-gcc" "ARCHIVER=arm-none-eabi-ar" "COMPILER_FLAGS=  -O2 -c" "EXTRA_COMPILER_FLAGS=-mcpu=cortex-a9 -mfpu=vfpv3 -mfloat-abi=hard -nostartfiles -g -Wall -Wextra -DUNDEFINE_FILE_OPS"
Compiling scuwdt
Running Make libs in ps7_cortexa9_0/libsrc/uartps_v3_7/src
make -C ps7_cortexa9_0/libsrc/uartps_v3_7/src -s libs  "SHELL=/bin/sh" "COMPILER=arm-none-eabi-gcc" "ARCHIVER=arm-none-eabi-ar" "COMPILER_FLAGS=  -O2 -c" "EXTRA_COMPILER_FLAGS=-mcpu=cortex-a9 -mfpu=vfpv3 -mfloat-abi=hard -nostartfiles -g -Wall -Wextra -DUNDEFINE_FILE_OPS"
Compiling uartps
Running Make libs in ps7_cortexa9_0/libsrc/devcfg_v3_5/src
make -C ps7_cortexa9_0/libsrc/devcfg_v3_5/src -s libs  "SHELL=/bin/sh" "COMPILER=arm-none-eabi-gcc" "ARCHIVER=arm-none-eabi-ar" "COMPILER_FLAGS=  -O2 -c" "EXTRA_COMPILER_FLAGS=-mcpu=cortex-a9 -mfpu=vfpv3 -mfloat-abi=hard -nostartfiles -g -Wall -Wextra -DUNDEFINE_FILE_OPS"
Compiling devcfg
Running Make libs in ps7_cortexa9_0/libsrc/usbps_v2_4/src
make -C ps7_cortexa9_0/libsrc/usbps_v2_4/src -s libs  "SHELL=/bin/sh" "COMPILER=arm-none-eabi-gcc" "ARCHIVER=arm-none-eabi-ar" "COMPILER_FLAGS=  -O2 -c" "EXTRA_COMPILER_FLAGS=-mcpu=cortex-a9 -mfpu=vfpv3 -mfloat-abi=hard -nostartfiles -g -Wall -Wextra -DUNDEFINE_FILE_OPS"
Compiling usbps
Running Make libs in ps7_cortexa9_0/libsrc/coresightps_dcc_v1_4/src
make -C ps7_cortexa9_0/libsrc/coresightps_dcc_v1_4/src -s libs  "SHELL=/bin/sh" "COMPILER=arm-none-eabi-gcc" "ARCHIVER=arm-none-eabi-ar" "COMPILER_FLAGS=  -O2 -c" "EXTRA_COMPILER_FLAGS=-mcpu=cortex-a9 -mfpu=vfpv3 -mfloat-abi=hard -nostartfiles -g -Wall -Wextra -DUNDEFINE_FILE_OPS"
Compiling coresightps_dcc
Running Make libs in ps7_cortexa9_0/libsrc/scutimer_v2_1/src
make -C ps7_cortexa9_0/libsrc/scutimer_v2_1/src -s libs  "SHELL=/bin/sh" "COMPILER=arm-none-eabi-gcc" "ARCHIVER=arm-none-eabi-ar" "COMPILER_FLAGS=  -O2 -c" "EXTRA_COMPILER_FLAGS=-mcpu=cortex-a9 -mfpu=vfpv3 -mfloat-abi=hard -nostartfiles -g -Wall -Wextra -DUNDEFINE_FILE_OPS"
Compiling scutimer
Finished building libraries

17:30:52 Build Finished (took 13s.471ms)

