#-----------------------------------------------------------
# Webtalk v2018.3 (64-bit)
# SW Build 2405991 on Thu Dec  6 23:36:41 MST 2018
# 
# Start of session at: Thu Feb  6 00:37:22 2020
# Process ID: 9167
# Current directory: /home/marco/Documents/tesis/ww39_neuronal_new_IP/2020_newIP_project1/project_2/project_2.sdk/webtalk
# Command line: wbtcv -mode batch -source sdk_webtalk.tcl
# Log file: /home/marco/Documents/tesis/ww39_neuronal_new_IP/2020_newIP_project1/project_2/project_2.sdk/webtalk/webtalk.log
# Journal file: /home/marco/Documents/tesis/ww39_neuronal_new_IP/2020_newIP_project1/project_2/project_2.sdk/webtalk/webtalk.jou
#-----------------------------------------------------------
source sdk_webtalk.tcl
# webtalk_init -webtalk_dir /home/marco/Documents/tesis/ww39_neuronal_new_IP/2020_newIP_project1/project_2/project_2.sdk/webtalk
# webtalk_register_client -client project
# webtalk_add_data -client project -key date_generated -value "2020-02-06 00:37:19" -context "software_version_and_target_device"
# webtalk_add_data -client project -key product_version -value "SDK v2018.3" -context "software_version_and_target_device"
# webtalk_add_data -client project -key build_version -value "2018.3" -context "software_version_and_target_device"
# webtalk_add_data -client project -key os_platform -value "amd64" -context "software_version_and_target_device"
# webtalk_add_data -client project -key registration_id -value "" -context "software_version_and_target_device"
# webtalk_add_data -client project -key tool_flow -value "SDK" -context "software_version_and_target_device"
# webtalk_add_data -client project -key beta -value "false" -context "software_version_and_target_device"
# webtalk_add_data -client project -key route_design -value "NA" -context "software_version_and_target_device"
# webtalk_add_data -client project -key target_family -value "NA" -context "software_version_and_target_device"
# webtalk_add_data -client project -key target_device -value "NA" -context "software_version_and_target_device"
# webtalk_add_data -client project -key target_package -value "NA" -context "software_version_and_target_device"
# webtalk_add_data -client project -key target_speed -value "NA" -context "software_version_and_target_device"
# webtalk_add_data -client project -key random_id -value "93fc9vdha9gpguu0tsf3jrh5om" -context "software_version_and_target_device"
# webtalk_add_data -client project -key project_id -value "2018.3_1" -context "software_version_and_target_device"
# webtalk_add_data -client project -key project_iteration -value "1" -context "software_version_and_target_device"
# webtalk_add_data -client project -key os_name -value "Ubuntu" -context "user_environment"
# webtalk_add_data -client project -key os_release -value "Ubuntu 18.04.4 LTS" -context "user_environment"
# webtalk_add_data -client project -key cpu_name -value "Intel(R) Core(TM) i7-7500U CPU @ 2.70GHz" -context "user_environment"
# webtalk_add_data -client project -key cpu_speed -value "3499.999 MHz" -context "user_environment"
# webtalk_add_data -client project -key total_processors -value "1" -context "user_environment"
# webtalk_add_data -client project -key system_ram -value "16,704 GB" -context "user_environment"
# webtalk_register_client -client sdk
# webtalk_add_data -client sdk -key uid -value "1580971019000" -context "sdk\\\\hardware/1580971019000"
# webtalk_add_data -client sdk -key isZynq -value "true" -context "sdk\\\\hardware/1580971019000"
# webtalk_add_data -client sdk -key isZynqMP -value "false" -context "sdk\\\\hardware/1580971019000"
# webtalk_add_data -client sdk -key Processors -value "2" -context "sdk\\\\hardware/1580971019000"
# webtalk_add_data -client sdk -key VivadoVersion -value "2018.3" -context "sdk\\\\hardware/1580971019000"
# webtalk_add_data -client sdk -key Arch -value "zynq" -context "sdk\\\\hardware/1580971019000"
# webtalk_add_data -client sdk -key Device -value "7z020" -context "sdk\\\\hardware/1580971019000"
# webtalk_add_data -client sdk -key IsHandoff -value "true" -context "sdk\\\\hardware/1580971019000"
# webtalk_add_data -client sdk -key os -value "NA" -context "sdk\\\\hardware/1580971019000"
# webtalk_add_data -client sdk -key apptemplate -value "NA" -context "sdk\\\\hardware/1580971019000"
# webtalk_add_data -client sdk -key RecordType -value "HWCreation" -context "sdk\\\\hardware/1580971019000"
# webtalk_add_data -client sdk -key uid -value "NA" -context "sdk\\\\bsp/1580971039157"
# webtalk_add_data -client sdk -key RecordType -value "ToolUsage" -context "sdk\\\\bsp/1580971039157"
# webtalk_add_data -client sdk -key BootgenCount -value "0" -context "sdk\\\\bsp/1580971039157"
# webtalk_add_data -client sdk -key DebugCount -value "0" -context "sdk\\\\bsp/1580971039157"
# webtalk_add_data -client sdk -key PerfCount -value "0" -context "sdk\\\\bsp/1580971039157"
# webtalk_add_data -client sdk -key FlashCount -value "0" -context "sdk\\\\bsp/1580971039157"
# webtalk_add_data -client sdk -key CrossTriggCount -value "0" -context "sdk\\\\bsp/1580971039157"
# webtalk_add_data -client sdk -key QemuDebugCount -value "0" -context "sdk\\\\bsp/1580971039157"
# webtalk_transmit -clientid 2512380185 -regid "" -xml /home/marco/Documents/tesis/ww39_neuronal_new_IP/2020_newIP_project1/project_2/project_2.sdk/webtalk/usage_statistics_ext_sdk.xml -html /home/marco/Documents/tesis/ww39_neuronal_new_IP/2020_newIP_project1/project_2/project_2.sdk/webtalk/usage_statistics_ext_sdk.html -wdm /home/marco/Documents/tesis/ww39_neuronal_new_IP/2020_newIP_project1/project_2/project_2.sdk/webtalk/sdk_webtalk.wdm -intro "<H3>SDK Usage Report</H3><BR>"
# webtalk_terminate
INFO: [Common 17-206] Exiting Webtalk at Thu Feb  6 00:37:22 2020...
