
*** Running vivado
    with args -log design_1_processing_system7_0_0.vds -m64 -product Vivado -mode batch -messageDb vivado.pb -notrace -source design_1_processing_system7_0_0.tcl

awk: symbol lookup error: awk: undefined symbol: mpfr_z_sub

****** Vivado v2016.4 (64-bit)
  **** SW Build 1756540 on Mon Jan 23 19:11:19 MST 2017
  **** IP Build 1755317 on Mon Jan 23 20:30:07 MST 2017
    ** Copyright 1986-2016 Xilinx, Inc. All Rights Reserved.

source design_1_processing_system7_0_0.tcl -notrace
awk: symbol lookup error: awk: undefined symbol: mpfr_z_sub
Starting RTL Elaboration : Time (s): cpu = 00:00:09 ; elapsed = 00:00:09 . Memory (MB): peak = 1118.461 ; gain = 181.086 ; free physical = 7950 ; free virtual = 11921
INFO: [Synth 8-638] synthesizing module 'design_1_processing_system7_0_0' [/home/marco/Documents/tesis/ww39_neuronal_new_IP/RTOS_onlyZedboard/project_1/project_1.srcs/sources_1/bd/design_1/ip/design_1_processing_system7_0_0/synth/design_1_processing_system7_0_0.v:60]
INFO: [Synth 8-638] synthesizing module 'processing_system7_v5_5_processing_system7' [/home/marco/Documents/tesis/ww39_neuronal_new_IP/RTOS_onlyZedboard/project_1/project_1.srcs/sources_1/bd/design_1/ip/design_1_processing_system7_0_0/hdl/verilog/processing_system7_v5_5_processing_system7.v:161]
INFO: [Synth 8-638] synthesizing module 'BUFG' [/opt/vivado/Vivado/2016.4/scripts/rt/data/unisim_comp.v:607]
INFO: [Synth 8-256] done synthesizing module 'BUFG' (1#1) [/opt/vivado/Vivado/2016.4/scripts/rt/data/unisim_comp.v:607]
INFO: [Synth 8-638] synthesizing module 'BIBUF' [/opt/vivado/Vivado/2016.4/scripts/rt/data/unisim_comp.v:268]
INFO: [Synth 8-256] done synthesizing module 'BIBUF' (2#1) [/opt/vivado/Vivado/2016.4/scripts/rt/data/unisim_comp.v:268]
INFO: [Synth 8-638] synthesizing module 'PS7' [/opt/vivado/Vivado/2016.4/scripts/rt/data/unisim_comp.v:33182]
INFO: [Synth 8-256] done synthesizing module 'PS7' (3#1) [/opt/vivado/Vivado/2016.4/scripts/rt/data/unisim_comp.v:33182]
INFO: [Synth 8-256] done synthesizing module 'processing_system7_v5_5_processing_system7' (4#1) [/home/marco/Documents/tesis/ww39_neuronal_new_IP/RTOS_onlyZedboard/project_1/project_1.srcs/sources_1/bd/design_1/ip/design_1_processing_system7_0_0/hdl/verilog/processing_system7_v5_5_processing_system7.v:161]
INFO: [Synth 8-256] done synthesizing module 'design_1_processing_system7_0_0' (5#1) [/home/marco/Documents/tesis/ww39_neuronal_new_IP/RTOS_onlyZedboard/project_1/project_1.srcs/sources_1/bd/design_1/ip/design_1_processing_system7_0_0/synth/design_1_processing_system7_0_0.v:60]
Finished RTL Elaboration : Time (s): cpu = 00:00:10 ; elapsed = 00:00:10 . Memory (MB): peak = 1159.930 ; gain = 222.555 ; free physical = 7906 ; free virtual = 11877
Finished RTL Optimization Phase 1 : Time (s): cpu = 00:00:10 ; elapsed = 00:00:10 . Memory (MB): peak = 1159.930 ; gain = 222.555 ; free physical = 7906 ; free virtual = 11877
INFO: [Device 21-403] Loading part xc7z020clg484-1
Constraint Validation Runtime : Time (s): cpu = 00:00:00.02 ; elapsed = 00:00:00.02 . Memory (MB): peak = 1433.961 ; gain = 0.000 ; free physical = 7720 ; free virtual = 11693
Finished Constraint Validation : Time (s): cpu = 00:00:21 ; elapsed = 00:00:21 . Memory (MB): peak = 1433.961 ; gain = 496.586 ; free physical = 7719 ; free virtual = 11692
Finished Loading Part and Timing Information : Time (s): cpu = 00:00:21 ; elapsed = 00:00:21 . Memory (MB): peak = 1433.961 ; gain = 496.586 ; free physical = 7719 ; free virtual = 11692
Finished applying 'set_property' XDC Constraints : Time (s): cpu = 00:00:21 ; elapsed = 00:00:22 . Memory (MB): peak = 1433.961 ; gain = 496.586 ; free physical = 7719 ; free virtual = 11691
Finished RTL Optimization Phase 2 : Time (s): cpu = 00:00:22 ; elapsed = 00:00:23 . Memory (MB): peak = 1433.961 ; gain = 496.586 ; free physical = 7711 ; free virtual = 11684
Finished Cross Boundary and Area Optimization : Time (s): cpu = 00:00:22 ; elapsed = 00:00:23 . Memory (MB): peak = 1449.977 ; gain = 512.602 ; free physical = 7695 ; free virtual = 11667
Finished Applying XDC Timing Constraints : Time (s): cpu = 00:00:32 ; elapsed = 00:00:32 . Memory (MB): peak = 1632.977 ; gain = 695.602 ; free physical = 7500 ; free virtual = 11474
Finished Timing Optimization : Time (s): cpu = 00:00:32 ; elapsed = 00:00:32 . Memory (MB): peak = 1653.984 ; gain = 716.609 ; free physical = 7480 ; free virtual = 11454
Finished Technology Mapping : Time (s): cpu = 00:00:33 ; elapsed = 00:00:34 . Memory (MB): peak = 1661.992 ; gain = 724.617 ; free physical = 7471 ; free virtual = 11445
Finished IO Insertion : Time (s): cpu = 00:00:35 ; elapsed = 00:00:35 . Memory (MB): peak = 1661.992 ; gain = 724.617 ; free physical = 7470 ; free virtual = 11445
Finished Renaming Generated Instances : Time (s): cpu = 00:00:35 ; elapsed = 00:00:35 . Memory (MB): peak = 1661.992 ; gain = 724.617 ; free physical = 7470 ; free virtual = 11445
Finished Rebuilding User Hierarchy : Time (s): cpu = 00:00:35 ; elapsed = 00:00:35 . Memory (MB): peak = 1661.992 ; gain = 724.617 ; free physical = 7470 ; free virtual = 11445
Finished Renaming Generated Ports : Time (s): cpu = 00:00:35 ; elapsed = 00:00:35 . Memory (MB): peak = 1661.992 ; gain = 724.617 ; free physical = 7470 ; free virtual = 11445
Finished Handling Custom Attributes : Time (s): cpu = 00:00:35 ; elapsed = 00:00:35 . Memory (MB): peak = 1661.992 ; gain = 724.617 ; free physical = 7470 ; free virtual = 11445
Finished Renaming Generated Nets : Time (s): cpu = 00:00:35 ; elapsed = 00:00:35 . Memory (MB): peak = 1661.992 ; gain = 724.617 ; free physical = 7470 ; free virtual = 11445

Report Cell Usage: 
+------+------+------+
|      |Cell  |Count |
+------+------+------+
|1     |BIBUF |   130|
|2     |BUFG  |     1|
|3     |LUT1  |   112|
|4     |PS7   |     1|
+------+------+------+
Finished Writing Synthesis Report : Time (s): cpu = 00:00:35 ; elapsed = 00:00:35 . Memory (MB): peak = 1661.992 ; gain = 724.617 ; free physical = 7470 ; free virtual = 11445
synth_design: Time (s): cpu = 00:00:34 ; elapsed = 00:00:34 . Memory (MB): peak = 1672.992 ; gain = 639.113 ; free physical = 7462 ; free virtual = 11435
